running egg_info
creating ../../build/rc_car/rc_car.egg-info
writing ../../build/rc_car/rc_car.egg-info/PKG-INFO
writing dependency_links to ../../build/rc_car/rc_car.egg-info/dependency_links.txt
writing entry points to ../../build/rc_car/rc_car.egg-info/entry_points.txt
writing requirements to ../../build/rc_car/rc_car.egg-info/requires.txt
writing top-level names to ../../build/rc_car/rc_car.egg-info/top_level.txt
writing manifest file '../../build/rc_car/rc_car.egg-info/SOURCES.txt'
reading manifest file '../../build/rc_car/rc_car.egg-info/SOURCES.txt'
writing manifest file '../../build/rc_car/rc_car.egg-info/SOURCES.txt'
running build
running build_py
creating /home/ubuntu/Capstone-Autonomous-Driving/ros2_ws/build/rc_car/build
creating /home/ubuntu/Capstone-Autonomous-Driving/ros2_ws/build/rc_car/build/lib
creating /home/ubuntu/Capstone-Autonomous-Driving/ros2_ws/build/rc_car/build/lib/rc_car
copying rc_car/__init__.py -> /home/ubuntu/Capstone-Autonomous-Driving/ros2_ws/build/rc_car/build/lib/rc_car
running install
running install_lib
creating /home/ubuntu/Capstone-Autonomous-Driving/ros2_ws/install/rc_car/lib/python3.10/site-packages/rc_car
copying /home/ubuntu/Capstone-Autonomous-Driving/ros2_ws/build/rc_car/build/lib/rc_car/__init__.py -> /home/ubuntu/Capstone-Autonomous-Driving/ros2_ws/install/rc_car/lib/python3.10/site-packages/rc_car
byte-compiling /home/ubuntu/Capstone-Autonomous-Driving/ros2_ws/install/rc_car/lib/python3.10/site-packages/rc_car/__init__.py to __init__.cpython-310.pyc
running install_data
creating /home/ubuntu/Capstone-Autonomous-Driving/ros2_ws/install/rc_car/share/ament_index
creating /home/ubuntu/Capstone-Autonomous-Driving/ros2_ws/install/rc_car/share/ament_index/resource_index
creating /home/ubuntu/Capstone-Autonomous-Driving/ros2_ws/install/rc_car/share/ament_index/resource_index/packages
copying resource/rc_car -> /home/ubuntu/Capstone-Autonomous-Driving/ros2_ws/install/rc_car/share/ament_index/resource_index/packages
copying package.xml -> /home/ubuntu/Capstone-Autonomous-Driving/ros2_ws/install/rc_car/share/rc_car
running install_egg_info
Copying ../../build/rc_car/rc_car.egg-info to /home/ubuntu/Capstone-Autonomous-Driving/ros2_ws/install/rc_car/lib/python3.10/site-packages/rc_car-0.0.0-py3.10.egg-info
running install_scripts
writing list of installed files to '/home/ubuntu/Capstone-Autonomous-Driving/ros2_ws/build/rc_car/install.log'
