[7.795s] Invoking command in '/home/ubuntu/Capstone-Autonomous-Driving/ros2_ws/src/rc_car': PYTHONPATH=/home/ubuntu/Capstone-Autonomous-Driving/ros2_ws/build/rc_car/prefix_override:/home/ubuntu/Capstone-Autonomous-Driving/ros2_ws/install/rc_car/lib/python3.10/site-packages:${PYTHONPATH} /usr/bin/python3 -W ignore:setup.py install is deprecated setup.py egg_info --egg-base ../../build/rc_car build --build-base /home/ubuntu/Capstone-Autonomous-Driving/ros2_ws/build/rc_car/build install --record /home/ubuntu/Capstone-Autonomous-Driving/ros2_ws/build/rc_car/install.log --single-version-externally-managed install_data
[10.089s] running egg_info
[10.092s] creating ../../build/rc_car/rc_car.egg-info
[10.094s] writing ../../build/rc_car/rc_car.egg-info/PKG-INFO
[10.095s] writing dependency_links to ../../build/rc_car/rc_car.egg-info/dependency_links.txt
[10.096s] writing entry points to ../../build/rc_car/rc_car.egg-info/entry_points.txt
[10.097s] writing requirements to ../../build/rc_car/rc_car.egg-info/requires.txt
[10.098s] writing top-level names to ../../build/rc_car/rc_car.egg-info/top_level.txt
[10.099s] writing manifest file '../../build/rc_car/rc_car.egg-info/SOURCES.txt'
[10.108s] reading manifest file '../../build/rc_car/rc_car.egg-info/SOURCES.txt'
[10.112s] writing manifest file '../../build/rc_car/rc_car.egg-info/SOURCES.txt'
[10.113s] running build
[10.114s] running build_py
[10.114s] creating /home/ubuntu/Capstone-Autonomous-Driving/ros2_ws/build/rc_car/build
[10.115s] creating /home/ubuntu/Capstone-Autonomous-Driving/ros2_ws/build/rc_car/build/lib
[10.115s] creating /home/ubuntu/Capstone-Autonomous-Driving/ros2_ws/build/rc_car/build/lib/rc_car
[10.116s] copying rc_car/__init__.py -> /home/ubuntu/Capstone-Autonomous-Driving/ros2_ws/build/rc_car/build/lib/rc_car
[10.117s] running install
[10.117s] running install_lib
[10.121s] creating /home/ubuntu/Capstone-Autonomous-Driving/ros2_ws/install/rc_car/lib/python3.10/site-packages/rc_car
[10.121s] copying /home/ubuntu/Capstone-Autonomous-Driving/ros2_ws/build/rc_car/build/lib/rc_car/__init__.py -> /home/ubuntu/Capstone-Autonomous-Driving/ros2_ws/install/rc_car/lib/python3.10/site-packages/rc_car
[10.124s] byte-compiling /home/ubuntu/Capstone-Autonomous-Driving/ros2_ws/install/rc_car/lib/python3.10/site-packages/rc_car/__init__.py to __init__.cpython-310.pyc
[10.126s] running install_data
[10.127s] creating /home/ubuntu/Capstone-Autonomous-Driving/ros2_ws/install/rc_car/share/ament_index
[10.127s] creating /home/ubuntu/Capstone-Autonomous-Driving/ros2_ws/install/rc_car/share/ament_index/resource_index
[10.128s] creating /home/ubuntu/Capstone-Autonomous-Driving/ros2_ws/install/rc_car/share/ament_index/resource_index/packages
[10.129s] copying resource/rc_car -> /home/ubuntu/Capstone-Autonomous-Driving/ros2_ws/install/rc_car/share/ament_index/resource_index/packages
[10.129s] copying package.xml -> /home/ubuntu/Capstone-Autonomous-Driving/ros2_ws/install/rc_car/share/rc_car
[10.129s] running install_egg_info
[10.139s] Copying ../../build/rc_car/rc_car.egg-info to /home/ubuntu/Capstone-Autonomous-Driving/ros2_ws/install/rc_car/lib/python3.10/site-packages/rc_car-0.0.0-py3.10.egg-info
[10.154s] running install_scripts
[10.286s] writing list of installed files to '/home/ubuntu/Capstone-Autonomous-Driving/ros2_ws/build/rc_car/install.log'
[10.545s] Invoked command in '/home/ubuntu/Capstone-Autonomous-Driving/ros2_ws/src/rc_car' returned '0': PYTHONPATH=/home/ubuntu/Capstone-Autonomous-Driving/ros2_ws/build/rc_car/prefix_override:/home/ubuntu/Capstone-Autonomous-Driving/ros2_ws/install/rc_car/lib/python3.10/site-packages:${PYTHONPATH} /usr/bin/python3 -W ignore:setup.py install is deprecated setup.py egg_info --egg-base ../../build/rc_car build --build-base /home/ubuntu/Capstone-Autonomous-Driving/ros2_ws/build/rc_car/build install --record /home/ubuntu/Capstone-Autonomous-Driving/ros2_ws/build/rc_car/install.log --single-version-externally-managed install_data
