[6.348s] Invoking command in '/home/ubuntu/Desktop/Capstone-Autonomous-Driving/ros2_ws/build/OAK_D_Pro': PYTHONPATH=/home/ubuntu/Desktop/Capstone-Autonomous-Driving/ros2_ws/build/OAK_D_Pro/prefix_override:/home/ubuntu/Desktop/Capstone-Autonomous-Driving/ros2_ws/install/OAK_D_Pro/lib/python3.10/site-packages:${PYTHONPATH} /usr/bin/python3 setup.py develop --uninstall --editable --build-directory /home/ubuntu/Desktop/Capstone-Autonomous-Driving/ros2_ws/build/OAK_D_Pro/build
[8.388s] running develop
[10.045s] Removing /home/ubuntu/Desktop/Capstone-Autonomous-Driving/ros2_ws/install/OAK_D_Pro/lib/python3.10/site-packages/OAK-D-Pro.egg-link (link to .)
[10.268s] Invoked command in '/home/ubuntu/Desktop/Capstone-Autonomous-Driving/ros2_ws/build/OAK_D_Pro' returned '0': PYTHONPATH=/home/ubuntu/Desktop/Capstone-Autonomous-Driving/ros2_ws/build/OAK_D_Pro/prefix_override:/home/ubuntu/Desktop/Capstone-Autonomous-Driving/ros2_ws/install/OAK_D_Pro/lib/python3.10/site-packages:${PYTHONPATH} /usr/bin/python3 setup.py develop --uninstall --editable --build-directory /home/ubuntu/Desktop/Capstone-Autonomous-Driving/ros2_ws/build/OAK_D_Pro/build
[10.278s] Invoking command in '/home/ubuntu/Desktop/Capstone-Autonomous-Driving/ros2_ws/src/OAK_D_Pro': PYTHONPATH=/home/ubuntu/Desktop/Capstone-Autonomous-Driving/ros2_ws/build/OAK_D_Pro/prefix_override:/home/ubuntu/Desktop/Capstone-Autonomous-Driving/ros2_ws/install/OAK_D_Pro/lib/python3.10/site-packages:${PYTHONPATH} /usr/bin/python3 setup.py egg_info --egg-base ../../build/OAK_D_Pro build --build-base /home/ubuntu/Desktop/Capstone-Autonomous-Driving/ros2_ws/build/OAK_D_Pro/build install --record /home/ubuntu/Desktop/Capstone-Autonomous-Driving/ros2_ws/build/OAK_D_Pro/install.log --single-version-externally-managed
[12.213s] running egg_info
[12.218s] writing ../../build/OAK_D_Pro/OAK_D_Pro.egg-info/PKG-INFO
[12.219s] writing dependency_links to ../../build/OAK_D_Pro/OAK_D_Pro.egg-info/dependency_links.txt
[12.221s] writing entry points to ../../build/OAK_D_Pro/OAK_D_Pro.egg-info/entry_points.txt
[12.222s] writing requirements to ../../build/OAK_D_Pro/OAK_D_Pro.egg-info/requires.txt
[12.222s] writing top-level names to ../../build/OAK_D_Pro/OAK_D_Pro.egg-info/top_level.txt
[12.235s] reading manifest file '../../build/OAK_D_Pro/OAK_D_Pro.egg-info/SOURCES.txt'
[12.246s] writing manifest file '../../build/OAK_D_Pro/OAK_D_Pro.egg-info/SOURCES.txt'
[12.248s] running build
[12.249s] running build_py
[12.250s] copying OAK_D_Pro/main.py -> /home/ubuntu/Desktop/Capstone-Autonomous-Driving/ros2_ws/build/OAK_D_Pro/build/lib/OAK_D_Pro
[12.251s] running install
[12.255s] running install_lib
[12.260s] creating /home/ubuntu/Desktop/Capstone-Autonomous-Driving/ros2_ws/install/OAK_D_Pro/lib/python3.10/site-packages/OAK_D_Pro
[12.261s] copying /home/ubuntu/Desktop/Capstone-Autonomous-Driving/ros2_ws/build/OAK_D_Pro/build/lib/OAK_D_Pro/main.py -> /home/ubuntu/Desktop/Capstone-Autonomous-Driving/ros2_ws/install/OAK_D_Pro/lib/python3.10/site-packages/OAK_D_Pro
[12.262s] copying /home/ubuntu/Desktop/Capstone-Autonomous-Driving/ros2_ws/build/OAK_D_Pro/build/lib/OAK_D_Pro/__init__.py -> /home/ubuntu/Desktop/Capstone-Autonomous-Driving/ros2_ws/install/OAK_D_Pro/lib/python3.10/site-packages/OAK_D_Pro
[12.268s] byte-compiling /home/ubuntu/Desktop/Capstone-Autonomous-Driving/ros2_ws/install/OAK_D_Pro/lib/python3.10/site-packages/OAK_D_Pro/main.py to main.cpython-310.pyc
[12.275s] byte-compiling /home/ubuntu/Desktop/Capstone-Autonomous-Driving/ros2_ws/install/OAK_D_Pro/lib/python3.10/site-packages/OAK_D_Pro/__init__.py to __init__.cpython-310.pyc
[12.277s] running install_data
[12.281s] copying package.xml -> /home/ubuntu/Desktop/Capstone-Autonomous-Driving/ros2_ws/install/OAK_D_Pro/share/OAK_D_Pro
[12.282s] running install_egg_info
[12.290s] Copying ../../build/OAK_D_Pro/OAK_D_Pro.egg-info to /home/ubuntu/Desktop/Capstone-Autonomous-Driving/ros2_ws/install/OAK_D_Pro/lib/python3.10/site-packages/OAK_D_Pro-0.0.0-py3.10.egg-info
[12.297s] running install_scripts
[12.402s] Installing OAK_D_Pro script to /home/ubuntu/Desktop/Capstone-Autonomous-Driving/ros2_ws/install/OAK_D_Pro/lib/OAK_D_Pro
[12.403s] writing list of installed files to '/home/ubuntu/Desktop/Capstone-Autonomous-Driving/ros2_ws/build/OAK_D_Pro/install.log'
[12.633s] Invoked command in '/home/ubuntu/Desktop/Capstone-Autonomous-Driving/ros2_ws/src/OAK_D_Pro' returned '0': PYTHONPATH=/home/ubuntu/Desktop/Capstone-Autonomous-Driving/ros2_ws/build/OAK_D_Pro/prefix_override:/home/ubuntu/Desktop/Capstone-Autonomous-Driving/ros2_ws/install/OAK_D_Pro/lib/python3.10/site-packages:${PYTHONPATH} /usr/bin/python3 setup.py egg_info --egg-base ../../build/OAK_D_Pro build --build-base /home/ubuntu/Desktop/Capstone-Autonomous-Driving/ros2_ws/build/OAK_D_Pro/build install --record /home/ubuntu/Desktop/Capstone-Autonomous-Driving/ros2_ws/build/OAK_D_Pro/install.log --single-version-externally-managed
