running egg_info
creating ../../build/OAK_D_Pro/OAK_D_Pro.egg-info
writing ../../build/OAK_D_Pro/OAK_D_Pro.egg-info/PKG-INFO
writing dependency_links to ../../build/OAK_D_Pro/OAK_D_Pro.egg-info/dependency_links.txt
writing entry points to ../../build/OAK_D_Pro/OAK_D_Pro.egg-info/entry_points.txt
writing requirements to ../../build/OAK_D_Pro/OAK_D_Pro.egg-info/requires.txt
writing top-level names to ../../build/OAK_D_Pro/OAK_D_Pro.egg-info/top_level.txt
writing manifest file '../../build/OAK_D_Pro/OAK_D_Pro.egg-info/SOURCES.txt'
reading manifest file '../../build/OAK_D_Pro/OAK_D_Pro.egg-info/SOURCES.txt'
writing manifest file '../../build/OAK_D_Pro/OAK_D_Pro.egg-info/SOURCES.txt'
running build
running build_py
creating /home/ubuntu/Desktop/Capstone-Autonomous-Driving/ros2_ws/build/OAK_D_Pro/build
creating /home/ubuntu/Desktop/Capstone-Autonomous-Driving/ros2_ws/build/OAK_D_Pro/build/lib
creating /home/ubuntu/Desktop/Capstone-Autonomous-Driving/ros2_ws/build/OAK_D_Pro/build/lib/OAK_D_Pro
copying OAK_D_Pro/main.py -> /home/ubuntu/Desktop/Capstone-Autonomous-Driving/ros2_ws/build/OAK_D_Pro/build/lib/OAK_D_Pro
copying OAK_D_Pro/__init__.py -> /home/ubuntu/Desktop/Capstone-Autonomous-Driving/ros2_ws/build/OAK_D_Pro/build/lib/OAK_D_Pro
running install
running install_lib
creating /home/ubuntu/Desktop/Capstone-Autonomous-Driving/ros2_ws/install/OAK_D_Pro/lib/python3.10/site-packages/OAK_D_Pro
copying /home/ubuntu/Desktop/Capstone-Autonomous-Driving/ros2_ws/build/OAK_D_Pro/build/lib/OAK_D_Pro/main.py -> /home/ubuntu/Desktop/Capstone-Autonomous-Driving/ros2_ws/install/OAK_D_Pro/lib/python3.10/site-packages/OAK_D_Pro
copying /home/ubuntu/Desktop/Capstone-Autonomous-Driving/ros2_ws/build/OAK_D_Pro/build/lib/OAK_D_Pro/__init__.py -> /home/ubuntu/Desktop/Capstone-Autonomous-Driving/ros2_ws/install/OAK_D_Pro/lib/python3.10/site-packages/OAK_D_Pro
byte-compiling /home/ubuntu/Desktop/Capstone-Autonomous-Driving/ros2_ws/install/OAK_D_Pro/lib/python3.10/site-packages/OAK_D_Pro/main.py to main.cpython-310.pyc
byte-compiling /home/ubuntu/Desktop/Capstone-Autonomous-Driving/ros2_ws/install/OAK_D_Pro/lib/python3.10/site-packages/OAK_D_Pro/__init__.py to __init__.cpython-310.pyc
running install_data
creating /home/ubuntu/Desktop/Capstone-Autonomous-Driving/ros2_ws/install/OAK_D_Pro/share/ament_index
creating /home/ubuntu/Desktop/Capstone-Autonomous-Driving/ros2_ws/install/OAK_D_Pro/share/ament_index/resource_index
creating /home/ubuntu/Desktop/Capstone-Autonomous-Driving/ros2_ws/install/OAK_D_Pro/share/ament_index/resource_index/packages
copying resource/OAK_D_Pro -> /home/ubuntu/Desktop/Capstone-Autonomous-Driving/ros2_ws/install/OAK_D_Pro/share/ament_index/resource_index/packages
copying package.xml -> /home/ubuntu/Desktop/Capstone-Autonomous-Driving/ros2_ws/install/OAK_D_Pro/share/OAK_D_Pro
running install_egg_info
Copying ../../build/OAK_D_Pro/OAK_D_Pro.egg-info to /home/ubuntu/Desktop/Capstone-Autonomous-Driving/ros2_ws/install/OAK_D_Pro/lib/python3.10/site-packages/OAK_D_Pro-0.0.0-py3.10.egg-info
running install_scripts
writing list of installed files to '/home/ubuntu/Desktop/Capstone-Autonomous-Driving/ros2_ws/build/OAK_D_Pro/install.log'
