[7.071s] Invoking command in '/home/ubuntu/Desktop/Capstone-Autonomous-Driving/ros2_ws/src/OAK_D_Pro': PYTHONPATH=/home/ubuntu/Desktop/Capstone-Autonomous-Driving/ros2_ws/build/OAK_D_Pro/prefix_override:/home/ubuntu/Desktop/Capstone-Autonomous-Driving/ros2_ws/install/OAK_D_Pro/lib/python3.10/site-packages:${PYTHONPATH} /usr/bin/python3 setup.py egg_info --egg-base ../../build/OAK_D_Pro build --build-base /home/ubuntu/Desktop/Capstone-Autonomous-Driving/ros2_ws/build/OAK_D_Pro/build install --record /home/ubuntu/Desktop/Capstone-Autonomous-Driving/ros2_ws/build/OAK_D_Pro/install.log --single-version-externally-managed
[9.075s] running egg_info
[9.078s] creating ../../build/OAK_D_Pro/OAK_D_Pro.egg-info
[9.079s] writing ../../build/OAK_D_Pro/OAK_D_Pro.egg-info/PKG-INFO
[9.080s] writing dependency_links to ../../build/OAK_D_Pro/OAK_D_Pro.egg-info/dependency_links.txt
[9.081s] writing entry points to ../../build/OAK_D_Pro/OAK_D_Pro.egg-info/entry_points.txt
[9.082s] writing requirements to ../../build/OAK_D_Pro/OAK_D_Pro.egg-info/requires.txt
[9.082s] writing top-level names to ../../build/OAK_D_Pro/OAK_D_Pro.egg-info/top_level.txt
[9.083s] writing manifest file '../../build/OAK_D_Pro/OAK_D_Pro.egg-info/SOURCES.txt'
[9.091s] reading manifest file '../../build/OAK_D_Pro/OAK_D_Pro.egg-info/SOURCES.txt'
[9.094s] writing manifest file '../../build/OAK_D_Pro/OAK_D_Pro.egg-info/SOURCES.txt'
[9.095s] running build
[9.096s] running build_py
[9.097s] creating /home/ubuntu/Desktop/Capstone-Autonomous-Driving/ros2_ws/build/OAK_D_Pro/build
[9.098s] creating /home/ubuntu/Desktop/Capstone-Autonomous-Driving/ros2_ws/build/OAK_D_Pro/build/lib
[9.098s] creating /home/ubuntu/Desktop/Capstone-Autonomous-Driving/ros2_ws/build/OAK_D_Pro/build/lib/OAK_D_Pro
[9.099s] copying OAK_D_Pro/main.py -> /home/ubuntu/Desktop/Capstone-Autonomous-Driving/ros2_ws/build/OAK_D_Pro/build/lib/OAK_D_Pro
[9.099s] copying OAK_D_Pro/__init__.py -> /home/ubuntu/Desktop/Capstone-Autonomous-Driving/ros2_ws/build/OAK_D_Pro/build/lib/OAK_D_Pro
[9.100s] running install
[9.100s] running install_lib
[9.104s] creating /home/ubuntu/Desktop/Capstone-Autonomous-Driving/ros2_ws/install/OAK_D_Pro/lib/python3.10/site-packages/OAK_D_Pro
[9.106s] copying /home/ubuntu/Desktop/Capstone-Autonomous-Driving/ros2_ws/build/OAK_D_Pro/build/lib/OAK_D_Pro/main.py -> /home/ubuntu/Desktop/Capstone-Autonomous-Driving/ros2_ws/install/OAK_D_Pro/lib/python3.10/site-packages/OAK_D_Pro
[9.106s] copying /home/ubuntu/Desktop/Capstone-Autonomous-Driving/ros2_ws/build/OAK_D_Pro/build/lib/OAK_D_Pro/__init__.py -> /home/ubuntu/Desktop/Capstone-Autonomous-Driving/ros2_ws/install/OAK_D_Pro/lib/python3.10/site-packages/OAK_D_Pro
[9.109s] byte-compiling /home/ubuntu/Desktop/Capstone-Autonomous-Driving/ros2_ws/install/OAK_D_Pro/lib/python3.10/site-packages/OAK_D_Pro/main.py to main.cpython-310.pyc
[9.113s] byte-compiling /home/ubuntu/Desktop/Capstone-Autonomous-Driving/ros2_ws/install/OAK_D_Pro/lib/python3.10/site-packages/OAK_D_Pro/__init__.py to __init__.cpython-310.pyc
[9.117s] running install_data
[9.119s] creating /home/ubuntu/Desktop/Capstone-Autonomous-Driving/ros2_ws/install/OAK_D_Pro/share/ament_index
[9.120s] creating /home/ubuntu/Desktop/Capstone-Autonomous-Driving/ros2_ws/install/OAK_D_Pro/share/ament_index/resource_index
[9.121s] creating /home/ubuntu/Desktop/Capstone-Autonomous-Driving/ros2_ws/install/OAK_D_Pro/share/ament_index/resource_index/packages
[9.128s] copying resource/OAK_D_Pro -> /home/ubuntu/Desktop/Capstone-Autonomous-Driving/ros2_ws/install/OAK_D_Pro/share/ament_index/resource_index/packages
[9.129s] copying package.xml -> /home/ubuntu/Desktop/Capstone-Autonomous-Driving/ros2_ws/install/OAK_D_Pro/share/OAK_D_Pro
[9.129s] running install_egg_info
[9.140s] Copying ../../build/OAK_D_Pro/OAK_D_Pro.egg-info to /home/ubuntu/Desktop/Capstone-Autonomous-Driving/ros2_ws/install/OAK_D_Pro/lib/python3.10/site-packages/OAK_D_Pro-0.0.0-py3.10.egg-info
[9.153s] running install_scripts
[9.263s] writing list of installed files to '/home/ubuntu/Desktop/Capstone-Autonomous-Driving/ros2_ws/build/OAK_D_Pro/install.log'
[9.459s] Invoked command in '/home/ubuntu/Desktop/Capstone-Autonomous-Driving/ros2_ws/src/OAK_D_Pro' returned '0': PYTHONPATH=/home/ubuntu/Desktop/Capstone-Autonomous-Driving/ros2_ws/build/OAK_D_Pro/prefix_override:/home/ubuntu/Desktop/Capstone-Autonomous-Driving/ros2_ws/install/OAK_D_Pro/lib/python3.10/site-packages:${PYTHONPATH} /usr/bin/python3 setup.py egg_info --egg-base ../../build/OAK_D_Pro build --build-base /home/ubuntu/Desktop/Capstone-Autonomous-Driving/ros2_ws/build/OAK_D_Pro/build install --record /home/ubuntu/Desktop/Capstone-Autonomous-Driving/ros2_ws/build/OAK_D_Pro/install.log --single-version-externally-managed
