[0.528s] Invoking command in '/home/ubuntu/Capstone-Autonomous-Driving/ros2_ws/build/robot_car_pkg': CMAKE_PREFIX_PATH=${CMAKE_PREFIX_PATH}:/home/ubuntu/Capstone-Autonomous-Driving/ros2_ws/install/ps5_controller:/home/ubuntu/Capstone-Autonomous-Driving/ros2_ws/install/oak_d_pro:/opt/ros/humble /usr/bin/cmake --build /home/ubuntu/Capstone-Autonomous-Driving/ros2_ws/build/robot_car_pkg -- -j16 -l16
[0.581s] -- Found ament_cmake: 1.3.7 (/opt/ros/humble/share/ament_cmake/cmake)
[0.695s] -- Override CMake install command with custom implementation using symlinks instead of copying resources
[0.713s] -- Found ament_lint_auto: 0.12.10 (/opt/ros/humble/share/ament_lint_auto/cmake)
[0.775s] -- Added test 'flake8' to check Python code syntax and style conventions
[0.776s] -- Added test 'lint_cmake' to check CMake code style
[0.776s] -- Added test 'pep257' to check Python code against some of the docstring style conventions in PEP 257
[0.778s] -- Added test 'xmllint' to check XML markup files
[0.780s] -- Configuring done
[0.784s] -- Generating done
[0.785s] -- Build files have been written to: /home/ubuntu/Capstone-Autonomous-Driving/ros2_ws/build/robot_car_pkg
[0.800s] Invoked command in '/home/ubuntu/Capstone-Autonomous-Driving/ros2_ws/build/robot_car_pkg' returned '0': CMAKE_PREFIX_PATH=${CMAKE_PREFIX_PATH}:/home/ubuntu/Capstone-Autonomous-Driving/ros2_ws/install/ps5_controller:/home/ubuntu/Capstone-Autonomous-Driving/ros2_ws/install/oak_d_pro:/opt/ros/humble /usr/bin/cmake --build /home/ubuntu/Capstone-Autonomous-Driving/ros2_ws/build/robot_car_pkg -- -j16 -l16
[0.821s] Invoking command in '/home/ubuntu/Capstone-Autonomous-Driving/ros2_ws/build/robot_car_pkg': CMAKE_PREFIX_PATH=${CMAKE_PREFIX_PATH}:/home/ubuntu/Capstone-Autonomous-Driving/ros2_ws/install/ps5_controller:/home/ubuntu/Capstone-Autonomous-Driving/ros2_ws/install/oak_d_pro:/opt/ros/humble /usr/bin/cmake --install /home/ubuntu/Capstone-Autonomous-Driving/ros2_ws/build/robot_car_pkg
[0.825s] -- Install configuration: ""
[0.825s] -- Execute custom install script
[0.825s] -- Up-to-date symlink: /home/ubuntu/Capstone-Autonomous-Driving/ros2_ws/install/robot_car_pkg/share/robot_car_pkg/config/joystick.yaml
[0.826s] -- Up-to-date symlink: /home/ubuntu/Capstone-Autonomous-Driving/ros2_ws/install/robot_car_pkg/share/robot_car_pkg/config/mapper_params_online_async.yaml
[0.826s] -- Up-to-date symlink: /home/ubuntu/Capstone-Autonomous-Driving/ros2_ws/install/robot_car_pkg/share/robot_car_pkg/config/my_controller.yaml
[0.826s] -- Up-to-date symlink: /home/ubuntu/Capstone-Autonomous-Driving/ros2_ws/install/robot_car_pkg/share/robot_car_pkg/config/slam_rviz.rviz
[0.827s] -- Up-to-date symlink: /home/ubuntu/Capstone-Autonomous-Driving/ros2_ws/install/robot_car_pkg/share/robot_car_pkg/description/camera.xacro
[0.827s] -- Up-to-date symlink: /home/ubuntu/Capstone-Autonomous-Driving/ros2_ws/install/robot_car_pkg/share/robot_car_pkg/description/depth_camera.xacro
[0.827s] -- Up-to-date symlink: /home/ubuntu/Capstone-Autonomous-Driving/ros2_ws/install/robot_car_pkg/share/robot_car_pkg/description/gazebo_control.xacro
[0.827s] -- Up-to-date symlink: /home/ubuntu/Capstone-Autonomous-Driving/ros2_ws/install/robot_car_pkg/share/robot_car_pkg/description/inertial_macros.xacro
[0.828s] -- Up-to-date symlink: /home/ubuntu/Capstone-Autonomous-Driving/ros2_ws/install/robot_car_pkg/share/robot_car_pkg/description/lidar.xacro
[0.828s] -- Up-to-date symlink: /home/ubuntu/Capstone-Autonomous-Driving/ros2_ws/install/robot_car_pkg/share/robot_car_pkg/description/robot.urdf.xacro
[0.828s] -- Up-to-date symlink: /home/ubuntu/Capstone-Autonomous-Driving/ros2_ws/install/robot_car_pkg/share/robot_car_pkg/description/robot_core.xacro
[0.828s] -- Up-to-date symlink: /home/ubuntu/Capstone-Autonomous-Driving/ros2_ws/install/robot_car_pkg/share/robot_car_pkg/description/ros2_control.xacro
[0.829s] -- Up-to-date symlink: /home/ubuntu/Capstone-Autonomous-Driving/ros2_ws/install/robot_car_pkg/share/robot_car_pkg/launch/joystick.launch.py
[0.829s] -- Up-to-date symlink: /home/ubuntu/Capstone-Autonomous-Driving/ros2_ws/install/robot_car_pkg/share/robot_car_pkg/launch/launch_sim.launch.py
[0.829s] -- Up-to-date symlink: /home/ubuntu/Capstone-Autonomous-Driving/ros2_ws/install/robot_car_pkg/share/robot_car_pkg/launch/rplidar.launch.py
[0.830s] -- Up-to-date symlink: /home/ubuntu/Capstone-Autonomous-Driving/ros2_ws/install/robot_car_pkg/share/robot_car_pkg/launch/rplidar_rviz.launch.py
[0.830s] -- Up-to-date symlink: /home/ubuntu/Capstone-Autonomous-Driving/ros2_ws/install/robot_car_pkg/share/robot_car_pkg/launch/rsp.launch.py
[0.830s] -- Up-to-date symlink: /home/ubuntu/Capstone-Autonomous-Driving/ros2_ws/install/robot_car_pkg/share/robot_car_pkg/launch/sim_slam.launch.py
[0.830s] -- Up-to-date symlink: /home/ubuntu/Capstone-Autonomous-Driving/ros2_ws/install/robot_car_pkg/share/ament_index/resource_index/package_run_dependencies/robot_car_pkg
[0.831s] -- Up-to-date symlink: /home/ubuntu/Capstone-Autonomous-Driving/ros2_ws/install/robot_car_pkg/share/ament_index/resource_index/parent_prefix_path/robot_car_pkg
[0.831s] -- Up-to-date symlink: /home/ubuntu/Capstone-Autonomous-Driving/ros2_ws/install/robot_car_pkg/share/robot_car_pkg/environment/ament_prefix_path.sh
[0.831s] -- Up-to-date symlink: /home/ubuntu/Capstone-Autonomous-Driving/ros2_ws/install/robot_car_pkg/share/robot_car_pkg/environment/ament_prefix_path.dsv
[0.831s] -- Up-to-date symlink: /home/ubuntu/Capstone-Autonomous-Driving/ros2_ws/install/robot_car_pkg/share/robot_car_pkg/environment/path.sh
[0.832s] -- Up-to-date symlink: /home/ubuntu/Capstone-Autonomous-Driving/ros2_ws/install/robot_car_pkg/share/robot_car_pkg/environment/path.dsv
[0.832s] -- Up-to-date symlink: /home/ubuntu/Capstone-Autonomous-Driving/ros2_ws/install/robot_car_pkg/share/robot_car_pkg/local_setup.bash
[0.832s] -- Up-to-date symlink: /home/ubuntu/Capstone-Autonomous-Driving/ros2_ws/install/robot_car_pkg/share/robot_car_pkg/local_setup.sh
[0.832s] -- Up-to-date symlink: /home/ubuntu/Capstone-Autonomous-Driving/ros2_ws/install/robot_car_pkg/share/robot_car_pkg/local_setup.zsh
[0.833s] -- Up-to-date symlink: /home/ubuntu/Capstone-Autonomous-Driving/ros2_ws/install/robot_car_pkg/share/robot_car_pkg/local_setup.dsv
[0.833s] -- Symlinking: /home/ubuntu/Capstone-Autonomous-Driving/ros2_ws/install/robot_car_pkg/share/robot_car_pkg/package.dsv
[0.839s] -- Up-to-date symlink: /home/ubuntu/Capstone-Autonomous-Driving/ros2_ws/install/robot_car_pkg/share/ament_index/resource_index/packages/robot_car_pkg
[0.839s] -- Up-to-date symlink: /home/ubuntu/Capstone-Autonomous-Driving/ros2_ws/install/robot_car_pkg/share/robot_car_pkg/cmake/robot_car_pkgConfig.cmake
[0.839s] -- Up-to-date symlink: /home/ubuntu/Capstone-Autonomous-Driving/ros2_ws/install/robot_car_pkg/share/robot_car_pkg/cmake/robot_car_pkgConfig-version.cmake
[0.840s] -- Up-to-date symlink: /home/ubuntu/Capstone-Autonomous-Driving/ros2_ws/install/robot_car_pkg/share/robot_car_pkg/package.xml
[0.841s] Invoked command in '/home/ubuntu/Capstone-Autonomous-Driving/ros2_ws/build/robot_car_pkg' returned '0': CMAKE_PREFIX_PATH=${CMAKE_PREFIX_PATH}:/home/ubuntu/Capstone-Autonomous-Driving/ros2_ws/install/ps5_controller:/home/ubuntu/Capstone-Autonomous-Driving/ros2_ws/install/oak_d_pro:/opt/ros/humble /usr/bin/cmake --install /home/ubuntu/Capstone-Autonomous-Driving/ros2_ws/build/robot_car_pkg
