[1.378s] Invoking command in '/home/ubuntu/Capstone-Autonomous-Driving/ros2_ws/build/oak_d_pro': PYTHONPATH=/home/ubuntu/Capstone-Autonomous-Driving/ros2_ws/build/oak_d_pro/prefix_override:/home/ubuntu/Capstone-Autonomous-Driving/ros2_ws/install/oak_d_pro/lib/python3.10/site-packages:${PYTHONPATH} /usr/bin/python3 setup.py develop --uninstall --editable --build-directory /home/ubuntu/Capstone-Autonomous-Driving/ros2_ws/build/oak_d_pro/build
[1.676s] running develop
[1.866s] Removing /home/ubuntu/Capstone-Autonomous-Driving/ros2_ws/install/oak_d_pro/lib/python3.10/site-packages/oak-d-pro.egg-link (link to .)
[1.902s] Invoked command in '/home/ubuntu/Capstone-Autonomous-Driving/ros2_ws/build/oak_d_pro' returned '0': PYTHONPATH=/home/ubuntu/Capstone-Autonomous-Driving/ros2_ws/build/oak_d_pro/prefix_override:/home/ubuntu/Capstone-Autonomous-Driving/ros2_ws/install/oak_d_pro/lib/python3.10/site-packages:${PYTHONPATH} /usr/bin/python3 setup.py develop --uninstall --editable --build-directory /home/ubuntu/Capstone-Autonomous-Driving/ros2_ws/build/oak_d_pro/build
[1.904s] Invoking command in '/home/ubuntu/Capstone-Autonomous-Driving/ros2_ws/src/oak_d_pro': PYTHONPATH=/home/ubuntu/Capstone-Autonomous-Driving/ros2_ws/build/oak_d_pro/prefix_override:/home/ubuntu/Capstone-Autonomous-Driving/ros2_ws/install/oak_d_pro/lib/python3.10/site-packages:${PYTHONPATH} /usr/bin/python3 setup.py egg_info --egg-base ../../build/oak_d_pro build --build-base /home/ubuntu/Capstone-Autonomous-Driving/ros2_ws/build/oak_d_pro/build install --record /home/ubuntu/Capstone-Autonomous-Driving/ros2_ws/build/oak_d_pro/install.log --single-version-externally-managed
[2.167s] running egg_info
[2.167s] writing ../../build/oak_d_pro/oak_d_pro.egg-info/PKG-INFO
[2.167s] writing dependency_links to ../../build/oak_d_pro/oak_d_pro.egg-info/dependency_links.txt
[2.168s] writing entry points to ../../build/oak_d_pro/oak_d_pro.egg-info/entry_points.txt
[2.168s] writing requirements to ../../build/oak_d_pro/oak_d_pro.egg-info/requires.txt
[2.168s] writing top-level names to ../../build/oak_d_pro/oak_d_pro.egg-info/top_level.txt
[2.170s] reading manifest file '../../build/oak_d_pro/oak_d_pro.egg-info/SOURCES.txt'
[2.171s] writing manifest file '../../build/oak_d_pro/oak_d_pro.egg-info/SOURCES.txt'
[2.171s] running build
[2.171s] running build_py
[2.171s] running install
[2.171s] running install_lib
[2.172s] creating /home/ubuntu/Capstone-Autonomous-Driving/ros2_ws/install/oak_d_pro/lib/python3.10/site-packages/oak_d_pro
[2.172s] copying /home/ubuntu/Capstone-Autonomous-Driving/ros2_ws/build/oak_d_pro/build/lib/oak_d_pro/main.py -> /home/ubuntu/Capstone-Autonomous-Driving/ros2_ws/install/oak_d_pro/lib/python3.10/site-packages/oak_d_pro
[2.173s] copying /home/ubuntu/Capstone-Autonomous-Driving/ros2_ws/build/oak_d_pro/build/lib/oak_d_pro/cam_info.py -> /home/ubuntu/Capstone-Autonomous-Driving/ros2_ws/install/oak_d_pro/lib/python3.10/site-packages/oak_d_pro
[2.174s] copying /home/ubuntu/Capstone-Autonomous-Driving/ros2_ws/build/oak_d_pro/build/lib/oak_d_pro/__init__.py -> /home/ubuntu/Capstone-Autonomous-Driving/ros2_ws/install/oak_d_pro/lib/python3.10/site-packages/oak_d_pro
[2.174s] byte-compiling /home/ubuntu/Capstone-Autonomous-Driving/ros2_ws/install/oak_d_pro/lib/python3.10/site-packages/oak_d_pro/main.py to main.cpython-310.pyc
[2.174s] byte-compiling /home/ubuntu/Capstone-Autonomous-Driving/ros2_ws/install/oak_d_pro/lib/python3.10/site-packages/oak_d_pro/cam_info.py to cam_info.cpython-310.pyc
[2.175s] byte-compiling /home/ubuntu/Capstone-Autonomous-Driving/ros2_ws/install/oak_d_pro/lib/python3.10/site-packages/oak_d_pro/__init__.py to __init__.cpython-310.pyc
[2.175s] running install_data
[2.175s] running install_egg_info
[2.177s] Copying ../../build/oak_d_pro/oak_d_pro.egg-info to /home/ubuntu/Capstone-Autonomous-Driving/ros2_ws/install/oak_d_pro/lib/python3.10/site-packages/oak_d_pro-0.0.0-py3.10.egg-info
[2.178s] running install_scripts
[2.197s] Installing cam_info_pub script to /home/ubuntu/Capstone-Autonomous-Driving/ros2_ws/install/oak_d_pro/lib/oak_d_pro
[2.198s] Installing oak_d_pro script to /home/ubuntu/Capstone-Autonomous-Driving/ros2_ws/install/oak_d_pro/lib/oak_d_pro
[2.198s] writing list of installed files to '/home/ubuntu/Capstone-Autonomous-Driving/ros2_ws/build/oak_d_pro/install.log'
[2.224s] Invoked command in '/home/ubuntu/Capstone-Autonomous-Driving/ros2_ws/src/oak_d_pro' returned '0': PYTHONPATH=/home/ubuntu/Capstone-Autonomous-Driving/ros2_ws/build/oak_d_pro/prefix_override:/home/ubuntu/Capstone-Autonomous-Driving/ros2_ws/install/oak_d_pro/lib/python3.10/site-packages:${PYTHONPATH} /usr/bin/python3 setup.py egg_info --egg-base ../../build/oak_d_pro build --build-base /home/ubuntu/Capstone-Autonomous-Driving/ros2_ws/build/oak_d_pro/build install --record /home/ubuntu/Capstone-Autonomous-Driving/ros2_ws/build/oak_d_pro/install.log --single-version-externally-managed
