[2.742s] Invoking command in '/home/ubuntu/Desktop/Capstone-Autonomous-Driving/ros2_ws/build/robot_car_pkg': CMAKE_PREFIX_PATH=${CMAKE_PREFIX_PATH}:/home/ubuntu/Desktop/Capstone-Autonomous-Driving/ros2_ws/install/OAK_D_Pro:/opt/ros/humble /usr/bin/cmake --build /home/ubuntu/Desktop/Capstone-Autonomous-Driving/ros2_ws/build/robot_car_pkg -- -j4 -l4
[2.920s] Invoked command in '/home/ubuntu/Desktop/Capstone-Autonomous-Driving/ros2_ws/build/robot_car_pkg' returned '0': CMAKE_PREFIX_PATH=${CMAKE_PREFIX_PATH}:/home/ubuntu/Desktop/Capstone-Autonomous-Driving/ros2_ws/install/OAK_D_Pro:/opt/ros/humble /usr/bin/cmake --build /home/ubuntu/Desktop/Capstone-Autonomous-Driving/ros2_ws/build/robot_car_pkg -- -j4 -l4
[3.090s] Invoking command in '/home/ubuntu/Desktop/Capstone-Autonomous-Driving/ros2_ws/build/robot_car_pkg': CMAKE_PREFIX_PATH=${CMAKE_PREFIX_PATH}:/home/ubuntu/Desktop/Capstone-Autonomous-Driving/ros2_ws/install/OAK_D_Pro:/opt/ros/humble /usr/bin/cmake --install /home/ubuntu/Desktop/Capstone-Autonomous-Driving/ros2_ws/build/robot_car_pkg
[3.127s] -- Install configuration: ""
[3.128s] -- Up-to-date: /home/ubuntu/Desktop/Capstone-Autonomous-Driving/ros2_ws/install/robot_car_pkg/share/robot_car_pkg/config
[3.129s] -- Up-to-date: /home/ubuntu/Desktop/Capstone-Autonomous-Driving/ros2_ws/install/robot_car_pkg/share/robot_car_pkg/config/view_rviz.rviz
[3.130s] -- Installing: /home/ubuntu/Desktop/Capstone-Autonomous-Driving/ros2_ws/install/robot_car_pkg/share/robot_car_pkg/config/mapper_params_online_async.yaml
[3.131s] -- Up-to-date: /home/ubuntu/Desktop/Capstone-Autonomous-Driving/ros2_ws/install/robot_car_pkg/share/robot_car_pkg/description
[3.132s] -- Up-to-date: /home/ubuntu/Desktop/Capstone-Autonomous-Driving/ros2_ws/install/robot_car_pkg/share/robot_car_pkg/description/inertial_macros.xacro
[3.132s] -- Up-to-date: /home/ubuntu/Desktop/Capstone-Autonomous-Driving/ros2_ws/install/robot_car_pkg/share/robot_car_pkg/description/robot.urdf.xacro
[3.134s] -- Up-to-date: /home/ubuntu/Desktop/Capstone-Autonomous-Driving/ros2_ws/install/robot_car_pkg/share/robot_car_pkg/description/robot_core.xacro
[3.135s] -- Up-to-date: /home/ubuntu/Desktop/Capstone-Autonomous-Driving/ros2_ws/install/robot_car_pkg/share/robot_car_pkg/launch
[3.136s] -- Up-to-date: /home/ubuntu/Desktop/Capstone-Autonomous-Driving/ros2_ws/install/robot_car_pkg/share/robot_car_pkg/launch/rsp.launch.py
[3.137s] -- Up-to-date: /home/ubuntu/Desktop/Capstone-Autonomous-Driving/ros2_ws/install/robot_car_pkg/share/robot_car_pkg/launch/rplidar.launch.py
[3.137s] -- Up-to-date: /home/ubuntu/Desktop/Capstone-Autonomous-Driving/ros2_ws/install/robot_car_pkg/share/robot_car_pkg/launch/rplidar_rviz.launch.py
[3.138s] -- Up-to-date: /home/ubuntu/Desktop/Capstone-Autonomous-Driving/ros2_ws/install/robot_car_pkg/share/robot_car_pkg/launch/launch_sim.launch.py
[3.138s] -- Up-to-date: /home/ubuntu/Desktop/Capstone-Autonomous-Driving/ros2_ws/install/robot_car_pkg/share/ament_index/resource_index/package_run_dependencies/robot_car_pkg
[3.139s] -- Up-to-date: /home/ubuntu/Desktop/Capstone-Autonomous-Driving/ros2_ws/install/robot_car_pkg/share/ament_index/resource_index/parent_prefix_path/robot_car_pkg
[3.139s] -- Up-to-date: /home/ubuntu/Desktop/Capstone-Autonomous-Driving/ros2_ws/install/robot_car_pkg/share/robot_car_pkg/environment/ament_prefix_path.sh
[3.140s] -- Up-to-date: /home/ubuntu/Desktop/Capstone-Autonomous-Driving/ros2_ws/install/robot_car_pkg/share/robot_car_pkg/environment/ament_prefix_path.dsv
[3.141s] -- Up-to-date: /home/ubuntu/Desktop/Capstone-Autonomous-Driving/ros2_ws/install/robot_car_pkg/share/robot_car_pkg/environment/path.sh
[3.141s] -- Up-to-date: /home/ubuntu/Desktop/Capstone-Autonomous-Driving/ros2_ws/install/robot_car_pkg/share/robot_car_pkg/environment/path.dsv
[3.142s] -- Up-to-date: /home/ubuntu/Desktop/Capstone-Autonomous-Driving/ros2_ws/install/robot_car_pkg/share/robot_car_pkg/local_setup.bash
[3.142s] -- Up-to-date: /home/ubuntu/Desktop/Capstone-Autonomous-Driving/ros2_ws/install/robot_car_pkg/share/robot_car_pkg/local_setup.sh
[3.143s] -- Up-to-date: /home/ubuntu/Desktop/Capstone-Autonomous-Driving/ros2_ws/install/robot_car_pkg/share/robot_car_pkg/local_setup.zsh
[3.144s] -- Up-to-date: /home/ubuntu/Desktop/Capstone-Autonomous-Driving/ros2_ws/install/robot_car_pkg/share/robot_car_pkg/local_setup.dsv
[3.145s] -- Installing: /home/ubuntu/Desktop/Capstone-Autonomous-Driving/ros2_ws/install/robot_car_pkg/share/robot_car_pkg/package.dsv
[3.146s] -- Up-to-date: /home/ubuntu/Desktop/Capstone-Autonomous-Driving/ros2_ws/install/robot_car_pkg/share/ament_index/resource_index/packages/robot_car_pkg
[3.148s] -- Up-to-date: /home/ubuntu/Desktop/Capstone-Autonomous-Driving/ros2_ws/install/robot_car_pkg/share/robot_car_pkg/cmake/robot_car_pkgConfig.cmake
[3.149s] -- Up-to-date: /home/ubuntu/Desktop/Capstone-Autonomous-Driving/ros2_ws/install/robot_car_pkg/share/robot_car_pkg/cmake/robot_car_pkgConfig-version.cmake
[3.150s] -- Up-to-date: /home/ubuntu/Desktop/Capstone-Autonomous-Driving/ros2_ws/install/robot_car_pkg/share/robot_car_pkg/package.xml
[3.151s] Invoked command in '/home/ubuntu/Desktop/Capstone-Autonomous-Driving/ros2_ws/build/robot_car_pkg' returned '0': CMAKE_PREFIX_PATH=${CMAKE_PREFIX_PATH}:/home/ubuntu/Desktop/Capstone-Autonomous-Driving/ros2_ws/install/OAK_D_Pro:/opt/ros/humble /usr/bin/cmake --install /home/ubuntu/Desktop/Capstone-Autonomous-Driving/ros2_ws/build/robot_car_pkg
