[6.055s] DEBUG:colcon:Command line arguments: ['/usr/bin/colcon', 'build']
[6.055s] DEBUG:colcon:Parsed command line arguments: Namespace(log_base=None, log_level=None, verb_name='build', build_base='build', install_base='install', merge_install=False, symlink_install=False, test_result_base=None, continue_on_error=False, executor='parallel', parallel_workers=4, event_handlers=None, ignore_user_meta=False, metas=['./colcon.meta'], base_paths=['.'], packages_ignore=None, packages_ignore_regex=None, paths=None, packages_up_to=None, packages_up_to_regex=None, packages_above=None, packages_above_and_dependencies=None, packages_above_depth=None, packages_select_by_dep=None, packages_skip_by_dep=None, packages_skip_up_to=None, packages_select_build_failed=False, packages_skip_build_finished=False, packages_select_test_failures=False, packages_skip_test_passed=False, packages_select=None, packages_skip=None, packages_select_regex=None, packages_skip_regex=None, packages_start=None, packages_end=None, allow_overriding=[], cmake_args=None, cmake_target=None, cmake_target_skip_unavailable=False, cmake_clean_cache=False, cmake_clean_first=False, cmake_force_configure=False, ament_cmake_args=None, catkin_cmake_args=None, catkin_skip_building_tests=False, verb_parser=<colcon_defaults.argument_parser.defaults.DefaultArgumentsDecorator object at 0xffff89ce9300>, verb_extension=<colcon_core.verb.build.BuildVerb object at 0xffff89fc5cf0>, main=<bound method BuildVerb.main of <colcon_core.verb.build.BuildVerb object at 0xffff89fc5cf0>>)
[6.370s] Level 1:colcon.colcon_core.package_discovery:discover_packages(colcon_meta) check parameters
[6.370s] Level 1:colcon.colcon_core.package_discovery:discover_packages(recursive) check parameters
[6.370s] Level 1:colcon.colcon_core.package_discovery:discover_packages(ignore) check parameters
[6.370s] Level 1:colcon.colcon_core.package_discovery:discover_packages(path) check parameters
[6.370s] Level 1:colcon.colcon_core.package_discovery:discover_packages(colcon_meta) discover
[6.371s] Level 1:colcon.colcon_core.package_discovery:discover_packages(recursive) discover
[6.371s] INFO:colcon.colcon_core.package_discovery:Crawling recursively for packages in '/home/ubuntu/Desktop/Capstone-Autonomous-Driving'
[6.371s] Level 1:colcon.colcon_core.package_identification:_identify(.) by extensions ['ignore', 'ignore_ament_install']
[6.372s] Level 1:colcon.colcon_core.package_identification:_identify(.) by extension 'ignore'
[6.372s] Level 1:colcon.colcon_core.package_identification:_identify(.) by extension 'ignore_ament_install'
[6.372s] Level 1:colcon.colcon_core.package_identification:_identify(.) by extensions ['colcon_pkg']
[6.372s] Level 1:colcon.colcon_core.package_identification:_identify(.) by extension 'colcon_pkg'
[6.372s] Level 1:colcon.colcon_core.package_identification:_identify(.) by extensions ['colcon_meta']
[6.373s] Level 1:colcon.colcon_core.package_identification:_identify(.) by extension 'colcon_meta'
[6.373s] Level 1:colcon.colcon_core.package_identification:_identify(.) by extensions ['ros']
[6.373s] Level 1:colcon.colcon_core.package_identification:_identify(.) by extension 'ros'
[6.439s] Level 1:colcon.colcon_core.package_identification:_identify(.) by extensions ['cmake', 'python']
[6.439s] Level 1:colcon.colcon_core.package_identification:_identify(.) by extension 'cmake'
[6.439s] Level 1:colcon.colcon_core.package_identification:_identify(.) by extension 'python'
[6.439s] Level 1:colcon.colcon_core.package_identification:_identify(.) by extensions ['python_setup_py']
[6.439s] Level 1:colcon.colcon_core.package_identification:_identify(.) by extension 'python_setup_py'
[6.440s] Level 1:colcon.colcon_core.package_identification:_identify(CameraWebServer) by extensions ['ignore', 'ignore_ament_install']
[6.440s] Level 1:colcon.colcon_core.package_identification:_identify(CameraWebServer) by extension 'ignore'
[6.440s] Level 1:colcon.colcon_core.package_identification:_identify(CameraWebServer) by extension 'ignore_ament_install'
[6.441s] Level 1:colcon.colcon_core.package_identification:_identify(CameraWebServer) by extensions ['colcon_pkg']
[6.441s] Level 1:colcon.colcon_core.package_identification:_identify(CameraWebServer) by extension 'colcon_pkg'
[6.441s] Level 1:colcon.colcon_core.package_identification:_identify(CameraWebServer) by extensions ['colcon_meta']
[6.441s] Level 1:colcon.colcon_core.package_identification:_identify(CameraWebServer) by extension 'colcon_meta'
[6.441s] Level 1:colcon.colcon_core.package_identification:_identify(CameraWebServer) by extensions ['ros']
[6.442s] Level 1:colcon.colcon_core.package_identification:_identify(CameraWebServer) by extension 'ros'
[6.442s] Level 1:colcon.colcon_core.package_identification:_identify(CameraWebServer) by extensions ['cmake', 'python']
[6.442s] Level 1:colcon.colcon_core.package_identification:_identify(CameraWebServer) by extension 'cmake'
[6.442s] Level 1:colcon.colcon_core.package_identification:_identify(CameraWebServer) by extension 'python'
[6.442s] Level 1:colcon.colcon_core.package_identification:_identify(CameraWebServer) by extensions ['python_setup_py']
[6.442s] Level 1:colcon.colcon_core.package_identification:_identify(CameraWebServer) by extension 'python_setup_py'
[6.443s] Level 1:colcon.colcon_core.package_identification:_identify(ESPCam uROS) by extensions ['ignore', 'ignore_ament_install']
[6.443s] Level 1:colcon.colcon_core.package_identification:_identify(ESPCam uROS) by extension 'ignore'
[6.443s] Level 1:colcon.colcon_core.package_identification:_identify(ESPCam uROS) by extension 'ignore_ament_install'
[6.444s] Level 1:colcon.colcon_core.package_identification:_identify(ESPCam uROS) by extensions ['colcon_pkg']
[6.444s] Level 1:colcon.colcon_core.package_identification:_identify(ESPCam uROS) by extension 'colcon_pkg'
[6.444s] Level 1:colcon.colcon_core.package_identification:_identify(ESPCam uROS) by extensions ['colcon_meta']
[6.444s] Level 1:colcon.colcon_core.package_identification:_identify(ESPCam uROS) by extension 'colcon_meta'
[6.444s] Level 1:colcon.colcon_core.package_identification:_identify(ESPCam uROS) by extensions ['ros']
[6.444s] Level 1:colcon.colcon_core.package_identification:_identify(ESPCam uROS) by extension 'ros'
[6.445s] Level 1:colcon.colcon_core.package_identification:_identify(ESPCam uROS) by extensions ['cmake', 'python']
[6.445s] Level 1:colcon.colcon_core.package_identification:_identify(ESPCam uROS) by extension 'cmake'
[6.445s] Level 1:colcon.colcon_core.package_identification:_identify(ESPCam uROS) by extension 'python'
[6.445s] Level 1:colcon.colcon_core.package_identification:_identify(ESPCam uROS) by extensions ['python_setup_py']
[6.445s] Level 1:colcon.colcon_core.package_identification:_identify(ESPCam uROS) by extension 'python_setup_py'
[6.446s] Level 1:colcon.colcon_core.package_identification:_identify(ESPCam uROS/ESP32microROSImagePublisher) by extensions ['ignore', 'ignore_ament_install']
[6.446s] Level 1:colcon.colcon_core.package_identification:_identify(ESPCam uROS/ESP32microROSImagePublisher) by extension 'ignore'
[6.446s] Level 1:colcon.colcon_core.package_identification:_identify(ESPCam uROS/ESP32microROSImagePublisher) by extension 'ignore_ament_install'
[6.446s] Level 1:colcon.colcon_core.package_identification:_identify(ESPCam uROS/ESP32microROSImagePublisher) by extensions ['colcon_pkg']
[6.446s] Level 1:colcon.colcon_core.package_identification:_identify(ESPCam uROS/ESP32microROSImagePublisher) by extension 'colcon_pkg'
[6.447s] Level 1:colcon.colcon_core.package_identification:_identify(ESPCam uROS/ESP32microROSImagePublisher) by extensions ['colcon_meta']
[6.447s] Level 1:colcon.colcon_core.package_identification:_identify(ESPCam uROS/ESP32microROSImagePublisher) by extension 'colcon_meta'
[6.447s] Level 1:colcon.colcon_core.package_identification:_identify(ESPCam uROS/ESP32microROSImagePublisher) by extensions ['ros']
[6.447s] Level 1:colcon.colcon_core.package_identification:_identify(ESPCam uROS/ESP32microROSImagePublisher) by extension 'ros'
[6.447s] Level 1:colcon.colcon_core.package_identification:_identify(ESPCam uROS/ESP32microROSImagePublisher) by extensions ['cmake', 'python']
[6.448s] Level 1:colcon.colcon_core.package_identification:_identify(ESPCam uROS/ESP32microROSImagePublisher) by extension 'cmake'
[6.448s] Level 1:colcon.colcon_core.package_identification:_identify(ESPCam uROS/ESP32microROSImagePublisher) by extension 'python'
[6.448s] Level 1:colcon.colcon_core.package_identification:_identify(ESPCam uROS/ESP32microROSImagePublisher) by extensions ['python_setup_py']
[6.448s] Level 1:colcon.colcon_core.package_identification:_identify(ESPCam uROS/ESP32microROSImagePublisher) by extension 'python_setup_py'
[6.448s] Level 1:colcon.colcon_core.package_identification:_identify(ESPCam-Python-ROS_ws) by extensions ['ignore', 'ignore_ament_install']
[6.449s] Level 1:colcon.colcon_core.package_identification:_identify(ESPCam-Python-ROS_ws) by extension 'ignore'
[6.449s] Level 1:colcon.colcon_core.package_identification:_identify(ESPCam-Python-ROS_ws) by extension 'ignore_ament_install'
[6.449s] Level 1:colcon.colcon_core.package_identification:_identify(ESPCam-Python-ROS_ws) by extensions ['colcon_pkg']
[6.449s] Level 1:colcon.colcon_core.package_identification:_identify(ESPCam-Python-ROS_ws) by extension 'colcon_pkg'
[6.449s] Level 1:colcon.colcon_core.package_identification:_identify(ESPCam-Python-ROS_ws) by extensions ['colcon_meta']
[6.450s] Level 1:colcon.colcon_core.package_identification:_identify(ESPCam-Python-ROS_ws) by extension 'colcon_meta'
[6.450s] Level 1:colcon.colcon_core.package_identification:_identify(ESPCam-Python-ROS_ws) by extensions ['ros']
[6.450s] Level 1:colcon.colcon_core.package_identification:_identify(ESPCam-Python-ROS_ws) by extension 'ros'
[6.450s] Level 1:colcon.colcon_core.package_identification:_identify(ESPCam-Python-ROS_ws) by extensions ['cmake', 'python']
[6.450s] Level 1:colcon.colcon_core.package_identification:_identify(ESPCam-Python-ROS_ws) by extension 'cmake'
[6.451s] Level 1:colcon.colcon_core.package_identification:_identify(ESPCam-Python-ROS_ws) by extension 'python'
[6.451s] Level 1:colcon.colcon_core.package_identification:_identify(ESPCam-Python-ROS_ws) by extensions ['python_setup_py']
[6.451s] Level 1:colcon.colcon_core.package_identification:_identify(ESPCam-Python-ROS_ws) by extension 'python_setup_py'
[6.451s] Level 1:colcon.colcon_core.package_identification:_identify(ESPCam-Python-ROS_ws/build) by extensions ['ignore', 'ignore_ament_install']
[6.452s] Level 1:colcon.colcon_core.package_identification:_identify(ESPCam-Python-ROS_ws/build) by extension 'ignore'
[6.452s] Level 1:colcon.colcon_core.package_identification:_identify(ESPCam-Python-ROS_ws/build) ignored
[6.452s] Level 1:colcon.colcon_core.package_identification:_identify(ESPCam-Python-ROS_ws/install) by extensions ['ignore', 'ignore_ament_install']
[6.453s] Level 1:colcon.colcon_core.package_identification:_identify(ESPCam-Python-ROS_ws/install) by extension 'ignore'
[6.453s] Level 1:colcon.colcon_core.package_identification:_identify(ESPCam-Python-ROS_ws/install) ignored
[6.453s] Level 1:colcon.colcon_core.package_identification:_identify(ESPCam-Python-ROS_ws/src) by extensions ['ignore', 'ignore_ament_install']
[6.454s] Level 1:colcon.colcon_core.package_identification:_identify(ESPCam-Python-ROS_ws/src) by extension 'ignore'
[6.454s] Level 1:colcon.colcon_core.package_identification:_identify(ESPCam-Python-ROS_ws/src) by extension 'ignore_ament_install'
[6.454s] Level 1:colcon.colcon_core.package_identification:_identify(ESPCam-Python-ROS_ws/src) by extensions ['colcon_pkg']
[6.454s] Level 1:colcon.colcon_core.package_identification:_identify(ESPCam-Python-ROS_ws/src) by extension 'colcon_pkg'
[6.454s] Level 1:colcon.colcon_core.package_identification:_identify(ESPCam-Python-ROS_ws/src) by extensions ['colcon_meta']
[6.455s] Level 1:colcon.colcon_core.package_identification:_identify(ESPCam-Python-ROS_ws/src) by extension 'colcon_meta'
[6.455s] Level 1:colcon.colcon_core.package_identification:_identify(ESPCam-Python-ROS_ws/src) by extensions ['ros']
[6.455s] Level 1:colcon.colcon_core.package_identification:_identify(ESPCam-Python-ROS_ws/src) by extension 'ros'
[6.455s] Level 1:colcon.colcon_core.package_identification:_identify(ESPCam-Python-ROS_ws/src) by extensions ['cmake', 'python']
[6.455s] Level 1:colcon.colcon_core.package_identification:_identify(ESPCam-Python-ROS_ws/src) by extension 'cmake'
[6.456s] Level 1:colcon.colcon_core.package_identification:_identify(ESPCam-Python-ROS_ws/src) by extension 'python'
[6.456s] Level 1:colcon.colcon_core.package_identification:_identify(ESPCam-Python-ROS_ws/src) by extensions ['python_setup_py']
[6.456s] Level 1:colcon.colcon_core.package_identification:_identify(ESPCam-Python-ROS_ws/src) by extension 'python_setup_py'
[6.456s] Level 1:colcon.colcon_core.package_identification:_identify(ESPCam-Python-ROS_ws/src/ESPCam-ROS2) by extensions ['ignore', 'ignore_ament_install']
[6.457s] Level 1:colcon.colcon_core.package_identification:_identify(ESPCam-Python-ROS_ws/src/ESPCam-ROS2) by extension 'ignore'
[6.457s] Level 1:colcon.colcon_core.package_identification:_identify(ESPCam-Python-ROS_ws/src/ESPCam-ROS2) by extension 'ignore_ament_install'
[6.457s] Level 1:colcon.colcon_core.package_identification:_identify(ESPCam-Python-ROS_ws/src/ESPCam-ROS2) by extensions ['colcon_pkg']
[6.457s] Level 1:colcon.colcon_core.package_identification:_identify(ESPCam-Python-ROS_ws/src/ESPCam-ROS2) by extension 'colcon_pkg'
[6.458s] Level 1:colcon.colcon_core.package_identification:_identify(ESPCam-Python-ROS_ws/src/ESPCam-ROS2) by extensions ['colcon_meta']
[6.458s] Level 1:colcon.colcon_core.package_identification:_identify(ESPCam-Python-ROS_ws/src/ESPCam-ROS2) by extension 'colcon_meta'
[6.458s] Level 1:colcon.colcon_core.package_identification:_identify(ESPCam-Python-ROS_ws/src/ESPCam-ROS2) by extensions ['ros']
[6.458s] Level 1:colcon.colcon_core.package_identification:_identify(ESPCam-Python-ROS_ws/src/ESPCam-ROS2) by extension 'ros'
[6.472s] DEBUG:colcon.colcon_core.package_identification:Package 'ESPCam-Python-ROS_ws/src/ESPCam-ROS2' with type 'ros.ament_python' and name 'ESPCam-ROS2'
[6.472s] Level 1:colcon.colcon_core.package_identification:_identify(ESPCam-Python-ROS_ws/src/cv_basics) by extensions ['ignore', 'ignore_ament_install']
[6.473s] Level 1:colcon.colcon_core.package_identification:_identify(ESPCam-Python-ROS_ws/src/cv_basics) by extension 'ignore'
[6.473s] Level 1:colcon.colcon_core.package_identification:_identify(ESPCam-Python-ROS_ws/src/cv_basics) by extension 'ignore_ament_install'
[6.473s] Level 1:colcon.colcon_core.package_identification:_identify(ESPCam-Python-ROS_ws/src/cv_basics) by extensions ['colcon_pkg']
[6.474s] Level 1:colcon.colcon_core.package_identification:_identify(ESPCam-Python-ROS_ws/src/cv_basics) by extension 'colcon_pkg'
[6.474s] Level 1:colcon.colcon_core.package_identification:_identify(ESPCam-Python-ROS_ws/src/cv_basics) by extensions ['colcon_meta']
[6.474s] Level 1:colcon.colcon_core.package_identification:_identify(ESPCam-Python-ROS_ws/src/cv_basics) by extension 'colcon_meta'
[6.474s] Level 1:colcon.colcon_core.package_identification:_identify(ESPCam-Python-ROS_ws/src/cv_basics) by extensions ['ros']
[6.474s] Level 1:colcon.colcon_core.package_identification:_identify(ESPCam-Python-ROS_ws/src/cv_basics) by extension 'ros'
[6.479s] DEBUG:colcon.colcon_core.package_identification:Package 'ESPCam-Python-ROS_ws/src/cv_basics' with type 'ros.ament_python' and name 'cv_basics'
[6.480s] Level 1:colcon.colcon_core.package_identification:_identify(OAK D Pro) by extensions ['ignore', 'ignore_ament_install']
[6.480s] Level 1:colcon.colcon_core.package_identification:_identify(OAK D Pro) by extension 'ignore'
[6.480s] Level 1:colcon.colcon_core.package_identification:_identify(OAK D Pro) by extension 'ignore_ament_install'
[6.481s] Level 1:colcon.colcon_core.package_identification:_identify(OAK D Pro) by extensions ['colcon_pkg']
[6.481s] Level 1:colcon.colcon_core.package_identification:_identify(OAK D Pro) by extension 'colcon_pkg'
[6.481s] Level 1:colcon.colcon_core.package_identification:_identify(OAK D Pro) by extensions ['colcon_meta']
[6.482s] Level 1:colcon.colcon_core.package_identification:_identify(OAK D Pro) by extension 'colcon_meta'
[6.482s] Level 1:colcon.colcon_core.package_identification:_identify(OAK D Pro) by extensions ['ros']
[6.483s] Level 1:colcon.colcon_core.package_identification:_identify(OAK D Pro) by extension 'ros'
[6.483s] Level 1:colcon.colcon_core.package_identification:_identify(OAK D Pro) by extensions ['cmake', 'python']
[6.483s] Level 1:colcon.colcon_core.package_identification:_identify(OAK D Pro) by extension 'cmake'
[6.484s] Level 1:colcon.colcon_core.package_identification:_identify(OAK D Pro) by extension 'python'
[6.484s] Level 1:colcon.colcon_core.package_identification:_identify(OAK D Pro) by extensions ['python_setup_py']
[6.485s] Level 1:colcon.colcon_core.package_identification:_identify(OAK D Pro) by extension 'python_setup_py'
[6.485s] Level 1:colcon.colcon_core.package_identification:_identify(OpenCV ESPCam) by extensions ['ignore', 'ignore_ament_install']
[6.486s] Level 1:colcon.colcon_core.package_identification:_identify(OpenCV ESPCam) by extension 'ignore'
[6.486s] Level 1:colcon.colcon_core.package_identification:_identify(OpenCV ESPCam) by extension 'ignore_ament_install'
[6.486s] Level 1:colcon.colcon_core.package_identification:_identify(OpenCV ESPCam) by extensions ['colcon_pkg']
[6.487s] Level 1:colcon.colcon_core.package_identification:_identify(OpenCV ESPCam) by extension 'colcon_pkg'
[6.487s] Level 1:colcon.colcon_core.package_identification:_identify(OpenCV ESPCam) by extensions ['colcon_meta']
[6.487s] Level 1:colcon.colcon_core.package_identification:_identify(OpenCV ESPCam) by extension 'colcon_meta'
[6.487s] Level 1:colcon.colcon_core.package_identification:_identify(OpenCV ESPCam) by extensions ['ros']
[6.487s] Level 1:colcon.colcon_core.package_identification:_identify(OpenCV ESPCam) by extension 'ros'
[6.488s] Level 1:colcon.colcon_core.package_identification:_identify(OpenCV ESPCam) by extensions ['cmake', 'python']
[6.488s] Level 1:colcon.colcon_core.package_identification:_identify(OpenCV ESPCam) by extension 'cmake'
[6.488s] Level 1:colcon.colcon_core.package_identification:_identify(OpenCV ESPCam) by extension 'python'
[6.488s] Level 1:colcon.colcon_core.package_identification:_identify(OpenCV ESPCam) by extensions ['python_setup_py']
[6.488s] Level 1:colcon.colcon_core.package_identification:_identify(OpenCV ESPCam) by extension 'python_setup_py'
[6.489s] Level 1:colcon.colcon_core.package_identification:_identify(build) by extensions ['ignore', 'ignore_ament_install']
[6.489s] Level 1:colcon.colcon_core.package_identification:_identify(build) by extension 'ignore'
[6.490s] Level 1:colcon.colcon_core.package_identification:_identify(build) ignored
[6.490s] Level 1:colcon.colcon_core.package_identification:_identify(install) by extensions ['ignore', 'ignore_ament_install']
[6.491s] Level 1:colcon.colcon_core.package_identification:_identify(install) by extension 'ignore'
[6.491s] Level 1:colcon.colcon_core.package_identification:_identify(install) ignored
[6.491s] Level 1:colcon.colcon_core.package_identification:_identify(log) by extensions ['ignore', 'ignore_ament_install']
[6.492s] Level 1:colcon.colcon_core.package_identification:_identify(log) by extension 'ignore'
[6.492s] Level 1:colcon.colcon_core.package_identification:_identify(log) ignored
[6.492s] Level 1:colcon.colcon_core.package_identification:_identify(ros2_ws) by extensions ['ignore', 'ignore_ament_install']
[6.493s] Level 1:colcon.colcon_core.package_identification:_identify(ros2_ws) by extension 'ignore'
[6.493s] Level 1:colcon.colcon_core.package_identification:_identify(ros2_ws) by extension 'ignore_ament_install'
[6.493s] Level 1:colcon.colcon_core.package_identification:_identify(ros2_ws) by extensions ['colcon_pkg']
[6.494s] Level 1:colcon.colcon_core.package_identification:_identify(ros2_ws) by extension 'colcon_pkg'
[6.494s] Level 1:colcon.colcon_core.package_identification:_identify(ros2_ws) by extensions ['colcon_meta']
[6.494s] Level 1:colcon.colcon_core.package_identification:_identify(ros2_ws) by extension 'colcon_meta'
[6.494s] Level 1:colcon.colcon_core.package_identification:_identify(ros2_ws) by extensions ['ros']
[6.495s] Level 1:colcon.colcon_core.package_identification:_identify(ros2_ws) by extension 'ros'
[6.495s] Level 1:colcon.colcon_core.package_identification:_identify(ros2_ws) by extensions ['cmake', 'python']
[6.495s] Level 1:colcon.colcon_core.package_identification:_identify(ros2_ws) by extension 'cmake'
[6.496s] Level 1:colcon.colcon_core.package_identification:_identify(ros2_ws) by extension 'python'
[6.496s] Level 1:colcon.colcon_core.package_identification:_identify(ros2_ws) by extensions ['python_setup_py']
[6.496s] Level 1:colcon.colcon_core.package_identification:_identify(ros2_ws) by extension 'python_setup_py'
[6.497s] Level 1:colcon.colcon_core.package_identification:_identify(ros2_ws/build) by extensions ['ignore', 'ignore_ament_install']
[6.498s] Level 1:colcon.colcon_core.package_identification:_identify(ros2_ws/build) by extension 'ignore'
[6.498s] Level 1:colcon.colcon_core.package_identification:_identify(ros2_ws/build) ignored
[6.499s] Level 1:colcon.colcon_core.package_identification:_identify(ros2_ws/install) by extensions ['ignore', 'ignore_ament_install']
[6.499s] Level 1:colcon.colcon_core.package_identification:_identify(ros2_ws/install) by extension 'ignore'
[6.499s] Level 1:colcon.colcon_core.package_identification:_identify(ros2_ws/install) ignored
[6.500s] Level 1:colcon.colcon_core.package_identification:_identify(ros2_ws/log) by extensions ['ignore', 'ignore_ament_install']
[6.500s] Level 1:colcon.colcon_core.package_identification:_identify(ros2_ws/log) by extension 'ignore'
[6.501s] Level 1:colcon.colcon_core.package_identification:_identify(ros2_ws/log) ignored
[6.501s] Level 1:colcon.colcon_core.package_identification:_identify(ros2_ws/src) by extensions ['ignore', 'ignore_ament_install']
[6.502s] Level 1:colcon.colcon_core.package_identification:_identify(ros2_ws/src) by extension 'ignore'
[6.502s] Level 1:colcon.colcon_core.package_identification:_identify(ros2_ws/src) by extension 'ignore_ament_install'
[6.502s] Level 1:colcon.colcon_core.package_identification:_identify(ros2_ws/src) by extensions ['colcon_pkg']
[6.502s] Level 1:colcon.colcon_core.package_identification:_identify(ros2_ws/src) by extension 'colcon_pkg'
[6.503s] Level 1:colcon.colcon_core.package_identification:_identify(ros2_ws/src) by extensions ['colcon_meta']
[6.503s] Level 1:colcon.colcon_core.package_identification:_identify(ros2_ws/src) by extension 'colcon_meta'
[6.503s] Level 1:colcon.colcon_core.package_identification:_identify(ros2_ws/src) by extensions ['ros']
[6.503s] Level 1:colcon.colcon_core.package_identification:_identify(ros2_ws/src) by extension 'ros'
[6.504s] Level 1:colcon.colcon_core.package_identification:_identify(ros2_ws/src) by extensions ['cmake', 'python']
[6.504s] Level 1:colcon.colcon_core.package_identification:_identify(ros2_ws/src) by extension 'cmake'
[6.504s] Level 1:colcon.colcon_core.package_identification:_identify(ros2_ws/src) by extension 'python'
[6.504s] Level 1:colcon.colcon_core.package_identification:_identify(ros2_ws/src) by extensions ['python_setup_py']
[6.504s] Level 1:colcon.colcon_core.package_identification:_identify(ros2_ws/src) by extension 'python_setup_py'
[6.505s] Level 1:colcon.colcon_core.package_identification:_identify(ros2_ws/src/OAK_D_Pro) by extensions ['ignore', 'ignore_ament_install']
[6.505s] Level 1:colcon.colcon_core.package_identification:_identify(ros2_ws/src/OAK_D_Pro) by extension 'ignore'
[6.506s] Level 1:colcon.colcon_core.package_identification:_identify(ros2_ws/src/OAK_D_Pro) by extension 'ignore_ament_install'
[6.506s] Level 1:colcon.colcon_core.package_identification:_identify(ros2_ws/src/OAK_D_Pro) by extensions ['colcon_pkg']
[6.506s] Level 1:colcon.colcon_core.package_identification:_identify(ros2_ws/src/OAK_D_Pro) by extension 'colcon_pkg'
[6.506s] Level 1:colcon.colcon_core.package_identification:_identify(ros2_ws/src/OAK_D_Pro) by extensions ['colcon_meta']
[6.507s] Level 1:colcon.colcon_core.package_identification:_identify(ros2_ws/src/OAK_D_Pro) by extension 'colcon_meta'
[6.507s] Level 1:colcon.colcon_core.package_identification:_identify(ros2_ws/src/OAK_D_Pro) by extensions ['ros']
[6.507s] Level 1:colcon.colcon_core.package_identification:_identify(ros2_ws/src/OAK_D_Pro) by extension 'ros'
[6.512s] DEBUG:colcon.colcon_core.package_identification:Package 'ros2_ws/src/OAK_D_Pro' with type 'ros.ament_python' and name 'OAK_D_Pro'
[6.513s] Level 1:colcon.colcon_core.package_discovery:discover_packages(recursive) using defaults
[6.513s] Level 1:colcon.colcon_core.package_discovery:discover_packages(ignore) discover
[6.513s] Level 1:colcon.colcon_core.package_discovery:discover_packages(ignore) using defaults
[6.514s] Level 1:colcon.colcon_core.package_discovery:discover_packages(path) discover
[6.514s] Level 1:colcon.colcon_core.package_discovery:discover_packages(path) using defaults
[7.618s] Level 1:colcon.colcon_core.package_discovery:discover_packages(prefix_path) check parameters
[7.619s] Level 1:colcon.colcon_core.package_discovery:discover_packages(prefix_path) discover
[8.138s] DEBUG:colcon.colcon_installed_package_information.package_discovery:Found 4 installed packages in /home/ubuntu/ros2_ws/install
[8.340s] DEBUG:colcon.colcon_installed_package_information.package_discovery:Found 298 installed packages in /opt/ros/humble
[8.349s] Level 1:colcon.colcon_core.package_discovery:discover_packages(prefix_path) using defaults
[8.819s] Level 5:colcon.colcon_core.verb:set package 'ESPCam-ROS2' build argument 'cmake_args' from command line to 'None'
[8.820s] Level 5:colcon.colcon_core.verb:set package 'ESPCam-ROS2' build argument 'cmake_target' from command line to 'None'
[8.820s] Level 5:colcon.colcon_core.verb:set package 'ESPCam-ROS2' build argument 'cmake_target_skip_unavailable' from command line to 'False'
[8.820s] Level 5:colcon.colcon_core.verb:set package 'ESPCam-ROS2' build argument 'cmake_clean_cache' from command line to 'False'
[8.820s] Level 5:colcon.colcon_core.verb:set package 'ESPCam-ROS2' build argument 'cmake_clean_first' from command line to 'False'
[8.820s] Level 5:colcon.colcon_core.verb:set package 'ESPCam-ROS2' build argument 'cmake_force_configure' from command line to 'False'
[8.820s] Level 5:colcon.colcon_core.verb:set package 'ESPCam-ROS2' build argument 'ament_cmake_args' from command line to 'None'
[8.820s] Level 5:colcon.colcon_core.verb:set package 'ESPCam-ROS2' build argument 'catkin_cmake_args' from command line to 'None'
[8.820s] Level 5:colcon.colcon_core.verb:set package 'ESPCam-ROS2' build argument 'catkin_skip_building_tests' from command line to 'False'
[8.821s] DEBUG:colcon.colcon_core.verb:Building package 'ESPCam-ROS2' with the following arguments: {'ament_cmake_args': None, 'build_base': '/home/ubuntu/Desktop/Capstone-Autonomous-Driving/build/ESPCam-ROS2', 'catkin_cmake_args': None, 'catkin_skip_building_tests': False, 'cmake_args': None, 'cmake_clean_cache': False, 'cmake_clean_first': False, 'cmake_force_configure': False, 'cmake_target': None, 'cmake_target_skip_unavailable': False, 'install_base': '/home/ubuntu/Desktop/Capstone-Autonomous-Driving/install/ESPCam-ROS2', 'merge_install': False, 'path': '/home/ubuntu/Desktop/Capstone-Autonomous-Driving/ESPCam-Python-ROS_ws/src/ESPCam-ROS2', 'symlink_install': False, 'test_result_base': None}
[8.902s] Level 5:colcon.colcon_core.verb:set package 'OAK_D_Pro' build argument 'cmake_args' from command line to 'None'
[8.902s] Level 5:colcon.colcon_core.verb:set package 'OAK_D_Pro' build argument 'cmake_target' from command line to 'None'
[8.902s] Level 5:colcon.colcon_core.verb:set package 'OAK_D_Pro' build argument 'cmake_target_skip_unavailable' from command line to 'False'
[8.902s] Level 5:colcon.colcon_core.verb:set package 'OAK_D_Pro' build argument 'cmake_clean_cache' from command line to 'False'
[8.902s] Level 5:colcon.colcon_core.verb:set package 'OAK_D_Pro' build argument 'cmake_clean_first' from command line to 'False'
[8.902s] Level 5:colcon.colcon_core.verb:set package 'OAK_D_Pro' build argument 'cmake_force_configure' from command line to 'False'
[8.902s] Level 5:colcon.colcon_core.verb:set package 'OAK_D_Pro' build argument 'ament_cmake_args' from command line to 'None'
[8.902s] Level 5:colcon.colcon_core.verb:set package 'OAK_D_Pro' build argument 'catkin_cmake_args' from command line to 'None'
[8.903s] Level 5:colcon.colcon_core.verb:set package 'OAK_D_Pro' build argument 'catkin_skip_building_tests' from command line to 'False'
[8.903s] DEBUG:colcon.colcon_core.verb:Building package 'OAK_D_Pro' with the following arguments: {'ament_cmake_args': None, 'build_base': '/home/ubuntu/Desktop/Capstone-Autonomous-Driving/build/OAK_D_Pro', 'catkin_cmake_args': None, 'catkin_skip_building_tests': False, 'cmake_args': None, 'cmake_clean_cache': False, 'cmake_clean_first': False, 'cmake_force_configure': False, 'cmake_target': None, 'cmake_target_skip_unavailable': False, 'install_base': '/home/ubuntu/Desktop/Capstone-Autonomous-Driving/install/OAK_D_Pro', 'merge_install': False, 'path': '/home/ubuntu/Desktop/Capstone-Autonomous-Driving/ros2_ws/src/OAK_D_Pro', 'symlink_install': False, 'test_result_base': None}
[8.983s] Level 5:colcon.colcon_core.verb:set package 'cv_basics' build argument 'cmake_args' from command line to 'None'
[8.984s] Level 5:colcon.colcon_core.verb:set package 'cv_basics' build argument 'cmake_target' from command line to 'None'
[8.984s] Level 5:colcon.colcon_core.verb:set package 'cv_basics' build argument 'cmake_target_skip_unavailable' from command line to 'False'
[8.984s] Level 5:colcon.colcon_core.verb:set package 'cv_basics' build argument 'cmake_clean_cache' from command line to 'False'
[8.984s] Level 5:colcon.colcon_core.verb:set package 'cv_basics' build argument 'cmake_clean_first' from command line to 'False'
[8.984s] Level 5:colcon.colcon_core.verb:set package 'cv_basics' build argument 'cmake_force_configure' from command line to 'False'
[8.984s] Level 5:colcon.colcon_core.verb:set package 'cv_basics' build argument 'ament_cmake_args' from command line to 'None'
[8.984s] Level 5:colcon.colcon_core.verb:set package 'cv_basics' build argument 'catkin_cmake_args' from command line to 'None'
[8.984s] Level 5:colcon.colcon_core.verb:set package 'cv_basics' build argument 'catkin_skip_building_tests' from command line to 'False'
[8.984s] DEBUG:colcon.colcon_core.verb:Building package 'cv_basics' with the following arguments: {'ament_cmake_args': None, 'build_base': '/home/ubuntu/Desktop/Capstone-Autonomous-Driving/build/cv_basics', 'catkin_cmake_args': None, 'catkin_skip_building_tests': False, 'cmake_args': None, 'cmake_clean_cache': False, 'cmake_clean_first': False, 'cmake_force_configure': False, 'cmake_target': None, 'cmake_target_skip_unavailable': False, 'install_base': '/home/ubuntu/Desktop/Capstone-Autonomous-Driving/install/cv_basics', 'merge_install': False, 'path': '/home/ubuntu/Desktop/Capstone-Autonomous-Driving/ESPCam-Python-ROS_ws/src/cv_basics', 'symlink_install': False, 'test_result_base': None}
[9.066s] INFO:colcon.colcon_core.executor:Executing jobs using 'parallel' executor
[9.149s] DEBUG:colcon.colcon_parallel_executor.executor.parallel:run_until_complete
[9.150s] INFO:colcon.colcon_ros.task.ament_python.build:Building ROS package in '/home/ubuntu/Desktop/Capstone-Autonomous-Driving/ESPCam-Python-ROS_ws/src/ESPCam-ROS2' with build type 'ament_python'
[9.151s] Level 1:colcon.colcon_core.shell:create_environment_hook('ESPCam-ROS2', 'ament_prefix_path')
[9.379s] INFO:colcon.colcon_core.plugin_system:Skipping extension 'colcon_core.shell.bat': Not used on non-Windows systems
[9.380s] INFO:colcon.colcon_core.shell:Creating environment hook '/home/ubuntu/Desktop/Capstone-Autonomous-Driving/install/ESPCam-ROS2/share/ESPCam-ROS2/hook/ament_prefix_path.ps1'
[9.387s] INFO:colcon.colcon_core.shell:Creating environment descriptor '/home/ubuntu/Desktop/Capstone-Autonomous-Driving/install/ESPCam-ROS2/share/ESPCam-ROS2/hook/ament_prefix_path.dsv'
[9.390s] INFO:colcon.colcon_core.shell:Creating environment hook '/home/ubuntu/Desktop/Capstone-Autonomous-Driving/install/ESPCam-ROS2/share/ESPCam-ROS2/hook/ament_prefix_path.sh'
[9.723s] INFO:colcon.colcon_core.shell:Skip shell extension 'powershell' for command environment: Not usable outside of PowerShell
[9.723s] DEBUG:colcon.colcon_core.shell:Skip shell extension 'dsv' for command environment
[10.223s] INFO:colcon.colcon_ros.task.ament_python.build:Building ROS package in '/home/ubuntu/Desktop/Capstone-Autonomous-Driving/ros2_ws/src/OAK_D_Pro' with build type 'ament_python'
[10.223s] Level 1:colcon.colcon_core.shell:create_environment_hook('OAK_D_Pro', 'ament_prefix_path')
[10.481s] INFO:colcon.colcon_core.shell:Creating environment hook '/home/ubuntu/Desktop/Capstone-Autonomous-Driving/install/OAK_D_Pro/share/OAK_D_Pro/hook/ament_prefix_path.ps1'
[10.488s] INFO:colcon.colcon_core.shell:Creating environment descriptor '/home/ubuntu/Desktop/Capstone-Autonomous-Driving/install/OAK_D_Pro/share/OAK_D_Pro/hook/ament_prefix_path.dsv'
[10.492s] INFO:colcon.colcon_core.shell:Creating environment hook '/home/ubuntu/Desktop/Capstone-Autonomous-Driving/install/OAK_D_Pro/share/OAK_D_Pro/hook/ament_prefix_path.sh'
[10.705s] INFO:colcon.colcon_core.shell:Skip shell extension 'powershell' for command environment: Not usable outside of PowerShell
[10.705s] DEBUG:colcon.colcon_core.shell:Skip shell extension 'dsv' for command environment
[11.320s] INFO:colcon.colcon_ros.task.ament_python.build:Building ROS package in '/home/ubuntu/Desktop/Capstone-Autonomous-Driving/ESPCam-Python-ROS_ws/src/cv_basics' with build type 'ament_python'
[11.321s] Level 1:colcon.colcon_core.shell:create_environment_hook('cv_basics', 'ament_prefix_path')
[11.532s] INFO:colcon.colcon_core.shell:Creating environment hook '/home/ubuntu/Desktop/Capstone-Autonomous-Driving/install/cv_basics/share/cv_basics/hook/ament_prefix_path.ps1'
[11.535s] INFO:colcon.colcon_core.shell:Creating environment descriptor '/home/ubuntu/Desktop/Capstone-Autonomous-Driving/install/cv_basics/share/cv_basics/hook/ament_prefix_path.dsv'
[11.537s] INFO:colcon.colcon_core.shell:Creating environment hook '/home/ubuntu/Desktop/Capstone-Autonomous-Driving/install/cv_basics/share/cv_basics/hook/ament_prefix_path.sh'
[11.785s] INFO:colcon.colcon_core.shell:Skip shell extension 'powershell' for command environment: Not usable outside of PowerShell
[11.786s] DEBUG:colcon.colcon_core.shell:Skip shell extension 'dsv' for command environment
[15.072s] INFO:colcon.colcon_core.task.python.build:Building Python package in '/home/ubuntu/Desktop/Capstone-Autonomous-Driving/ESPCam-Python-ROS_ws/src/ESPCam-ROS2'
[15.204s] INFO:colcon.colcon_core.shell:Skip shell extension 'powershell' for command environment: Not usable outside of PowerShell
[15.205s] DEBUG:colcon.colcon_core.shell:Skip shell extension 'dsv' for command environment
[17.528s] INFO:colcon.colcon_core.task.python.build:Building Python package in '/home/ubuntu/Desktop/Capstone-Autonomous-Driving/ros2_ws/src/OAK_D_Pro'
[17.701s] INFO:colcon.colcon_core.shell:Skip shell extension 'powershell' for command environment: Not usable outside of PowerShell
[17.701s] DEBUG:colcon.colcon_core.shell:Skip shell extension 'dsv' for command environment
[20.354s] INFO:colcon.colcon_core.task.python.build:Building Python package in '/home/ubuntu/Desktop/Capstone-Autonomous-Driving/ESPCam-Python-ROS_ws/src/cv_basics'
[20.502s] INFO:colcon.colcon_core.shell:Skip shell extension 'powershell' for command environment: Not usable outside of PowerShell
[20.502s] DEBUG:colcon.colcon_core.shell:Skip shell extension 'dsv' for command environment
[26.240s] DEBUG:colcon.colcon_core.event_handler.log_command:Invoking command in '/home/ubuntu/Desktop/Capstone-Autonomous-Driving/ESPCam-Python-ROS_ws/src/cv_basics': PYTHONPATH=/home/ubuntu/Desktop/Capstone-Autonomous-Driving/build/cv_basics/prefix_override:/home/ubuntu/Desktop/Capstone-Autonomous-Driving/install/cv_basics/lib/python3.10/site-packages:${PYTHONPATH} /usr/bin/python3 setup.py egg_info --egg-base ../../../build/cv_basics build --build-base /home/ubuntu/Desktop/Capstone-Autonomous-Driving/build/cv_basics/build install --record /home/ubuntu/Desktop/Capstone-Autonomous-Driving/build/cv_basics/install.log --install-scripts $base/lib/cv_basics --single-version-externally-managed
[26.378s] DEBUG:colcon.colcon_core.event_handler.log_command:Invoking command in '/home/ubuntu/Desktop/Capstone-Autonomous-Driving/ros2_ws/src/OAK_D_Pro': PYTHONPATH=/home/ubuntu/Desktop/Capstone-Autonomous-Driving/build/OAK_D_Pro/prefix_override:/home/ubuntu/Desktop/Capstone-Autonomous-Driving/install/OAK_D_Pro/lib/python3.10/site-packages:${PYTHONPATH} /usr/bin/python3 setup.py egg_info --egg-base ../../../build/OAK_D_Pro build --build-base /home/ubuntu/Desktop/Capstone-Autonomous-Driving/build/OAK_D_Pro/build install --record /home/ubuntu/Desktop/Capstone-Autonomous-Driving/build/OAK_D_Pro/install.log --single-version-externally-managed
[26.418s] DEBUG:colcon.colcon_core.event_handler.log_command:Invoking command in '/home/ubuntu/Desktop/Capstone-Autonomous-Driving/ESPCam-Python-ROS_ws/src/ESPCam-ROS2': PYTHONPATH=/home/ubuntu/Desktop/Capstone-Autonomous-Driving/build/ESPCam-ROS2/prefix_override:/home/ubuntu/Desktop/Capstone-Autonomous-Driving/install/ESPCam-ROS2/lib/python3.10/site-packages:${PYTHONPATH} /usr/bin/python3 setup.py egg_info --egg-base ../../../build/ESPCam-ROS2 build --build-base /home/ubuntu/Desktop/Capstone-Autonomous-Driving/build/ESPCam-ROS2/build install --record /home/ubuntu/Desktop/Capstone-Autonomous-Driving/build/ESPCam-ROS2/install.log --install-scripts $base/lib/ESPCam-ROS2 --single-version-externally-managed
[31.259s] DEBUG:colcon.colcon_core.event_handler.log_command:Invoked command in '/home/ubuntu/Desktop/Capstone-Autonomous-Driving/ESPCam-Python-ROS_ws/src/ESPCam-ROS2' returned '0': PYTHONPATH=/home/ubuntu/Desktop/Capstone-Autonomous-Driving/build/ESPCam-ROS2/prefix_override:/home/ubuntu/Desktop/Capstone-Autonomous-Driving/install/ESPCam-ROS2/lib/python3.10/site-packages:${PYTHONPATH} /usr/bin/python3 setup.py egg_info --egg-base ../../../build/ESPCam-ROS2 build --build-base /home/ubuntu/Desktop/Capstone-Autonomous-Driving/build/ESPCam-ROS2/build install --record /home/ubuntu/Desktop/Capstone-Autonomous-Driving/build/ESPCam-ROS2/install.log --install-scripts $base/lib/ESPCam-ROS2 --single-version-externally-managed
[31.836s] Level 1:colcon.colcon_core.environment:checking '/home/ubuntu/Desktop/Capstone-Autonomous-Driving/install/ESPCam-ROS2' for CMake module files
[31.841s] Level 1:colcon.colcon_core.environment:checking '/home/ubuntu/Desktop/Capstone-Autonomous-Driving/install/ESPCam-ROS2' for CMake config files
[31.852s] Level 1:colcon.colcon_core.environment:checking '/home/ubuntu/Desktop/Capstone-Autonomous-Driving/install/ESPCam-ROS2/lib'
[31.855s] Level 1:colcon.colcon_core.environment:checking '/home/ubuntu/Desktop/Capstone-Autonomous-Driving/install/ESPCam-ROS2/bin'
[31.856s] Level 1:colcon.colcon_core.environment:checking '/home/ubuntu/Desktop/Capstone-Autonomous-Driving/install/ESPCam-ROS2/lib/pkgconfig/ESPCam-ROS2.pc'
[31.858s] Level 1:colcon.colcon_core.environment:checking '/home/ubuntu/Desktop/Capstone-Autonomous-Driving/install/ESPCam-ROS2/lib/python3.10/site-packages'
[31.859s] Level 1:colcon.colcon_core.shell:create_environment_hook('ESPCam-ROS2', 'pythonpath')
[32.226s] INFO:colcon.colcon_core.shell:Creating environment hook '/home/ubuntu/Desktop/Capstone-Autonomous-Driving/install/ESPCam-ROS2/share/ESPCam-ROS2/hook/pythonpath.ps1'
[32.230s] INFO:colcon.colcon_core.shell:Creating environment descriptor '/home/ubuntu/Desktop/Capstone-Autonomous-Driving/install/ESPCam-ROS2/share/ESPCam-ROS2/hook/pythonpath.dsv'
[32.233s] INFO:colcon.colcon_core.shell:Creating environment hook '/home/ubuntu/Desktop/Capstone-Autonomous-Driving/install/ESPCam-ROS2/share/ESPCam-ROS2/hook/pythonpath.sh'
[32.237s] Level 1:colcon.colcon_core.environment:checking '/home/ubuntu/Desktop/Capstone-Autonomous-Driving/install/ESPCam-ROS2/bin'
[32.237s] Level 1:colcon.colcon_core.environment:create_environment_scripts_only(ESPCam-ROS2)
[32.564s] INFO:colcon.colcon_core.shell:Creating package script '/home/ubuntu/Desktop/Capstone-Autonomous-Driving/install/ESPCam-ROS2/share/ESPCam-ROS2/package.ps1'
[32.578s] INFO:colcon.colcon_core.shell:Creating package descriptor '/home/ubuntu/Desktop/Capstone-Autonomous-Driving/install/ESPCam-ROS2/share/ESPCam-ROS2/package.dsv'
[32.584s] INFO:colcon.colcon_core.shell:Creating package script '/home/ubuntu/Desktop/Capstone-Autonomous-Driving/install/ESPCam-ROS2/share/ESPCam-ROS2/package.sh'
[32.588s] INFO:colcon.colcon_core.shell:Creating package script '/home/ubuntu/Desktop/Capstone-Autonomous-Driving/install/ESPCam-ROS2/share/ESPCam-ROS2/package.bash'
[32.596s] INFO:colcon.colcon_core.shell:Creating package script '/home/ubuntu/Desktop/Capstone-Autonomous-Driving/install/ESPCam-ROS2/share/ESPCam-ROS2/package.zsh'
[32.606s] Level 1:colcon.colcon_core.environment:create_file_with_runtime_dependencies(/home/ubuntu/Desktop/Capstone-Autonomous-Driving/install/ESPCam-ROS2/share/colcon-core/packages/ESPCam-ROS2)
[32.626s] DEBUG:colcon.colcon_core.event_handler.log_command:Invoked command in '/home/ubuntu/Desktop/Capstone-Autonomous-Driving/ros2_ws/src/OAK_D_Pro' returned '0': PYTHONPATH=/home/ubuntu/Desktop/Capstone-Autonomous-Driving/build/OAK_D_Pro/prefix_override:/home/ubuntu/Desktop/Capstone-Autonomous-Driving/install/OAK_D_Pro/lib/python3.10/site-packages:${PYTHONPATH} /usr/bin/python3 setup.py egg_info --egg-base ../../../build/OAK_D_Pro build --build-base /home/ubuntu/Desktop/Capstone-Autonomous-Driving/build/OAK_D_Pro/build install --record /home/ubuntu/Desktop/Capstone-Autonomous-Driving/build/OAK_D_Pro/install.log --single-version-externally-managed
[32.897s] Level 1:colcon.colcon_core.environment:checking '/home/ubuntu/Desktop/Capstone-Autonomous-Driving/install/OAK_D_Pro' for CMake module files
[32.900s] Level 1:colcon.colcon_core.environment:checking '/home/ubuntu/Desktop/Capstone-Autonomous-Driving/install/OAK_D_Pro' for CMake config files
[32.905s] Level 1:colcon.colcon_core.environment:checking '/home/ubuntu/Desktop/Capstone-Autonomous-Driving/install/OAK_D_Pro/lib'
[32.906s] Level 1:colcon.colcon_core.environment:checking '/home/ubuntu/Desktop/Capstone-Autonomous-Driving/install/OAK_D_Pro/bin'
[32.907s] Level 1:colcon.colcon_core.environment:checking '/home/ubuntu/Desktop/Capstone-Autonomous-Driving/install/OAK_D_Pro/lib/pkgconfig/OAK_D_Pro.pc'
[32.908s] Level 1:colcon.colcon_core.environment:checking '/home/ubuntu/Desktop/Capstone-Autonomous-Driving/install/OAK_D_Pro/lib/python3.10/site-packages'
[32.909s] Level 1:colcon.colcon_core.shell:create_environment_hook('OAK_D_Pro', 'pythonpath')
[33.259s] INFO:colcon.colcon_core.shell:Creating environment hook '/home/ubuntu/Desktop/Capstone-Autonomous-Driving/install/OAK_D_Pro/share/OAK_D_Pro/hook/pythonpath.ps1'
[33.264s] INFO:colcon.colcon_core.shell:Creating environment descriptor '/home/ubuntu/Desktop/Capstone-Autonomous-Driving/install/OAK_D_Pro/share/OAK_D_Pro/hook/pythonpath.dsv'
[33.270s] INFO:colcon.colcon_core.shell:Creating environment hook '/home/ubuntu/Desktop/Capstone-Autonomous-Driving/install/OAK_D_Pro/share/OAK_D_Pro/hook/pythonpath.sh'
[33.276s] Level 1:colcon.colcon_core.environment:checking '/home/ubuntu/Desktop/Capstone-Autonomous-Driving/install/OAK_D_Pro/bin'
[33.277s] Level 1:colcon.colcon_core.environment:create_environment_scripts_only(OAK_D_Pro)
[33.628s] INFO:colcon.colcon_core.shell:Creating package script '/home/ubuntu/Desktop/Capstone-Autonomous-Driving/install/OAK_D_Pro/share/OAK_D_Pro/package.ps1'
[33.634s] INFO:colcon.colcon_core.shell:Creating package descriptor '/home/ubuntu/Desktop/Capstone-Autonomous-Driving/install/OAK_D_Pro/share/OAK_D_Pro/package.dsv'
[33.638s] INFO:colcon.colcon_core.shell:Creating package script '/home/ubuntu/Desktop/Capstone-Autonomous-Driving/install/OAK_D_Pro/share/OAK_D_Pro/package.sh'
[33.642s] INFO:colcon.colcon_core.shell:Creating package script '/home/ubuntu/Desktop/Capstone-Autonomous-Driving/install/OAK_D_Pro/share/OAK_D_Pro/package.bash'
[33.646s] INFO:colcon.colcon_core.shell:Creating package script '/home/ubuntu/Desktop/Capstone-Autonomous-Driving/install/OAK_D_Pro/share/OAK_D_Pro/package.zsh'
[33.649s] Level 1:colcon.colcon_core.environment:create_file_with_runtime_dependencies(/home/ubuntu/Desktop/Capstone-Autonomous-Driving/install/OAK_D_Pro/share/colcon-core/packages/OAK_D_Pro)
[33.664s] DEBUG:colcon.colcon_core.event_handler.log_command:Invoked command in '/home/ubuntu/Desktop/Capstone-Autonomous-Driving/ESPCam-Python-ROS_ws/src/cv_basics' returned '0': PYTHONPATH=/home/ubuntu/Desktop/Capstone-Autonomous-Driving/build/cv_basics/prefix_override:/home/ubuntu/Desktop/Capstone-Autonomous-Driving/install/cv_basics/lib/python3.10/site-packages:${PYTHONPATH} /usr/bin/python3 setup.py egg_info --egg-base ../../../build/cv_basics build --build-base /home/ubuntu/Desktop/Capstone-Autonomous-Driving/build/cv_basics/build install --record /home/ubuntu/Desktop/Capstone-Autonomous-Driving/build/cv_basics/install.log --install-scripts $base/lib/cv_basics --single-version-externally-managed
[33.994s] Level 1:colcon.colcon_core.environment:checking '/home/ubuntu/Desktop/Capstone-Autonomous-Driving/install/cv_basics' for CMake module files
[33.997s] Level 1:colcon.colcon_core.environment:checking '/home/ubuntu/Desktop/Capstone-Autonomous-Driving/install/cv_basics' for CMake config files
[34.003s] Level 1:colcon.colcon_core.environment:checking '/home/ubuntu/Desktop/Capstone-Autonomous-Driving/install/cv_basics/lib'
[34.005s] Level 1:colcon.colcon_core.environment:checking '/home/ubuntu/Desktop/Capstone-Autonomous-Driving/install/cv_basics/bin'
[34.006s] Level 1:colcon.colcon_core.environment:checking '/home/ubuntu/Desktop/Capstone-Autonomous-Driving/install/cv_basics/lib/pkgconfig/cv_basics.pc'
[34.009s] Level 1:colcon.colcon_core.environment:checking '/home/ubuntu/Desktop/Capstone-Autonomous-Driving/install/cv_basics/lib/python3.10/site-packages'
[34.010s] Level 1:colcon.colcon_core.shell:create_environment_hook('cv_basics', 'pythonpath')
[34.365s] INFO:colcon.colcon_core.shell:Creating environment hook '/home/ubuntu/Desktop/Capstone-Autonomous-Driving/install/cv_basics/share/cv_basics/hook/pythonpath.ps1'
[34.369s] INFO:colcon.colcon_core.shell:Creating environment descriptor '/home/ubuntu/Desktop/Capstone-Autonomous-Driving/install/cv_basics/share/cv_basics/hook/pythonpath.dsv'
[34.372s] INFO:colcon.colcon_core.shell:Creating environment hook '/home/ubuntu/Desktop/Capstone-Autonomous-Driving/install/cv_basics/share/cv_basics/hook/pythonpath.sh'
[34.376s] Level 1:colcon.colcon_core.environment:checking '/home/ubuntu/Desktop/Capstone-Autonomous-Driving/install/cv_basics/bin'
[34.376s] Level 1:colcon.colcon_core.environment:create_environment_scripts_only(cv_basics)
[34.708s] INFO:colcon.colcon_core.shell:Creating package script '/home/ubuntu/Desktop/Capstone-Autonomous-Driving/install/cv_basics/share/cv_basics/package.ps1'
[34.715s] INFO:colcon.colcon_core.shell:Creating package descriptor '/home/ubuntu/Desktop/Capstone-Autonomous-Driving/install/cv_basics/share/cv_basics/package.dsv'
[34.720s] INFO:colcon.colcon_core.shell:Creating package script '/home/ubuntu/Desktop/Capstone-Autonomous-Driving/install/cv_basics/share/cv_basics/package.sh'
[34.723s] INFO:colcon.colcon_core.shell:Creating package script '/home/ubuntu/Desktop/Capstone-Autonomous-Driving/install/cv_basics/share/cv_basics/package.bash'
[34.729s] INFO:colcon.colcon_core.shell:Creating package script '/home/ubuntu/Desktop/Capstone-Autonomous-Driving/install/cv_basics/share/cv_basics/package.zsh'
[34.734s] Level 1:colcon.colcon_core.environment:create_file_with_runtime_dependencies(/home/ubuntu/Desktop/Capstone-Autonomous-Driving/install/cv_basics/share/colcon-core/packages/cv_basics)
[34.739s] DEBUG:colcon.colcon_parallel_executor.executor.parallel:closing loop
[34.741s] DEBUG:colcon.colcon_parallel_executor.executor.parallel:loop closed
[34.742s] DEBUG:colcon.colcon_parallel_executor.executor.parallel:run_until_complete finished with '0'
[34.743s] DEBUG:colcon.colcon_core.event_reactor:joining thread
[35.167s] INFO:colcon.colcon_core.plugin_system:Skipping extension 'colcon_notification.desktop_notification.terminal_notifier': Not used on non-Darwin systems
[35.169s] INFO:colcon.colcon_core.plugin_system:Skipping extension 'colcon_notification.desktop_notification.win32': Not used on non-Windows systems
[35.169s] INFO:colcon.colcon_notification.desktop_notification:Sending desktop notification using 'notify2'
[35.353s] DEBUG:colcon.colcon_core.event_reactor:joined thread
[35.595s] INFO:colcon.colcon_core.shell:Creating prefix script '/home/ubuntu/Desktop/Capstone-Autonomous-Driving/install/local_setup.ps1'
[35.606s] INFO:colcon.colcon_core.shell:Creating prefix util module '/home/ubuntu/Desktop/Capstone-Autonomous-Driving/install/_local_setup_util_ps1.py'
[35.616s] INFO:colcon.colcon_core.shell:Creating prefix chain script '/home/ubuntu/Desktop/Capstone-Autonomous-Driving/install/setup.ps1'
[35.914s] INFO:colcon.colcon_core.shell:Creating prefix script '/home/ubuntu/Desktop/Capstone-Autonomous-Driving/install/local_setup.sh'
[35.918s] INFO:colcon.colcon_core.shell:Creating prefix util module '/home/ubuntu/Desktop/Capstone-Autonomous-Driving/install/_local_setup_util_sh.py'
[35.920s] INFO:colcon.colcon_core.shell:Creating prefix chain script '/home/ubuntu/Desktop/Capstone-Autonomous-Driving/install/setup.sh'
[36.146s] INFO:colcon.colcon_core.shell:Creating prefix script '/home/ubuntu/Desktop/Capstone-Autonomous-Driving/install/local_setup.bash'
[36.154s] INFO:colcon.colcon_core.shell:Creating prefix chain script '/home/ubuntu/Desktop/Capstone-Autonomous-Driving/install/setup.bash'
[36.454s] INFO:colcon.colcon_core.shell:Creating prefix script '/home/ubuntu/Desktop/Capstone-Autonomous-Driving/install/local_setup.zsh'
[36.458s] INFO:colcon.colcon_core.shell:Creating prefix chain script '/home/ubuntu/Desktop/Capstone-Autonomous-Driving/install/setup.zsh'
