[6.760s] Invoking command in '/home/ubuntu/Desktop/Capstone-Autonomous-Driving/ros2_ws/src/OAK_D_Pro': PYTHONPATH=/home/ubuntu/Desktop/Capstone-Autonomous-Driving/ros2_ws/build/OAK_D_Pro/prefix_override:/home/ubuntu/Desktop/Capstone-Autonomous-Driving/ros2_ws/install/OAK_D_Pro/lib/python3.10/site-packages:${PYTHONPATH} /usr/bin/python3 setup.py egg_info --egg-base ../../build/OAK_D_Pro build --build-base /home/ubuntu/Desktop/Capstone-Autonomous-Driving/ros2_ws/build/OAK_D_Pro/build install --record /home/ubuntu/Desktop/Capstone-Autonomous-Driving/ros2_ws/build/OAK_D_Pro/install.log --single-version-externally-managed
[8.672s] running egg_info
[8.675s] writing ../../build/OAK_D_Pro/OAK_D_Pro.egg-info/PKG-INFO
[8.676s] writing dependency_links to ../../build/OAK_D_Pro/OAK_D_Pro.egg-info/dependency_links.txt
[8.677s] writing entry points to ../../build/OAK_D_Pro/OAK_D_Pro.egg-info/entry_points.txt
[8.678s] writing requirements to ../../build/OAK_D_Pro/OAK_D_Pro.egg-info/requires.txt
[8.678s] writing top-level names to ../../build/OAK_D_Pro/OAK_D_Pro.egg-info/top_level.txt
[8.687s] reading manifest file '../../build/OAK_D_Pro/OAK_D_Pro.egg-info/SOURCES.txt'
[8.691s] writing manifest file '../../build/OAK_D_Pro/OAK_D_Pro.egg-info/SOURCES.txt'
[8.692s] running build
[8.692s] running build_py
[8.693s] copying OAK_D_Pro/main.py -> /home/ubuntu/Desktop/Capstone-Autonomous-Driving/ros2_ws/build/OAK_D_Pro/build/lib/OAK_D_Pro
[8.694s] running install
[8.696s] running install_lib
[8.699s] copying /home/ubuntu/Desktop/Capstone-Autonomous-Driving/ros2_ws/build/OAK_D_Pro/build/lib/OAK_D_Pro/main.py -> /home/ubuntu/Desktop/Capstone-Autonomous-Driving/ros2_ws/install/OAK_D_Pro/lib/python3.10/site-packages/OAK_D_Pro
[8.703s] byte-compiling /home/ubuntu/Desktop/Capstone-Autonomous-Driving/ros2_ws/install/OAK_D_Pro/lib/python3.10/site-packages/OAK_D_Pro/main.py to main.cpython-310.pyc
[8.708s] running install_data
[8.712s] running install_egg_info
[8.723s] removing '/home/ubuntu/Desktop/Capstone-Autonomous-Driving/ros2_ws/install/OAK_D_Pro/lib/python3.10/site-packages/OAK_D_Pro-0.0.0-py3.10.egg-info' (and everything under it)
[8.726s] Copying ../../build/OAK_D_Pro/OAK_D_Pro.egg-info to /home/ubuntu/Desktop/Capstone-Autonomous-Driving/ros2_ws/install/OAK_D_Pro/lib/python3.10/site-packages/OAK_D_Pro-0.0.0-py3.10.egg-info
[8.743s] running install_scripts
[8.853s] Installing OAK_D_Pro script to /home/ubuntu/Desktop/Capstone-Autonomous-Driving/ros2_ws/install/OAK_D_Pro/lib/OAK_D_Pro
[8.856s] writing list of installed files to '/home/ubuntu/Desktop/Capstone-Autonomous-Driving/ros2_ws/build/OAK_D_Pro/install.log'
[9.045s] Invoked command in '/home/ubuntu/Desktop/Capstone-Autonomous-Driving/ros2_ws/src/OAK_D_Pro' returned '0': PYTHONPATH=/home/ubuntu/Desktop/Capstone-Autonomous-Driving/ros2_ws/build/OAK_D_Pro/prefix_override:/home/ubuntu/Desktop/Capstone-Autonomous-Driving/ros2_ws/install/OAK_D_Pro/lib/python3.10/site-packages:${PYTHONPATH} /usr/bin/python3 setup.py egg_info --egg-base ../../build/OAK_D_Pro build --build-base /home/ubuntu/Desktop/Capstone-Autonomous-Driving/ros2_ws/build/OAK_D_Pro/build install --record /home/ubuntu/Desktop/Capstone-Autonomous-Driving/ros2_ws/build/OAK_D_Pro/install.log --single-version-externally-managed
