[0.888s] DEBUG:colcon:Command line arguments: ['/usr/bin/colcon', 'build']
[0.888s] DEBUG:colcon:Parsed command line arguments: Namespace(log_base=None, log_level=None, verb_name='build', build_base='build', install_base='install', merge_install=False, symlink_install=False, test_result_base=None, continue_on_error=False, executor='parallel', parallel_workers=6, event_handlers=None, ignore_user_meta=False, metas=['./colcon.meta'], base_paths=['.'], packages_ignore=None, packages_ignore_regex=None, paths=None, packages_up_to=None, packages_up_to_regex=None, packages_above=None, packages_above_and_dependencies=None, packages_above_depth=None, packages_select_by_dep=None, packages_skip_by_dep=None, packages_skip_up_to=None, packages_select_build_failed=False, packages_skip_build_finished=False, packages_select_test_failures=False, packages_skip_test_passed=False, packages_select=None, packages_skip=None, packages_select_regex=None, packages_skip_regex=None, packages_start=None, packages_end=None, allow_overriding=[], cmake_args=None, cmake_target=None, cmake_target_skip_unavailable=False, cmake_clean_cache=False, cmake_clean_first=False, cmake_force_configure=False, ament_cmake_args=None, catkin_cmake_args=None, catkin_skip_building_tests=False, verb_parser=<colcon_defaults.argument_parser.defaults.DefaultArgumentsDecorator object at 0x7f44229bae30>, verb_extension=<colcon_core.verb.build.BuildVerb object at 0x7f44229ba710>, main=<bound method BuildVerb.main of <colcon_core.verb.build.BuildVerb object at 0x7f44229ba710>>)
[0.928s] Level 1:colcon.colcon_core.package_discovery:discover_packages(colcon_meta) check parameters
[0.929s] Level 1:colcon.colcon_core.package_discovery:discover_packages(recursive) check parameters
[0.929s] Level 1:colcon.colcon_core.package_discovery:discover_packages(ignore) check parameters
[0.929s] Level 1:colcon.colcon_core.package_discovery:discover_packages(path) check parameters
[0.929s] Level 1:colcon.colcon_core.package_discovery:discover_packages(colcon_meta) discover
[0.929s] Level 1:colcon.colcon_core.package_discovery:discover_packages(recursive) discover
[0.929s] INFO:colcon.colcon_core.package_discovery:Crawling recursively for packages in '/home/ubuntu/Desktop/Capstone-Autonomous-Driving/ros2_ws'
[0.929s] Level 1:colcon.colcon_core.package_identification:_identify(.) by extensions ['ignore', 'ignore_ament_install']
[0.929s] Level 1:colcon.colcon_core.package_identification:_identify(.) by extension 'ignore'
[0.929s] Level 1:colcon.colcon_core.package_identification:_identify(.) by extension 'ignore_ament_install'
[0.929s] Level 1:colcon.colcon_core.package_identification:_identify(.) by extensions ['colcon_pkg']
[0.929s] Level 1:colcon.colcon_core.package_identification:_identify(.) by extension 'colcon_pkg'
[0.929s] Level 1:colcon.colcon_core.package_identification:_identify(.) by extensions ['colcon_meta']
[0.929s] Level 1:colcon.colcon_core.package_identification:_identify(.) by extension 'colcon_meta'
[0.929s] Level 1:colcon.colcon_core.package_identification:_identify(.) by extensions ['ros']
[0.929s] Level 1:colcon.colcon_core.package_identification:_identify(.) by extension 'ros'
[0.939s] Level 1:colcon.colcon_core.package_identification:_identify(.) by extensions ['cmake', 'python']
[0.939s] Level 1:colcon.colcon_core.package_identification:_identify(.) by extension 'cmake'
[0.939s] Level 1:colcon.colcon_core.package_identification:_identify(.) by extension 'python'
[0.940s] Level 1:colcon.colcon_core.package_identification:_identify(.) by extensions ['python_setup_py']
[0.940s] Level 1:colcon.colcon_core.package_identification:_identify(.) by extension 'python_setup_py'
[0.940s] Level 1:colcon.colcon_core.package_identification:_identify(build) by extensions ['ignore', 'ignore_ament_install']
[0.940s] Level 1:colcon.colcon_core.package_identification:_identify(build) by extension 'ignore'
[0.940s] Level 1:colcon.colcon_core.package_identification:_identify(build) ignored
[0.940s] Level 1:colcon.colcon_core.package_identification:_identify(install) by extensions ['ignore', 'ignore_ament_install']
[0.940s] Level 1:colcon.colcon_core.package_identification:_identify(install) by extension 'ignore'
[0.940s] Level 1:colcon.colcon_core.package_identification:_identify(install) ignored
[0.940s] Level 1:colcon.colcon_core.package_identification:_identify(log) by extensions ['ignore', 'ignore_ament_install']
[0.941s] Level 1:colcon.colcon_core.package_identification:_identify(log) by extension 'ignore'
[0.941s] Level 1:colcon.colcon_core.package_identification:_identify(log) ignored
[0.941s] Level 1:colcon.colcon_core.package_identification:_identify(src) by extensions ['ignore', 'ignore_ament_install']
[0.941s] Level 1:colcon.colcon_core.package_identification:_identify(src) by extension 'ignore'
[0.941s] Level 1:colcon.colcon_core.package_identification:_identify(src) by extension 'ignore_ament_install'
[0.941s] Level 1:colcon.colcon_core.package_identification:_identify(src) by extensions ['colcon_pkg']
[0.941s] Level 1:colcon.colcon_core.package_identification:_identify(src) by extension 'colcon_pkg'
[0.941s] Level 1:colcon.colcon_core.package_identification:_identify(src) by extensions ['colcon_meta']
[0.941s] Level 1:colcon.colcon_core.package_identification:_identify(src) by extension 'colcon_meta'
[0.941s] Level 1:colcon.colcon_core.package_identification:_identify(src) by extensions ['ros']
[0.941s] Level 1:colcon.colcon_core.package_identification:_identify(src) by extension 'ros'
[0.941s] Level 1:colcon.colcon_core.package_identification:_identify(src) by extensions ['cmake', 'python']
[0.941s] Level 1:colcon.colcon_core.package_identification:_identify(src) by extension 'cmake'
[0.941s] Level 1:colcon.colcon_core.package_identification:_identify(src) by extension 'python'
[0.941s] Level 1:colcon.colcon_core.package_identification:_identify(src) by extensions ['python_setup_py']
[0.941s] Level 1:colcon.colcon_core.package_identification:_identify(src) by extension 'python_setup_py'
[0.941s] Level 1:colcon.colcon_core.package_identification:_identify(src/ESPCam-ROS2) by extensions ['ignore', 'ignore_ament_install']
[0.942s] Level 1:colcon.colcon_core.package_identification:_identify(src/ESPCam-ROS2) by extension 'ignore'
[0.942s] Level 1:colcon.colcon_core.package_identification:_identify(src/ESPCam-ROS2) by extension 'ignore_ament_install'
[0.942s] Level 1:colcon.colcon_core.package_identification:_identify(src/ESPCam-ROS2) by extensions ['colcon_pkg']
[0.942s] Level 1:colcon.colcon_core.package_identification:_identify(src/ESPCam-ROS2) by extension 'colcon_pkg'
[0.942s] Level 1:colcon.colcon_core.package_identification:_identify(src/ESPCam-ROS2) by extensions ['colcon_meta']
[0.942s] Level 1:colcon.colcon_core.package_identification:_identify(src/ESPCam-ROS2) by extension 'colcon_meta'
[0.942s] Level 1:colcon.colcon_core.package_identification:_identify(src/ESPCam-ROS2) by extensions ['ros']
[0.942s] Level 1:colcon.colcon_core.package_identification:_identify(src/ESPCam-ROS2) by extension 'ros'
[0.944s] DEBUG:colcon.colcon_core.package_identification:Package 'src/ESPCam-ROS2' with type 'ros.ament_python' and name 'ESPCam-ROS2'
[0.944s] Level 1:colcon.colcon_core.package_identification:_identify(src/OAK_D_Pro) by extensions ['ignore', 'ignore_ament_install']
[0.944s] Level 1:colcon.colcon_core.package_identification:_identify(src/OAK_D_Pro) by extension 'ignore'
[0.945s] Level 1:colcon.colcon_core.package_identification:_identify(src/OAK_D_Pro) by extension 'ignore_ament_install'
[0.945s] Level 1:colcon.colcon_core.package_identification:_identify(src/OAK_D_Pro) by extensions ['colcon_pkg']
[0.945s] Level 1:colcon.colcon_core.package_identification:_identify(src/OAK_D_Pro) by extension 'colcon_pkg'
[0.945s] Level 1:colcon.colcon_core.package_identification:_identify(src/OAK_D_Pro) by extensions ['colcon_meta']
[0.945s] Level 1:colcon.colcon_core.package_identification:_identify(src/OAK_D_Pro) by extension 'colcon_meta'
[0.945s] Level 1:colcon.colcon_core.package_identification:_identify(src/OAK_D_Pro) by extensions ['ros']
[0.945s] Level 1:colcon.colcon_core.package_identification:_identify(src/OAK_D_Pro) by extension 'ros'
[0.946s] DEBUG:colcon.colcon_core.package_identification:Package 'src/OAK_D_Pro' with type 'ros.ament_python' and name 'OAK_D_Pro'
[0.946s] Level 1:colcon.colcon_core.package_identification:_identify(src/robot_car_pkg) by extensions ['ignore', 'ignore_ament_install']
[0.946s] Level 1:colcon.colcon_core.package_identification:_identify(src/robot_car_pkg) by extension 'ignore'
[0.946s] Level 1:colcon.colcon_core.package_identification:_identify(src/robot_car_pkg) by extension 'ignore_ament_install'
[0.946s] Level 1:colcon.colcon_core.package_identification:_identify(src/robot_car_pkg) by extensions ['colcon_pkg']
[0.946s] Level 1:colcon.colcon_core.package_identification:_identify(src/robot_car_pkg) by extension 'colcon_pkg'
[0.946s] Level 1:colcon.colcon_core.package_identification:_identify(src/robot_car_pkg) by extensions ['colcon_meta']
[0.946s] Level 1:colcon.colcon_core.package_identification:_identify(src/robot_car_pkg) by extension 'colcon_meta'
[0.946s] Level 1:colcon.colcon_core.package_identification:_identify(src/robot_car_pkg) by extensions ['ros']
[0.946s] Level 1:colcon.colcon_core.package_identification:_identify(src/robot_car_pkg) by extension 'ros'
[0.947s] DEBUG:colcon.colcon_core.package_identification:Package 'src/robot_car_pkg' with type 'ros.ament_cmake' and name 'robot_car_pkg'
[0.947s] Level 1:colcon.colcon_core.package_discovery:discover_packages(recursive) using defaults
[0.947s] Level 1:colcon.colcon_core.package_discovery:discover_packages(ignore) discover
[0.947s] Level 1:colcon.colcon_core.package_discovery:discover_packages(ignore) using defaults
[0.947s] Level 1:colcon.colcon_core.package_discovery:discover_packages(path) discover
[0.947s] Level 1:colcon.colcon_core.package_discovery:discover_packages(path) using defaults
[1.036s] Level 1:colcon.colcon_core.package_discovery:discover_packages(prefix_path) check parameters
[1.037s] Level 1:colcon.colcon_core.package_discovery:discover_packages(prefix_path) discover
[1.064s] DEBUG:colcon.colcon_installed_package_information.package_discovery:Found 4 installed packages in /home/ubuntu/ros2_ws/install
[1.077s] DEBUG:colcon.colcon_installed_package_information.package_discovery:Found 280 installed packages in /opt/ros/humble
[1.078s] Level 1:colcon.colcon_core.package_discovery:discover_packages(prefix_path) using defaults
[1.162s] Level 5:colcon.colcon_core.verb:set package 'ESPCam-ROS2' build argument 'cmake_args' from command line to 'None'
[1.162s] Level 5:colcon.colcon_core.verb:set package 'ESPCam-ROS2' build argument 'cmake_target' from command line to 'None'
[1.162s] Level 5:colcon.colcon_core.verb:set package 'ESPCam-ROS2' build argument 'cmake_target_skip_unavailable' from command line to 'False'
[1.162s] Level 5:colcon.colcon_core.verb:set package 'ESPCam-ROS2' build argument 'cmake_clean_cache' from command line to 'False'
[1.162s] Level 5:colcon.colcon_core.verb:set package 'ESPCam-ROS2' build argument 'cmake_clean_first' from command line to 'False'
[1.162s] Level 5:colcon.colcon_core.verb:set package 'ESPCam-ROS2' build argument 'cmake_force_configure' from command line to 'False'
[1.162s] Level 5:colcon.colcon_core.verb:set package 'ESPCam-ROS2' build argument 'ament_cmake_args' from command line to 'None'
[1.162s] Level 5:colcon.colcon_core.verb:set package 'ESPCam-ROS2' build argument 'catkin_cmake_args' from command line to 'None'
[1.162s] Level 5:colcon.colcon_core.verb:set package 'ESPCam-ROS2' build argument 'catkin_skip_building_tests' from command line to 'False'
[1.162s] DEBUG:colcon.colcon_core.verb:Building package 'ESPCam-ROS2' with the following arguments: {'ament_cmake_args': None, 'build_base': '/home/ubuntu/Desktop/Capstone-Autonomous-Driving/ros2_ws/build/ESPCam-ROS2', 'catkin_cmake_args': None, 'catkin_skip_building_tests': False, 'cmake_args': None, 'cmake_clean_cache': False, 'cmake_clean_first': False, 'cmake_force_configure': False, 'cmake_target': None, 'cmake_target_skip_unavailable': False, 'install_base': '/home/ubuntu/Desktop/Capstone-Autonomous-Driving/ros2_ws/install/ESPCam-ROS2', 'merge_install': False, 'path': '/home/ubuntu/Desktop/Capstone-Autonomous-Driving/ros2_ws/src/ESPCam-ROS2', 'symlink_install': False, 'test_result_base': None}
[1.175s] Level 5:colcon.colcon_core.verb:set package 'OAK_D_Pro' build argument 'cmake_args' from command line to 'None'
[1.176s] Level 5:colcon.colcon_core.verb:set package 'OAK_D_Pro' build argument 'cmake_target' from command line to 'None'
[1.176s] Level 5:colcon.colcon_core.verb:set package 'OAK_D_Pro' build argument 'cmake_target_skip_unavailable' from command line to 'False'
[1.176s] Level 5:colcon.colcon_core.verb:set package 'OAK_D_Pro' build argument 'cmake_clean_cache' from command line to 'False'
[1.176s] Level 5:colcon.colcon_core.verb:set package 'OAK_D_Pro' build argument 'cmake_clean_first' from command line to 'False'
[1.176s] Level 5:colcon.colcon_core.verb:set package 'OAK_D_Pro' build argument 'cmake_force_configure' from command line to 'False'
[1.180s] Level 5:colcon.colcon_core.verb:set package 'OAK_D_Pro' build argument 'ament_cmake_args' from command line to 'None'
[1.180s] Level 5:colcon.colcon_core.verb:set package 'OAK_D_Pro' build argument 'catkin_cmake_args' from command line to 'None'
[1.180s] Level 5:colcon.colcon_core.verb:set package 'OAK_D_Pro' build argument 'catkin_skip_building_tests' from command line to 'False'
[1.180s] DEBUG:colcon.colcon_core.verb:Building package 'OAK_D_Pro' with the following arguments: {'ament_cmake_args': None, 'build_base': '/home/ubuntu/Desktop/Capstone-Autonomous-Driving/ros2_ws/build/OAK_D_Pro', 'catkin_cmake_args': None, 'catkin_skip_building_tests': False, 'cmake_args': None, 'cmake_clean_cache': False, 'cmake_clean_first': False, 'cmake_force_configure': False, 'cmake_target': None, 'cmake_target_skip_unavailable': False, 'install_base': '/home/ubuntu/Desktop/Capstone-Autonomous-Driving/ros2_ws/install/OAK_D_Pro', 'merge_install': False, 'path': '/home/ubuntu/Desktop/Capstone-Autonomous-Driving/ros2_ws/src/OAK_D_Pro', 'symlink_install': False, 'test_result_base': None}
[1.193s] Level 5:colcon.colcon_core.verb:set package 'robot_car_pkg' build argument 'cmake_args' from command line to 'None'
[1.194s] Level 5:colcon.colcon_core.verb:set package 'robot_car_pkg' build argument 'cmake_target' from command line to 'None'
[1.194s] Level 5:colcon.colcon_core.verb:set package 'robot_car_pkg' build argument 'cmake_target_skip_unavailable' from command line to 'False'
[1.194s] Level 5:colcon.colcon_core.verb:set package 'robot_car_pkg' build argument 'cmake_clean_cache' from command line to 'False'
[1.194s] Level 5:colcon.colcon_core.verb:set package 'robot_car_pkg' build argument 'cmake_clean_first' from command line to 'False'
[1.194s] Level 5:colcon.colcon_core.verb:set package 'robot_car_pkg' build argument 'cmake_force_configure' from command line to 'False'
[1.194s] Level 5:colcon.colcon_core.verb:set package 'robot_car_pkg' build argument 'ament_cmake_args' from command line to 'None'
[1.194s] Level 5:colcon.colcon_core.verb:set package 'robot_car_pkg' build argument 'catkin_cmake_args' from command line to 'None'
[1.194s] Level 5:colcon.colcon_core.verb:set package 'robot_car_pkg' build argument 'catkin_skip_building_tests' from command line to 'False'
[1.194s] DEBUG:colcon.colcon_core.verb:Building package 'robot_car_pkg' with the following arguments: {'ament_cmake_args': None, 'build_base': '/home/ubuntu/Desktop/Capstone-Autonomous-Driving/ros2_ws/build/robot_car_pkg', 'catkin_cmake_args': None, 'catkin_skip_building_tests': False, 'cmake_args': None, 'cmake_clean_cache': False, 'cmake_clean_first': False, 'cmake_force_configure': False, 'cmake_target': None, 'cmake_target_skip_unavailable': False, 'install_base': '/home/ubuntu/Desktop/Capstone-Autonomous-Driving/ros2_ws/install/robot_car_pkg', 'merge_install': False, 'path': '/home/ubuntu/Desktop/Capstone-Autonomous-Driving/ros2_ws/src/robot_car_pkg', 'symlink_install': False, 'test_result_base': None}
[1.206s] INFO:colcon.colcon_core.executor:Executing jobs using 'parallel' executor
[1.220s] DEBUG:colcon.colcon_parallel_executor.executor.parallel:run_until_complete
[1.221s] INFO:colcon.colcon_ros.task.ament_python.build:Building ROS package in '/home/ubuntu/Desktop/Capstone-Autonomous-Driving/ros2_ws/src/ESPCam-ROS2' with build type 'ament_python'
[1.221s] Level 1:colcon.colcon_core.shell:create_environment_hook('ESPCam-ROS2', 'ament_prefix_path')
[1.239s] INFO:colcon.colcon_core.plugin_system:Skipping extension 'colcon_core.shell.bat': Not used on non-Windows systems
[1.239s] INFO:colcon.colcon_core.shell:Creating environment hook '/home/ubuntu/Desktop/Capstone-Autonomous-Driving/ros2_ws/install/ESPCam-ROS2/share/ESPCam-ROS2/hook/ament_prefix_path.ps1'
[1.240s] INFO:colcon.colcon_core.shell:Creating environment descriptor '/home/ubuntu/Desktop/Capstone-Autonomous-Driving/ros2_ws/install/ESPCam-ROS2/share/ESPCam-ROS2/hook/ament_prefix_path.dsv'
[1.241s] INFO:colcon.colcon_core.shell:Creating environment hook '/home/ubuntu/Desktop/Capstone-Autonomous-Driving/ros2_ws/install/ESPCam-ROS2/share/ESPCam-ROS2/hook/ament_prefix_path.sh'
[1.254s] INFO:colcon.colcon_core.shell:Skip shell extension 'powershell' for command environment: Not usable outside of PowerShell
[1.259s] DEBUG:colcon.colcon_core.shell:Skip shell extension 'dsv' for command environment
[1.305s] INFO:colcon.colcon_ros.task.ament_python.build:Building ROS package in '/home/ubuntu/Desktop/Capstone-Autonomous-Driving/ros2_ws/src/OAK_D_Pro' with build type 'ament_python'
[1.306s] Level 1:colcon.colcon_core.shell:create_environment_hook('OAK_D_Pro', 'ament_prefix_path')
[1.319s] INFO:colcon.colcon_core.shell:Creating environment hook '/home/ubuntu/Desktop/Capstone-Autonomous-Driving/ros2_ws/install/OAK_D_Pro/share/OAK_D_Pro/hook/ament_prefix_path.ps1'
[1.321s] INFO:colcon.colcon_core.shell:Creating environment descriptor '/home/ubuntu/Desktop/Capstone-Autonomous-Driving/ros2_ws/install/OAK_D_Pro/share/OAK_D_Pro/hook/ament_prefix_path.dsv'
[1.321s] INFO:colcon.colcon_core.shell:Creating environment hook '/home/ubuntu/Desktop/Capstone-Autonomous-Driving/ros2_ws/install/OAK_D_Pro/share/OAK_D_Pro/hook/ament_prefix_path.sh'
[1.334s] INFO:colcon.colcon_core.shell:Skip shell extension 'powershell' for command environment: Not usable outside of PowerShell
[1.335s] DEBUG:colcon.colcon_core.shell:Skip shell extension 'dsv' for command environment
[1.384s] INFO:colcon.colcon_ros.task.ament_cmake.build:Building ROS package in '/home/ubuntu/Desktop/Capstone-Autonomous-Driving/ros2_ws/src/robot_car_pkg' with build type 'ament_cmake'
[1.384s] INFO:colcon.colcon_cmake.task.cmake.build:Building CMake package in '/home/ubuntu/Desktop/Capstone-Autonomous-Driving/ros2_ws/src/robot_car_pkg'
[1.400s] INFO:colcon.colcon_core.shell:Skip shell extension 'powershell' for command environment: Not usable outside of PowerShell
[1.401s] DEBUG:colcon.colcon_core.shell:Skip shell extension 'dsv' for command environment
[1.758s] INFO:colcon.colcon_core.task.python.build:Building Python package in '/home/ubuntu/Desktop/Capstone-Autonomous-Driving/ros2_ws/src/ESPCam-ROS2'
[1.772s] INFO:colcon.colcon_core.shell:Skip shell extension 'powershell' for command environment: Not usable outside of PowerShell
[1.772s] DEBUG:colcon.colcon_core.shell:Skip shell extension 'dsv' for command environment
[2.065s] INFO:colcon.colcon_core.task.python.build:Building Python package in '/home/ubuntu/Desktop/Capstone-Autonomous-Driving/ros2_ws/src/OAK_D_Pro'
[2.079s] INFO:colcon.colcon_core.shell:Skip shell extension 'powershell' for command environment: Not usable outside of PowerShell
[2.081s] DEBUG:colcon.colcon_core.shell:Skip shell extension 'dsv' for command environment
[2.129s] DEBUG:colcon.colcon_core.event_handler.log_command:Invoking command in '/home/ubuntu/Desktop/Capstone-Autonomous-Driving/ros2_ws/build/robot_car_pkg': CMAKE_PREFIX_PATH=${CMAKE_PREFIX_PATH}:/home/ubuntu/ros2_ws/install/test_pkg:/home/ubuntu/ros2_ws/install/robot_pkg:/opt/ros/humble /usr/bin/cmake --build /home/ubuntu/Desktop/Capstone-Autonomous-Driving/ros2_ws/build/robot_car_pkg -- -j6 -l6
[2.204s] DEBUG:colcon.colcon_core.event_handler.log_command:Invoked command in '/home/ubuntu/Desktop/Capstone-Autonomous-Driving/ros2_ws/build/robot_car_pkg' returned '0': CMAKE_PREFIX_PATH=${CMAKE_PREFIX_PATH}:/home/ubuntu/ros2_ws/install/test_pkg:/home/ubuntu/ros2_ws/install/robot_pkg:/opt/ros/humble /usr/bin/cmake --build /home/ubuntu/Desktop/Capstone-Autonomous-Driving/ros2_ws/build/robot_car_pkg -- -j6 -l6
[2.264s] DEBUG:colcon.colcon_core.event_handler.log_command:Invoking command in '/home/ubuntu/Desktop/Capstone-Autonomous-Driving/ros2_ws/build/robot_car_pkg': CMAKE_PREFIX_PATH=${CMAKE_PREFIX_PATH}:/home/ubuntu/ros2_ws/install/test_pkg:/home/ubuntu/ros2_ws/install/robot_pkg:/opt/ros/humble /usr/bin/cmake --install /home/ubuntu/Desktop/Capstone-Autonomous-Driving/ros2_ws/build/robot_car_pkg
[2.297s] Level 1:colcon.colcon_core.environment:create_environment_scripts_only(robot_car_pkg)
[2.300s] DEBUG:colcon.colcon_core.event_handler.log_command:Invoked command in '/home/ubuntu/Desktop/Capstone-Autonomous-Driving/ros2_ws/build/robot_car_pkg' returned '0': CMAKE_PREFIX_PATH=${CMAKE_PREFIX_PATH}:/home/ubuntu/ros2_ws/install/test_pkg:/home/ubuntu/ros2_ws/install/robot_pkg:/opt/ros/humble /usr/bin/cmake --install /home/ubuntu/Desktop/Capstone-Autonomous-Driving/ros2_ws/build/robot_car_pkg
[2.326s] Level 1:colcon.colcon_core.environment:checking '/home/ubuntu/Desktop/Capstone-Autonomous-Driving/ros2_ws/install/robot_car_pkg' for CMake module files
[2.327s] Level 1:colcon.colcon_core.environment:checking '/home/ubuntu/Desktop/Capstone-Autonomous-Driving/ros2_ws/install/robot_car_pkg' for CMake config files
[2.328s] Level 1:colcon.colcon_core.shell:create_environment_hook('robot_car_pkg', 'cmake_prefix_path')
[2.342s] INFO:colcon.colcon_core.shell:Creating environment hook '/home/ubuntu/Desktop/Capstone-Autonomous-Driving/ros2_ws/install/robot_car_pkg/share/robot_car_pkg/hook/cmake_prefix_path.ps1'
[2.343s] INFO:colcon.colcon_core.shell:Creating environment descriptor '/home/ubuntu/Desktop/Capstone-Autonomous-Driving/ros2_ws/install/robot_car_pkg/share/robot_car_pkg/hook/cmake_prefix_path.dsv'
[2.343s] INFO:colcon.colcon_core.shell:Creating environment hook '/home/ubuntu/Desktop/Capstone-Autonomous-Driving/ros2_ws/install/robot_car_pkg/share/robot_car_pkg/hook/cmake_prefix_path.sh'
[2.345s] Level 1:colcon.colcon_core.environment:checking '/home/ubuntu/Desktop/Capstone-Autonomous-Driving/ros2_ws/install/robot_car_pkg/bin'
[2.345s] Level 1:colcon.colcon_core.environment:checking '/home/ubuntu/Desktop/Capstone-Autonomous-Driving/ros2_ws/install/robot_car_pkg/lib/pkgconfig/robot_car_pkg.pc'
[2.346s] Level 1:colcon.colcon_core.environment:checking '/home/ubuntu/Desktop/Capstone-Autonomous-Driving/ros2_ws/install/robot_car_pkg/lib/python3.10/site-packages'
[2.346s] Level 1:colcon.colcon_core.environment:checking '/home/ubuntu/Desktop/Capstone-Autonomous-Driving/ros2_ws/install/robot_car_pkg/bin'
[2.361s] INFO:colcon.colcon_core.shell:Creating package script '/home/ubuntu/Desktop/Capstone-Autonomous-Driving/ros2_ws/install/robot_car_pkg/share/robot_car_pkg/package.ps1'
[2.363s] INFO:colcon.colcon_core.shell:Creating package descriptor '/home/ubuntu/Desktop/Capstone-Autonomous-Driving/ros2_ws/install/robot_car_pkg/share/robot_car_pkg/package.dsv'
[2.364s] INFO:colcon.colcon_core.shell:Creating package script '/home/ubuntu/Desktop/Capstone-Autonomous-Driving/ros2_ws/install/robot_car_pkg/share/robot_car_pkg/package.sh'
[2.365s] INFO:colcon.colcon_core.shell:Creating package script '/home/ubuntu/Desktop/Capstone-Autonomous-Driving/ros2_ws/install/robot_car_pkg/share/robot_car_pkg/package.bash'
[2.366s] INFO:colcon.colcon_core.shell:Creating package script '/home/ubuntu/Desktop/Capstone-Autonomous-Driving/ros2_ws/install/robot_car_pkg/share/robot_car_pkg/package.zsh'
[2.367s] Level 1:colcon.colcon_core.environment:create_file_with_runtime_dependencies(/home/ubuntu/Desktop/Capstone-Autonomous-Driving/ros2_ws/install/robot_car_pkg/share/colcon-core/packages/robot_car_pkg)
[2.452s] Level 1:colcon.colcon_core.environment:create_environment_scripts_only(robot_car_pkg)
[2.467s] Level 1:colcon.colcon_core.environment:checking '/home/ubuntu/Desktop/Capstone-Autonomous-Driving/ros2_ws/install/robot_car_pkg' for CMake module files
[2.467s] Level 1:colcon.colcon_core.environment:checking '/home/ubuntu/Desktop/Capstone-Autonomous-Driving/ros2_ws/install/robot_car_pkg' for CMake config files
[2.468s] Level 1:colcon.colcon_core.shell:create_environment_hook('robot_car_pkg', 'cmake_prefix_path')
[2.483s] INFO:colcon.colcon_core.shell:Creating environment hook '/home/ubuntu/Desktop/Capstone-Autonomous-Driving/ros2_ws/install/robot_car_pkg/share/robot_car_pkg/hook/cmake_prefix_path.ps1'
[2.485s] INFO:colcon.colcon_core.shell:Creating environment descriptor '/home/ubuntu/Desktop/Capstone-Autonomous-Driving/ros2_ws/install/robot_car_pkg/share/robot_car_pkg/hook/cmake_prefix_path.dsv'
[2.486s] INFO:colcon.colcon_core.shell:Creating environment hook '/home/ubuntu/Desktop/Capstone-Autonomous-Driving/ros2_ws/install/robot_car_pkg/share/robot_car_pkg/hook/cmake_prefix_path.sh'
[2.487s] Level 1:colcon.colcon_core.environment:checking '/home/ubuntu/Desktop/Capstone-Autonomous-Driving/ros2_ws/install/robot_car_pkg/bin'
[2.487s] Level 1:colcon.colcon_core.environment:checking '/home/ubuntu/Desktop/Capstone-Autonomous-Driving/ros2_ws/install/robot_car_pkg/lib/pkgconfig/robot_car_pkg.pc'
[2.487s] Level 1:colcon.colcon_core.environment:checking '/home/ubuntu/Desktop/Capstone-Autonomous-Driving/ros2_ws/install/robot_car_pkg/lib/python3.10/site-packages'
[2.487s] Level 1:colcon.colcon_core.environment:checking '/home/ubuntu/Desktop/Capstone-Autonomous-Driving/ros2_ws/install/robot_car_pkg/bin'
[2.504s] INFO:colcon.colcon_core.shell:Creating package script '/home/ubuntu/Desktop/Capstone-Autonomous-Driving/ros2_ws/install/robot_car_pkg/share/robot_car_pkg/package.ps1'
[2.505s] INFO:colcon.colcon_core.shell:Creating package descriptor '/home/ubuntu/Desktop/Capstone-Autonomous-Driving/ros2_ws/install/robot_car_pkg/share/robot_car_pkg/package.dsv'
[2.506s] INFO:colcon.colcon_core.shell:Creating package script '/home/ubuntu/Desktop/Capstone-Autonomous-Driving/ros2_ws/install/robot_car_pkg/share/robot_car_pkg/package.sh'
[2.506s] INFO:colcon.colcon_core.shell:Creating package script '/home/ubuntu/Desktop/Capstone-Autonomous-Driving/ros2_ws/install/robot_car_pkg/share/robot_car_pkg/package.bash'
[2.507s] INFO:colcon.colcon_core.shell:Creating package script '/home/ubuntu/Desktop/Capstone-Autonomous-Driving/ros2_ws/install/robot_car_pkg/share/robot_car_pkg/package.zsh'
[2.508s] Level 1:colcon.colcon_core.environment:create_file_with_runtime_dependencies(/home/ubuntu/Desktop/Capstone-Autonomous-Driving/ros2_ws/install/robot_car_pkg/share/colcon-core/packages/robot_car_pkg)
[2.525s] DEBUG:colcon.colcon_core.event_handler.log_command:Invoking command in '/home/ubuntu/Desktop/Capstone-Autonomous-Driving/ros2_ws/src/OAK_D_Pro': PYTHONPATH=/home/ubuntu/Desktop/Capstone-Autonomous-Driving/ros2_ws/build/OAK_D_Pro/prefix_override:/home/ubuntu/Desktop/Capstone-Autonomous-Driving/ros2_ws/install/OAK_D_Pro/lib/python3.10/site-packages:${PYTHONPATH} /usr/bin/python3 setup.py egg_info --egg-base ../../build/OAK_D_Pro build --build-base /home/ubuntu/Desktop/Capstone-Autonomous-Driving/ros2_ws/build/OAK_D_Pro/build install --record /home/ubuntu/Desktop/Capstone-Autonomous-Driving/ros2_ws/build/OAK_D_Pro/install.log --single-version-externally-managed
[2.540s] DEBUG:colcon.colcon_core.event_handler.log_command:Invoking command in '/home/ubuntu/Desktop/Capstone-Autonomous-Driving/ros2_ws/src/ESPCam-ROS2': PYTHONPATH=/home/ubuntu/Desktop/Capstone-Autonomous-Driving/ros2_ws/build/ESPCam-ROS2/prefix_override:/home/ubuntu/Desktop/Capstone-Autonomous-Driving/ros2_ws/install/ESPCam-ROS2/lib/python3.10/site-packages:${PYTHONPATH} /usr/bin/python3 setup.py egg_info --egg-base ../../build/ESPCam-ROS2 build --build-base /home/ubuntu/Desktop/Capstone-Autonomous-Driving/ros2_ws/build/ESPCam-ROS2/build install --record /home/ubuntu/Desktop/Capstone-Autonomous-Driving/ros2_ws/build/ESPCam-ROS2/install.log --install-scripts $base/lib/ESPCam-ROS2 --single-version-externally-managed
[2.851s] DEBUG:colcon.colcon_core.event_handler.log_command:Invoked command in '/home/ubuntu/Desktop/Capstone-Autonomous-Driving/ros2_ws/src/OAK_D_Pro' returned '0': PYTHONPATH=/home/ubuntu/Desktop/Capstone-Autonomous-Driving/ros2_ws/build/OAK_D_Pro/prefix_override:/home/ubuntu/Desktop/Capstone-Autonomous-Driving/ros2_ws/install/OAK_D_Pro/lib/python3.10/site-packages:${PYTHONPATH} /usr/bin/python3 setup.py egg_info --egg-base ../../build/OAK_D_Pro build --build-base /home/ubuntu/Desktop/Capstone-Autonomous-Driving/ros2_ws/build/OAK_D_Pro/build install --record /home/ubuntu/Desktop/Capstone-Autonomous-Driving/ros2_ws/build/OAK_D_Pro/install.log --single-version-externally-managed
[2.867s] Level 1:colcon.colcon_core.environment:checking '/home/ubuntu/Desktop/Capstone-Autonomous-Driving/ros2_ws/install/OAK_D_Pro' for CMake module files
[2.868s] Level 1:colcon.colcon_core.environment:checking '/home/ubuntu/Desktop/Capstone-Autonomous-Driving/ros2_ws/install/OAK_D_Pro' for CMake config files
[2.868s] Level 1:colcon.colcon_core.environment:checking '/home/ubuntu/Desktop/Capstone-Autonomous-Driving/ros2_ws/install/OAK_D_Pro/lib'
[2.868s] Level 1:colcon.colcon_core.environment:checking '/home/ubuntu/Desktop/Capstone-Autonomous-Driving/ros2_ws/install/OAK_D_Pro/bin'
[2.869s] Level 1:colcon.colcon_core.environment:checking '/home/ubuntu/Desktop/Capstone-Autonomous-Driving/ros2_ws/install/OAK_D_Pro/lib/pkgconfig/OAK_D_Pro.pc'
[2.869s] Level 1:colcon.colcon_core.environment:checking '/home/ubuntu/Desktop/Capstone-Autonomous-Driving/ros2_ws/install/OAK_D_Pro/lib/python3.10/site-packages'
[2.869s] Level 1:colcon.colcon_core.shell:create_environment_hook('OAK_D_Pro', 'pythonpath')
[2.882s] INFO:colcon.colcon_core.shell:Creating environment hook '/home/ubuntu/Desktop/Capstone-Autonomous-Driving/ros2_ws/install/OAK_D_Pro/share/OAK_D_Pro/hook/pythonpath.ps1'
[2.882s] INFO:colcon.colcon_core.shell:Creating environment descriptor '/home/ubuntu/Desktop/Capstone-Autonomous-Driving/ros2_ws/install/OAK_D_Pro/share/OAK_D_Pro/hook/pythonpath.dsv'
[2.883s] INFO:colcon.colcon_core.shell:Creating environment hook '/home/ubuntu/Desktop/Capstone-Autonomous-Driving/ros2_ws/install/OAK_D_Pro/share/OAK_D_Pro/hook/pythonpath.sh'
[2.883s] Level 1:colcon.colcon_core.environment:checking '/home/ubuntu/Desktop/Capstone-Autonomous-Driving/ros2_ws/install/OAK_D_Pro/bin'
[2.884s] Level 1:colcon.colcon_core.environment:create_environment_scripts_only(OAK_D_Pro)
[2.900s] INFO:colcon.colcon_core.shell:Creating package script '/home/ubuntu/Desktop/Capstone-Autonomous-Driving/ros2_ws/install/OAK_D_Pro/share/OAK_D_Pro/package.ps1'
[2.901s] INFO:colcon.colcon_core.shell:Creating package descriptor '/home/ubuntu/Desktop/Capstone-Autonomous-Driving/ros2_ws/install/OAK_D_Pro/share/OAK_D_Pro/package.dsv'
[2.902s] INFO:colcon.colcon_core.shell:Creating package script '/home/ubuntu/Desktop/Capstone-Autonomous-Driving/ros2_ws/install/OAK_D_Pro/share/OAK_D_Pro/package.sh'
[2.902s] INFO:colcon.colcon_core.shell:Creating package script '/home/ubuntu/Desktop/Capstone-Autonomous-Driving/ros2_ws/install/OAK_D_Pro/share/OAK_D_Pro/package.bash'
[2.903s] INFO:colcon.colcon_core.shell:Creating package script '/home/ubuntu/Desktop/Capstone-Autonomous-Driving/ros2_ws/install/OAK_D_Pro/share/OAK_D_Pro/package.zsh'
[2.903s] Level 1:colcon.colcon_core.environment:create_file_with_runtime_dependencies(/home/ubuntu/Desktop/Capstone-Autonomous-Driving/ros2_ws/install/OAK_D_Pro/share/colcon-core/packages/OAK_D_Pro)
[2.910s] DEBUG:colcon.colcon_core.event_handler.log_command:Invoked command in '/home/ubuntu/Desktop/Capstone-Autonomous-Driving/ros2_ws/src/ESPCam-ROS2' returned '0': PYTHONPATH=/home/ubuntu/Desktop/Capstone-Autonomous-Driving/ros2_ws/build/ESPCam-ROS2/prefix_override:/home/ubuntu/Desktop/Capstone-Autonomous-Driving/ros2_ws/install/ESPCam-ROS2/lib/python3.10/site-packages:${PYTHONPATH} /usr/bin/python3 setup.py egg_info --egg-base ../../build/ESPCam-ROS2 build --build-base /home/ubuntu/Desktop/Capstone-Autonomous-Driving/ros2_ws/build/ESPCam-ROS2/build install --record /home/ubuntu/Desktop/Capstone-Autonomous-Driving/ros2_ws/build/ESPCam-ROS2/install.log --install-scripts $base/lib/ESPCam-ROS2 --single-version-externally-managed
[2.922s] Level 1:colcon.colcon_core.environment:checking '/home/ubuntu/Desktop/Capstone-Autonomous-Driving/ros2_ws/install/ESPCam-ROS2' for CMake module files
[2.923s] Level 1:colcon.colcon_core.environment:checking '/home/ubuntu/Desktop/Capstone-Autonomous-Driving/ros2_ws/install/ESPCam-ROS2' for CMake config files
[2.923s] Level 1:colcon.colcon_core.environment:checking '/home/ubuntu/Desktop/Capstone-Autonomous-Driving/ros2_ws/install/ESPCam-ROS2/lib'
[2.923s] Level 1:colcon.colcon_core.environment:checking '/home/ubuntu/Desktop/Capstone-Autonomous-Driving/ros2_ws/install/ESPCam-ROS2/bin'
[2.923s] Level 1:colcon.colcon_core.environment:checking '/home/ubuntu/Desktop/Capstone-Autonomous-Driving/ros2_ws/install/ESPCam-ROS2/lib/pkgconfig/ESPCam-ROS2.pc'
[2.924s] Level 1:colcon.colcon_core.environment:checking '/home/ubuntu/Desktop/Capstone-Autonomous-Driving/ros2_ws/install/ESPCam-ROS2/lib/python3.10/site-packages'
[2.924s] Level 1:colcon.colcon_core.shell:create_environment_hook('ESPCam-ROS2', 'pythonpath')
[2.938s] INFO:colcon.colcon_core.shell:Creating environment hook '/home/ubuntu/Desktop/Capstone-Autonomous-Driving/ros2_ws/install/ESPCam-ROS2/share/ESPCam-ROS2/hook/pythonpath.ps1'
[2.938s] INFO:colcon.colcon_core.shell:Creating environment descriptor '/home/ubuntu/Desktop/Capstone-Autonomous-Driving/ros2_ws/install/ESPCam-ROS2/share/ESPCam-ROS2/hook/pythonpath.dsv'
[2.939s] INFO:colcon.colcon_core.shell:Creating environment hook '/home/ubuntu/Desktop/Capstone-Autonomous-Driving/ros2_ws/install/ESPCam-ROS2/share/ESPCam-ROS2/hook/pythonpath.sh'
[2.940s] Level 1:colcon.colcon_core.environment:checking '/home/ubuntu/Desktop/Capstone-Autonomous-Driving/ros2_ws/install/ESPCam-ROS2/bin'
[2.940s] Level 1:colcon.colcon_core.environment:create_environment_scripts_only(ESPCam-ROS2)
[2.953s] INFO:colcon.colcon_core.shell:Creating package script '/home/ubuntu/Desktop/Capstone-Autonomous-Driving/ros2_ws/install/ESPCam-ROS2/share/ESPCam-ROS2/package.ps1'
[2.953s] INFO:colcon.colcon_core.shell:Creating package descriptor '/home/ubuntu/Desktop/Capstone-Autonomous-Driving/ros2_ws/install/ESPCam-ROS2/share/ESPCam-ROS2/package.dsv'
[2.954s] INFO:colcon.colcon_core.shell:Creating package script '/home/ubuntu/Desktop/Capstone-Autonomous-Driving/ros2_ws/install/ESPCam-ROS2/share/ESPCam-ROS2/package.sh'
[2.954s] INFO:colcon.colcon_core.shell:Creating package script '/home/ubuntu/Desktop/Capstone-Autonomous-Driving/ros2_ws/install/ESPCam-ROS2/share/ESPCam-ROS2/package.bash'
[2.955s] INFO:colcon.colcon_core.shell:Creating package script '/home/ubuntu/Desktop/Capstone-Autonomous-Driving/ros2_ws/install/ESPCam-ROS2/share/ESPCam-ROS2/package.zsh'
[2.955s] Level 1:colcon.colcon_core.environment:create_file_with_runtime_dependencies(/home/ubuntu/Desktop/Capstone-Autonomous-Driving/ros2_ws/install/ESPCam-ROS2/share/colcon-core/packages/ESPCam-ROS2)
[2.956s] DEBUG:colcon.colcon_parallel_executor.executor.parallel:closing loop
[2.956s] DEBUG:colcon.colcon_parallel_executor.executor.parallel:loop closed
[2.956s] DEBUG:colcon.colcon_parallel_executor.executor.parallel:run_until_complete finished with '0'
[2.957s] DEBUG:colcon.colcon_core.event_reactor:joining thread
[2.976s] INFO:colcon.colcon_core.plugin_system:Skipping extension 'colcon_notification.desktop_notification.terminal_notifier': Not used on non-Darwin systems
[2.976s] INFO:colcon.colcon_core.plugin_system:Skipping extension 'colcon_notification.desktop_notification.win32': Not used on non-Windows systems
[2.977s] INFO:colcon.colcon_notification.desktop_notification:Sending desktop notification using 'notify2'
[2.993s] DEBUG:colcon.colcon_core.event_reactor:joined thread
[3.007s] INFO:colcon.colcon_core.shell:Creating prefix script '/home/ubuntu/Desktop/Capstone-Autonomous-Driving/ros2_ws/install/local_setup.ps1'
[3.008s] INFO:colcon.colcon_core.shell:Creating prefix util module '/home/ubuntu/Desktop/Capstone-Autonomous-Driving/ros2_ws/install/_local_setup_util_ps1.py'
[3.011s] INFO:colcon.colcon_core.shell:Creating prefix chain script '/home/ubuntu/Desktop/Capstone-Autonomous-Driving/ros2_ws/install/setup.ps1'
[3.035s] INFO:colcon.colcon_core.shell:Creating prefix script '/home/ubuntu/Desktop/Capstone-Autonomous-Driving/ros2_ws/install/local_setup.sh'
[3.036s] INFO:colcon.colcon_core.shell:Creating prefix util module '/home/ubuntu/Desktop/Capstone-Autonomous-Driving/ros2_ws/install/_local_setup_util_sh.py'
[3.037s] INFO:colcon.colcon_core.shell:Creating prefix chain script '/home/ubuntu/Desktop/Capstone-Autonomous-Driving/ros2_ws/install/setup.sh'
[3.060s] INFO:colcon.colcon_core.shell:Creating prefix script '/home/ubuntu/Desktop/Capstone-Autonomous-Driving/ros2_ws/install/local_setup.bash'
[3.061s] INFO:colcon.colcon_core.shell:Creating prefix chain script '/home/ubuntu/Desktop/Capstone-Autonomous-Driving/ros2_ws/install/setup.bash'
[3.079s] INFO:colcon.colcon_core.shell:Creating prefix script '/home/ubuntu/Desktop/Capstone-Autonomous-Driving/ros2_ws/install/local_setup.zsh'
[3.080s] INFO:colcon.colcon_core.shell:Creating prefix chain script '/home/ubuntu/Desktop/Capstone-Autonomous-Driving/ros2_ws/install/setup.zsh'
