[0.763s] DEBUG:colcon:Command line arguments: ['/usr/bin/colcon', 'build']
[0.763s] DEBUG:colcon:Parsed command line arguments: Namespace(log_base=None, log_level=None, verb_name='build', build_base='build', install_base='install', merge_install=False, symlink_install=False, test_result_base=None, continue_on_error=False, executor='parallel', parallel_workers=16, event_handlers=None, ignore_user_meta=False, metas=['./colcon.meta'], base_paths=['.'], packages_ignore=None, packages_ignore_regex=None, paths=None, packages_up_to=None, packages_up_to_regex=None, packages_above=None, packages_above_and_dependencies=None, packages_above_depth=None, packages_select_by_dep=None, packages_skip_by_dep=None, packages_skip_up_to=None, packages_select_build_failed=False, packages_skip_build_finished=False, packages_select_test_failures=False, packages_skip_test_passed=False, packages_select=None, packages_skip=None, packages_select_regex=None, packages_skip_regex=None, packages_start=None, packages_end=None, allow_overriding=[], cmake_args=None, cmake_target=None, cmake_target_skip_unavailable=False, cmake_clean_cache=False, cmake_clean_first=False, cmake_force_configure=False, ament_cmake_args=None, catkin_cmake_args=None, catkin_skip_building_tests=False, verb_parser=<colcon_defaults.argument_parser.defaults.DefaultArgumentsDecorator object at 0x7ff5d2749150>, verb_extension=<colcon_core.verb.build.BuildVerb object at 0x7ff5d2749480>, main=<bound method BuildVerb.main of <colcon_core.verb.build.BuildVerb object at 0x7ff5d2749480>>)
[0.798s] Level 1:colcon.colcon_core.package_discovery:discover_packages(colcon_meta) check parameters
[0.798s] Level 1:colcon.colcon_core.package_discovery:discover_packages(recursive) check parameters
[0.798s] Level 1:colcon.colcon_core.package_discovery:discover_packages(ignore) check parameters
[0.798s] Level 1:colcon.colcon_core.package_discovery:discover_packages(path) check parameters
[0.799s] Level 1:colcon.colcon_core.package_discovery:discover_packages(colcon_meta) discover
[0.799s] Level 1:colcon.colcon_core.package_discovery:discover_packages(recursive) discover
[0.799s] INFO:colcon.colcon_core.package_discovery:Crawling recursively for packages in '/home/ubuntu/Capstone-Autonomous-Driving/ros2_ws'
[0.799s] Level 1:colcon.colcon_core.package_identification:_identify(.) by extensions ['ignore', 'ignore_ament_install']
[0.799s] Level 1:colcon.colcon_core.package_identification:_identify(.) by extension 'ignore'
[0.799s] Level 1:colcon.colcon_core.package_identification:_identify(.) by extension 'ignore_ament_install'
[0.799s] Level 1:colcon.colcon_core.package_identification:_identify(.) by extensions ['colcon_pkg']
[0.799s] Level 1:colcon.colcon_core.package_identification:_identify(.) by extension 'colcon_pkg'
[0.799s] Level 1:colcon.colcon_core.package_identification:_identify(.) by extensions ['colcon_meta']
[0.799s] Level 1:colcon.colcon_core.package_identification:_identify(.) by extension 'colcon_meta'
[0.799s] Level 1:colcon.colcon_core.package_identification:_identify(.) by extensions ['ros']
[0.799s] Level 1:colcon.colcon_core.package_identification:_identify(.) by extension 'ros'
[0.807s] Level 1:colcon.colcon_core.package_identification:_identify(.) by extensions ['cmake', 'python']
[0.807s] Level 1:colcon.colcon_core.package_identification:_identify(.) by extension 'cmake'
[0.807s] Level 1:colcon.colcon_core.package_identification:_identify(.) by extension 'python'
[0.807s] Level 1:colcon.colcon_core.package_identification:_identify(.) by extensions ['python_setup_py']
[0.807s] Level 1:colcon.colcon_core.package_identification:_identify(.) by extension 'python_setup_py'
[0.808s] Level 1:colcon.colcon_core.package_identification:_identify(build) by extensions ['ignore', 'ignore_ament_install']
[0.808s] Level 1:colcon.colcon_core.package_identification:_identify(build) by extension 'ignore'
[0.808s] Level 1:colcon.colcon_core.package_identification:_identify(build) ignored
[0.808s] Level 1:colcon.colcon_core.package_identification:_identify(install) by extensions ['ignore', 'ignore_ament_install']
[0.808s] Level 1:colcon.colcon_core.package_identification:_identify(install) by extension 'ignore'
[0.808s] Level 1:colcon.colcon_core.package_identification:_identify(install) ignored
[0.808s] Level 1:colcon.colcon_core.package_identification:_identify(log) by extensions ['ignore', 'ignore_ament_install']
[0.808s] Level 1:colcon.colcon_core.package_identification:_identify(log) by extension 'ignore'
[0.808s] Level 1:colcon.colcon_core.package_identification:_identify(log) ignored
[0.808s] Level 1:colcon.colcon_core.package_identification:_identify(src) by extensions ['ignore', 'ignore_ament_install']
[0.808s] Level 1:colcon.colcon_core.package_identification:_identify(src) by extension 'ignore'
[0.808s] Level 1:colcon.colcon_core.package_identification:_identify(src) by extension 'ignore_ament_install'
[0.808s] Level 1:colcon.colcon_core.package_identification:_identify(src) by extensions ['colcon_pkg']
[0.808s] Level 1:colcon.colcon_core.package_identification:_identify(src) by extension 'colcon_pkg'
[0.808s] Level 1:colcon.colcon_core.package_identification:_identify(src) by extensions ['colcon_meta']
[0.808s] Level 1:colcon.colcon_core.package_identification:_identify(src) by extension 'colcon_meta'
[0.809s] Level 1:colcon.colcon_core.package_identification:_identify(src) by extensions ['ros']
[0.809s] Level 1:colcon.colcon_core.package_identification:_identify(src) by extension 'ros'
[0.809s] Level 1:colcon.colcon_core.package_identification:_identify(src) by extensions ['cmake', 'python']
[0.809s] Level 1:colcon.colcon_core.package_identification:_identify(src) by extension 'cmake'
[0.809s] Level 1:colcon.colcon_core.package_identification:_identify(src) by extension 'python'
[0.809s] Level 1:colcon.colcon_core.package_identification:_identify(src) by extensions ['python_setup_py']
[0.809s] Level 1:colcon.colcon_core.package_identification:_identify(src) by extension 'python_setup_py'
[0.809s] Level 1:colcon.colcon_core.package_identification:_identify(src/OAK_D_Pro) by extensions ['ignore', 'ignore_ament_install']
[0.809s] Level 1:colcon.colcon_core.package_identification:_identify(src/OAK_D_Pro) by extension 'ignore'
[0.809s] Level 1:colcon.colcon_core.package_identification:_identify(src/OAK_D_Pro) by extension 'ignore_ament_install'
[0.809s] Level 1:colcon.colcon_core.package_identification:_identify(src/OAK_D_Pro) by extensions ['colcon_pkg']
[0.809s] Level 1:colcon.colcon_core.package_identification:_identify(src/OAK_D_Pro) by extension 'colcon_pkg'
[0.809s] Level 1:colcon.colcon_core.package_identification:_identify(src/OAK_D_Pro) by extensions ['colcon_meta']
[0.809s] Level 1:colcon.colcon_core.package_identification:_identify(src/OAK_D_Pro) by extension 'colcon_meta'
[0.809s] Level 1:colcon.colcon_core.package_identification:_identify(src/OAK_D_Pro) by extensions ['ros']
[0.809s] Level 1:colcon.colcon_core.package_identification:_identify(src/OAK_D_Pro) by extension 'ros'
[0.811s] DEBUG:colcon.colcon_core.package_identification:Package 'src/OAK_D_Pro' with type 'ros.ament_python' and name 'OAK_D_Pro'
[0.812s] Level 1:colcon.colcon_core.package_identification:_identify(src/robot_car_pkg) by extensions ['ignore', 'ignore_ament_install']
[0.812s] Level 1:colcon.colcon_core.package_identification:_identify(src/robot_car_pkg) by extension 'ignore'
[0.812s] Level 1:colcon.colcon_core.package_identification:_identify(src/robot_car_pkg) by extension 'ignore_ament_install'
[0.812s] Level 1:colcon.colcon_core.package_identification:_identify(src/robot_car_pkg) by extensions ['colcon_pkg']
[0.812s] Level 1:colcon.colcon_core.package_identification:_identify(src/robot_car_pkg) by extension 'colcon_pkg'
[0.812s] Level 1:colcon.colcon_core.package_identification:_identify(src/robot_car_pkg) by extensions ['colcon_meta']
[0.812s] Level 1:colcon.colcon_core.package_identification:_identify(src/robot_car_pkg) by extension 'colcon_meta'
[0.812s] Level 1:colcon.colcon_core.package_identification:_identify(src/robot_car_pkg) by extensions ['ros']
[0.812s] Level 1:colcon.colcon_core.package_identification:_identify(src/robot_car_pkg) by extension 'ros'
[0.812s] DEBUG:colcon.colcon_core.package_identification:Package 'src/robot_car_pkg' with type 'ros.ament_cmake' and name 'robot_car_pkg'
[0.812s] Level 1:colcon.colcon_core.package_identification:_identify(src/rplidar_ros2) by extensions ['ignore', 'ignore_ament_install']
[0.812s] Level 1:colcon.colcon_core.package_identification:_identify(src/rplidar_ros2) by extension 'ignore'
[0.812s] Level 1:colcon.colcon_core.package_identification:_identify(src/rplidar_ros2) by extension 'ignore_ament_install'
[0.813s] Level 1:colcon.colcon_core.package_identification:_identify(src/rplidar_ros2) by extensions ['colcon_pkg']
[0.813s] Level 1:colcon.colcon_core.package_identification:_identify(src/rplidar_ros2) by extension 'colcon_pkg'
[0.813s] Level 1:colcon.colcon_core.package_identification:_identify(src/rplidar_ros2) by extensions ['colcon_meta']
[0.813s] Level 1:colcon.colcon_core.package_identification:_identify(src/rplidar_ros2) by extension 'colcon_meta'
[0.813s] Level 1:colcon.colcon_core.package_identification:_identify(src/rplidar_ros2) by extensions ['ros']
[0.813s] Level 1:colcon.colcon_core.package_identification:_identify(src/rplidar_ros2) by extension 'ros'
[0.814s] DEBUG:colcon.colcon_core.package_identification:Package 'src/rplidar_ros2' with type 'ros.ament_cmake' and name 'rplidar_ros'
[0.814s] Level 1:colcon.colcon_core.package_discovery:discover_packages(recursive) using defaults
[0.814s] Level 1:colcon.colcon_core.package_discovery:discover_packages(ignore) discover
[0.814s] Level 1:colcon.colcon_core.package_discovery:discover_packages(ignore) using defaults
[0.814s] Level 1:colcon.colcon_core.package_discovery:discover_packages(path) discover
[0.814s] Level 1:colcon.colcon_core.package_discovery:discover_packages(path) using defaults
[0.888s] Level 1:colcon.colcon_core.package_discovery:discover_packages(prefix_path) check parameters
[0.888s] Level 1:colcon.colcon_core.package_discovery:discover_packages(prefix_path) discover
[0.911s] DEBUG:colcon.colcon_installed_package_information.package_discovery:Found 3 installed packages in /home/ubuntu/Capstone-Autonomous-Driving/ros2_ws/install
[0.923s] DEBUG:colcon.colcon_installed_package_information.package_discovery:Found 273 installed packages in /opt/ros/humble
[0.924s] Level 1:colcon.colcon_core.package_discovery:discover_packages(prefix_path) using defaults
[0.995s] Level 5:colcon.colcon_core.verb:set package 'OAK_D_Pro' build argument 'cmake_args' from command line to 'None'
[0.995s] Level 5:colcon.colcon_core.verb:set package 'OAK_D_Pro' build argument 'cmake_target' from command line to 'None'
[0.995s] Level 5:colcon.colcon_core.verb:set package 'OAK_D_Pro' build argument 'cmake_target_skip_unavailable' from command line to 'False'
[0.995s] Level 5:colcon.colcon_core.verb:set package 'OAK_D_Pro' build argument 'cmake_clean_cache' from command line to 'False'
[0.995s] Level 5:colcon.colcon_core.verb:set package 'OAK_D_Pro' build argument 'cmake_clean_first' from command line to 'False'
[0.995s] Level 5:colcon.colcon_core.verb:set package 'OAK_D_Pro' build argument 'cmake_force_configure' from command line to 'False'
[0.995s] Level 5:colcon.colcon_core.verb:set package 'OAK_D_Pro' build argument 'ament_cmake_args' from command line to 'None'
[0.995s] Level 5:colcon.colcon_core.verb:set package 'OAK_D_Pro' build argument 'catkin_cmake_args' from command line to 'None'
[0.995s] Level 5:colcon.colcon_core.verb:set package 'OAK_D_Pro' build argument 'catkin_skip_building_tests' from command line to 'False'
[0.995s] DEBUG:colcon.colcon_core.verb:Building package 'OAK_D_Pro' with the following arguments: {'ament_cmake_args': None, 'build_base': '/home/ubuntu/Capstone-Autonomous-Driving/ros2_ws/build/OAK_D_Pro', 'catkin_cmake_args': None, 'catkin_skip_building_tests': False, 'cmake_args': None, 'cmake_clean_cache': False, 'cmake_clean_first': False, 'cmake_force_configure': False, 'cmake_target': None, 'cmake_target_skip_unavailable': False, 'install_base': '/home/ubuntu/Capstone-Autonomous-Driving/ros2_ws/install/OAK_D_Pro', 'merge_install': False, 'path': '/home/ubuntu/Capstone-Autonomous-Driving/ros2_ws/src/OAK_D_Pro', 'symlink_install': False, 'test_result_base': None}
[1.006s] Level 5:colcon.colcon_core.verb:set package 'robot_car_pkg' build argument 'cmake_args' from command line to 'None'
[1.006s] Level 5:colcon.colcon_core.verb:set package 'robot_car_pkg' build argument 'cmake_target' from command line to 'None'
[1.006s] Level 5:colcon.colcon_core.verb:set package 'robot_car_pkg' build argument 'cmake_target_skip_unavailable' from command line to 'False'
[1.006s] Level 5:colcon.colcon_core.verb:set package 'robot_car_pkg' build argument 'cmake_clean_cache' from command line to 'False'
[1.006s] Level 5:colcon.colcon_core.verb:set package 'robot_car_pkg' build argument 'cmake_clean_first' from command line to 'False'
[1.006s] Level 5:colcon.colcon_core.verb:set package 'robot_car_pkg' build argument 'cmake_force_configure' from command line to 'False'
[1.006s] Level 5:colcon.colcon_core.verb:set package 'robot_car_pkg' build argument 'ament_cmake_args' from command line to 'None'
[1.006s] Level 5:colcon.colcon_core.verb:set package 'robot_car_pkg' build argument 'catkin_cmake_args' from command line to 'None'
[1.007s] Level 5:colcon.colcon_core.verb:set package 'robot_car_pkg' build argument 'catkin_skip_building_tests' from command line to 'False'
[1.007s] DEBUG:colcon.colcon_core.verb:Building package 'robot_car_pkg' with the following arguments: {'ament_cmake_args': None, 'build_base': '/home/ubuntu/Capstone-Autonomous-Driving/ros2_ws/build/robot_car_pkg', 'catkin_cmake_args': None, 'catkin_skip_building_tests': False, 'cmake_args': None, 'cmake_clean_cache': False, 'cmake_clean_first': False, 'cmake_force_configure': False, 'cmake_target': None, 'cmake_target_skip_unavailable': False, 'install_base': '/home/ubuntu/Capstone-Autonomous-Driving/ros2_ws/install/robot_car_pkg', 'merge_install': False, 'path': '/home/ubuntu/Capstone-Autonomous-Driving/ros2_ws/src/robot_car_pkg', 'symlink_install': False, 'test_result_base': None}
[1.017s] Level 5:colcon.colcon_core.verb:set package 'rplidar_ros' build argument 'cmake_args' from command line to 'None'
[1.017s] Level 5:colcon.colcon_core.verb:set package 'rplidar_ros' build argument 'cmake_target' from command line to 'None'
[1.017s] Level 5:colcon.colcon_core.verb:set package 'rplidar_ros' build argument 'cmake_target_skip_unavailable' from command line to 'False'
[1.017s] Level 5:colcon.colcon_core.verb:set package 'rplidar_ros' build argument 'cmake_clean_cache' from command line to 'False'
[1.017s] Level 5:colcon.colcon_core.verb:set package 'rplidar_ros' build argument 'cmake_clean_first' from command line to 'False'
[1.017s] Level 5:colcon.colcon_core.verb:set package 'rplidar_ros' build argument 'cmake_force_configure' from command line to 'False'
[1.017s] Level 5:colcon.colcon_core.verb:set package 'rplidar_ros' build argument 'ament_cmake_args' from command line to 'None'
[1.017s] Level 5:colcon.colcon_core.verb:set package 'rplidar_ros' build argument 'catkin_cmake_args' from command line to 'None'
[1.017s] Level 5:colcon.colcon_core.verb:set package 'rplidar_ros' build argument 'catkin_skip_building_tests' from command line to 'False'
[1.017s] DEBUG:colcon.colcon_core.verb:Building package 'rplidar_ros' with the following arguments: {'ament_cmake_args': None, 'build_base': '/home/ubuntu/Capstone-Autonomous-Driving/ros2_ws/build/rplidar_ros', 'catkin_cmake_args': None, 'catkin_skip_building_tests': False, 'cmake_args': None, 'cmake_clean_cache': False, 'cmake_clean_first': False, 'cmake_force_configure': False, 'cmake_target': None, 'cmake_target_skip_unavailable': False, 'install_base': '/home/ubuntu/Capstone-Autonomous-Driving/ros2_ws/install/rplidar_ros', 'merge_install': False, 'path': '/home/ubuntu/Capstone-Autonomous-Driving/ros2_ws/src/rplidar_ros2', 'symlink_install': False, 'test_result_base': None}
[1.028s] INFO:colcon.colcon_core.executor:Executing jobs using 'parallel' executor
[1.040s] DEBUG:colcon.colcon_parallel_executor.executor.parallel:run_until_complete
[1.040s] INFO:colcon.colcon_ros.task.ament_python.build:Building ROS package in '/home/ubuntu/Capstone-Autonomous-Driving/ros2_ws/src/OAK_D_Pro' with build type 'ament_python'
[1.040s] Level 1:colcon.colcon_core.shell:create_environment_hook('OAK_D_Pro', 'ament_prefix_path')
[1.052s] INFO:colcon.colcon_core.plugin_system:Skipping extension 'colcon_core.shell.bat': Not used on non-Windows systems
[1.052s] INFO:colcon.colcon_core.shell:Creating environment hook '/home/ubuntu/Capstone-Autonomous-Driving/ros2_ws/install/OAK_D_Pro/share/OAK_D_Pro/hook/ament_prefix_path.ps1'
[1.053s] INFO:colcon.colcon_core.shell:Creating environment descriptor '/home/ubuntu/Capstone-Autonomous-Driving/ros2_ws/install/OAK_D_Pro/share/OAK_D_Pro/hook/ament_prefix_path.dsv'
[1.053s] INFO:colcon.colcon_core.shell:Creating environment hook '/home/ubuntu/Capstone-Autonomous-Driving/ros2_ws/install/OAK_D_Pro/share/OAK_D_Pro/hook/ament_prefix_path.sh'
[1.064s] INFO:colcon.colcon_core.shell:Skip shell extension 'powershell' for command environment: Not usable outside of PowerShell
[1.064s] DEBUG:colcon.colcon_core.shell:Skip shell extension 'dsv' for command environment
[1.101s] INFO:colcon.colcon_ros.task.ament_cmake.build:Building ROS package in '/home/ubuntu/Capstone-Autonomous-Driving/ros2_ws/src/robot_car_pkg' with build type 'ament_cmake'
[1.102s] INFO:colcon.colcon_cmake.task.cmake.build:Building CMake package in '/home/ubuntu/Capstone-Autonomous-Driving/ros2_ws/src/robot_car_pkg'
[1.112s] INFO:colcon.colcon_core.shell:Skip shell extension 'powershell' for command environment: Not usable outside of PowerShell
[1.113s] DEBUG:colcon.colcon_core.shell:Skip shell extension 'dsv' for command environment
[1.153s] INFO:colcon.colcon_ros.task.ament_cmake.build:Building ROS package in '/home/ubuntu/Capstone-Autonomous-Driving/ros2_ws/src/rplidar_ros2' with build type 'ament_cmake'
[1.153s] INFO:colcon.colcon_cmake.task.cmake.build:Building CMake package in '/home/ubuntu/Capstone-Autonomous-Driving/ros2_ws/src/rplidar_ros2'
[1.165s] INFO:colcon.colcon_core.shell:Skip shell extension 'powershell' for command environment: Not usable outside of PowerShell
[1.166s] DEBUG:colcon.colcon_core.shell:Skip shell extension 'dsv' for command environment
[1.427s] INFO:colcon.colcon_core.task.python.build:Building Python package in '/home/ubuntu/Capstone-Autonomous-Driving/ros2_ws/src/OAK_D_Pro'
[1.438s] INFO:colcon.colcon_core.shell:Skip shell extension 'powershell' for command environment: Not usable outside of PowerShell
[1.438s] DEBUG:colcon.colcon_core.shell:Skip shell extension 'dsv' for command environment
[1.479s] DEBUG:colcon.colcon_core.event_handler.log_command:Invoking command in '/home/ubuntu/Capstone-Autonomous-Driving/ros2_ws/build/robot_car_pkg': CMAKE_PREFIX_PATH=${CMAKE_PREFIX_PATH}:/home/ubuntu/Capstone-Autonomous-Driving/ros2_ws/install/OAK_D_Pro:/opt/ros/humble /usr/bin/cmake --build /home/ubuntu/Capstone-Autonomous-Driving/ros2_ws/build/robot_car_pkg -- -j16 -l16
[1.483s] DEBUG:colcon.colcon_core.event_handler.log_command:Invoking command in '/home/ubuntu/Capstone-Autonomous-Driving/ros2_ws/build/rplidar_ros': CMAKE_PREFIX_PATH=${CMAKE_PREFIX_PATH}:/home/ubuntu/Capstone-Autonomous-Driving/ros2_ws/install/OAK_D_Pro:/opt/ros/humble /usr/bin/cmake --build /home/ubuntu/Capstone-Autonomous-Driving/ros2_ws/build/rplidar_ros -- -j16 -l16
[1.512s] DEBUG:colcon.colcon_core.event_handler.log_command:Invoked command in '/home/ubuntu/Capstone-Autonomous-Driving/ros2_ws/build/robot_car_pkg' returned '0': CMAKE_PREFIX_PATH=${CMAKE_PREFIX_PATH}:/home/ubuntu/Capstone-Autonomous-Driving/ros2_ws/install/OAK_D_Pro:/opt/ros/humble /usr/bin/cmake --build /home/ubuntu/Capstone-Autonomous-Driving/ros2_ws/build/robot_car_pkg -- -j16 -l16
[1.542s] DEBUG:colcon.colcon_core.event_handler.log_command:Invoking command in '/home/ubuntu/Capstone-Autonomous-Driving/ros2_ws/build/robot_car_pkg': CMAKE_PREFIX_PATH=${CMAKE_PREFIX_PATH}:/home/ubuntu/Capstone-Autonomous-Driving/ros2_ws/install/OAK_D_Pro:/opt/ros/humble /usr/bin/cmake --install /home/ubuntu/Capstone-Autonomous-Driving/ros2_ws/build/robot_car_pkg
[1.552s] Level 1:colcon.colcon_core.environment:create_environment_scripts_only(robot_car_pkg)
[1.552s] DEBUG:colcon.colcon_core.event_handler.log_command:Invoked command in '/home/ubuntu/Capstone-Autonomous-Driving/ros2_ws/build/robot_car_pkg' returned '0': CMAKE_PREFIX_PATH=${CMAKE_PREFIX_PATH}:/home/ubuntu/Capstone-Autonomous-Driving/ros2_ws/install/OAK_D_Pro:/opt/ros/humble /usr/bin/cmake --install /home/ubuntu/Capstone-Autonomous-Driving/ros2_ws/build/robot_car_pkg
[1.566s] Level 1:colcon.colcon_core.environment:checking '/home/ubuntu/Capstone-Autonomous-Driving/ros2_ws/install/robot_car_pkg' for CMake module files
[1.566s] Level 1:colcon.colcon_core.environment:checking '/home/ubuntu/Capstone-Autonomous-Driving/ros2_ws/install/robot_car_pkg' for CMake config files
[1.566s] Level 1:colcon.colcon_core.shell:create_environment_hook('robot_car_pkg', 'cmake_prefix_path')
[1.581s] INFO:colcon.colcon_core.shell:Creating environment hook '/home/ubuntu/Capstone-Autonomous-Driving/ros2_ws/install/robot_car_pkg/share/robot_car_pkg/hook/cmake_prefix_path.ps1'
[1.581s] INFO:colcon.colcon_core.shell:Creating environment descriptor '/home/ubuntu/Capstone-Autonomous-Driving/ros2_ws/install/robot_car_pkg/share/robot_car_pkg/hook/cmake_prefix_path.dsv'
[1.581s] INFO:colcon.colcon_core.shell:Creating environment hook '/home/ubuntu/Capstone-Autonomous-Driving/ros2_ws/install/robot_car_pkg/share/robot_car_pkg/hook/cmake_prefix_path.sh'
[1.582s] Level 1:colcon.colcon_core.environment:checking '/home/ubuntu/Capstone-Autonomous-Driving/ros2_ws/install/robot_car_pkg/bin'
[1.582s] Level 1:colcon.colcon_core.environment:checking '/home/ubuntu/Capstone-Autonomous-Driving/ros2_ws/install/robot_car_pkg/lib/pkgconfig/robot_car_pkg.pc'
[1.582s] Level 1:colcon.colcon_core.environment:checking '/home/ubuntu/Capstone-Autonomous-Driving/ros2_ws/install/robot_car_pkg/lib/python3.10/site-packages'
[1.583s] Level 1:colcon.colcon_core.environment:checking '/home/ubuntu/Capstone-Autonomous-Driving/ros2_ws/install/robot_car_pkg/bin'
[1.594s] INFO:colcon.colcon_core.shell:Creating package script '/home/ubuntu/Capstone-Autonomous-Driving/ros2_ws/install/robot_car_pkg/share/robot_car_pkg/package.ps1'
[1.594s] INFO:colcon.colcon_core.shell:Creating package descriptor '/home/ubuntu/Capstone-Autonomous-Driving/ros2_ws/install/robot_car_pkg/share/robot_car_pkg/package.dsv'
[1.595s] INFO:colcon.colcon_core.shell:Creating package script '/home/ubuntu/Capstone-Autonomous-Driving/ros2_ws/install/robot_car_pkg/share/robot_car_pkg/package.sh'
[1.595s] INFO:colcon.colcon_core.shell:Creating package script '/home/ubuntu/Capstone-Autonomous-Driving/ros2_ws/install/robot_car_pkg/share/robot_car_pkg/package.bash'
[1.596s] INFO:colcon.colcon_core.shell:Creating package script '/home/ubuntu/Capstone-Autonomous-Driving/ros2_ws/install/robot_car_pkg/share/robot_car_pkg/package.zsh'
[1.596s] Level 1:colcon.colcon_core.environment:create_file_with_runtime_dependencies(/home/ubuntu/Capstone-Autonomous-Driving/ros2_ws/install/robot_car_pkg/share/colcon-core/packages/robot_car_pkg)
[1.599s] DEBUG:colcon.colcon_core.event_handler.log_command:Invoked command in '/home/ubuntu/Capstone-Autonomous-Driving/ros2_ws/build/rplidar_ros' returned '0': CMAKE_PREFIX_PATH=${CMAKE_PREFIX_PATH}:/home/ubuntu/Capstone-Autonomous-Driving/ros2_ws/install/OAK_D_Pro:/opt/ros/humble /usr/bin/cmake --build /home/ubuntu/Capstone-Autonomous-Driving/ros2_ws/build/rplidar_ros -- -j16 -l16
[1.639s] Level 1:colcon.colcon_core.environment:create_environment_scripts_only(robot_car_pkg)
[1.651s] Level 1:colcon.colcon_core.environment:checking '/home/ubuntu/Capstone-Autonomous-Driving/ros2_ws/install/robot_car_pkg' for CMake module files
[1.651s] Level 1:colcon.colcon_core.environment:checking '/home/ubuntu/Capstone-Autonomous-Driving/ros2_ws/install/robot_car_pkg' for CMake config files
[1.651s] Level 1:colcon.colcon_core.shell:create_environment_hook('robot_car_pkg', 'cmake_prefix_path')
[1.663s] INFO:colcon.colcon_core.shell:Creating environment hook '/home/ubuntu/Capstone-Autonomous-Driving/ros2_ws/install/robot_car_pkg/share/robot_car_pkg/hook/cmake_prefix_path.ps1'
[1.663s] INFO:colcon.colcon_core.shell:Creating environment descriptor '/home/ubuntu/Capstone-Autonomous-Driving/ros2_ws/install/robot_car_pkg/share/robot_car_pkg/hook/cmake_prefix_path.dsv'
[1.664s] INFO:colcon.colcon_core.shell:Creating environment hook '/home/ubuntu/Capstone-Autonomous-Driving/ros2_ws/install/robot_car_pkg/share/robot_car_pkg/hook/cmake_prefix_path.sh'
[1.664s] Level 1:colcon.colcon_core.environment:checking '/home/ubuntu/Capstone-Autonomous-Driving/ros2_ws/install/robot_car_pkg/bin'
[1.664s] Level 1:colcon.colcon_core.environment:checking '/home/ubuntu/Capstone-Autonomous-Driving/ros2_ws/install/robot_car_pkg/lib/pkgconfig/robot_car_pkg.pc'
[1.664s] Level 1:colcon.colcon_core.environment:checking '/home/ubuntu/Capstone-Autonomous-Driving/ros2_ws/install/robot_car_pkg/lib/python3.10/site-packages'
[1.665s] Level 1:colcon.colcon_core.environment:checking '/home/ubuntu/Capstone-Autonomous-Driving/ros2_ws/install/robot_car_pkg/bin'
[1.679s] INFO:colcon.colcon_core.shell:Creating package script '/home/ubuntu/Capstone-Autonomous-Driving/ros2_ws/install/robot_car_pkg/share/robot_car_pkg/package.ps1'
[1.680s] INFO:colcon.colcon_core.shell:Creating package descriptor '/home/ubuntu/Capstone-Autonomous-Driving/ros2_ws/install/robot_car_pkg/share/robot_car_pkg/package.dsv'
[1.680s] INFO:colcon.colcon_core.shell:Creating package script '/home/ubuntu/Capstone-Autonomous-Driving/ros2_ws/install/robot_car_pkg/share/robot_car_pkg/package.sh'
[1.680s] INFO:colcon.colcon_core.shell:Creating package script '/home/ubuntu/Capstone-Autonomous-Driving/ros2_ws/install/robot_car_pkg/share/robot_car_pkg/package.bash'
[1.681s] INFO:colcon.colcon_core.shell:Creating package script '/home/ubuntu/Capstone-Autonomous-Driving/ros2_ws/install/robot_car_pkg/share/robot_car_pkg/package.zsh'
[1.681s] Level 1:colcon.colcon_core.environment:create_file_with_runtime_dependencies(/home/ubuntu/Capstone-Autonomous-Driving/ros2_ws/install/robot_car_pkg/share/colcon-core/packages/robot_car_pkg)
[1.683s] DEBUG:colcon.colcon_core.event_handler.log_command:Invoking command in '/home/ubuntu/Capstone-Autonomous-Driving/ros2_ws/build/rplidar_ros': CMAKE_PREFIX_PATH=${CMAKE_PREFIX_PATH}:/home/ubuntu/Capstone-Autonomous-Driving/ros2_ws/install/OAK_D_Pro:/opt/ros/humble /usr/bin/cmake --install /home/ubuntu/Capstone-Autonomous-Driving/ros2_ws/build/rplidar_ros
[1.694s] Level 1:colcon.colcon_core.environment:create_environment_scripts_only(rplidar_ros)
[1.694s] DEBUG:colcon.colcon_core.event_handler.log_command:Invoked command in '/home/ubuntu/Capstone-Autonomous-Driving/ros2_ws/build/rplidar_ros' returned '0': CMAKE_PREFIX_PATH=${CMAKE_PREFIX_PATH}:/home/ubuntu/Capstone-Autonomous-Driving/ros2_ws/install/OAK_D_Pro:/opt/ros/humble /usr/bin/cmake --install /home/ubuntu/Capstone-Autonomous-Driving/ros2_ws/build/rplidar_ros
[1.708s] Level 1:colcon.colcon_core.environment:checking '/home/ubuntu/Capstone-Autonomous-Driving/ros2_ws/install/rplidar_ros' for CMake module files
[1.708s] Level 1:colcon.colcon_core.environment:checking '/home/ubuntu/Capstone-Autonomous-Driving/ros2_ws/install/rplidar_ros' for CMake config files
[1.709s] Level 1:colcon.colcon_core.shell:create_environment_hook('rplidar_ros', 'cmake_prefix_path')
[1.720s] INFO:colcon.colcon_core.shell:Creating environment hook '/home/ubuntu/Capstone-Autonomous-Driving/ros2_ws/install/rplidar_ros/share/rplidar_ros/hook/cmake_prefix_path.ps1'
[1.721s] INFO:colcon.colcon_core.shell:Creating environment descriptor '/home/ubuntu/Capstone-Autonomous-Driving/ros2_ws/install/rplidar_ros/share/rplidar_ros/hook/cmake_prefix_path.dsv'
[1.721s] INFO:colcon.colcon_core.shell:Creating environment hook '/home/ubuntu/Capstone-Autonomous-Driving/ros2_ws/install/rplidar_ros/share/rplidar_ros/hook/cmake_prefix_path.sh'
[1.722s] Level 1:colcon.colcon_core.environment:checking '/home/ubuntu/Capstone-Autonomous-Driving/ros2_ws/install/rplidar_ros/lib'
[1.722s] Level 1:colcon.colcon_core.shell:create_environment_hook('rplidar_ros', 'ld_library_path_lib')
[1.734s] INFO:colcon.colcon_core.shell:Creating environment hook '/home/ubuntu/Capstone-Autonomous-Driving/ros2_ws/install/rplidar_ros/share/rplidar_ros/hook/ld_library_path_lib.ps1'
[1.735s] INFO:colcon.colcon_core.shell:Creating environment descriptor '/home/ubuntu/Capstone-Autonomous-Driving/ros2_ws/install/rplidar_ros/share/rplidar_ros/hook/ld_library_path_lib.dsv'
[1.735s] INFO:colcon.colcon_core.shell:Creating environment hook '/home/ubuntu/Capstone-Autonomous-Driving/ros2_ws/install/rplidar_ros/share/rplidar_ros/hook/ld_library_path_lib.sh'
[1.735s] Level 1:colcon.colcon_core.environment:checking '/home/ubuntu/Capstone-Autonomous-Driving/ros2_ws/install/rplidar_ros/bin'
[1.735s] Level 1:colcon.colcon_core.environment:checking '/home/ubuntu/Capstone-Autonomous-Driving/ros2_ws/install/rplidar_ros/lib/pkgconfig/rplidar_ros.pc'
[1.735s] Level 1:colcon.colcon_core.environment:checking '/home/ubuntu/Capstone-Autonomous-Driving/ros2_ws/install/rplidar_ros/lib/python3.10/site-packages'
[1.736s] Level 1:colcon.colcon_core.environment:checking '/home/ubuntu/Capstone-Autonomous-Driving/ros2_ws/install/rplidar_ros/bin'
[1.748s] INFO:colcon.colcon_core.shell:Creating package script '/home/ubuntu/Capstone-Autonomous-Driving/ros2_ws/install/rplidar_ros/share/rplidar_ros/package.ps1'
[1.749s] INFO:colcon.colcon_core.shell:Creating package descriptor '/home/ubuntu/Capstone-Autonomous-Driving/ros2_ws/install/rplidar_ros/share/rplidar_ros/package.dsv'
[1.749s] INFO:colcon.colcon_core.shell:Creating package script '/home/ubuntu/Capstone-Autonomous-Driving/ros2_ws/install/rplidar_ros/share/rplidar_ros/package.sh'
[1.749s] INFO:colcon.colcon_core.shell:Creating package script '/home/ubuntu/Capstone-Autonomous-Driving/ros2_ws/install/rplidar_ros/share/rplidar_ros/package.bash'
[1.750s] INFO:colcon.colcon_core.shell:Creating package script '/home/ubuntu/Capstone-Autonomous-Driving/ros2_ws/install/rplidar_ros/share/rplidar_ros/package.zsh'
[1.750s] Level 1:colcon.colcon_core.environment:create_file_with_runtime_dependencies(/home/ubuntu/Capstone-Autonomous-Driving/ros2_ws/install/rplidar_ros/share/colcon-core/packages/rplidar_ros)
[1.764s] DEBUG:colcon.colcon_core.event_handler.log_command:Invoking command in '/home/ubuntu/Capstone-Autonomous-Driving/ros2_ws/src/OAK_D_Pro': PYTHONPATH=/home/ubuntu/Capstone-Autonomous-Driving/ros2_ws/build/OAK_D_Pro/prefix_override:/home/ubuntu/Capstone-Autonomous-Driving/ros2_ws/install/OAK_D_Pro/lib/python3.10/site-packages:${PYTHONPATH} /usr/bin/python3 setup.py egg_info --egg-base ../../build/OAK_D_Pro build --build-base /home/ubuntu/Capstone-Autonomous-Driving/ros2_ws/build/OAK_D_Pro/build install --record /home/ubuntu/Capstone-Autonomous-Driving/ros2_ws/build/OAK_D_Pro/install.log --single-version-externally-managed
[1.809s] Level 1:colcon.colcon_core.environment:create_environment_scripts_only(rplidar_ros)
[1.822s] Level 1:colcon.colcon_core.environment:checking '/home/ubuntu/Capstone-Autonomous-Driving/ros2_ws/install/rplidar_ros' for CMake module files
[1.823s] Level 1:colcon.colcon_core.environment:checking '/home/ubuntu/Capstone-Autonomous-Driving/ros2_ws/install/rplidar_ros' for CMake config files
[1.823s] Level 1:colcon.colcon_core.shell:create_environment_hook('rplidar_ros', 'cmake_prefix_path')
[1.837s] INFO:colcon.colcon_core.shell:Creating environment hook '/home/ubuntu/Capstone-Autonomous-Driving/ros2_ws/install/rplidar_ros/share/rplidar_ros/hook/cmake_prefix_path.ps1'
[1.837s] INFO:colcon.colcon_core.shell:Creating environment descriptor '/home/ubuntu/Capstone-Autonomous-Driving/ros2_ws/install/rplidar_ros/share/rplidar_ros/hook/cmake_prefix_path.dsv'
[1.837s] INFO:colcon.colcon_core.shell:Creating environment hook '/home/ubuntu/Capstone-Autonomous-Driving/ros2_ws/install/rplidar_ros/share/rplidar_ros/hook/cmake_prefix_path.sh'
[1.838s] Level 1:colcon.colcon_core.environment:checking '/home/ubuntu/Capstone-Autonomous-Driving/ros2_ws/install/rplidar_ros/lib'
[1.838s] Level 1:colcon.colcon_core.shell:create_environment_hook('rplidar_ros', 'ld_library_path_lib')
[1.852s] INFO:colcon.colcon_core.shell:Creating environment hook '/home/ubuntu/Capstone-Autonomous-Driving/ros2_ws/install/rplidar_ros/share/rplidar_ros/hook/ld_library_path_lib.ps1'
[1.852s] INFO:colcon.colcon_core.shell:Creating environment descriptor '/home/ubuntu/Capstone-Autonomous-Driving/ros2_ws/install/rplidar_ros/share/rplidar_ros/hook/ld_library_path_lib.dsv'
[1.853s] INFO:colcon.colcon_core.shell:Creating environment hook '/home/ubuntu/Capstone-Autonomous-Driving/ros2_ws/install/rplidar_ros/share/rplidar_ros/hook/ld_library_path_lib.sh'
[1.853s] Level 1:colcon.colcon_core.environment:checking '/home/ubuntu/Capstone-Autonomous-Driving/ros2_ws/install/rplidar_ros/bin'
[1.853s] Level 1:colcon.colcon_core.environment:checking '/home/ubuntu/Capstone-Autonomous-Driving/ros2_ws/install/rplidar_ros/lib/pkgconfig/rplidar_ros.pc'
[1.853s] Level 1:colcon.colcon_core.environment:checking '/home/ubuntu/Capstone-Autonomous-Driving/ros2_ws/install/rplidar_ros/lib/python3.10/site-packages'
[1.854s] Level 1:colcon.colcon_core.environment:checking '/home/ubuntu/Capstone-Autonomous-Driving/ros2_ws/install/rplidar_ros/bin'
[1.867s] INFO:colcon.colcon_core.shell:Creating package script '/home/ubuntu/Capstone-Autonomous-Driving/ros2_ws/install/rplidar_ros/share/rplidar_ros/package.ps1'
[1.867s] INFO:colcon.colcon_core.shell:Creating package descriptor '/home/ubuntu/Capstone-Autonomous-Driving/ros2_ws/install/rplidar_ros/share/rplidar_ros/package.dsv'
[1.868s] INFO:colcon.colcon_core.shell:Creating package script '/home/ubuntu/Capstone-Autonomous-Driving/ros2_ws/install/rplidar_ros/share/rplidar_ros/package.sh'
[1.868s] INFO:colcon.colcon_core.shell:Creating package script '/home/ubuntu/Capstone-Autonomous-Driving/ros2_ws/install/rplidar_ros/share/rplidar_ros/package.bash'
[1.869s] INFO:colcon.colcon_core.shell:Creating package script '/home/ubuntu/Capstone-Autonomous-Driving/ros2_ws/install/rplidar_ros/share/rplidar_ros/package.zsh'
[1.869s] Level 1:colcon.colcon_core.environment:create_file_with_runtime_dependencies(/home/ubuntu/Capstone-Autonomous-Driving/ros2_ws/install/rplidar_ros/share/colcon-core/packages/rplidar_ros)
[2.037s] DEBUG:colcon.colcon_core.event_handler.log_command:Invoked command in '/home/ubuntu/Capstone-Autonomous-Driving/ros2_ws/src/OAK_D_Pro' returned '0': PYTHONPATH=/home/ubuntu/Capstone-Autonomous-Driving/ros2_ws/build/OAK_D_Pro/prefix_override:/home/ubuntu/Capstone-Autonomous-Driving/ros2_ws/install/OAK_D_Pro/lib/python3.10/site-packages:${PYTHONPATH} /usr/bin/python3 setup.py egg_info --egg-base ../../build/OAK_D_Pro build --build-base /home/ubuntu/Capstone-Autonomous-Driving/ros2_ws/build/OAK_D_Pro/build install --record /home/ubuntu/Capstone-Autonomous-Driving/ros2_ws/build/OAK_D_Pro/install.log --single-version-externally-managed
[2.049s] Level 1:colcon.colcon_core.environment:checking '/home/ubuntu/Capstone-Autonomous-Driving/ros2_ws/install/OAK_D_Pro' for CMake module files
[2.049s] Level 1:colcon.colcon_core.environment:checking '/home/ubuntu/Capstone-Autonomous-Driving/ros2_ws/install/OAK_D_Pro' for CMake config files
[2.050s] Level 1:colcon.colcon_core.environment:checking '/home/ubuntu/Capstone-Autonomous-Driving/ros2_ws/install/OAK_D_Pro/lib'
[2.050s] Level 1:colcon.colcon_core.environment:checking '/home/ubuntu/Capstone-Autonomous-Driving/ros2_ws/install/OAK_D_Pro/bin'
[2.050s] Level 1:colcon.colcon_core.environment:checking '/home/ubuntu/Capstone-Autonomous-Driving/ros2_ws/install/OAK_D_Pro/lib/pkgconfig/OAK_D_Pro.pc'
[2.050s] Level 1:colcon.colcon_core.environment:checking '/home/ubuntu/Capstone-Autonomous-Driving/ros2_ws/install/OAK_D_Pro/lib/python3.10/site-packages'
[2.050s] Level 1:colcon.colcon_core.shell:create_environment_hook('OAK_D_Pro', 'pythonpath')
[2.061s] INFO:colcon.colcon_core.shell:Creating environment hook '/home/ubuntu/Capstone-Autonomous-Driving/ros2_ws/install/OAK_D_Pro/share/OAK_D_Pro/hook/pythonpath.ps1'
[2.061s] INFO:colcon.colcon_core.shell:Creating environment descriptor '/home/ubuntu/Capstone-Autonomous-Driving/ros2_ws/install/OAK_D_Pro/share/OAK_D_Pro/hook/pythonpath.dsv'
[2.061s] INFO:colcon.colcon_core.shell:Creating environment hook '/home/ubuntu/Capstone-Autonomous-Driving/ros2_ws/install/OAK_D_Pro/share/OAK_D_Pro/hook/pythonpath.sh'
[2.062s] Level 1:colcon.colcon_core.environment:checking '/home/ubuntu/Capstone-Autonomous-Driving/ros2_ws/install/OAK_D_Pro/bin'
[2.062s] Level 1:colcon.colcon_core.environment:create_environment_scripts_only(OAK_D_Pro)
[2.076s] INFO:colcon.colcon_core.shell:Creating package script '/home/ubuntu/Capstone-Autonomous-Driving/ros2_ws/install/OAK_D_Pro/share/OAK_D_Pro/package.ps1'
[2.077s] INFO:colcon.colcon_core.shell:Creating package descriptor '/home/ubuntu/Capstone-Autonomous-Driving/ros2_ws/install/OAK_D_Pro/share/OAK_D_Pro/package.dsv'
[2.078s] INFO:colcon.colcon_core.shell:Creating package script '/home/ubuntu/Capstone-Autonomous-Driving/ros2_ws/install/OAK_D_Pro/share/OAK_D_Pro/package.sh'
[2.079s] INFO:colcon.colcon_core.shell:Creating package script '/home/ubuntu/Capstone-Autonomous-Driving/ros2_ws/install/OAK_D_Pro/share/OAK_D_Pro/package.bash'
[2.079s] INFO:colcon.colcon_core.shell:Creating package script '/home/ubuntu/Capstone-Autonomous-Driving/ros2_ws/install/OAK_D_Pro/share/OAK_D_Pro/package.zsh'
[2.079s] Level 1:colcon.colcon_core.environment:create_file_with_runtime_dependencies(/home/ubuntu/Capstone-Autonomous-Driving/ros2_ws/install/OAK_D_Pro/share/colcon-core/packages/OAK_D_Pro)
[2.080s] DEBUG:colcon.colcon_parallel_executor.executor.parallel:closing loop
[2.080s] DEBUG:colcon.colcon_parallel_executor.executor.parallel:loop closed
[2.080s] DEBUG:colcon.colcon_parallel_executor.executor.parallel:run_until_complete finished with '0'
[2.081s] DEBUG:colcon.colcon_core.event_reactor:joining thread
[2.095s] INFO:colcon.colcon_core.plugin_system:Skipping extension 'colcon_notification.desktop_notification.terminal_notifier': Not used on non-Darwin systems
[2.095s] INFO:colcon.colcon_core.plugin_system:Skipping extension 'colcon_notification.desktop_notification.win32': Not used on non-Windows systems
[2.095s] INFO:colcon.colcon_notification.desktop_notification:Sending desktop notification using 'notify2'
[2.109s] DEBUG:colcon.colcon_core.event_reactor:joined thread
[2.124s] INFO:colcon.colcon_core.shell:Creating prefix script '/home/ubuntu/Capstone-Autonomous-Driving/ros2_ws/install/local_setup.ps1'
[2.125s] INFO:colcon.colcon_core.shell:Creating prefix util module '/home/ubuntu/Capstone-Autonomous-Driving/ros2_ws/install/_local_setup_util_ps1.py'
[2.126s] INFO:colcon.colcon_core.shell:Creating prefix chain script '/home/ubuntu/Capstone-Autonomous-Driving/ros2_ws/install/setup.ps1'
[2.142s] INFO:colcon.colcon_core.shell:Creating prefix script '/home/ubuntu/Capstone-Autonomous-Driving/ros2_ws/install/local_setup.sh'
[2.142s] INFO:colcon.colcon_core.shell:Creating prefix util module '/home/ubuntu/Capstone-Autonomous-Driving/ros2_ws/install/_local_setup_util_sh.py'
[2.143s] INFO:colcon.colcon_core.shell:Creating prefix chain script '/home/ubuntu/Capstone-Autonomous-Driving/ros2_ws/install/setup.sh'
[2.159s] INFO:colcon.colcon_core.shell:Creating prefix script '/home/ubuntu/Capstone-Autonomous-Driving/ros2_ws/install/local_setup.bash'
[2.160s] INFO:colcon.colcon_core.shell:Creating prefix chain script '/home/ubuntu/Capstone-Autonomous-Driving/ros2_ws/install/setup.bash'
[2.172s] INFO:colcon.colcon_core.shell:Creating prefix script '/home/ubuntu/Capstone-Autonomous-Driving/ros2_ws/install/local_setup.zsh'
[2.173s] INFO:colcon.colcon_core.shell:Creating prefix chain script '/home/ubuntu/Capstone-Autonomous-Driving/ros2_ws/install/setup.zsh'
