[1.094s] Invoking command in '/home/ubuntu/Capstone-Autonomous-Driving/ros2_ws/src/ps5_controller': PYTHONPATH=/home/ubuntu/Capstone-Autonomous-Driving/ros2_ws/build/ps5_controller/prefix_override:/home/ubuntu/Capstone-Autonomous-Driving/ros2_ws/install/ps5_controller/lib/python3.10/site-packages:${PYTHONPATH} /usr/bin/python3 setup.py egg_info --egg-base ../../build/ps5_controller build --build-base /home/ubuntu/Capstone-Autonomous-Driving/ros2_ws/build/ps5_controller/build install --record /home/ubuntu/Capstone-Autonomous-Driving/ros2_ws/build/ps5_controller/install.log --single-version-externally-managed
[1.339s] running egg_info
[1.340s] creating ../../build/ps5_controller/ps5_controller.egg-info
[1.340s] writing ../../build/ps5_controller/ps5_controller.egg-info/PKG-INFO
[1.340s] writing dependency_links to ../../build/ps5_controller/ps5_controller.egg-info/dependency_links.txt
[1.340s] writing entry points to ../../build/ps5_controller/ps5_controller.egg-info/entry_points.txt
[1.340s] writing requirements to ../../build/ps5_controller/ps5_controller.egg-info/requires.txt
[1.341s] writing top-level names to ../../build/ps5_controller/ps5_controller.egg-info/top_level.txt
[1.341s] writing manifest file '../../build/ps5_controller/ps5_controller.egg-info/SOURCES.txt'
[1.342s] reading manifest file '../../build/ps5_controller/ps5_controller.egg-info/SOURCES.txt'
[1.343s] writing manifest file '../../build/ps5_controller/ps5_controller.egg-info/SOURCES.txt'
[1.343s] running build
[1.343s] running build_py
[1.343s] creating /home/ubuntu/Capstone-Autonomous-Driving/ros2_ws/build/ps5_controller/build
[1.343s] creating /home/ubuntu/Capstone-Autonomous-Driving/ros2_ws/build/ps5_controller/build/lib
[1.343s] creating /home/ubuntu/Capstone-Autonomous-Driving/ros2_ws/build/ps5_controller/build/lib/ps5_controller
[1.343s] copying ps5_controller/main.py -> /home/ubuntu/Capstone-Autonomous-Driving/ros2_ws/build/ps5_controller/build/lib/ps5_controller
[1.344s] copying ps5_controller/__init__.py -> /home/ubuntu/Capstone-Autonomous-Driving/ros2_ws/build/ps5_controller/build/lib/ps5_controller
[1.344s] running install
[1.344s] running install_lib
[1.345s] creating /home/ubuntu/Capstone-Autonomous-Driving/ros2_ws/install/ps5_controller/lib/python3.10/site-packages/ps5_controller
[1.345s] copying /home/ubuntu/Capstone-Autonomous-Driving/ros2_ws/build/ps5_controller/build/lib/ps5_controller/main.py -> /home/ubuntu/Capstone-Autonomous-Driving/ros2_ws/install/ps5_controller/lib/python3.10/site-packages/ps5_controller
[1.345s] copying /home/ubuntu/Capstone-Autonomous-Driving/ros2_ws/build/ps5_controller/build/lib/ps5_controller/__init__.py -> /home/ubuntu/Capstone-Autonomous-Driving/ros2_ws/install/ps5_controller/lib/python3.10/site-packages/ps5_controller
[1.345s] byte-compiling /home/ubuntu/Capstone-Autonomous-Driving/ros2_ws/install/ps5_controller/lib/python3.10/site-packages/ps5_controller/main.py to main.cpython-310.pyc
[1.346s] byte-compiling /home/ubuntu/Capstone-Autonomous-Driving/ros2_ws/install/ps5_controller/lib/python3.10/site-packages/ps5_controller/__init__.py to __init__.cpython-310.pyc
[1.346s] running install_data
[1.346s] creating /home/ubuntu/Capstone-Autonomous-Driving/ros2_ws/install/ps5_controller/share/ament_index
[1.347s] creating /home/ubuntu/Capstone-Autonomous-Driving/ros2_ws/install/ps5_controller/share/ament_index/resource_index
[1.347s] creating /home/ubuntu/Capstone-Autonomous-Driving/ros2_ws/install/ps5_controller/share/ament_index/resource_index/packages
[1.347s] copying resource/ps5_controller -> /home/ubuntu/Capstone-Autonomous-Driving/ros2_ws/install/ps5_controller/share/ament_index/resource_index/packages
[1.347s] copying package.xml -> /home/ubuntu/Capstone-Autonomous-Driving/ros2_ws/install/ps5_controller/share/ps5_controller
[1.347s] running install_egg_info
[1.348s] Copying ../../build/ps5_controller/ps5_controller.egg-info to /home/ubuntu/Capstone-Autonomous-Driving/ros2_ws/install/ps5_controller/lib/python3.10/site-packages/ps5_controller-0.0.0-py3.10.egg-info
[1.349s] running install_scripts
[1.369s] Installing ps5_controller script to /home/ubuntu/Capstone-Autonomous-Driving/ros2_ws/install/ps5_controller/lib/ps5_controller
[1.369s] writing list of installed files to '/home/ubuntu/Capstone-Autonomous-Driving/ros2_ws/build/ps5_controller/install.log'
[1.398s] Invoked command in '/home/ubuntu/Capstone-Autonomous-Driving/ros2_ws/src/ps5_controller' returned '0': PYTHONPATH=/home/ubuntu/Capstone-Autonomous-Driving/ros2_ws/build/ps5_controller/prefix_override:/home/ubuntu/Capstone-Autonomous-Driving/ros2_ws/install/ps5_controller/lib/python3.10/site-packages:${PYTHONPATH} /usr/bin/python3 setup.py egg_info --egg-base ../../build/ps5_controller build --build-base /home/ubuntu/Capstone-Autonomous-Driving/ros2_ws/build/ps5_controller/build install --record /home/ubuntu/Capstone-Autonomous-Driving/ros2_ws/build/ps5_controller/install.log --single-version-externally-managed
