[5.921s] Invoking command in '/home/ubuntu/Desktop/Capstone-Autonomous-Driving/ros2_ws/src/OAK_D_Pro': PYTHONPATH=/home/ubuntu/Desktop/Capstone-Autonomous-Driving/ros2_ws/build/OAK_D_Pro/prefix_override:/home/ubuntu/Desktop/Capstone-Autonomous-Driving/ros2_ws/install/OAK_D_Pro/lib/python3.10/site-packages:${PYTHONPATH} /usr/bin/python3 setup.py egg_info --egg-base ../../build/OAK_D_Pro build --build-base /home/ubuntu/Desktop/Capstone-Autonomous-Driving/ros2_ws/build/OAK_D_Pro/build install --record /home/ubuntu/Desktop/Capstone-Autonomous-Driving/ros2_ws/build/OAK_D_Pro/install.log --single-version-externally-managed
[7.247s] running egg_info
[7.250s] writing ../../build/OAK_D_Pro/OAK_D_Pro.egg-info/PKG-INFO
[7.251s] writing dependency_links to ../../build/OAK_D_Pro/OAK_D_Pro.egg-info/dependency_links.txt
[7.252s] writing entry points to ../../build/OAK_D_Pro/OAK_D_Pro.egg-info/entry_points.txt
[7.253s] writing requirements to ../../build/OAK_D_Pro/OAK_D_Pro.egg-info/requires.txt
[7.254s] writing top-level names to ../../build/OAK_D_Pro/OAK_D_Pro.egg-info/top_level.txt
[7.262s] reading manifest file '../../build/OAK_D_Pro/OAK_D_Pro.egg-info/SOURCES.txt'
[7.266s] writing manifest file '../../build/OAK_D_Pro/OAK_D_Pro.egg-info/SOURCES.txt'
[7.267s] running build
[7.267s] running build_py
[7.269s] running install
[7.270s] running install_lib
[7.275s] running install_data
[7.278s] running install_egg_info
[7.285s] removing '/home/ubuntu/Desktop/Capstone-Autonomous-Driving/ros2_ws/install/OAK_D_Pro/lib/python3.10/site-packages/OAK_D_Pro-0.0.0-py3.10.egg-info' (and everything under it)
[7.287s] Copying ../../build/OAK_D_Pro/OAK_D_Pro.egg-info to /home/ubuntu/Desktop/Capstone-Autonomous-Driving/ros2_ws/install/OAK_D_Pro/lib/python3.10/site-packages/OAK_D_Pro-0.0.0-py3.10.egg-info
[7.292s] running install_scripts
[7.366s] Installing OAK_D_Pro script to /home/ubuntu/Desktop/Capstone-Autonomous-Driving/ros2_ws/install/OAK_D_Pro/lib/OAK_D_Pro
[7.368s] writing list of installed files to '/home/ubuntu/Desktop/Capstone-Autonomous-Driving/ros2_ws/build/OAK_D_Pro/install.log'
[7.489s] Invoked command in '/home/ubuntu/Desktop/Capstone-Autonomous-Driving/ros2_ws/src/OAK_D_Pro' returned '0': PYTHONPATH=/home/ubuntu/Desktop/Capstone-Autonomous-Driving/ros2_ws/build/OAK_D_Pro/prefix_override:/home/ubuntu/Desktop/Capstone-Autonomous-Driving/ros2_ws/install/OAK_D_Pro/lib/python3.10/site-packages:${PYTHONPATH} /usr/bin/python3 setup.py egg_info --egg-base ../../build/OAK_D_Pro build --build-base /home/ubuntu/Desktop/Capstone-Autonomous-Driving/ros2_ws/build/OAK_D_Pro/build install --record /home/ubuntu/Desktop/Capstone-Autonomous-Driving/ros2_ws/build/OAK_D_Pro/install.log --single-version-externally-managed
