[0.675s] Invoking command in '/home/ubuntu/Capstone-Autonomous-Driving/ros2_ws/src/oak_d_pro': PYTHONPATH=/home/ubuntu/Capstone-Autonomous-Driving/ros2_ws/build/oak_d_pro/prefix_override:/home/ubuntu/Capstone-Autonomous-Driving/ros2_ws/install/oak_d_pro/lib/python3.10/site-packages:${PYTHONPATH} /usr/bin/python3 setup.py egg_info --egg-base ../../build/oak_d_pro build --build-base /home/ubuntu/Capstone-Autonomous-Driving/ros2_ws/build/oak_d_pro/build install --record /home/ubuntu/Capstone-Autonomous-Driving/ros2_ws/build/oak_d_pro/install.log --single-version-externally-managed
[0.842s] running egg_info
[0.843s] writing ../../build/oak_d_pro/oak_d_pro.egg-info/PKG-INFO
[0.843s] writing dependency_links to ../../build/oak_d_pro/oak_d_pro.egg-info/dependency_links.txt
[0.843s] writing entry points to ../../build/oak_d_pro/oak_d_pro.egg-info/entry_points.txt
[0.844s] writing requirements to ../../build/oak_d_pro/oak_d_pro.egg-info/requires.txt
[0.844s] writing top-level names to ../../build/oak_d_pro/oak_d_pro.egg-info/top_level.txt
[0.845s] reading manifest file '../../build/oak_d_pro/oak_d_pro.egg-info/SOURCES.txt'
[0.845s] writing manifest file '../../build/oak_d_pro/oak_d_pro.egg-info/SOURCES.txt'
[0.846s] running build
[0.846s] running build_py
[0.846s] running install
[0.846s] running install_lib
[0.847s] running install_data
[0.847s] running install_egg_info
[0.848s] removing '/home/ubuntu/Capstone-Autonomous-Driving/ros2_ws/install/oak_d_pro/lib/python3.10/site-packages/oak_d_pro-0.0.0-py3.10.egg-info' (and everything under it)
[0.849s] Copying ../../build/oak_d_pro/oak_d_pro.egg-info to /home/ubuntu/Capstone-Autonomous-Driving/ros2_ws/install/oak_d_pro/lib/python3.10/site-packages/oak_d_pro-0.0.0-py3.10.egg-info
[0.849s] running install_scripts
[0.863s] Installing cam_info_pub script to /home/ubuntu/Capstone-Autonomous-Driving/ros2_ws/install/oak_d_pro/lib/oak_d_pro
[0.864s] Installing oak_d_pro script to /home/ubuntu/Capstone-Autonomous-Driving/ros2_ws/install/oak_d_pro/lib/oak_d_pro
[0.864s] writing list of installed files to '/home/ubuntu/Capstone-Autonomous-Driving/ros2_ws/build/oak_d_pro/install.log'
[0.883s] Invoked command in '/home/ubuntu/Capstone-Autonomous-Driving/ros2_ws/src/oak_d_pro' returned '0': PYTHONPATH=/home/ubuntu/Capstone-Autonomous-Driving/ros2_ws/build/oak_d_pro/prefix_override:/home/ubuntu/Capstone-Autonomous-Driving/ros2_ws/install/oak_d_pro/lib/python3.10/site-packages:${PYTHONPATH} /usr/bin/python3 setup.py egg_info --egg-base ../../build/oak_d_pro build --build-base /home/ubuntu/Capstone-Autonomous-Driving/ros2_ws/build/oak_d_pro/build install --record /home/ubuntu/Capstone-Autonomous-Driving/ros2_ws/build/oak_d_pro/install.log --single-version-externally-managed
