[0.765s] Invoking command in '/home/ubuntu/Desktop/Capstone-Autonomous-Driving/ros2_ws/build/robot_car_pkg': CMAKE_PREFIX_PATH=${CMAKE_PREFIX_PATH}:/home/ubuntu/Desktop/Capstone-Autonomous-Driving/ros2_ws/install/OAK_D_Pro:/home/ubuntu/ros2_ws/install/test_pkg:/home/ubuntu/ros2_ws/install/robot_pkg:/opt/ros/humble /usr/bin/cmake /home/ubuntu/Desktop/Capstone-Autonomous-Driving/ros2_ws/src/robot_car_pkg -DCMAKE_INSTALL_PREFIX=/home/ubuntu/Desktop/Capstone-Autonomous-Driving/ros2_ws/install/robot_car_pkg
[1.122s] -- The C compiler identification is GNU 11.4.0
[1.369s] -- The CXX compiler identification is GNU 11.4.0
[1.393s] -- Detecting C compiler ABI info
[1.498s] -- Detecting C compiler ABI info - done
[1.505s] -- Check for working C compiler: /usr/bin/cc - skipped
[1.506s] -- Detecting C compile features
[1.508s] -- Detecting C compile features - done
[1.514s] -- Detecting CXX compiler ABI info
[1.656s] -- Detecting CXX compiler ABI info - done
[1.663s] -- Check for working CXX compiler: /usr/bin/c++ - skipped
[1.664s] -- Detecting CXX compile features
[1.664s] -- Detecting CXX compile features - done
[1.692s] -- Found ament_cmake: 1.3.7 (/opt/ros/humble/share/ament_cmake/cmake)
[2.271s] -- Found Python3: /usr/bin/python3.10 (found version "3.10.12") found components: Interpreter 
[2.470s] -- Found ament_lint_auto: 0.12.10 (/opt/ros/humble/share/ament_lint_auto/cmake)
[2.599s] -- Added test 'flake8' to check Python code syntax and style conventions
[2.600s] -- Added test 'lint_cmake' to check CMake code style
[2.601s] -- Added test 'pep257' to check Python code against some of the docstring style conventions in PEP 257
[2.605s] -- Added test 'xmllint' to check XML markup files
[2.608s] -- Configuring done
[2.612s] -- Generating done
[2.613s] -- Build files have been written to: /home/ubuntu/Desktop/Capstone-Autonomous-Driving/ros2_ws/build/robot_car_pkg
[2.620s] Invoked command in '/home/ubuntu/Desktop/Capstone-Autonomous-Driving/ros2_ws/build/robot_car_pkg' returned '0': CMAKE_PREFIX_PATH=${CMAKE_PREFIX_PATH}:/home/ubuntu/Desktop/Capstone-Autonomous-Driving/ros2_ws/install/OAK_D_Pro:/home/ubuntu/ros2_ws/install/test_pkg:/home/ubuntu/ros2_ws/install/robot_pkg:/opt/ros/humble /usr/bin/cmake /home/ubuntu/Desktop/Capstone-Autonomous-Driving/ros2_ws/src/robot_car_pkg -DCMAKE_INSTALL_PREFIX=/home/ubuntu/Desktop/Capstone-Autonomous-Driving/ros2_ws/install/robot_car_pkg
[2.621s] Invoking command in '/home/ubuntu/Desktop/Capstone-Autonomous-Driving/ros2_ws/build/robot_car_pkg': CMAKE_PREFIX_PATH=${CMAKE_PREFIX_PATH}:/home/ubuntu/Desktop/Capstone-Autonomous-Driving/ros2_ws/install/OAK_D_Pro:/home/ubuntu/ros2_ws/install/test_pkg:/home/ubuntu/ros2_ws/install/robot_pkg:/opt/ros/humble /usr/bin/cmake --build /home/ubuntu/Desktop/Capstone-Autonomous-Driving/ros2_ws/build/robot_car_pkg -- -j6 -l6
[2.675s] Invoked command in '/home/ubuntu/Desktop/Capstone-Autonomous-Driving/ros2_ws/build/robot_car_pkg' returned '0': CMAKE_PREFIX_PATH=${CMAKE_PREFIX_PATH}:/home/ubuntu/Desktop/Capstone-Autonomous-Driving/ros2_ws/install/OAK_D_Pro:/home/ubuntu/ros2_ws/install/test_pkg:/home/ubuntu/ros2_ws/install/robot_pkg:/opt/ros/humble /usr/bin/cmake --build /home/ubuntu/Desktop/Capstone-Autonomous-Driving/ros2_ws/build/robot_car_pkg -- -j6 -l6
[2.728s] Invoking command in '/home/ubuntu/Desktop/Capstone-Autonomous-Driving/ros2_ws/build/robot_car_pkg': CMAKE_PREFIX_PATH=${CMAKE_PREFIX_PATH}:/home/ubuntu/Desktop/Capstone-Autonomous-Driving/ros2_ws/install/OAK_D_Pro:/home/ubuntu/ros2_ws/install/test_pkg:/home/ubuntu/ros2_ws/install/robot_pkg:/opt/ros/humble /usr/bin/cmake --install /home/ubuntu/Desktop/Capstone-Autonomous-Driving/ros2_ws/build/robot_car_pkg
[2.738s] -- Install configuration: ""
[2.738s] -- Installing: /home/ubuntu/Desktop/Capstone-Autonomous-Driving/ros2_ws/install/robot_car_pkg/share/robot_car_pkg/config
[2.738s] -- Installing: /home/ubuntu/Desktop/Capstone-Autonomous-Driving/ros2_ws/install/robot_car_pkg/share/robot_car_pkg/config/view_rviz.rviz
[2.739s] -- Installing: /home/ubuntu/Desktop/Capstone-Autonomous-Driving/ros2_ws/install/robot_car_pkg/share/robot_car_pkg/description
[2.739s] -- Installing: /home/ubuntu/Desktop/Capstone-Autonomous-Driving/ros2_ws/install/robot_car_pkg/share/robot_car_pkg/description/robot_core.xacro
[2.739s] -- Installing: /home/ubuntu/Desktop/Capstone-Autonomous-Driving/ros2_ws/install/robot_car_pkg/share/robot_car_pkg/description/robot.urdf.xacro
[2.739s] -- Installing: /home/ubuntu/Desktop/Capstone-Autonomous-Driving/ros2_ws/install/robot_car_pkg/share/robot_car_pkg/description/inertial_macros.xacro
[2.740s] -- Installing: /home/ubuntu/Desktop/Capstone-Autonomous-Driving/ros2_ws/install/robot_car_pkg/share/robot_car_pkg/launch
[2.741s] -- Installing: /home/ubuntu/Desktop/Capstone-Autonomous-Driving/ros2_ws/install/robot_car_pkg/share/robot_car_pkg/launch/rsp.launch.py
[2.742s] -- Installing: /home/ubuntu/Desktop/Capstone-Autonomous-Driving/ros2_ws/install/robot_car_pkg/share/ament_index/resource_index/package_run_dependencies/robot_car_pkg
[2.744s] -- Installing: /home/ubuntu/Desktop/Capstone-Autonomous-Driving/ros2_ws/install/robot_car_pkg/share/ament_index/resource_index/parent_prefix_path/robot_car_pkg
[2.744s] -- Installing: /home/ubuntu/Desktop/Capstone-Autonomous-Driving/ros2_ws/install/robot_car_pkg/share/robot_car_pkg/environment/ament_prefix_path.sh
[2.744s] -- Installing: /home/ubuntu/Desktop/Capstone-Autonomous-Driving/ros2_ws/install/robot_car_pkg/share/robot_car_pkg/environment/ament_prefix_path.dsv
[2.744s] -- Installing: /home/ubuntu/Desktop/Capstone-Autonomous-Driving/ros2_ws/install/robot_car_pkg/share/robot_car_pkg/environment/path.sh
[2.746s] -- Installing: /home/ubuntu/Desktop/Capstone-Autonomous-Driving/ros2_ws/install/robot_car_pkg/share/robot_car_pkg/environment/path.dsv
[2.747s] -- Installing: /home/ubuntu/Desktop/Capstone-Autonomous-Driving/ros2_ws/install/robot_car_pkg/share/robot_car_pkg/local_setup.bash
[2.747s] -- Installing: /home/ubuntu/Desktop/Capstone-Autonomous-Driving/ros2_ws/install/robot_car_pkg/share/robot_car_pkg/local_setup.sh
[2.747s] -- Installing: /home/ubuntu/Desktop/Capstone-Autonomous-Driving/ros2_ws/install/robot_car_pkg/share/robot_car_pkg/local_setup.zsh
[2.747s] -- Installing: /home/ubuntu/Desktop/Capstone-Autonomous-Driving/ros2_ws/install/robot_car_pkg/share/robot_car_pkg/local_setup.dsv
[2.747s] -- Installing: /home/ubuntu/Desktop/Capstone-Autonomous-Driving/ros2_ws/install/robot_car_pkg/share/robot_car_pkg/package.dsv
[2.747s] -- Installing: /home/ubuntu/Desktop/Capstone-Autonomous-Driving/ros2_ws/install/robot_car_pkg/share/ament_index/resource_index/packages/robot_car_pkg
[2.747s] -- Installing: /home/ubuntu/Desktop/Capstone-Autonomous-Driving/ros2_ws/install/robot_car_pkg/share/robot_car_pkg/cmake/robot_car_pkgConfig.cmake
[2.748s] -- Installing: /home/ubuntu/Desktop/Capstone-Autonomous-Driving/ros2_ws/install/robot_car_pkg/share/robot_car_pkg/cmake/robot_car_pkgConfig-version.cmake
[2.756s] -- Installing: /home/ubuntu/Desktop/Capstone-Autonomous-Driving/ros2_ws/install/robot_car_pkg/share/robot_car_pkg/package.xml
[2.769s] Invoked command in '/home/ubuntu/Desktop/Capstone-Autonomous-Driving/ros2_ws/build/robot_car_pkg' returned '0': CMAKE_PREFIX_PATH=${CMAKE_PREFIX_PATH}:/home/ubuntu/Desktop/Capstone-Autonomous-Driving/ros2_ws/install/OAK_D_Pro:/home/ubuntu/ros2_ws/install/test_pkg:/home/ubuntu/ros2_ws/install/robot_pkg:/opt/ros/humble /usr/bin/cmake --install /home/ubuntu/Desktop/Capstone-Autonomous-Driving/ros2_ws/build/robot_car_pkg
