[1.030s] Invoking command in '/home/ubuntu/Capstone-Autonomous-Driving/ros2_ws/src/ps5_controller': PYTHONPATH=/home/ubuntu/Capstone-Autonomous-Driving/ros2_ws/build/ps5_controller/prefix_override:/home/ubuntu/Capstone-Autonomous-Driving/ros2_ws/install/ps5_controller/lib/python3.10/site-packages:${PYTHONPATH} /usr/bin/python3 setup.py egg_info --egg-base ../../build/ps5_controller build --build-base /home/ubuntu/Capstone-Autonomous-Driving/ros2_ws/build/ps5_controller/build install --record /home/ubuntu/Capstone-Autonomous-Driving/ros2_ws/build/ps5_controller/install.log --single-version-externally-managed
[1.210s] running egg_info
[1.211s] writing ../../build/ps5_controller/ps5_controller.egg-info/PKG-INFO
[1.211s] writing dependency_links to ../../build/ps5_controller/ps5_controller.egg-info/dependency_links.txt
[1.211s] writing entry points to ../../build/ps5_controller/ps5_controller.egg-info/entry_points.txt
[1.211s] writing requirements to ../../build/ps5_controller/ps5_controller.egg-info/requires.txt
[1.211s] writing top-level names to ../../build/ps5_controller/ps5_controller.egg-info/top_level.txt
[1.212s] reading manifest file '../../build/ps5_controller/ps5_controller.egg-info/SOURCES.txt'
[1.214s] writing manifest file '../../build/ps5_controller/ps5_controller.egg-info/SOURCES.txt'
[1.214s] running build
[1.214s] running build_py
[1.214s] running install
[1.214s] running install_lib
[1.215s] running install_data
[1.215s] running install_egg_info
[1.216s] removing '/home/ubuntu/Capstone-Autonomous-Driving/ros2_ws/install/ps5_controller/lib/python3.10/site-packages/ps5_controller-0.0.0-py3.10.egg-info' (and everything under it)
[1.216s] Copying ../../build/ps5_controller/ps5_controller.egg-info to /home/ubuntu/Capstone-Autonomous-Driving/ros2_ws/install/ps5_controller/lib/python3.10/site-packages/ps5_controller-0.0.0-py3.10.egg-info
[1.217s] running install_scripts
[1.231s] Installing ps5_controller script to /home/ubuntu/Capstone-Autonomous-Driving/ros2_ws/install/ps5_controller/lib/ps5_controller
[1.231s] writing list of installed files to '/home/ubuntu/Capstone-Autonomous-Driving/ros2_ws/build/ps5_controller/install.log'
[1.255s] Invoked command in '/home/ubuntu/Capstone-Autonomous-Driving/ros2_ws/src/ps5_controller' returned '0': PYTHONPATH=/home/ubuntu/Capstone-Autonomous-Driving/ros2_ws/build/ps5_controller/prefix_override:/home/ubuntu/Capstone-Autonomous-Driving/ros2_ws/install/ps5_controller/lib/python3.10/site-packages:${PYTHONPATH} /usr/bin/python3 setup.py egg_info --egg-base ../../build/ps5_controller build --build-base /home/ubuntu/Capstone-Autonomous-Driving/ros2_ws/build/ps5_controller/build install --record /home/ubuntu/Capstone-Autonomous-Driving/ros2_ws/build/ps5_controller/install.log --single-version-externally-managed
