[2.894s] DEBUG:colcon:Command line arguments: ['/usr/bin/colcon', 'build']
[2.894s] DEBUG:colcon:Parsed command line arguments: Namespace(allow_overriding=[], ament_cmake_args=None, base_paths=['.'], build_base='build', catkin_cmake_args=None, catkin_skip_building_tests=False, cmake_args=None, cmake_clean_cache=False, cmake_clean_first=False, cmake_force_configure=False, cmake_target=None, cmake_target_skip_unavailable=False, continue_on_error=False, event_handlers=None, executor='parallel', ignore_user_meta=False, install_base='install', log_base=None, log_level=None, main=<bound method BuildVerb.main of <colcon_core.verb.build.BuildVerb object at 0x7f091c45d1c0>>, merge_install=False, metas=['./colcon.meta'], packages_above=None, packages_above_and_dependencies=None, packages_above_depth=None, packages_end=None, packages_ignore=None, packages_ignore_regex=None, packages_select=None, packages_select_build_failed=False, packages_select_by_dep=None, packages_select_regex=None, packages_select_test_failures=False, packages_skip=None, packages_skip_build_finished=False, packages_skip_by_dep=None, packages_skip_regex=None, packages_skip_test_passed=False, packages_skip_up_to=None, packages_start=None, packages_up_to=None, packages_up_to_regex=None, parallel_workers=16, paths=None, symlink_install=False, test_result_base=None, verb_extension=<colcon_core.verb.build.BuildVerb object at 0x7f091c45d1c0>, verb_name='build', verb_parser=<colcon_defaults.argument_parser.defaults.DefaultArgumentsDecorator object at 0x7f091c0974c0>)
[3.039s] Level 1:colcon.colcon_core.package_discovery:discover_packages(colcon_meta) check parameters
[3.040s] Level 1:colcon.colcon_core.package_discovery:discover_packages(recursive) check parameters
[3.041s] Level 1:colcon.colcon_core.package_discovery:discover_packages(ignore) check parameters
[3.041s] Level 1:colcon.colcon_core.package_discovery:discover_packages(path) check parameters
[3.041s] Level 1:colcon.colcon_core.package_discovery:discover_packages(colcon_meta) discover
[3.042s] Level 1:colcon.colcon_core.package_discovery:discover_packages(recursive) discover
[3.042s] INFO:colcon.colcon_core.package_discovery:Crawling recursively for packages in '/mnt/c/Users/deves/Desktop/Desktop All/Projects/Capstone/Capstone-Autonomous-Driving/ESPCam-Python-ROS_ws'
[3.045s] Level 1:colcon.colcon_core.package_identification:_identify(.) by extensions ['ignore', 'ignore_ament_install']
[3.045s] Level 1:colcon.colcon_core.package_identification:_identify(.) by extension 'ignore'
[3.046s] Level 1:colcon.colcon_core.package_identification:_identify(.) by extension 'ignore_ament_install'
[3.047s] Level 1:colcon.colcon_core.package_identification:_identify(.) by extensions ['colcon_pkg']
[3.048s] Level 1:colcon.colcon_core.package_identification:_identify(.) by extension 'colcon_pkg'
[3.048s] Level 1:colcon.colcon_core.package_identification:_identify(.) by extensions ['colcon_meta']
[3.049s] Level 1:colcon.colcon_core.package_identification:_identify(.) by extension 'colcon_meta'
[3.049s] Level 1:colcon.colcon_core.package_identification:_identify(.) by extensions ['ros']
[3.050s] Level 1:colcon.colcon_core.package_identification:_identify(.) by extension 'ros'
[3.074s] Level 1:colcon.colcon_core.package_identification:_identify(.) by extensions ['cmake', 'python']
[3.075s] Level 1:colcon.colcon_core.package_identification:_identify(.) by extension 'cmake'
[3.076s] Level 1:colcon.colcon_core.package_identification:_identify(.) by extension 'python'
[3.076s] Level 1:colcon.colcon_core.package_identification:_identify(.) by extensions ['python_setup_py']
[3.077s] Level 1:colcon.colcon_core.package_identification:_identify(.) by extension 'python_setup_py'
[3.082s] Level 1:colcon.colcon_core.package_identification:_identify(build) by extensions ['ignore', 'ignore_ament_install']
[3.082s] Level 1:colcon.colcon_core.package_identification:_identify(build) by extension 'ignore'
[3.085s] Level 1:colcon.colcon_core.package_identification:_identify(build) ignored
[3.089s] Level 1:colcon.colcon_core.package_identification:_identify(install) by extensions ['ignore', 'ignore_ament_install']
[3.090s] Level 1:colcon.colcon_core.package_identification:_identify(install) by extension 'ignore'
[3.092s] Level 1:colcon.colcon_core.package_identification:_identify(install) ignored
[3.099s] Level 1:colcon.colcon_core.package_identification:_identify(log) by extensions ['ignore', 'ignore_ament_install']
[3.100s] Level 1:colcon.colcon_core.package_identification:_identify(log) by extension 'ignore'
[3.101s] Level 1:colcon.colcon_core.package_identification:_identify(log) ignored
[3.106s] Level 1:colcon.colcon_core.package_identification:_identify(src) by extensions ['ignore', 'ignore_ament_install']
[3.106s] Level 1:colcon.colcon_core.package_identification:_identify(src) by extension 'ignore'
[3.108s] Level 1:colcon.colcon_core.package_identification:_identify(src) by extension 'ignore_ament_install'
[3.111s] Level 1:colcon.colcon_core.package_identification:_identify(src) by extensions ['colcon_pkg']
[3.111s] Level 1:colcon.colcon_core.package_identification:_identify(src) by extension 'colcon_pkg'
[3.113s] Level 1:colcon.colcon_core.package_identification:_identify(src) by extensions ['colcon_meta']
[3.113s] Level 1:colcon.colcon_core.package_identification:_identify(src) by extension 'colcon_meta'
[3.115s] Level 1:colcon.colcon_core.package_identification:_identify(src) by extensions ['ros']
[3.115s] Level 1:colcon.colcon_core.package_identification:_identify(src) by extension 'ros'
[3.121s] Level 1:colcon.colcon_core.package_identification:_identify(src) by extensions ['cmake', 'python']
[3.122s] Level 1:colcon.colcon_core.package_identification:_identify(src) by extension 'cmake'
[3.123s] Level 1:colcon.colcon_core.package_identification:_identify(src) by extension 'python'
[3.124s] Level 1:colcon.colcon_core.package_identification:_identify(src) by extensions ['python_setup_py']
[3.125s] Level 1:colcon.colcon_core.package_identification:_identify(src) by extension 'python_setup_py'
[3.133s] Level 1:colcon.colcon_core.package_identification:_identify(src/ESPCam-ROS2) by extensions ['ignore', 'ignore_ament_install']
[3.133s] Level 1:colcon.colcon_core.package_identification:_identify(src/ESPCam-ROS2) by extension 'ignore'
[3.136s] Level 1:colcon.colcon_core.package_identification:_identify(src/ESPCam-ROS2) by extension 'ignore_ament_install'
[3.141s] Level 1:colcon.colcon_core.package_identification:_identify(src/ESPCam-ROS2) by extensions ['colcon_pkg']
[3.141s] Level 1:colcon.colcon_core.package_identification:_identify(src/ESPCam-ROS2) by extension 'colcon_pkg'
[3.144s] Level 1:colcon.colcon_core.package_identification:_identify(src/ESPCam-ROS2) by extensions ['colcon_meta']
[3.145s] Level 1:colcon.colcon_core.package_identification:_identify(src/ESPCam-ROS2) by extension 'colcon_meta'
[3.147s] Level 1:colcon.colcon_core.package_identification:_identify(src/ESPCam-ROS2) by extensions ['ros']
[3.148s] Level 1:colcon.colcon_core.package_identification:_identify(src/ESPCam-ROS2) by extension 'ros'
[3.187s] DEBUG:colcon.colcon_core.package_identification:Package 'src/ESPCam-ROS2' with type 'ros.ament_python' and name 'ESPCam-ROS2'
[3.188s] Level 1:colcon.colcon_core.package_discovery:discover_packages(recursive) using defaults
[3.189s] Level 1:colcon.colcon_core.package_discovery:discover_packages(ignore) discover
[3.189s] Level 1:colcon.colcon_core.package_discovery:discover_packages(ignore) using defaults
[3.189s] Level 1:colcon.colcon_core.package_discovery:discover_packages(path) discover
[3.190s] Level 1:colcon.colcon_core.package_discovery:discover_packages(path) using defaults
[3.446s] Level 1:colcon.colcon_core.package_discovery:discover_packages(prefix_path) check parameters
[3.446s] Level 1:colcon.colcon_core.package_discovery:discover_packages(prefix_path) discover
[3.606s] DEBUG:colcon.colcon_installed_package_information.package_discovery:Found 0 installed packages in /mnt/c/Users/deves/Desktop/Desktop All/Projects/Capstone/Capstone-Autonomous-Driving/ESPCam-Python-ROS_ws/install
[3.649s] DEBUG:colcon.colcon_installed_package_information.package_discovery:Found 1 installed packages in /home/dnath/ros2_ws/install
[3.690s] DEBUG:colcon.colcon_installed_package_information.package_discovery:Found 256 installed packages in /opt/ros/foxy
[3.692s] Level 1:colcon.colcon_core.package_discovery:discover_packages(prefix_path) using defaults
[3.929s] Level 5:colcon.colcon_core.verb:set package 'ESPCam-ROS2' build argument 'cmake_args' from command line to 'None'
[3.930s] Level 5:colcon.colcon_core.verb:set package 'ESPCam-ROS2' build argument 'cmake_target' from command line to 'None'
[3.930s] Level 5:colcon.colcon_core.verb:set package 'ESPCam-ROS2' build argument 'cmake_target_skip_unavailable' from command line to 'False'
[3.930s] Level 5:colcon.colcon_core.verb:set package 'ESPCam-ROS2' build argument 'cmake_clean_cache' from command line to 'False'
[3.931s] Level 5:colcon.colcon_core.verb:set package 'ESPCam-ROS2' build argument 'cmake_clean_first' from command line to 'False'
[3.931s] Level 5:colcon.colcon_core.verb:set package 'ESPCam-ROS2' build argument 'cmake_force_configure' from command line to 'False'
[3.932s] Level 5:colcon.colcon_core.verb:set package 'ESPCam-ROS2' build argument 'ament_cmake_args' from command line to 'None'
[3.932s] Level 5:colcon.colcon_core.verb:set package 'ESPCam-ROS2' build argument 'catkin_cmake_args' from command line to 'None'
[3.932s] Level 5:colcon.colcon_core.verb:set package 'ESPCam-ROS2' build argument 'catkin_skip_building_tests' from command line to 'False'
[3.933s] DEBUG:colcon.colcon_core.verb:Building package 'ESPCam-ROS2' with the following arguments: {'ament_cmake_args': None, 'build_base': '/mnt/c/Users/deves/Desktop/Desktop All/Projects/Capstone/Capstone-Autonomous-Driving/ESPCam-Python-ROS_ws/build/ESPCam-ROS2', 'catkin_cmake_args': None, 'catkin_skip_building_tests': False, 'cmake_args': None, 'cmake_clean_cache': False, 'cmake_clean_first': False, 'cmake_force_configure': False, 'cmake_target': None, 'cmake_target_skip_unavailable': False, 'install_base': '/mnt/c/Users/deves/Desktop/Desktop All/Projects/Capstone/Capstone-Autonomous-Driving/ESPCam-Python-ROS_ws/install/ESPCam-ROS2', 'merge_install': False, 'path': '/mnt/c/Users/deves/Desktop/Desktop All/Projects/Capstone/Capstone-Autonomous-Driving/ESPCam-Python-ROS_ws/src/ESPCam-ROS2', 'symlink_install': False, 'test_result_base': None}
[3.970s] INFO:colcon.colcon_core.executor:Executing jobs using 'parallel' executor
[4.017s] DEBUG:colcon.colcon_parallel_executor.executor.parallel:run_until_complete
[4.018s] INFO:colcon.colcon_ros.task.ament_python.build:Building ROS package in '/mnt/c/Users/deves/Desktop/Desktop All/Projects/Capstone/Capstone-Autonomous-Driving/ESPCam-Python-ROS_ws/src/ESPCam-ROS2' with build type 'ament_python'
[4.019s] Level 1:colcon.colcon_core.shell:create_environment_hook('ESPCam-ROS2', 'ament_prefix_path')
[4.063s] INFO:colcon.colcon_core.plugin_system:Skipping extension 'colcon_core.shell.bat': Not used on non-Windows systems
[4.064s] INFO:colcon.colcon_core.shell:Creating environment hook '/mnt/c/Users/deves/Desktop/Desktop All/Projects/Capstone/Capstone-Autonomous-Driving/ESPCam-Python-ROS_ws/install/ESPCam-ROS2/share/ESPCam-ROS2/hook/ament_prefix_path.ps1'
[4.104s] INFO:colcon.colcon_core.shell:Creating environment descriptor '/mnt/c/Users/deves/Desktop/Desktop All/Projects/Capstone/Capstone-Autonomous-Driving/ESPCam-Python-ROS_ws/install/ESPCam-ROS2/share/ESPCam-ROS2/hook/ament_prefix_path.dsv'
[4.134s] INFO:colcon.colcon_core.shell:Creating environment hook '/mnt/c/Users/deves/Desktop/Desktop All/Projects/Capstone/Capstone-Autonomous-Driving/ESPCam-Python-ROS_ws/install/ESPCam-ROS2/share/ESPCam-ROS2/hook/ament_prefix_path.sh'
[4.204s] INFO:colcon.colcon_core.shell:Skip shell extension 'powershell' for command environment: Not usable outside of PowerShell
[4.204s] DEBUG:colcon.colcon_core.shell:Skip shell extension 'dsv' for command environment
[4.825s] INFO:colcon.colcon_core.task.python.build:Building Python package in '/mnt/c/Users/deves/Desktop/Desktop All/Projects/Capstone/Capstone-Autonomous-Driving/ESPCam-Python-ROS_ws/src/ESPCam-ROS2'
[4.898s] INFO:colcon.colcon_core.shell:Skip shell extension 'powershell' for command environment: Not usable outside of PowerShell
[4.898s] DEBUG:colcon.colcon_core.shell:Skip shell extension 'dsv' for command environment
[7.324s] DEBUG:colcon.colcon_core.event_handler.log_command:Invoking command in '/mnt/c/Users/deves/Desktop/Desktop All/Projects/Capstone/Capstone-Autonomous-Driving/ESPCam-Python-ROS_ws/src/ESPCam-ROS2': PYTHONPATH=/mnt/c/Users/deves/Desktop/Desktop All/Projects/Capstone/Capstone-Autonomous-Driving/ESPCam-Python-ROS_ws/build/ESPCam-ROS2/prefix_override:/mnt/c/Users/deves/Desktop/Desktop All/Projects/Capstone/Capstone-Autonomous-Driving/ESPCam-Python-ROS_ws/install/ESPCam-ROS2/lib/python3.8/site-packages:${PYTHONPATH} /usr/bin/python3 setup.py egg_info --egg-base ../../build/ESPCam-ROS2 build --build-base /mnt/c/Users/deves/Desktop/Desktop All/Projects/Capstone/Capstone-Autonomous-Driving/ESPCam-Python-ROS_ws/build/ESPCam-ROS2/build install --record /mnt/c/Users/deves/Desktop/Desktop All/Projects/Capstone/Capstone-Autonomous-Driving/ESPCam-Python-ROS_ws/build/ESPCam-ROS2/install.log --install-scripts $base/lib/ESPCam-ROS2 --single-version-externally-managed
[10.199s] DEBUG:colcon.colcon_core.event_handler.log_command:Invoked command in '/mnt/c/Users/deves/Desktop/Desktop All/Projects/Capstone/Capstone-Autonomous-Driving/ESPCam-Python-ROS_ws/src/ESPCam-ROS2' returned '0': PYTHONPATH=/mnt/c/Users/deves/Desktop/Desktop All/Projects/Capstone/Capstone-Autonomous-Driving/ESPCam-Python-ROS_ws/build/ESPCam-ROS2/prefix_override:/mnt/c/Users/deves/Desktop/Desktop All/Projects/Capstone/Capstone-Autonomous-Driving/ESPCam-Python-ROS_ws/install/ESPCam-ROS2/lib/python3.8/site-packages:${PYTHONPATH} /usr/bin/python3 setup.py egg_info --egg-base ../../build/ESPCam-ROS2 build --build-base /mnt/c/Users/deves/Desktop/Desktop All/Projects/Capstone/Capstone-Autonomous-Driving/ESPCam-Python-ROS_ws/build/ESPCam-ROS2/build install --record /mnt/c/Users/deves/Desktop/Desktop All/Projects/Capstone/Capstone-Autonomous-Driving/ESPCam-Python-ROS_ws/build/ESPCam-ROS2/install.log --install-scripts $base/lib/ESPCam-ROS2 --single-version-externally-managed
[10.268s] Level 1:colcon.colcon_core.environment:checking '/mnt/c/Users/deves/Desktop/Desktop All/Projects/Capstone/Capstone-Autonomous-Driving/ESPCam-Python-ROS_ws/install/ESPCam-ROS2' for CMake module files
[10.344s] Level 1:colcon.colcon_core.environment:checking '/mnt/c/Users/deves/Desktop/Desktop All/Projects/Capstone/Capstone-Autonomous-Driving/ESPCam-Python-ROS_ws/install/ESPCam-ROS2' for CMake config files
[10.501s] Level 1:colcon.colcon_core.environment:checking '/mnt/c/Users/deves/Desktop/Desktop All/Projects/Capstone/Capstone-Autonomous-Driving/ESPCam-Python-ROS_ws/install/ESPCam-ROS2/lib'
[10.510s] Level 1:colcon.colcon_core.environment:checking '/mnt/c/Users/deves/Desktop/Desktop All/Projects/Capstone/Capstone-Autonomous-Driving/ESPCam-Python-ROS_ws/install/ESPCam-ROS2/bin'
[10.513s] Level 1:colcon.colcon_core.environment:checking '/mnt/c/Users/deves/Desktop/Desktop All/Projects/Capstone/Capstone-Autonomous-Driving/ESPCam-Python-ROS_ws/install/ESPCam-ROS2/lib/pkgconfig/ESPCam-ROS2.pc'
[10.518s] Level 1:colcon.colcon_core.environment:checking '/mnt/c/Users/deves/Desktop/Desktop All/Projects/Capstone/Capstone-Autonomous-Driving/ESPCam-Python-ROS_ws/install/ESPCam-ROS2/lib/python3.8/site-packages'
[10.525s] Level 1:colcon.colcon_core.shell:create_environment_hook('ESPCam-ROS2', 'pythonpath')
[10.566s] INFO:colcon.colcon_core.shell:Creating environment hook '/mnt/c/Users/deves/Desktop/Desktop All/Projects/Capstone/Capstone-Autonomous-Driving/ESPCam-Python-ROS_ws/install/ESPCam-ROS2/share/ESPCam-ROS2/hook/pythonpath.ps1'
[10.599s] INFO:colcon.colcon_core.shell:Creating environment descriptor '/mnt/c/Users/deves/Desktop/Desktop All/Projects/Capstone/Capstone-Autonomous-Driving/ESPCam-Python-ROS_ws/install/ESPCam-ROS2/share/ESPCam-ROS2/hook/pythonpath.dsv'
[10.630s] INFO:colcon.colcon_core.shell:Creating environment hook '/mnt/c/Users/deves/Desktop/Desktop All/Projects/Capstone/Capstone-Autonomous-Driving/ESPCam-Python-ROS_ws/install/ESPCam-ROS2/share/ESPCam-ROS2/hook/pythonpath.sh'
[10.663s] Level 1:colcon.colcon_core.environment:checking '/mnt/c/Users/deves/Desktop/Desktop All/Projects/Capstone/Capstone-Autonomous-Driving/ESPCam-Python-ROS_ws/install/ESPCam-ROS2/bin'
[10.666s] Level 1:colcon.colcon_core.environment:create_environment_scripts_only(ESPCam-ROS2)
[10.709s] INFO:colcon.colcon_core.shell:Creating package script '/mnt/c/Users/deves/Desktop/Desktop All/Projects/Capstone/Capstone-Autonomous-Driving/ESPCam-Python-ROS_ws/install/ESPCam-ROS2/share/ESPCam-ROS2/package.ps1'
[10.737s] INFO:colcon.colcon_core.shell:Creating package descriptor '/mnt/c/Users/deves/Desktop/Desktop All/Projects/Capstone/Capstone-Autonomous-Driving/ESPCam-Python-ROS_ws/install/ESPCam-ROS2/share/ESPCam-ROS2/package.dsv'
[10.766s] INFO:colcon.colcon_core.shell:Creating package script '/mnt/c/Users/deves/Desktop/Desktop All/Projects/Capstone/Capstone-Autonomous-Driving/ESPCam-Python-ROS_ws/install/ESPCam-ROS2/share/ESPCam-ROS2/package.sh'
[10.793s] INFO:colcon.colcon_core.shell:Creating package script '/mnt/c/Users/deves/Desktop/Desktop All/Projects/Capstone/Capstone-Autonomous-Driving/ESPCam-Python-ROS_ws/install/ESPCam-ROS2/share/ESPCam-ROS2/package.bash'
[10.822s] INFO:colcon.colcon_core.shell:Creating package script '/mnt/c/Users/deves/Desktop/Desktop All/Projects/Capstone/Capstone-Autonomous-Driving/ESPCam-Python-ROS_ws/install/ESPCam-ROS2/share/ESPCam-ROS2/package.zsh'
[10.848s] Level 1:colcon.colcon_core.environment:create_file_with_runtime_dependencies(/mnt/c/Users/deves/Desktop/Desktop All/Projects/Capstone/Capstone-Autonomous-Driving/ESPCam-Python-ROS_ws/install/ESPCam-ROS2/share/colcon-core/packages/ESPCam-ROS2)
[10.870s] DEBUG:colcon.colcon_parallel_executor.executor.parallel:closing loop
[10.871s] DEBUG:colcon.colcon_parallel_executor.executor.parallel:loop closed
[10.871s] DEBUG:colcon.colcon_parallel_executor.executor.parallel:run_until_complete finished with '0'
[10.872s] DEBUG:colcon.colcon_core.event_reactor:joining thread
[11.075s] INFO:colcon.colcon_core.plugin_system:Skipping extension 'colcon_notification.desktop_notification.notify_send': Could not find 'notify-send'
[11.076s] INFO:colcon.colcon_core.plugin_system:Skipping extension 'colcon_notification.desktop_notification.terminal_notifier': Not used on non-Darwin systems
[11.076s] INFO:colcon.colcon_core.plugin_system:Skipping extension 'colcon_notification.desktop_notification.win32': Not used on non-Windows systems
[11.077s] INFO:colcon.colcon_notification.desktop_notification:Sending desktop notification using 'notify2'
[11.085s] DEBUG:colcon.colcon_notification.desktop_notification.notify2:Failed to initialize notify2: org.freedesktop.DBus.Error.ServiceUnknown: The name org.freedesktop.Notifications was not provided by any .service files
[11.086s] DEBUG:colcon.colcon_core.event_reactor:joined thread
[11.139s] INFO:colcon.colcon_core.shell:Creating prefix script '/mnt/c/Users/deves/Desktop/Desktop All/Projects/Capstone/Capstone-Autonomous-Driving/ESPCam-Python-ROS_ws/install/local_setup.ps1'
[11.152s] INFO:colcon.colcon_core.shell:Creating prefix util module '/mnt/c/Users/deves/Desktop/Desktop All/Projects/Capstone/Capstone-Autonomous-Driving/ESPCam-Python-ROS_ws/install/_local_setup_util_ps1.py'
[11.165s] INFO:colcon.colcon_core.shell:Creating prefix chain script '/mnt/c/Users/deves/Desktop/Desktop All/Projects/Capstone/Capstone-Autonomous-Driving/ESPCam-Python-ROS_ws/install/setup.ps1'
[11.217s] INFO:colcon.colcon_core.shell:Creating prefix script '/mnt/c/Users/deves/Desktop/Desktop All/Projects/Capstone/Capstone-Autonomous-Driving/ESPCam-Python-ROS_ws/install/local_setup.sh'
[11.228s] INFO:colcon.colcon_core.shell:Creating prefix util module '/mnt/c/Users/deves/Desktop/Desktop All/Projects/Capstone/Capstone-Autonomous-Driving/ESPCam-Python-ROS_ws/install/_local_setup_util_sh.py'
[11.240s] INFO:colcon.colcon_core.shell:Creating prefix chain script '/mnt/c/Users/deves/Desktop/Desktop All/Projects/Capstone/Capstone-Autonomous-Driving/ESPCam-Python-ROS_ws/install/setup.sh'
[11.309s] INFO:colcon.colcon_core.shell:Creating prefix script '/mnt/c/Users/deves/Desktop/Desktop All/Projects/Capstone/Capstone-Autonomous-Driving/ESPCam-Python-ROS_ws/install/local_setup.bash'
[11.320s] INFO:colcon.colcon_core.shell:Creating prefix chain script '/mnt/c/Users/deves/Desktop/Desktop All/Projects/Capstone/Capstone-Autonomous-Driving/ESPCam-Python-ROS_ws/install/setup.bash'
[11.376s] INFO:colcon.colcon_core.shell:Creating prefix script '/mnt/c/Users/deves/Desktop/Desktop All/Projects/Capstone/Capstone-Autonomous-Driving/ESPCam-Python-ROS_ws/install/local_setup.zsh'
[11.388s] INFO:colcon.colcon_core.shell:Creating prefix chain script '/mnt/c/Users/deves/Desktop/Desktop All/Projects/Capstone/Capstone-Autonomous-Driving/ESPCam-Python-ROS_ws/install/setup.zsh'
