[0.861s] DEBUG:colcon:Command line arguments: ['/usr/bin/colcon', 'build', '--symlink-install']
[0.861s] DEBUG:colcon:Parsed command line arguments: Namespace(log_base=None, log_level=None, verb_name='build', build_base='build', install_base='install', merge_install=False, symlink_install=True, test_result_base=None, continue_on_error=False, executor='parallel', parallel_workers=16, event_handlers=None, ignore_user_meta=False, metas=['./colcon.meta'], base_paths=['.'], packages_ignore=None, packages_ignore_regex=None, paths=None, packages_up_to=None, packages_up_to_regex=None, packages_above=None, packages_above_and_dependencies=None, packages_above_depth=None, packages_select_by_dep=None, packages_skip_by_dep=None, packages_skip_up_to=None, packages_select_build_failed=False, packages_skip_build_finished=False, packages_select_test_failures=False, packages_skip_test_passed=False, packages_select=None, packages_skip=None, packages_select_regex=None, packages_skip_regex=None, packages_start=None, packages_end=None, allow_overriding=[], cmake_args=None, cmake_target=None, cmake_target_skip_unavailable=False, cmake_clean_cache=False, cmake_clean_first=False, cmake_force_configure=False, ament_cmake_args=None, catkin_cmake_args=None, catkin_skip_building_tests=False, verb_parser=<colcon_defaults.argument_parser.defaults.DefaultArgumentsDecorator object at 0x7f463a568fa0>, verb_extension=<colcon_core.verb.build.BuildVerb object at 0x7f463a568130>, main=<bound method BuildVerb.main of <colcon_core.verb.build.BuildVerb object at 0x7f463a568130>>)
[0.899s] Level 1:colcon.colcon_core.package_discovery:discover_packages(colcon_meta) check parameters
[0.899s] Level 1:colcon.colcon_core.package_discovery:discover_packages(recursive) check parameters
[0.899s] Level 1:colcon.colcon_core.package_discovery:discover_packages(ignore) check parameters
[0.899s] Level 1:colcon.colcon_core.package_discovery:discover_packages(path) check parameters
[0.899s] Level 1:colcon.colcon_core.package_discovery:discover_packages(colcon_meta) discover
[0.899s] Level 1:colcon.colcon_core.package_discovery:discover_packages(recursive) discover
[0.899s] INFO:colcon.colcon_core.package_discovery:Crawling recursively for packages in '/home/ubuntu/Capstone-Autonomous-Driving/ros2_ws'
[0.899s] Level 1:colcon.colcon_core.package_identification:_identify(.) by extensions ['ignore', 'ignore_ament_install']
[0.899s] Level 1:colcon.colcon_core.package_identification:_identify(.) by extension 'ignore'
[0.899s] Level 1:colcon.colcon_core.package_identification:_identify(.) by extension 'ignore_ament_install'
[0.899s] Level 1:colcon.colcon_core.package_identification:_identify(.) by extensions ['colcon_pkg']
[0.899s] Level 1:colcon.colcon_core.package_identification:_identify(.) by extension 'colcon_pkg'
[0.899s] Level 1:colcon.colcon_core.package_identification:_identify(.) by extensions ['colcon_meta']
[0.899s] Level 1:colcon.colcon_core.package_identification:_identify(.) by extension 'colcon_meta'
[0.899s] Level 1:colcon.colcon_core.package_identification:_identify(.) by extensions ['ros']
[0.899s] Level 1:colcon.colcon_core.package_identification:_identify(.) by extension 'ros'
[0.908s] Level 1:colcon.colcon_core.package_identification:_identify(.) by extensions ['cmake', 'python']
[0.908s] Level 1:colcon.colcon_core.package_identification:_identify(.) by extension 'cmake'
[0.908s] Level 1:colcon.colcon_core.package_identification:_identify(.) by extension 'python'
[0.908s] Level 1:colcon.colcon_core.package_identification:_identify(.) by extensions ['python_setup_py']
[0.908s] Level 1:colcon.colcon_core.package_identification:_identify(.) by extension 'python_setup_py'
[0.908s] Level 1:colcon.colcon_core.package_identification:_identify(build) by extensions ['ignore', 'ignore_ament_install']
[0.909s] Level 1:colcon.colcon_core.package_identification:_identify(build) by extension 'ignore'
[0.909s] Level 1:colcon.colcon_core.package_identification:_identify(build) ignored
[0.909s] Level 1:colcon.colcon_core.package_identification:_identify(install) by extensions ['ignore', 'ignore_ament_install']
[0.909s] Level 1:colcon.colcon_core.package_identification:_identify(install) by extension 'ignore'
[0.909s] Level 1:colcon.colcon_core.package_identification:_identify(install) ignored
[0.909s] Level 1:colcon.colcon_core.package_identification:_identify(log) by extensions ['ignore', 'ignore_ament_install']
[0.909s] Level 1:colcon.colcon_core.package_identification:_identify(log) by extension 'ignore'
[0.909s] Level 1:colcon.colcon_core.package_identification:_identify(log) ignored
[0.909s] Level 1:colcon.colcon_core.package_identification:_identify(src) by extensions ['ignore', 'ignore_ament_install']
[0.909s] Level 1:colcon.colcon_core.package_identification:_identify(src) by extension 'ignore'
[0.909s] Level 1:colcon.colcon_core.package_identification:_identify(src) by extension 'ignore_ament_install'
[0.909s] Level 1:colcon.colcon_core.package_identification:_identify(src) by extensions ['colcon_pkg']
[0.909s] Level 1:colcon.colcon_core.package_identification:_identify(src) by extension 'colcon_pkg'
[0.909s] Level 1:colcon.colcon_core.package_identification:_identify(src) by extensions ['colcon_meta']
[0.909s] Level 1:colcon.colcon_core.package_identification:_identify(src) by extension 'colcon_meta'
[0.909s] Level 1:colcon.colcon_core.package_identification:_identify(src) by extensions ['ros']
[0.909s] Level 1:colcon.colcon_core.package_identification:_identify(src) by extension 'ros'
[0.909s] Level 1:colcon.colcon_core.package_identification:_identify(src) by extensions ['cmake', 'python']
[0.909s] Level 1:colcon.colcon_core.package_identification:_identify(src) by extension 'cmake'
[0.910s] Level 1:colcon.colcon_core.package_identification:_identify(src) by extension 'python'
[0.910s] Level 1:colcon.colcon_core.package_identification:_identify(src) by extensions ['python_setup_py']
[0.910s] Level 1:colcon.colcon_core.package_identification:_identify(src) by extension 'python_setup_py'
[0.910s] Level 1:colcon.colcon_core.package_identification:_identify(src/oak_d_pro) by extensions ['ignore', 'ignore_ament_install']
[0.910s] Level 1:colcon.colcon_core.package_identification:_identify(src/oak_d_pro) by extension 'ignore'
[0.910s] Level 1:colcon.colcon_core.package_identification:_identify(src/oak_d_pro) by extension 'ignore_ament_install'
[0.910s] Level 1:colcon.colcon_core.package_identification:_identify(src/oak_d_pro) by extensions ['colcon_pkg']
[0.910s] Level 1:colcon.colcon_core.package_identification:_identify(src/oak_d_pro) by extension 'colcon_pkg'
[0.910s] Level 1:colcon.colcon_core.package_identification:_identify(src/oak_d_pro) by extensions ['colcon_meta']
[0.910s] Level 1:colcon.colcon_core.package_identification:_identify(src/oak_d_pro) by extension 'colcon_meta'
[0.910s] Level 1:colcon.colcon_core.package_identification:_identify(src/oak_d_pro) by extensions ['ros']
[0.910s] Level 1:colcon.colcon_core.package_identification:_identify(src/oak_d_pro) by extension 'ros'
[0.912s] DEBUG:colcon.colcon_core.package_identification:Package 'src/oak_d_pro' with type 'ros.ament_python' and name 'oak_d_pro'
[0.912s] Level 1:colcon.colcon_core.package_identification:_identify(src/ps5_controller) by extensions ['ignore', 'ignore_ament_install']
[0.912s] Level 1:colcon.colcon_core.package_identification:_identify(src/ps5_controller) by extension 'ignore'
[0.912s] Level 1:colcon.colcon_core.package_identification:_identify(src/ps5_controller) by extension 'ignore_ament_install'
[0.913s] Level 1:colcon.colcon_core.package_identification:_identify(src/ps5_controller) by extensions ['colcon_pkg']
[0.913s] Level 1:colcon.colcon_core.package_identification:_identify(src/ps5_controller) by extension 'colcon_pkg'
[0.913s] Level 1:colcon.colcon_core.package_identification:_identify(src/ps5_controller) by extensions ['colcon_meta']
[0.913s] Level 1:colcon.colcon_core.package_identification:_identify(src/ps5_controller) by extension 'colcon_meta'
[0.913s] Level 1:colcon.colcon_core.package_identification:_identify(src/ps5_controller) by extensions ['ros']
[0.913s] Level 1:colcon.colcon_core.package_identification:_identify(src/ps5_controller) by extension 'ros'
[0.913s] DEBUG:colcon.colcon_core.package_identification:Package 'src/ps5_controller' with type 'ros.ament_python' and name 'ps5_controller'
[0.913s] Level 1:colcon.colcon_core.package_identification:_identify(src/robot_car_pkg) by extensions ['ignore', 'ignore_ament_install']
[0.913s] Level 1:colcon.colcon_core.package_identification:_identify(src/robot_car_pkg) by extension 'ignore'
[0.914s] Level 1:colcon.colcon_core.package_identification:_identify(src/robot_car_pkg) by extension 'ignore_ament_install'
[0.914s] Level 1:colcon.colcon_core.package_identification:_identify(src/robot_car_pkg) by extensions ['colcon_pkg']
[0.914s] Level 1:colcon.colcon_core.package_identification:_identify(src/robot_car_pkg) by extension 'colcon_pkg'
[0.914s] Level 1:colcon.colcon_core.package_identification:_identify(src/robot_car_pkg) by extensions ['colcon_meta']
[0.914s] Level 1:colcon.colcon_core.package_identification:_identify(src/robot_car_pkg) by extension 'colcon_meta'
[0.914s] Level 1:colcon.colcon_core.package_identification:_identify(src/robot_car_pkg) by extensions ['ros']
[0.914s] Level 1:colcon.colcon_core.package_identification:_identify(src/robot_car_pkg) by extension 'ros'
[0.914s] DEBUG:colcon.colcon_core.package_identification:Package 'src/robot_car_pkg' with type 'ros.ament_cmake' and name 'robot_car_pkg'
[0.914s] Level 1:colcon.colcon_core.package_identification:_identify(src/rplidar_ros2) by extensions ['ignore', 'ignore_ament_install']
[0.914s] Level 1:colcon.colcon_core.package_identification:_identify(src/rplidar_ros2) by extension 'ignore'
[0.914s] Level 1:colcon.colcon_core.package_identification:_identify(src/rplidar_ros2) by extension 'ignore_ament_install'
[0.914s] Level 1:colcon.colcon_core.package_identification:_identify(src/rplidar_ros2) by extensions ['colcon_pkg']
[0.914s] Level 1:colcon.colcon_core.package_identification:_identify(src/rplidar_ros2) by extension 'colcon_pkg'
[0.914s] Level 1:colcon.colcon_core.package_identification:_identify(src/rplidar_ros2) by extensions ['colcon_meta']
[0.914s] Level 1:colcon.colcon_core.package_identification:_identify(src/rplidar_ros2) by extension 'colcon_meta'
[0.914s] Level 1:colcon.colcon_core.package_identification:_identify(src/rplidar_ros2) by extensions ['ros']
[0.914s] Level 1:colcon.colcon_core.package_identification:_identify(src/rplidar_ros2) by extension 'ros'
[0.915s] DEBUG:colcon.colcon_core.package_identification:Package 'src/rplidar_ros2' with type 'ros.ament_cmake' and name 'rplidar_ros'
[0.915s] Level 1:colcon.colcon_core.package_discovery:discover_packages(recursive) using defaults
[0.915s] Level 1:colcon.colcon_core.package_discovery:discover_packages(ignore) discover
[0.915s] Level 1:colcon.colcon_core.package_discovery:discover_packages(ignore) using defaults
[0.915s] Level 1:colcon.colcon_core.package_discovery:discover_packages(path) discover
[0.915s] Level 1:colcon.colcon_core.package_discovery:discover_packages(path) using defaults
[0.992s] Level 1:colcon.colcon_core.package_discovery:discover_packages(prefix_path) check parameters
[0.992s] Level 1:colcon.colcon_core.package_discovery:discover_packages(prefix_path) discover
[1.024s] DEBUG:colcon.colcon_installed_package_information.package_discovery:Found 4 installed packages in /home/ubuntu/Capstone-Autonomous-Driving/ros2_ws/install
[1.037s] DEBUG:colcon.colcon_installed_package_information.package_discovery:Found 353 installed packages in /opt/ros/humble
[1.038s] Level 1:colcon.colcon_core.package_discovery:discover_packages(prefix_path) using defaults
[1.121s] Level 5:colcon.colcon_core.verb:set package 'oak_d_pro' build argument 'cmake_args' from command line to 'None'
[1.121s] Level 5:colcon.colcon_core.verb:set package 'oak_d_pro' build argument 'cmake_target' from command line to 'None'
[1.121s] Level 5:colcon.colcon_core.verb:set package 'oak_d_pro' build argument 'cmake_target_skip_unavailable' from command line to 'False'
[1.121s] Level 5:colcon.colcon_core.verb:set package 'oak_d_pro' build argument 'cmake_clean_cache' from command line to 'False'
[1.121s] Level 5:colcon.colcon_core.verb:set package 'oak_d_pro' build argument 'cmake_clean_first' from command line to 'False'
[1.121s] Level 5:colcon.colcon_core.verb:set package 'oak_d_pro' build argument 'cmake_force_configure' from command line to 'False'
[1.121s] Level 5:colcon.colcon_core.verb:set package 'oak_d_pro' build argument 'ament_cmake_args' from command line to 'None'
[1.121s] Level 5:colcon.colcon_core.verb:set package 'oak_d_pro' build argument 'catkin_cmake_args' from command line to 'None'
[1.121s] Level 5:colcon.colcon_core.verb:set package 'oak_d_pro' build argument 'catkin_skip_building_tests' from command line to 'False'
[1.121s] DEBUG:colcon.colcon_core.verb:Building package 'oak_d_pro' with the following arguments: {'ament_cmake_args': None, 'build_base': '/home/ubuntu/Capstone-Autonomous-Driving/ros2_ws/build/oak_d_pro', 'catkin_cmake_args': None, 'catkin_skip_building_tests': False, 'cmake_args': None, 'cmake_clean_cache': False, 'cmake_clean_first': False, 'cmake_force_configure': False, 'cmake_target': None, 'cmake_target_skip_unavailable': False, 'install_base': '/home/ubuntu/Capstone-Autonomous-Driving/ros2_ws/install/oak_d_pro', 'merge_install': False, 'path': '/home/ubuntu/Capstone-Autonomous-Driving/ros2_ws/src/oak_d_pro', 'symlink_install': True, 'test_result_base': None}
[1.133s] Level 5:colcon.colcon_core.verb:set package 'ps5_controller' build argument 'cmake_args' from command line to 'None'
[1.133s] Level 5:colcon.colcon_core.verb:set package 'ps5_controller' build argument 'cmake_target' from command line to 'None'
[1.133s] Level 5:colcon.colcon_core.verb:set package 'ps5_controller' build argument 'cmake_target_skip_unavailable' from command line to 'False'
[1.133s] Level 5:colcon.colcon_core.verb:set package 'ps5_controller' build argument 'cmake_clean_cache' from command line to 'False'
[1.133s] Level 5:colcon.colcon_core.verb:set package 'ps5_controller' build argument 'cmake_clean_first' from command line to 'False'
[1.133s] Level 5:colcon.colcon_core.verb:set package 'ps5_controller' build argument 'cmake_force_configure' from command line to 'False'
[1.134s] Level 5:colcon.colcon_core.verb:set package 'ps5_controller' build argument 'ament_cmake_args' from command line to 'None'
[1.134s] Level 5:colcon.colcon_core.verb:set package 'ps5_controller' build argument 'catkin_cmake_args' from command line to 'None'
[1.134s] Level 5:colcon.colcon_core.verb:set package 'ps5_controller' build argument 'catkin_skip_building_tests' from command line to 'False'
[1.134s] DEBUG:colcon.colcon_core.verb:Building package 'ps5_controller' with the following arguments: {'ament_cmake_args': None, 'build_base': '/home/ubuntu/Capstone-Autonomous-Driving/ros2_ws/build/ps5_controller', 'catkin_cmake_args': None, 'catkin_skip_building_tests': False, 'cmake_args': None, 'cmake_clean_cache': False, 'cmake_clean_first': False, 'cmake_force_configure': False, 'cmake_target': None, 'cmake_target_skip_unavailable': False, 'install_base': '/home/ubuntu/Capstone-Autonomous-Driving/ros2_ws/install/ps5_controller', 'merge_install': False, 'path': '/home/ubuntu/Capstone-Autonomous-Driving/ros2_ws/src/ps5_controller', 'symlink_install': True, 'test_result_base': None}
[1.145s] Level 5:colcon.colcon_core.verb:set package 'robot_car_pkg' build argument 'cmake_args' from command line to 'None'
[1.145s] Level 5:colcon.colcon_core.verb:set package 'robot_car_pkg' build argument 'cmake_target' from command line to 'None'
[1.146s] Level 5:colcon.colcon_core.verb:set package 'robot_car_pkg' build argument 'cmake_target_skip_unavailable' from command line to 'False'
[1.146s] Level 5:colcon.colcon_core.verb:set package 'robot_car_pkg' build argument 'cmake_clean_cache' from command line to 'False'
[1.146s] Level 5:colcon.colcon_core.verb:set package 'robot_car_pkg' build argument 'cmake_clean_first' from command line to 'False'
[1.146s] Level 5:colcon.colcon_core.verb:set package 'robot_car_pkg' build argument 'cmake_force_configure' from command line to 'False'
[1.146s] Level 5:colcon.colcon_core.verb:set package 'robot_car_pkg' build argument 'ament_cmake_args' from command line to 'None'
[1.146s] Level 5:colcon.colcon_core.verb:set package 'robot_car_pkg' build argument 'catkin_cmake_args' from command line to 'None'
[1.146s] Level 5:colcon.colcon_core.verb:set package 'robot_car_pkg' build argument 'catkin_skip_building_tests' from command line to 'False'
[1.146s] DEBUG:colcon.colcon_core.verb:Building package 'robot_car_pkg' with the following arguments: {'ament_cmake_args': None, 'build_base': '/home/ubuntu/Capstone-Autonomous-Driving/ros2_ws/build/robot_car_pkg', 'catkin_cmake_args': None, 'catkin_skip_building_tests': False, 'cmake_args': None, 'cmake_clean_cache': False, 'cmake_clean_first': False, 'cmake_force_configure': False, 'cmake_target': None, 'cmake_target_skip_unavailable': False, 'install_base': '/home/ubuntu/Capstone-Autonomous-Driving/ros2_ws/install/robot_car_pkg', 'merge_install': False, 'path': '/home/ubuntu/Capstone-Autonomous-Driving/ros2_ws/src/robot_car_pkg', 'symlink_install': True, 'test_result_base': None}
[1.158s] Level 5:colcon.colcon_core.verb:set package 'rplidar_ros' build argument 'cmake_args' from command line to 'None'
[1.158s] Level 5:colcon.colcon_core.verb:set package 'rplidar_ros' build argument 'cmake_target' from command line to 'None'
[1.158s] Level 5:colcon.colcon_core.verb:set package 'rplidar_ros' build argument 'cmake_target_skip_unavailable' from command line to 'False'
[1.158s] Level 5:colcon.colcon_core.verb:set package 'rplidar_ros' build argument 'cmake_clean_cache' from command line to 'False'
[1.158s] Level 5:colcon.colcon_core.verb:set package 'rplidar_ros' build argument 'cmake_clean_first' from command line to 'False'
[1.158s] Level 5:colcon.colcon_core.verb:set package 'rplidar_ros' build argument 'cmake_force_configure' from command line to 'False'
[1.158s] Level 5:colcon.colcon_core.verb:set package 'rplidar_ros' build argument 'ament_cmake_args' from command line to 'None'
[1.158s] Level 5:colcon.colcon_core.verb:set package 'rplidar_ros' build argument 'catkin_cmake_args' from command line to 'None'
[1.158s] Level 5:colcon.colcon_core.verb:set package 'rplidar_ros' build argument 'catkin_skip_building_tests' from command line to 'False'
[1.158s] DEBUG:colcon.colcon_core.verb:Building package 'rplidar_ros' with the following arguments: {'ament_cmake_args': None, 'build_base': '/home/ubuntu/Capstone-Autonomous-Driving/ros2_ws/build/rplidar_ros', 'catkin_cmake_args': None, 'catkin_skip_building_tests': False, 'cmake_args': None, 'cmake_clean_cache': False, 'cmake_clean_first': False, 'cmake_force_configure': False, 'cmake_target': None, 'cmake_target_skip_unavailable': False, 'install_base': '/home/ubuntu/Capstone-Autonomous-Driving/ros2_ws/install/rplidar_ros', 'merge_install': False, 'path': '/home/ubuntu/Capstone-Autonomous-Driving/ros2_ws/src/rplidar_ros2', 'symlink_install': True, 'test_result_base': None}
[1.170s] INFO:colcon.colcon_core.executor:Executing jobs using 'parallel' executor
[1.183s] DEBUG:colcon.colcon_parallel_executor.executor.parallel:run_until_complete
[1.183s] INFO:colcon.colcon_ros.task.ament_python.build:Building ROS package in '/home/ubuntu/Capstone-Autonomous-Driving/ros2_ws/src/oak_d_pro' with build type 'ament_python'
[1.183s] Level 1:colcon.colcon_core.shell:create_environment_hook('oak_d_pro', 'ament_prefix_path')
[1.197s] INFO:colcon.colcon_core.plugin_system:Skipping extension 'colcon_core.shell.bat': Not used on non-Windows systems
[1.197s] INFO:colcon.colcon_core.shell:Creating environment hook '/home/ubuntu/Capstone-Autonomous-Driving/ros2_ws/install/oak_d_pro/share/oak_d_pro/hook/ament_prefix_path.ps1'
[1.197s] INFO:colcon.colcon_core.shell:Creating environment descriptor '/home/ubuntu/Capstone-Autonomous-Driving/ros2_ws/install/oak_d_pro/share/oak_d_pro/hook/ament_prefix_path.dsv'
[1.198s] INFO:colcon.colcon_core.shell:Creating environment hook '/home/ubuntu/Capstone-Autonomous-Driving/ros2_ws/install/oak_d_pro/share/oak_d_pro/hook/ament_prefix_path.sh'
[1.210s] INFO:colcon.colcon_core.shell:Skip shell extension 'powershell' for command environment: Not usable outside of PowerShell
[1.210s] DEBUG:colcon.colcon_core.shell:Skip shell extension 'dsv' for command environment
[1.251s] INFO:colcon.colcon_ros.task.ament_python.build:Building ROS package in '/home/ubuntu/Capstone-Autonomous-Driving/ros2_ws/src/ps5_controller' with build type 'ament_python'
[1.251s] Level 1:colcon.colcon_core.shell:create_environment_hook('ps5_controller', 'ament_prefix_path')
[1.272s] INFO:colcon.colcon_core.shell:Creating environment hook '/home/ubuntu/Capstone-Autonomous-Driving/ros2_ws/install/ps5_controller/share/ps5_controller/hook/ament_prefix_path.ps1'
[1.273s] INFO:colcon.colcon_core.shell:Creating environment descriptor '/home/ubuntu/Capstone-Autonomous-Driving/ros2_ws/install/ps5_controller/share/ps5_controller/hook/ament_prefix_path.dsv'
[1.273s] INFO:colcon.colcon_core.shell:Creating environment hook '/home/ubuntu/Capstone-Autonomous-Driving/ros2_ws/install/ps5_controller/share/ps5_controller/hook/ament_prefix_path.sh'
[1.287s] INFO:colcon.colcon_core.shell:Skip shell extension 'powershell' for command environment: Not usable outside of PowerShell
[1.287s] DEBUG:colcon.colcon_core.shell:Skip shell extension 'dsv' for command environment
[1.332s] INFO:colcon.colcon_ros.task.ament_cmake.build:Building ROS package in '/home/ubuntu/Capstone-Autonomous-Driving/ros2_ws/src/robot_car_pkg' with build type 'ament_cmake'
[1.333s] INFO:colcon.colcon_cmake.task.cmake.build:Building CMake package in '/home/ubuntu/Capstone-Autonomous-Driving/ros2_ws/src/robot_car_pkg'
[1.349s] INFO:colcon.colcon_core.shell:Skip shell extension 'powershell' for command environment: Not usable outside of PowerShell
[1.350s] DEBUG:colcon.colcon_core.shell:Skip shell extension 'dsv' for command environment
[1.389s] INFO:colcon.colcon_ros.task.ament_cmake.build:Building ROS package in '/home/ubuntu/Capstone-Autonomous-Driving/ros2_ws/src/rplidar_ros2' with build type 'ament_cmake'
[1.389s] INFO:colcon.colcon_cmake.task.cmake.build:Building CMake package in '/home/ubuntu/Capstone-Autonomous-Driving/ros2_ws/src/rplidar_ros2'
[1.402s] INFO:colcon.colcon_core.shell:Skip shell extension 'powershell' for command environment: Not usable outside of PowerShell
[1.402s] DEBUG:colcon.colcon_core.shell:Skip shell extension 'dsv' for command environment
[1.696s] INFO:colcon.colcon_core.task.python.build:Building Python package in '/home/ubuntu/Capstone-Autonomous-Driving/ros2_ws/src/oak_d_pro'
[1.708s] INFO:colcon.colcon_core.shell:Skip shell extension 'powershell' for command environment: Not usable outside of PowerShell
[1.708s] DEBUG:colcon.colcon_core.shell:Skip shell extension 'dsv' for command environment
[1.980s] INFO:colcon.colcon_core.task.python.build:Building Python package in '/home/ubuntu/Capstone-Autonomous-Driving/ros2_ws/src/ps5_controller'
[1.992s] INFO:colcon.colcon_core.shell:Skip shell extension 'powershell' for command environment: Not usable outside of PowerShell
[1.992s] DEBUG:colcon.colcon_core.shell:Skip shell extension 'dsv' for command environment
[2.036s] DEBUG:colcon.colcon_core.event_handler.log_command:Invoking command in '/home/ubuntu/Capstone-Autonomous-Driving/ros2_ws/build/robot_car_pkg': CMAKE_PREFIX_PATH=${CMAKE_PREFIX_PATH}:/opt/ros/humble:/home/ubuntu/Capstone-Autonomous-Driving/ros2_ws/install/ps5_controller:/home/ubuntu/Capstone-Autonomous-Driving/ros2_ws/install/oak_d_pro /usr/bin/cmake --build /home/ubuntu/Capstone-Autonomous-Driving/ros2_ws/build/robot_car_pkg -- -j16 -l16
[2.039s] DEBUG:colcon.colcon_core.event_handler.log_command:Invoking command in '/home/ubuntu/Capstone-Autonomous-Driving/ros2_ws/build/rplidar_ros': CMAKE_PREFIX_PATH=${CMAKE_PREFIX_PATH}:/opt/ros/humble:/home/ubuntu/Capstone-Autonomous-Driving/ros2_ws/install/ps5_controller:/home/ubuntu/Capstone-Autonomous-Driving/ros2_ws/install/oak_d_pro /usr/bin/cmake --build /home/ubuntu/Capstone-Autonomous-Driving/ros2_ws/build/rplidar_ros -- -j16 -l16
[2.072s] DEBUG:colcon.colcon_core.event_handler.log_command:Invoked command in '/home/ubuntu/Capstone-Autonomous-Driving/ros2_ws/build/robot_car_pkg' returned '0': CMAKE_PREFIX_PATH=${CMAKE_PREFIX_PATH}:/opt/ros/humble:/home/ubuntu/Capstone-Autonomous-Driving/ros2_ws/install/ps5_controller:/home/ubuntu/Capstone-Autonomous-Driving/ros2_ws/install/oak_d_pro /usr/bin/cmake --build /home/ubuntu/Capstone-Autonomous-Driving/ros2_ws/build/robot_car_pkg -- -j16 -l16
[2.104s] DEBUG:colcon.colcon_core.event_handler.log_command:Invoking command in '/home/ubuntu/Capstone-Autonomous-Driving/ros2_ws/build/robot_car_pkg': CMAKE_PREFIX_PATH=${CMAKE_PREFIX_PATH}:/opt/ros/humble:/home/ubuntu/Capstone-Autonomous-Driving/ros2_ws/install/ps5_controller:/home/ubuntu/Capstone-Autonomous-Driving/ros2_ws/install/oak_d_pro /usr/bin/cmake --install /home/ubuntu/Capstone-Autonomous-Driving/ros2_ws/build/robot_car_pkg
[2.134s] DEBUG:colcon.colcon_core.event_handler.log_command:Invoked command in '/home/ubuntu/Capstone-Autonomous-Driving/ros2_ws/build/rplidar_ros' returned '0': CMAKE_PREFIX_PATH=${CMAKE_PREFIX_PATH}:/opt/ros/humble:/home/ubuntu/Capstone-Autonomous-Driving/ros2_ws/install/ps5_controller:/home/ubuntu/Capstone-Autonomous-Driving/ros2_ws/install/oak_d_pro /usr/bin/cmake --build /home/ubuntu/Capstone-Autonomous-Driving/ros2_ws/build/rplidar_ros -- -j16 -l16
[2.147s] Level 1:colcon.colcon_core.environment:create_environment_scripts_only(robot_car_pkg)
[2.147s] DEBUG:colcon.colcon_core.event_handler.log_command:Invoked command in '/home/ubuntu/Capstone-Autonomous-Driving/ros2_ws/build/robot_car_pkg' returned '0': CMAKE_PREFIX_PATH=${CMAKE_PREFIX_PATH}:/opt/ros/humble:/home/ubuntu/Capstone-Autonomous-Driving/ros2_ws/install/ps5_controller:/home/ubuntu/Capstone-Autonomous-Driving/ros2_ws/install/oak_d_pro /usr/bin/cmake --install /home/ubuntu/Capstone-Autonomous-Driving/ros2_ws/build/robot_car_pkg
[2.162s] Level 1:colcon.colcon_core.environment:checking '/home/ubuntu/Capstone-Autonomous-Driving/ros2_ws/install/robot_car_pkg' for CMake module files
[2.163s] Level 1:colcon.colcon_core.environment:checking '/home/ubuntu/Capstone-Autonomous-Driving/ros2_ws/install/robot_car_pkg' for CMake config files
[2.163s] Level 1:colcon.colcon_core.shell:create_environment_hook('robot_car_pkg', 'cmake_prefix_path')
[2.177s] INFO:colcon.colcon_core.shell:Creating environment hook '/home/ubuntu/Capstone-Autonomous-Driving/ros2_ws/install/robot_car_pkg/share/robot_car_pkg/hook/cmake_prefix_path.ps1'
[2.177s] INFO:colcon.colcon_core.shell:Creating environment descriptor '/home/ubuntu/Capstone-Autonomous-Driving/ros2_ws/install/robot_car_pkg/share/robot_car_pkg/hook/cmake_prefix_path.dsv'
[2.178s] INFO:colcon.colcon_core.shell:Creating environment hook '/home/ubuntu/Capstone-Autonomous-Driving/ros2_ws/install/robot_car_pkg/share/robot_car_pkg/hook/cmake_prefix_path.sh'
[2.178s] Level 1:colcon.colcon_core.environment:checking '/home/ubuntu/Capstone-Autonomous-Driving/ros2_ws/install/robot_car_pkg/bin'
[2.179s] Level 1:colcon.colcon_core.environment:checking '/home/ubuntu/Capstone-Autonomous-Driving/ros2_ws/install/robot_car_pkg/lib/pkgconfig/robot_car_pkg.pc'
[2.179s] Level 1:colcon.colcon_core.environment:checking '/home/ubuntu/Capstone-Autonomous-Driving/ros2_ws/install/robot_car_pkg/lib/python3.10/site-packages'
[2.179s] Level 1:colcon.colcon_core.environment:checking '/home/ubuntu/Capstone-Autonomous-Driving/ros2_ws/install/robot_car_pkg/bin'
[2.193s] INFO:colcon.colcon_core.shell:Creating package script '/home/ubuntu/Capstone-Autonomous-Driving/ros2_ws/install/robot_car_pkg/share/robot_car_pkg/package.ps1'
[2.194s] INFO:colcon.colcon_core.shell:Creating package descriptor '/home/ubuntu/Capstone-Autonomous-Driving/ros2_ws/install/robot_car_pkg/share/robot_car_pkg/package.dsv'
[2.194s] INFO:colcon.colcon_core.shell:Creating package script '/home/ubuntu/Capstone-Autonomous-Driving/ros2_ws/install/robot_car_pkg/share/robot_car_pkg/package.sh'
[2.195s] INFO:colcon.colcon_core.shell:Creating package script '/home/ubuntu/Capstone-Autonomous-Driving/ros2_ws/install/robot_car_pkg/share/robot_car_pkg/package.bash'
[2.196s] INFO:colcon.colcon_core.shell:Creating package script '/home/ubuntu/Capstone-Autonomous-Driving/ros2_ws/install/robot_car_pkg/share/robot_car_pkg/package.zsh'
[2.196s] Level 1:colcon.colcon_core.environment:create_file_with_runtime_dependencies(/home/ubuntu/Capstone-Autonomous-Driving/ros2_ws/install/robot_car_pkg/share/colcon-core/packages/robot_car_pkg)
[2.199s] DEBUG:colcon.colcon_core.event_handler.log_command:Invoking command in '/home/ubuntu/Capstone-Autonomous-Driving/ros2_ws/build/rplidar_ros': CMAKE_PREFIX_PATH=${CMAKE_PREFIX_PATH}:/opt/ros/humble:/home/ubuntu/Capstone-Autonomous-Driving/ros2_ws/install/ps5_controller:/home/ubuntu/Capstone-Autonomous-Driving/ros2_ws/install/oak_d_pro /usr/bin/cmake --install /home/ubuntu/Capstone-Autonomous-Driving/ros2_ws/build/rplidar_ros
[2.238s] Level 1:colcon.colcon_core.environment:create_environment_scripts_only(robot_car_pkg)
[2.251s] Level 1:colcon.colcon_core.environment:checking '/home/ubuntu/Capstone-Autonomous-Driving/ros2_ws/install/robot_car_pkg' for CMake module files
[2.252s] Level 1:colcon.colcon_core.environment:checking '/home/ubuntu/Capstone-Autonomous-Driving/ros2_ws/install/robot_car_pkg' for CMake config files
[2.252s] Level 1:colcon.colcon_core.shell:create_environment_hook('robot_car_pkg', 'cmake_prefix_path')
[2.266s] INFO:colcon.colcon_core.shell:Creating environment hook '/home/ubuntu/Capstone-Autonomous-Driving/ros2_ws/install/robot_car_pkg/share/robot_car_pkg/hook/cmake_prefix_path.ps1'
[2.266s] INFO:colcon.colcon_core.shell:Creating environment descriptor '/home/ubuntu/Capstone-Autonomous-Driving/ros2_ws/install/robot_car_pkg/share/robot_car_pkg/hook/cmake_prefix_path.dsv'
[2.267s] INFO:colcon.colcon_core.shell:Creating environment hook '/home/ubuntu/Capstone-Autonomous-Driving/ros2_ws/install/robot_car_pkg/share/robot_car_pkg/hook/cmake_prefix_path.sh'
[2.267s] Level 1:colcon.colcon_core.environment:checking '/home/ubuntu/Capstone-Autonomous-Driving/ros2_ws/install/robot_car_pkg/bin'
[2.268s] Level 1:colcon.colcon_core.environment:checking '/home/ubuntu/Capstone-Autonomous-Driving/ros2_ws/install/robot_car_pkg/lib/pkgconfig/robot_car_pkg.pc'
[2.268s] Level 1:colcon.colcon_core.environment:checking '/home/ubuntu/Capstone-Autonomous-Driving/ros2_ws/install/robot_car_pkg/lib/python3.10/site-packages'
[2.268s] Level 1:colcon.colcon_core.environment:checking '/home/ubuntu/Capstone-Autonomous-Driving/ros2_ws/install/robot_car_pkg/bin'
[2.282s] INFO:colcon.colcon_core.shell:Creating package script '/home/ubuntu/Capstone-Autonomous-Driving/ros2_ws/install/robot_car_pkg/share/robot_car_pkg/package.ps1'
[2.283s] INFO:colcon.colcon_core.shell:Creating package descriptor '/home/ubuntu/Capstone-Autonomous-Driving/ros2_ws/install/robot_car_pkg/share/robot_car_pkg/package.dsv'
[2.283s] INFO:colcon.colcon_core.shell:Creating package script '/home/ubuntu/Capstone-Autonomous-Driving/ros2_ws/install/robot_car_pkg/share/robot_car_pkg/package.sh'
[2.284s] INFO:colcon.colcon_core.shell:Creating package script '/home/ubuntu/Capstone-Autonomous-Driving/ros2_ws/install/robot_car_pkg/share/robot_car_pkg/package.bash'
[2.284s] INFO:colcon.colcon_core.shell:Creating package script '/home/ubuntu/Capstone-Autonomous-Driving/ros2_ws/install/robot_car_pkg/share/robot_car_pkg/package.zsh'
[2.284s] Level 1:colcon.colcon_core.environment:create_file_with_runtime_dependencies(/home/ubuntu/Capstone-Autonomous-Driving/ros2_ws/install/robot_car_pkg/share/colcon-core/packages/robot_car_pkg)
[2.286s] Level 1:colcon.colcon_core.environment:create_environment_scripts_only(rplidar_ros)
[2.286s] DEBUG:colcon.colcon_core.event_handler.log_command:Invoked command in '/home/ubuntu/Capstone-Autonomous-Driving/ros2_ws/build/rplidar_ros' returned '0': CMAKE_PREFIX_PATH=${CMAKE_PREFIX_PATH}:/opt/ros/humble:/home/ubuntu/Capstone-Autonomous-Driving/ros2_ws/install/ps5_controller:/home/ubuntu/Capstone-Autonomous-Driving/ros2_ws/install/oak_d_pro /usr/bin/cmake --install /home/ubuntu/Capstone-Autonomous-Driving/ros2_ws/build/rplidar_ros
[2.300s] Level 1:colcon.colcon_core.environment:checking '/home/ubuntu/Capstone-Autonomous-Driving/ros2_ws/install/rplidar_ros' for CMake module files
[2.301s] Level 1:colcon.colcon_core.environment:checking '/home/ubuntu/Capstone-Autonomous-Driving/ros2_ws/install/rplidar_ros' for CMake config files
[2.301s] Level 1:colcon.colcon_core.shell:create_environment_hook('rplidar_ros', 'cmake_prefix_path')
[2.315s] INFO:colcon.colcon_core.shell:Creating environment hook '/home/ubuntu/Capstone-Autonomous-Driving/ros2_ws/install/rplidar_ros/share/rplidar_ros/hook/cmake_prefix_path.ps1'
[2.315s] INFO:colcon.colcon_core.shell:Creating environment descriptor '/home/ubuntu/Capstone-Autonomous-Driving/ros2_ws/install/rplidar_ros/share/rplidar_ros/hook/cmake_prefix_path.dsv'
[2.316s] INFO:colcon.colcon_core.shell:Creating environment hook '/home/ubuntu/Capstone-Autonomous-Driving/ros2_ws/install/rplidar_ros/share/rplidar_ros/hook/cmake_prefix_path.sh'
[2.317s] Level 1:colcon.colcon_core.environment:checking '/home/ubuntu/Capstone-Autonomous-Driving/ros2_ws/install/rplidar_ros/lib'
[2.317s] Level 1:colcon.colcon_core.shell:create_environment_hook('rplidar_ros', 'ld_library_path_lib')
[2.332s] INFO:colcon.colcon_core.shell:Creating environment hook '/home/ubuntu/Capstone-Autonomous-Driving/ros2_ws/install/rplidar_ros/share/rplidar_ros/hook/ld_library_path_lib.ps1'
[2.332s] INFO:colcon.colcon_core.shell:Creating environment descriptor '/home/ubuntu/Capstone-Autonomous-Driving/ros2_ws/install/rplidar_ros/share/rplidar_ros/hook/ld_library_path_lib.dsv'
[2.333s] INFO:colcon.colcon_core.shell:Creating environment hook '/home/ubuntu/Capstone-Autonomous-Driving/ros2_ws/install/rplidar_ros/share/rplidar_ros/hook/ld_library_path_lib.sh'
[2.333s] Level 1:colcon.colcon_core.environment:checking '/home/ubuntu/Capstone-Autonomous-Driving/ros2_ws/install/rplidar_ros/bin'
[2.334s] Level 1:colcon.colcon_core.environment:checking '/home/ubuntu/Capstone-Autonomous-Driving/ros2_ws/install/rplidar_ros/lib/pkgconfig/rplidar_ros.pc'
[2.334s] Level 1:colcon.colcon_core.environment:checking '/home/ubuntu/Capstone-Autonomous-Driving/ros2_ws/install/rplidar_ros/lib/python3.10/site-packages'
[2.334s] Level 1:colcon.colcon_core.environment:checking '/home/ubuntu/Capstone-Autonomous-Driving/ros2_ws/install/rplidar_ros/bin'
[2.348s] INFO:colcon.colcon_core.shell:Creating package script '/home/ubuntu/Capstone-Autonomous-Driving/ros2_ws/install/rplidar_ros/share/rplidar_ros/package.ps1'
[2.348s] INFO:colcon.colcon_core.shell:Creating package descriptor '/home/ubuntu/Capstone-Autonomous-Driving/ros2_ws/install/rplidar_ros/share/rplidar_ros/package.dsv'
[2.349s] INFO:colcon.colcon_core.shell:Creating package script '/home/ubuntu/Capstone-Autonomous-Driving/ros2_ws/install/rplidar_ros/share/rplidar_ros/package.sh'
[2.349s] INFO:colcon.colcon_core.shell:Creating package script '/home/ubuntu/Capstone-Autonomous-Driving/ros2_ws/install/rplidar_ros/share/rplidar_ros/package.bash'
[2.349s] INFO:colcon.colcon_core.shell:Creating package script '/home/ubuntu/Capstone-Autonomous-Driving/ros2_ws/install/rplidar_ros/share/rplidar_ros/package.zsh'
[2.350s] Level 1:colcon.colcon_core.environment:create_file_with_runtime_dependencies(/home/ubuntu/Capstone-Autonomous-Driving/ros2_ws/install/rplidar_ros/share/colcon-core/packages/rplidar_ros)
[2.392s] DEBUG:colcon.colcon_core.event_handler.log_command:Invoking command in '/home/ubuntu/Capstone-Autonomous-Driving/ros2_ws/build/oak_d_pro': PYTHONPATH=/home/ubuntu/Capstone-Autonomous-Driving/ros2_ws/build/oak_d_pro/prefix_override:/home/ubuntu/Capstone-Autonomous-Driving/ros2_ws/install/oak_d_pro/lib/python3.10/site-packages:${PYTHONPATH} /usr/bin/python3 setup.py develop --editable --build-directory /home/ubuntu/Capstone-Autonomous-Driving/ros2_ws/build/oak_d_pro/build --no-deps install_data
[2.407s] Level 1:colcon.colcon_core.environment:create_environment_scripts_only(rplidar_ros)
[2.421s] Level 1:colcon.colcon_core.environment:checking '/home/ubuntu/Capstone-Autonomous-Driving/ros2_ws/install/rplidar_ros' for CMake module files
[2.422s] Level 1:colcon.colcon_core.environment:checking '/home/ubuntu/Capstone-Autonomous-Driving/ros2_ws/install/rplidar_ros' for CMake config files
[2.422s] Level 1:colcon.colcon_core.shell:create_environment_hook('rplidar_ros', 'cmake_prefix_path')
[2.436s] INFO:colcon.colcon_core.shell:Creating environment hook '/home/ubuntu/Capstone-Autonomous-Driving/ros2_ws/install/rplidar_ros/share/rplidar_ros/hook/cmake_prefix_path.ps1'
[2.437s] INFO:colcon.colcon_core.shell:Creating environment descriptor '/home/ubuntu/Capstone-Autonomous-Driving/ros2_ws/install/rplidar_ros/share/rplidar_ros/hook/cmake_prefix_path.dsv'
[2.438s] INFO:colcon.colcon_core.shell:Creating environment hook '/home/ubuntu/Capstone-Autonomous-Driving/ros2_ws/install/rplidar_ros/share/rplidar_ros/hook/cmake_prefix_path.sh'
[2.438s] Level 1:colcon.colcon_core.environment:checking '/home/ubuntu/Capstone-Autonomous-Driving/ros2_ws/install/rplidar_ros/lib'
[2.438s] Level 1:colcon.colcon_core.shell:create_environment_hook('rplidar_ros', 'ld_library_path_lib')
[2.452s] INFO:colcon.colcon_core.shell:Creating environment hook '/home/ubuntu/Capstone-Autonomous-Driving/ros2_ws/install/rplidar_ros/share/rplidar_ros/hook/ld_library_path_lib.ps1'
[2.452s] INFO:colcon.colcon_core.shell:Creating environment descriptor '/home/ubuntu/Capstone-Autonomous-Driving/ros2_ws/install/rplidar_ros/share/rplidar_ros/hook/ld_library_path_lib.dsv'
[2.453s] INFO:colcon.colcon_core.shell:Creating environment hook '/home/ubuntu/Capstone-Autonomous-Driving/ros2_ws/install/rplidar_ros/share/rplidar_ros/hook/ld_library_path_lib.sh'
[2.453s] Level 1:colcon.colcon_core.environment:checking '/home/ubuntu/Capstone-Autonomous-Driving/ros2_ws/install/rplidar_ros/bin'
[2.453s] Level 1:colcon.colcon_core.environment:checking '/home/ubuntu/Capstone-Autonomous-Driving/ros2_ws/install/rplidar_ros/lib/pkgconfig/rplidar_ros.pc'
[2.454s] Level 1:colcon.colcon_core.environment:checking '/home/ubuntu/Capstone-Autonomous-Driving/ros2_ws/install/rplidar_ros/lib/python3.10/site-packages'
[2.454s] Level 1:colcon.colcon_core.environment:checking '/home/ubuntu/Capstone-Autonomous-Driving/ros2_ws/install/rplidar_ros/bin'
[2.468s] INFO:colcon.colcon_core.shell:Creating package script '/home/ubuntu/Capstone-Autonomous-Driving/ros2_ws/install/rplidar_ros/share/rplidar_ros/package.ps1'
[2.469s] INFO:colcon.colcon_core.shell:Creating package descriptor '/home/ubuntu/Capstone-Autonomous-Driving/ros2_ws/install/rplidar_ros/share/rplidar_ros/package.dsv'
[2.469s] INFO:colcon.colcon_core.shell:Creating package script '/home/ubuntu/Capstone-Autonomous-Driving/ros2_ws/install/rplidar_ros/share/rplidar_ros/package.sh'
[2.470s] INFO:colcon.colcon_core.shell:Creating package script '/home/ubuntu/Capstone-Autonomous-Driving/ros2_ws/install/rplidar_ros/share/rplidar_ros/package.bash'
[2.470s] INFO:colcon.colcon_core.shell:Creating package script '/home/ubuntu/Capstone-Autonomous-Driving/ros2_ws/install/rplidar_ros/share/rplidar_ros/package.zsh'
[2.470s] Level 1:colcon.colcon_core.environment:create_file_with_runtime_dependencies(/home/ubuntu/Capstone-Autonomous-Driving/ros2_ws/install/rplidar_ros/share/colcon-core/packages/rplidar_ros)
[2.473s] DEBUG:colcon.colcon_core.event_handler.log_command:Invoking command in '/home/ubuntu/Capstone-Autonomous-Driving/ros2_ws/build/ps5_controller': PYTHONPATH=/home/ubuntu/Capstone-Autonomous-Driving/ros2_ws/build/ps5_controller/prefix_override:/home/ubuntu/Capstone-Autonomous-Driving/ros2_ws/install/ps5_controller/lib/python3.10/site-packages:${PYTHONPATH} /usr/bin/python3 setup.py develop --editable --build-directory /home/ubuntu/Capstone-Autonomous-Driving/ros2_ws/build/ps5_controller/build --no-deps install_data
[2.845s] Level 1:colcon.colcon_core.shell:create_environment_hook('oak_d_pro', 'pythonpath_develop')
[2.845s] DEBUG:colcon.colcon_core.event_handler.log_command:Invoked command in '/home/ubuntu/Capstone-Autonomous-Driving/ros2_ws/build/oak_d_pro' returned '0': PYTHONPATH=/home/ubuntu/Capstone-Autonomous-Driving/ros2_ws/build/oak_d_pro/prefix_override:/home/ubuntu/Capstone-Autonomous-Driving/ros2_ws/install/oak_d_pro/lib/python3.10/site-packages:${PYTHONPATH} /usr/bin/python3 setup.py develop --editable --build-directory /home/ubuntu/Capstone-Autonomous-Driving/ros2_ws/build/oak_d_pro/build --no-deps install_data
[2.857s] INFO:colcon.colcon_core.shell:Creating environment hook '/home/ubuntu/Capstone-Autonomous-Driving/ros2_ws/build/oak_d_pro/share/oak_d_pro/hook/pythonpath_develop.ps1'
[2.857s] INFO:colcon.colcon_core.shell:Creating environment descriptor '/home/ubuntu/Capstone-Autonomous-Driving/ros2_ws/build/oak_d_pro/share/oak_d_pro/hook/pythonpath_develop.dsv'
[2.858s] INFO:colcon.colcon_core.shell:Creating environment hook '/home/ubuntu/Capstone-Autonomous-Driving/ros2_ws/build/oak_d_pro/share/oak_d_pro/hook/pythonpath_develop.sh'
[2.869s] Level 1:colcon.colcon_core.environment:checking '/home/ubuntu/Capstone-Autonomous-Driving/ros2_ws/install/oak_d_pro' for CMake module files
[2.870s] Level 1:colcon.colcon_core.environment:checking '/home/ubuntu/Capstone-Autonomous-Driving/ros2_ws/install/oak_d_pro' for CMake config files
[2.870s] Level 1:colcon.colcon_core.environment:checking '/home/ubuntu/Capstone-Autonomous-Driving/ros2_ws/install/oak_d_pro/lib'
[2.870s] Level 1:colcon.colcon_core.environment:checking '/home/ubuntu/Capstone-Autonomous-Driving/ros2_ws/install/oak_d_pro/bin'
[2.870s] Level 1:colcon.colcon_core.environment:checking '/home/ubuntu/Capstone-Autonomous-Driving/ros2_ws/install/oak_d_pro/lib/pkgconfig/oak_d_pro.pc'
[2.870s] Level 1:colcon.colcon_core.environment:checking '/home/ubuntu/Capstone-Autonomous-Driving/ros2_ws/install/oak_d_pro/lib/python3.10/site-packages'
[2.870s] Level 1:colcon.colcon_core.shell:create_environment_hook('oak_d_pro', 'pythonpath')
[2.882s] INFO:colcon.colcon_core.shell:Creating environment hook '/home/ubuntu/Capstone-Autonomous-Driving/ros2_ws/install/oak_d_pro/share/oak_d_pro/hook/pythonpath.ps1'
[2.882s] INFO:colcon.colcon_core.shell:Creating environment descriptor '/home/ubuntu/Capstone-Autonomous-Driving/ros2_ws/install/oak_d_pro/share/oak_d_pro/hook/pythonpath.dsv'
[2.883s] INFO:colcon.colcon_core.shell:Creating environment hook '/home/ubuntu/Capstone-Autonomous-Driving/ros2_ws/install/oak_d_pro/share/oak_d_pro/hook/pythonpath.sh'
[2.883s] Level 1:colcon.colcon_core.environment:checking '/home/ubuntu/Capstone-Autonomous-Driving/ros2_ws/install/oak_d_pro/bin'
[2.883s] Level 1:colcon.colcon_core.environment:create_environment_scripts_only(oak_d_pro)
[2.897s] INFO:colcon.colcon_core.shell:Creating package script '/home/ubuntu/Capstone-Autonomous-Driving/ros2_ws/install/oak_d_pro/share/oak_d_pro/package.ps1'
[2.898s] INFO:colcon.colcon_core.shell:Creating package descriptor '/home/ubuntu/Capstone-Autonomous-Driving/ros2_ws/install/oak_d_pro/share/oak_d_pro/package.dsv'
[2.898s] INFO:colcon.colcon_core.shell:Creating package script '/home/ubuntu/Capstone-Autonomous-Driving/ros2_ws/install/oak_d_pro/share/oak_d_pro/package.sh'
[2.898s] INFO:colcon.colcon_core.shell:Creating package script '/home/ubuntu/Capstone-Autonomous-Driving/ros2_ws/install/oak_d_pro/share/oak_d_pro/package.bash'
[2.899s] INFO:colcon.colcon_core.shell:Creating package script '/home/ubuntu/Capstone-Autonomous-Driving/ros2_ws/install/oak_d_pro/share/oak_d_pro/package.zsh'
[2.899s] Level 1:colcon.colcon_core.environment:create_file_with_runtime_dependencies(/home/ubuntu/Capstone-Autonomous-Driving/ros2_ws/install/oak_d_pro/share/colcon-core/packages/oak_d_pro)
[2.918s] Level 1:colcon.colcon_core.shell:create_environment_hook('ps5_controller', 'pythonpath_develop')
[2.919s] DEBUG:colcon.colcon_core.event_handler.log_command:Invoked command in '/home/ubuntu/Capstone-Autonomous-Driving/ros2_ws/build/ps5_controller' returned '0': PYTHONPATH=/home/ubuntu/Capstone-Autonomous-Driving/ros2_ws/build/ps5_controller/prefix_override:/home/ubuntu/Capstone-Autonomous-Driving/ros2_ws/install/ps5_controller/lib/python3.10/site-packages:${PYTHONPATH} /usr/bin/python3 setup.py develop --editable --build-directory /home/ubuntu/Capstone-Autonomous-Driving/ros2_ws/build/ps5_controller/build --no-deps install_data
[2.932s] INFO:colcon.colcon_core.shell:Creating environment hook '/home/ubuntu/Capstone-Autonomous-Driving/ros2_ws/build/ps5_controller/share/ps5_controller/hook/pythonpath_develop.ps1'
[2.932s] INFO:colcon.colcon_core.shell:Creating environment descriptor '/home/ubuntu/Capstone-Autonomous-Driving/ros2_ws/build/ps5_controller/share/ps5_controller/hook/pythonpath_develop.dsv'
[2.933s] INFO:colcon.colcon_core.shell:Creating environment hook '/home/ubuntu/Capstone-Autonomous-Driving/ros2_ws/build/ps5_controller/share/ps5_controller/hook/pythonpath_develop.sh'
[2.945s] Level 1:colcon.colcon_core.environment:checking '/home/ubuntu/Capstone-Autonomous-Driving/ros2_ws/install/ps5_controller' for CMake module files
[2.945s] Level 1:colcon.colcon_core.environment:checking '/home/ubuntu/Capstone-Autonomous-Driving/ros2_ws/install/ps5_controller' for CMake config files
[2.945s] Level 1:colcon.colcon_core.environment:checking '/home/ubuntu/Capstone-Autonomous-Driving/ros2_ws/install/ps5_controller/lib'
[2.946s] Level 1:colcon.colcon_core.environment:checking '/home/ubuntu/Capstone-Autonomous-Driving/ros2_ws/install/ps5_controller/bin'
[2.946s] Level 1:colcon.colcon_core.environment:checking '/home/ubuntu/Capstone-Autonomous-Driving/ros2_ws/install/ps5_controller/lib/pkgconfig/ps5_controller.pc'
[2.946s] Level 1:colcon.colcon_core.environment:checking '/home/ubuntu/Capstone-Autonomous-Driving/ros2_ws/install/ps5_controller/lib/python3.10/site-packages'
[2.946s] Level 1:colcon.colcon_core.shell:create_environment_hook('ps5_controller', 'pythonpath')
[2.958s] INFO:colcon.colcon_core.shell:Creating environment hook '/home/ubuntu/Capstone-Autonomous-Driving/ros2_ws/install/ps5_controller/share/ps5_controller/hook/pythonpath.ps1'
[2.958s] INFO:colcon.colcon_core.shell:Creating environment descriptor '/home/ubuntu/Capstone-Autonomous-Driving/ros2_ws/install/ps5_controller/share/ps5_controller/hook/pythonpath.dsv'
[2.959s] INFO:colcon.colcon_core.shell:Creating environment hook '/home/ubuntu/Capstone-Autonomous-Driving/ros2_ws/install/ps5_controller/share/ps5_controller/hook/pythonpath.sh'
[2.959s] Level 1:colcon.colcon_core.environment:checking '/home/ubuntu/Capstone-Autonomous-Driving/ros2_ws/install/ps5_controller/bin'
[2.959s] Level 1:colcon.colcon_core.environment:create_environment_scripts_only(ps5_controller)
[2.972s] INFO:colcon.colcon_core.shell:Creating package script '/home/ubuntu/Capstone-Autonomous-Driving/ros2_ws/install/ps5_controller/share/ps5_controller/package.ps1'
[2.973s] INFO:colcon.colcon_core.shell:Creating package descriptor '/home/ubuntu/Capstone-Autonomous-Driving/ros2_ws/install/ps5_controller/share/ps5_controller/package.dsv'
[2.973s] INFO:colcon.colcon_core.shell:Creating package script '/home/ubuntu/Capstone-Autonomous-Driving/ros2_ws/install/ps5_controller/share/ps5_controller/package.sh'
[2.974s] INFO:colcon.colcon_core.shell:Creating package script '/home/ubuntu/Capstone-Autonomous-Driving/ros2_ws/install/ps5_controller/share/ps5_controller/package.bash'
[2.974s] INFO:colcon.colcon_core.shell:Creating package script '/home/ubuntu/Capstone-Autonomous-Driving/ros2_ws/install/ps5_controller/share/ps5_controller/package.zsh'
[2.974s] Level 1:colcon.colcon_core.environment:create_file_with_runtime_dependencies(/home/ubuntu/Capstone-Autonomous-Driving/ros2_ws/install/ps5_controller/share/colcon-core/packages/ps5_controller)
[2.975s] DEBUG:colcon.colcon_parallel_executor.executor.parallel:closing loop
[2.975s] DEBUG:colcon.colcon_parallel_executor.executor.parallel:loop closed
[2.975s] DEBUG:colcon.colcon_parallel_executor.executor.parallel:run_until_complete finished with '0'
[2.975s] DEBUG:colcon.colcon_core.event_reactor:joining thread
[2.991s] INFO:colcon.colcon_core.plugin_system:Skipping extension 'colcon_notification.desktop_notification.terminal_notifier': Not used on non-Darwin systems
[2.991s] INFO:colcon.colcon_core.plugin_system:Skipping extension 'colcon_notification.desktop_notification.win32': Not used on non-Windows systems
[2.991s] INFO:colcon.colcon_notification.desktop_notification:Sending desktop notification using 'notify2'
[3.001s] DEBUG:colcon.colcon_core.event_reactor:joined thread
[3.016s] INFO:colcon.colcon_core.shell:Creating prefix script '/home/ubuntu/Capstone-Autonomous-Driving/ros2_ws/install/local_setup.ps1'
[3.017s] INFO:colcon.colcon_core.shell:Creating prefix util module '/home/ubuntu/Capstone-Autonomous-Driving/ros2_ws/install/_local_setup_util_ps1.py'
[3.019s] INFO:colcon.colcon_core.shell:Creating prefix chain script '/home/ubuntu/Capstone-Autonomous-Driving/ros2_ws/install/setup.ps1'
[3.035s] INFO:colcon.colcon_core.shell:Creating prefix script '/home/ubuntu/Capstone-Autonomous-Driving/ros2_ws/install/local_setup.sh'
[3.035s] INFO:colcon.colcon_core.shell:Creating prefix util module '/home/ubuntu/Capstone-Autonomous-Driving/ros2_ws/install/_local_setup_util_sh.py'
[3.035s] INFO:colcon.colcon_core.shell:Creating prefix chain script '/home/ubuntu/Capstone-Autonomous-Driving/ros2_ws/install/setup.sh'
[3.055s] INFO:colcon.colcon_core.shell:Creating prefix script '/home/ubuntu/Capstone-Autonomous-Driving/ros2_ws/install/local_setup.bash'
[3.055s] INFO:colcon.colcon_core.shell:Creating prefix chain script '/home/ubuntu/Capstone-Autonomous-Driving/ros2_ws/install/setup.bash'
[3.068s] INFO:colcon.colcon_core.shell:Creating prefix script '/home/ubuntu/Capstone-Autonomous-Driving/ros2_ws/install/local_setup.zsh'
[3.069s] INFO:colcon.colcon_core.shell:Creating prefix chain script '/home/ubuntu/Capstone-Autonomous-Driving/ros2_ws/install/setup.zsh'
