[5.813s] DEBUG:colcon:Command line arguments: ['/usr/bin/colcon', 'build']
[5.814s] DEBUG:colcon:Parsed command line arguments: Namespace(log_base=None, log_level=None, verb_name='build', build_base='build', install_base='install', merge_install=False, symlink_install=False, test_result_base=None, continue_on_error=False, executor='parallel', parallel_workers=4, event_handlers=None, ignore_user_meta=False, metas=['./colcon.meta'], base_paths=['.'], packages_ignore=None, packages_ignore_regex=None, paths=None, packages_up_to=None, packages_up_to_regex=None, packages_above=None, packages_above_and_dependencies=None, packages_above_depth=None, packages_select_by_dep=None, packages_skip_by_dep=None, packages_skip_up_to=None, packages_select_build_failed=False, packages_skip_build_finished=False, packages_select_test_failures=False, packages_skip_test_passed=False, packages_select=None, packages_skip=None, packages_select_regex=None, packages_skip_regex=None, packages_start=None, packages_end=None, allow_overriding=[], cmake_args=None, cmake_target=None, cmake_target_skip_unavailable=False, cmake_clean_cache=False, cmake_clean_first=False, cmake_force_configure=False, ament_cmake_args=None, catkin_cmake_args=None, catkin_skip_building_tests=False, verb_parser=<colcon_defaults.argument_parser.defaults.DefaultArgumentsDecorator object at 0xffff8cf192d0>, verb_extension=<colcon_core.verb.build.BuildVerb object at 0xffff8d1f18d0>, main=<bound method BuildVerb.main of <colcon_core.verb.build.BuildVerb object at 0xffff8d1f18d0>>)
[6.052s] Level 1:colcon.colcon_core.package_discovery:discover_packages(colcon_meta) check parameters
[6.052s] Level 1:colcon.colcon_core.package_discovery:discover_packages(recursive) check parameters
[6.052s] Level 1:colcon.colcon_core.package_discovery:discover_packages(ignore) check parameters
[6.053s] Level 1:colcon.colcon_core.package_discovery:discover_packages(path) check parameters
[6.053s] Level 1:colcon.colcon_core.package_discovery:discover_packages(colcon_meta) discover
[6.053s] Level 1:colcon.colcon_core.package_discovery:discover_packages(recursive) discover
[6.053s] INFO:colcon.colcon_core.package_discovery:Crawling recursively for packages in '/home/ubuntu/Desktop/Capstone-Autonomous-Driving/ros2_ws'
[6.054s] Level 1:colcon.colcon_core.package_identification:_identify(.) by extensions ['ignore', 'ignore_ament_install']
[6.054s] Level 1:colcon.colcon_core.package_identification:_identify(.) by extension 'ignore'
[6.054s] Level 1:colcon.colcon_core.package_identification:_identify(.) by extension 'ignore_ament_install'
[6.054s] Level 1:colcon.colcon_core.package_identification:_identify(.) by extensions ['colcon_pkg']
[6.055s] Level 1:colcon.colcon_core.package_identification:_identify(.) by extension 'colcon_pkg'
[6.055s] Level 1:colcon.colcon_core.package_identification:_identify(.) by extensions ['colcon_meta']
[6.055s] Level 1:colcon.colcon_core.package_identification:_identify(.) by extension 'colcon_meta'
[6.055s] Level 1:colcon.colcon_core.package_identification:_identify(.) by extensions ['ros']
[6.055s] Level 1:colcon.colcon_core.package_identification:_identify(.) by extension 'ros'
[6.102s] Level 1:colcon.colcon_core.package_identification:_identify(.) by extensions ['cmake', 'python']
[6.102s] Level 1:colcon.colcon_core.package_identification:_identify(.) by extension 'cmake'
[6.102s] Level 1:colcon.colcon_core.package_identification:_identify(.) by extension 'python'
[6.102s] Level 1:colcon.colcon_core.package_identification:_identify(.) by extensions ['python_setup_py']
[6.103s] Level 1:colcon.colcon_core.package_identification:_identify(.) by extension 'python_setup_py'
[6.103s] Level 1:colcon.colcon_core.package_identification:_identify(build) by extensions ['ignore', 'ignore_ament_install']
[6.103s] Level 1:colcon.colcon_core.package_identification:_identify(build) by extension 'ignore'
[6.104s] Level 1:colcon.colcon_core.package_identification:_identify(build) ignored
[6.104s] Level 1:colcon.colcon_core.package_identification:_identify(install) by extensions ['ignore', 'ignore_ament_install']
[6.105s] Level 1:colcon.colcon_core.package_identification:_identify(install) by extension 'ignore'
[6.105s] Level 1:colcon.colcon_core.package_identification:_identify(install) ignored
[6.106s] Level 1:colcon.colcon_core.package_identification:_identify(log) by extensions ['ignore', 'ignore_ament_install']
[6.106s] Level 1:colcon.colcon_core.package_identification:_identify(log) by extension 'ignore'
[6.106s] Level 1:colcon.colcon_core.package_identification:_identify(log) ignored
[6.106s] Level 1:colcon.colcon_core.package_identification:_identify(src) by extensions ['ignore', 'ignore_ament_install']
[6.107s] Level 1:colcon.colcon_core.package_identification:_identify(src) by extension 'ignore'
[6.107s] Level 1:colcon.colcon_core.package_identification:_identify(src) by extension 'ignore_ament_install'
[6.107s] Level 1:colcon.colcon_core.package_identification:_identify(src) by extensions ['colcon_pkg']
[6.107s] Level 1:colcon.colcon_core.package_identification:_identify(src) by extension 'colcon_pkg'
[6.108s] Level 1:colcon.colcon_core.package_identification:_identify(src) by extensions ['colcon_meta']
[6.108s] Level 1:colcon.colcon_core.package_identification:_identify(src) by extension 'colcon_meta'
[6.108s] Level 1:colcon.colcon_core.package_identification:_identify(src) by extensions ['ros']
[6.108s] Level 1:colcon.colcon_core.package_identification:_identify(src) by extension 'ros'
[6.108s] Level 1:colcon.colcon_core.package_identification:_identify(src) by extensions ['cmake', 'python']
[6.109s] Level 1:colcon.colcon_core.package_identification:_identify(src) by extension 'cmake'
[6.109s] Level 1:colcon.colcon_core.package_identification:_identify(src) by extension 'python'
[6.109s] Level 1:colcon.colcon_core.package_identification:_identify(src) by extensions ['python_setup_py']
[6.109s] Level 1:colcon.colcon_core.package_identification:_identify(src) by extension 'python_setup_py'
[6.109s] Level 1:colcon.colcon_core.package_identification:_identify(src/OAK_D_Pro) by extensions ['ignore', 'ignore_ament_install']
[6.110s] Level 1:colcon.colcon_core.package_identification:_identify(src/OAK_D_Pro) by extension 'ignore'
[6.110s] Level 1:colcon.colcon_core.package_identification:_identify(src/OAK_D_Pro) by extension 'ignore_ament_install'
[6.110s] Level 1:colcon.colcon_core.package_identification:_identify(src/OAK_D_Pro) by extensions ['colcon_pkg']
[6.110s] Level 1:colcon.colcon_core.package_identification:_identify(src/OAK_D_Pro) by extension 'colcon_pkg'
[6.111s] Level 1:colcon.colcon_core.package_identification:_identify(src/OAK_D_Pro) by extensions ['colcon_meta']
[6.111s] Level 1:colcon.colcon_core.package_identification:_identify(src/OAK_D_Pro) by extension 'colcon_meta'
[6.111s] Level 1:colcon.colcon_core.package_identification:_identify(src/OAK_D_Pro) by extensions ['ros']
[6.111s] Level 1:colcon.colcon_core.package_identification:_identify(src/OAK_D_Pro) by extension 'ros'
[6.122s] DEBUG:colcon.colcon_core.package_identification:Package 'src/OAK_D_Pro' with type 'ros.ament_python' and name 'OAK_D_Pro'
[6.122s] Level 1:colcon.colcon_core.package_discovery:discover_packages(recursive) using defaults
[6.123s] Level 1:colcon.colcon_core.package_discovery:discover_packages(ignore) discover
[6.123s] Level 1:colcon.colcon_core.package_discovery:discover_packages(ignore) using defaults
[6.123s] Level 1:colcon.colcon_core.package_discovery:discover_packages(path) discover
[6.123s] Level 1:colcon.colcon_core.package_discovery:discover_packages(path) using defaults
[6.933s] Level 1:colcon.colcon_core.package_discovery:discover_packages(prefix_path) check parameters
[6.933s] Level 1:colcon.colcon_core.package_discovery:discover_packages(prefix_path) discover
[7.102s] DEBUG:colcon.colcon_installed_package_information.package_discovery:Found 1 installed packages in /home/ubuntu/Desktop/Capstone-Autonomous-Driving/ros2_ws/install
[7.184s] DEBUG:colcon.colcon_installed_package_information.package_discovery:Found 4 installed packages in /home/ubuntu/ros2_ws/install
[7.275s] DEBUG:colcon.colcon_installed_package_information.package_discovery:Found 298 installed packages in /opt/ros/humble
[7.283s] Level 1:colcon.colcon_core.package_discovery:discover_packages(prefix_path) using defaults
[7.737s] Level 5:colcon.colcon_core.verb:set package 'OAK_D_Pro' build argument 'cmake_args' from command line to 'None'
[7.737s] Level 5:colcon.colcon_core.verb:set package 'OAK_D_Pro' build argument 'cmake_target' from command line to 'None'
[7.738s] Level 5:colcon.colcon_core.verb:set package 'OAK_D_Pro' build argument 'cmake_target_skip_unavailable' from command line to 'False'
[7.738s] Level 5:colcon.colcon_core.verb:set package 'OAK_D_Pro' build argument 'cmake_clean_cache' from command line to 'False'
[7.738s] Level 5:colcon.colcon_core.verb:set package 'OAK_D_Pro' build argument 'cmake_clean_first' from command line to 'False'
[7.738s] Level 5:colcon.colcon_core.verb:set package 'OAK_D_Pro' build argument 'cmake_force_configure' from command line to 'False'
[7.738s] Level 5:colcon.colcon_core.verb:set package 'OAK_D_Pro' build argument 'ament_cmake_args' from command line to 'None'
[7.738s] Level 5:colcon.colcon_core.verb:set package 'OAK_D_Pro' build argument 'catkin_cmake_args' from command line to 'None'
[7.738s] Level 5:colcon.colcon_core.verb:set package 'OAK_D_Pro' build argument 'catkin_skip_building_tests' from command line to 'False'
[7.738s] DEBUG:colcon.colcon_core.verb:Building package 'OAK_D_Pro' with the following arguments: {'ament_cmake_args': None, 'build_base': '/home/ubuntu/Desktop/Capstone-Autonomous-Driving/ros2_ws/build/OAK_D_Pro', 'catkin_cmake_args': None, 'catkin_skip_building_tests': False, 'cmake_args': None, 'cmake_clean_cache': False, 'cmake_clean_first': False, 'cmake_force_configure': False, 'cmake_target': None, 'cmake_target_skip_unavailable': False, 'install_base': '/home/ubuntu/Desktop/Capstone-Autonomous-Driving/ros2_ws/install/OAK_D_Pro', 'merge_install': False, 'path': '/home/ubuntu/Desktop/Capstone-Autonomous-Driving/ros2_ws/src/OAK_D_Pro', 'symlink_install': False, 'test_result_base': None}
[7.818s] INFO:colcon.colcon_core.executor:Executing jobs using 'parallel' executor
[7.902s] DEBUG:colcon.colcon_parallel_executor.executor.parallel:run_until_complete
[7.903s] INFO:colcon.colcon_ros.task.ament_python.build:Building ROS package in '/home/ubuntu/Desktop/Capstone-Autonomous-Driving/ros2_ws/src/OAK_D_Pro' with build type 'ament_python'
[7.904s] Level 1:colcon.colcon_core.shell:create_environment_hook('OAK_D_Pro', 'ament_prefix_path')
[8.110s] INFO:colcon.colcon_core.plugin_system:Skipping extension 'colcon_core.shell.bat': Not used on non-Windows systems
[8.112s] INFO:colcon.colcon_core.shell:Creating environment hook '/home/ubuntu/Desktop/Capstone-Autonomous-Driving/ros2_ws/install/OAK_D_Pro/share/OAK_D_Pro/hook/ament_prefix_path.ps1'
[8.120s] INFO:colcon.colcon_core.shell:Creating environment descriptor '/home/ubuntu/Desktop/Capstone-Autonomous-Driving/ros2_ws/install/OAK_D_Pro/share/OAK_D_Pro/hook/ament_prefix_path.dsv'
[8.125s] INFO:colcon.colcon_core.shell:Creating environment hook '/home/ubuntu/Desktop/Capstone-Autonomous-Driving/ros2_ws/install/OAK_D_Pro/share/OAK_D_Pro/hook/ament_prefix_path.sh'
[8.304s] INFO:colcon.colcon_core.shell:Skip shell extension 'powershell' for command environment: Not usable outside of PowerShell
[8.304s] DEBUG:colcon.colcon_core.shell:Skip shell extension 'dsv' for command environment
[10.998s] INFO:colcon.colcon_core.task.python.build:Building Python package in '/home/ubuntu/Desktop/Capstone-Autonomous-Driving/ros2_ws/src/OAK_D_Pro'
[11.154s] INFO:colcon.colcon_core.shell:Skip shell extension 'powershell' for command environment: Not usable outside of PowerShell
[11.154s] DEBUG:colcon.colcon_core.shell:Skip shell extension 'dsv' for command environment
[14.665s] DEBUG:colcon.colcon_core.event_handler.log_command:Invoking command in '/home/ubuntu/Desktop/Capstone-Autonomous-Driving/ros2_ws/src/OAK_D_Pro': PYTHONPATH=/home/ubuntu/Desktop/Capstone-Autonomous-Driving/ros2_ws/build/OAK_D_Pro/prefix_override:/home/ubuntu/Desktop/Capstone-Autonomous-Driving/ros2_ws/install/OAK_D_Pro/lib/python3.10/site-packages:${PYTHONPATH} /usr/bin/python3 setup.py egg_info --egg-base ../../build/OAK_D_Pro build --build-base /home/ubuntu/Desktop/Capstone-Autonomous-Driving/ros2_ws/build/OAK_D_Pro/build install --record /home/ubuntu/Desktop/Capstone-Autonomous-Driving/ros2_ws/build/OAK_D_Pro/install.log --single-version-externally-managed
[16.950s] DEBUG:colcon.colcon_core.event_handler.log_command:Invoked command in '/home/ubuntu/Desktop/Capstone-Autonomous-Driving/ros2_ws/src/OAK_D_Pro' returned '0': PYTHONPATH=/home/ubuntu/Desktop/Capstone-Autonomous-Driving/ros2_ws/build/OAK_D_Pro/prefix_override:/home/ubuntu/Desktop/Capstone-Autonomous-Driving/ros2_ws/install/OAK_D_Pro/lib/python3.10/site-packages:${PYTHONPATH} /usr/bin/python3 setup.py egg_info --egg-base ../../build/OAK_D_Pro build --build-base /home/ubuntu/Desktop/Capstone-Autonomous-Driving/ros2_ws/build/OAK_D_Pro/build install --record /home/ubuntu/Desktop/Capstone-Autonomous-Driving/ros2_ws/build/OAK_D_Pro/install.log --single-version-externally-managed
[17.189s] Level 1:colcon.colcon_core.environment:checking '/home/ubuntu/Desktop/Capstone-Autonomous-Driving/ros2_ws/install/OAK_D_Pro' for CMake module files
[17.191s] Level 1:colcon.colcon_core.environment:checking '/home/ubuntu/Desktop/Capstone-Autonomous-Driving/ros2_ws/install/OAK_D_Pro' for CMake config files
[17.195s] Level 1:colcon.colcon_core.environment:checking '/home/ubuntu/Desktop/Capstone-Autonomous-Driving/ros2_ws/install/OAK_D_Pro/lib'
[17.196s] Level 1:colcon.colcon_core.environment:checking '/home/ubuntu/Desktop/Capstone-Autonomous-Driving/ros2_ws/install/OAK_D_Pro/bin'
[17.197s] Level 1:colcon.colcon_core.environment:checking '/home/ubuntu/Desktop/Capstone-Autonomous-Driving/ros2_ws/install/OAK_D_Pro/lib/pkgconfig/OAK_D_Pro.pc'
[17.198s] Level 1:colcon.colcon_core.environment:checking '/home/ubuntu/Desktop/Capstone-Autonomous-Driving/ros2_ws/install/OAK_D_Pro/lib/python3.10/site-packages'
[17.198s] Level 1:colcon.colcon_core.shell:create_environment_hook('OAK_D_Pro', 'pythonpath')
[17.319s] INFO:colcon.colcon_core.shell:Creating environment hook '/home/ubuntu/Desktop/Capstone-Autonomous-Driving/ros2_ws/install/OAK_D_Pro/share/OAK_D_Pro/hook/pythonpath.ps1'
[17.324s] INFO:colcon.colcon_core.shell:Creating environment descriptor '/home/ubuntu/Desktop/Capstone-Autonomous-Driving/ros2_ws/install/OAK_D_Pro/share/OAK_D_Pro/hook/pythonpath.dsv'
[17.326s] INFO:colcon.colcon_core.shell:Creating environment hook '/home/ubuntu/Desktop/Capstone-Autonomous-Driving/ros2_ws/install/OAK_D_Pro/share/OAK_D_Pro/hook/pythonpath.sh'
[17.332s] Level 1:colcon.colcon_core.environment:checking '/home/ubuntu/Desktop/Capstone-Autonomous-Driving/ros2_ws/install/OAK_D_Pro/bin'
[17.333s] Level 1:colcon.colcon_core.environment:create_environment_scripts_only(OAK_D_Pro)
[17.472s] INFO:colcon.colcon_core.shell:Creating package script '/home/ubuntu/Desktop/Capstone-Autonomous-Driving/ros2_ws/install/OAK_D_Pro/share/OAK_D_Pro/package.ps1'
[17.477s] INFO:colcon.colcon_core.shell:Creating package descriptor '/home/ubuntu/Desktop/Capstone-Autonomous-Driving/ros2_ws/install/OAK_D_Pro/share/OAK_D_Pro/package.dsv'
[17.480s] INFO:colcon.colcon_core.shell:Creating package script '/home/ubuntu/Desktop/Capstone-Autonomous-Driving/ros2_ws/install/OAK_D_Pro/share/OAK_D_Pro/package.sh'
[17.483s] INFO:colcon.colcon_core.shell:Creating package script '/home/ubuntu/Desktop/Capstone-Autonomous-Driving/ros2_ws/install/OAK_D_Pro/share/OAK_D_Pro/package.bash'
[17.487s] INFO:colcon.colcon_core.shell:Creating package script '/home/ubuntu/Desktop/Capstone-Autonomous-Driving/ros2_ws/install/OAK_D_Pro/share/OAK_D_Pro/package.zsh'
[17.490s] Level 1:colcon.colcon_core.environment:create_file_with_runtime_dependencies(/home/ubuntu/Desktop/Capstone-Autonomous-Driving/ros2_ws/install/OAK_D_Pro/share/colcon-core/packages/OAK_D_Pro)
[17.491s] DEBUG:colcon.colcon_parallel_executor.executor.parallel:closing loop
[17.493s] DEBUG:colcon.colcon_parallel_executor.executor.parallel:loop closed
[17.493s] DEBUG:colcon.colcon_parallel_executor.executor.parallel:run_until_complete finished with '0'
[17.494s] DEBUG:colcon.colcon_core.event_reactor:joining thread
[17.696s] INFO:colcon.colcon_core.plugin_system:Skipping extension 'colcon_notification.desktop_notification.terminal_notifier': Not used on non-Darwin systems
[17.697s] INFO:colcon.colcon_core.plugin_system:Skipping extension 'colcon_notification.desktop_notification.win32': Not used on non-Windows systems
[17.697s] INFO:colcon.colcon_notification.desktop_notification:Sending desktop notification using 'notify2'
[17.772s] DEBUG:colcon.colcon_core.event_reactor:joined thread
[17.888s] INFO:colcon.colcon_core.shell:Creating prefix script '/home/ubuntu/Desktop/Capstone-Autonomous-Driving/ros2_ws/install/local_setup.ps1'
[17.892s] INFO:colcon.colcon_core.shell:Creating prefix util module '/home/ubuntu/Desktop/Capstone-Autonomous-Driving/ros2_ws/install/_local_setup_util_ps1.py'
[17.899s] INFO:colcon.colcon_core.shell:Creating prefix chain script '/home/ubuntu/Desktop/Capstone-Autonomous-Driving/ros2_ws/install/setup.ps1'
[17.999s] INFO:colcon.colcon_core.shell:Creating prefix script '/home/ubuntu/Desktop/Capstone-Autonomous-Driving/ros2_ws/install/local_setup.sh'
[18.002s] INFO:colcon.colcon_core.shell:Creating prefix util module '/home/ubuntu/Desktop/Capstone-Autonomous-Driving/ros2_ws/install/_local_setup_util_sh.py'
[18.005s] INFO:colcon.colcon_core.shell:Creating prefix chain script '/home/ubuntu/Desktop/Capstone-Autonomous-Driving/ros2_ws/install/setup.sh'
[18.096s] INFO:colcon.colcon_core.shell:Creating prefix script '/home/ubuntu/Desktop/Capstone-Autonomous-Driving/ros2_ws/install/local_setup.bash'
[18.098s] INFO:colcon.colcon_core.shell:Creating prefix chain script '/home/ubuntu/Desktop/Capstone-Autonomous-Driving/ros2_ws/install/setup.bash'
[18.190s] INFO:colcon.colcon_core.shell:Creating prefix script '/home/ubuntu/Desktop/Capstone-Autonomous-Driving/ros2_ws/install/local_setup.zsh'
[18.192s] INFO:colcon.colcon_core.shell:Creating prefix chain script '/home/ubuntu/Desktop/Capstone-Autonomous-Driving/ros2_ws/install/setup.zsh'
