[0.334s] Invoking command in '/home/ubuntu/Capstone-Autonomous-Driving/ros2_ws/build/robot_car_pkg': CMAKE_PREFIX_PATH=${CMAKE_PREFIX_PATH}:/home/ubuntu/Capstone-Autonomous-Driving/ros2_ws/install/OAK_D_Pro:/opt/ros/humble /usr/bin/cmake /home/ubuntu/Capstone-Autonomous-Driving/ros2_ws/src/robot_car_pkg -DCMAKE_INSTALL_PREFIX=/home/ubuntu/Capstone-Autonomous-Driving/ros2_ws/install/robot_car_pkg
[0.410s] -- The C compiler identification is GNU 11.4.0
[0.485s] -- The CXX compiler identification is GNU 11.4.0
[0.491s] -- Detecting C compiler ABI info
[0.554s] -- Detecting C compiler ABI info - done
[0.559s] -- Check for working C compiler: /usr/bin/cc - skipped
[0.559s] -- Detecting C compile features
[0.560s] -- Detecting C compile features - done
[0.562s] -- Detecting CXX compiler ABI info
[0.637s] -- Detecting CXX compiler ABI info - done
[0.643s] -- Check for working CXX compiler: /usr/bin/c++ - skipped
[0.643s] -- Detecting CXX compile features
[0.643s] -- Detecting CXX compile features - done
[0.646s] -- Found ament_cmake: 1.3.7 (/opt/ros/humble/share/ament_cmake/cmake)
[0.802s] -- Found Python3: /usr/bin/python3.10 (found version "3.10.12") found components: Interpreter 
[0.880s] -- Found ament_lint_auto: 0.12.10 (/opt/ros/humble/share/ament_lint_auto/cmake)
[0.945s] -- Added test 'flake8' to check Python code syntax and style conventions
[0.945s] -- Added test 'lint_cmake' to check CMake code style
[0.946s] -- Added test 'pep257' to check Python code against some of the docstring style conventions in PEP 257
[0.947s] -- Added test 'xmllint' to check XML markup files
[0.948s] -- Configuring done
[0.951s] -- Generating done
[0.952s] -- Build files have been written to: /home/ubuntu/Capstone-Autonomous-Driving/ros2_ws/build/robot_car_pkg
[0.956s] Invoked command in '/home/ubuntu/Capstone-Autonomous-Driving/ros2_ws/build/robot_car_pkg' returned '0': CMAKE_PREFIX_PATH=${CMAKE_PREFIX_PATH}:/home/ubuntu/Capstone-Autonomous-Driving/ros2_ws/install/OAK_D_Pro:/opt/ros/humble /usr/bin/cmake /home/ubuntu/Capstone-Autonomous-Driving/ros2_ws/src/robot_car_pkg -DCMAKE_INSTALL_PREFIX=/home/ubuntu/Capstone-Autonomous-Driving/ros2_ws/install/robot_car_pkg
[0.958s] Invoking command in '/home/ubuntu/Capstone-Autonomous-Driving/ros2_ws/build/robot_car_pkg': CMAKE_PREFIX_PATH=${CMAKE_PREFIX_PATH}:/home/ubuntu/Capstone-Autonomous-Driving/ros2_ws/install/OAK_D_Pro:/opt/ros/humble /usr/bin/cmake --build /home/ubuntu/Capstone-Autonomous-Driving/ros2_ws/build/robot_car_pkg -- -j16 -l16
[0.998s] Invoked command in '/home/ubuntu/Capstone-Autonomous-Driving/ros2_ws/build/robot_car_pkg' returned '0': CMAKE_PREFIX_PATH=${CMAKE_PREFIX_PATH}:/home/ubuntu/Capstone-Autonomous-Driving/ros2_ws/install/OAK_D_Pro:/opt/ros/humble /usr/bin/cmake --build /home/ubuntu/Capstone-Autonomous-Driving/ros2_ws/build/robot_car_pkg -- -j16 -l16
[1.028s] Invoking command in '/home/ubuntu/Capstone-Autonomous-Driving/ros2_ws/build/robot_car_pkg': CMAKE_PREFIX_PATH=${CMAKE_PREFIX_PATH}:/home/ubuntu/Capstone-Autonomous-Driving/ros2_ws/install/OAK_D_Pro:/opt/ros/humble /usr/bin/cmake --install /home/ubuntu/Capstone-Autonomous-Driving/ros2_ws/build/robot_car_pkg
[1.034s] -- Install configuration: ""
[1.034s] -- Installing: /home/ubuntu/Capstone-Autonomous-Driving/ros2_ws/install/robot_car_pkg/share/robot_car_pkg/config
[1.034s] -- Installing: /home/ubuntu/Capstone-Autonomous-Driving/ros2_ws/install/robot_car_pkg/share/robot_car_pkg/config/view_rviz.rviz
[1.034s] -- Installing: /home/ubuntu/Capstone-Autonomous-Driving/ros2_ws/install/robot_car_pkg/share/robot_car_pkg/config/mapper_params_online_async.yaml
[1.034s] -- Installing: /home/ubuntu/Capstone-Autonomous-Driving/ros2_ws/install/robot_car_pkg/share/robot_car_pkg/description
[1.034s] -- Installing: /home/ubuntu/Capstone-Autonomous-Driving/ros2_ws/install/robot_car_pkg/share/robot_car_pkg/description/inertial_macros.xacro
[1.035s] -- Installing: /home/ubuntu/Capstone-Autonomous-Driving/ros2_ws/install/robot_car_pkg/share/robot_car_pkg/description/robot.urdf.xacro
[1.035s] -- Installing: /home/ubuntu/Capstone-Autonomous-Driving/ros2_ws/install/robot_car_pkg/share/robot_car_pkg/description/robot_core.xacro
[1.035s] -- Installing: /home/ubuntu/Capstone-Autonomous-Driving/ros2_ws/install/robot_car_pkg/share/robot_car_pkg/launch
[1.035s] -- Installing: /home/ubuntu/Capstone-Autonomous-Driving/ros2_ws/install/robot_car_pkg/share/robot_car_pkg/launch/rsp.launch.py
[1.035s] -- Installing: /home/ubuntu/Capstone-Autonomous-Driving/ros2_ws/install/robot_car_pkg/share/robot_car_pkg/launch/rplidar.launch.py
[1.035s] -- Installing: /home/ubuntu/Capstone-Autonomous-Driving/ros2_ws/install/robot_car_pkg/share/robot_car_pkg/launch/launch_sim.launch.py
[1.035s] -- Installing: /home/ubuntu/Capstone-Autonomous-Driving/ros2_ws/install/robot_car_pkg/share/robot_car_pkg/launch/rplidar_rviz.launch.py
[1.035s] -- Installing: /home/ubuntu/Capstone-Autonomous-Driving/ros2_ws/install/robot_car_pkg/share/ament_index/resource_index/package_run_dependencies/robot_car_pkg
[1.036s] -- Installing: /home/ubuntu/Capstone-Autonomous-Driving/ros2_ws/install/robot_car_pkg/share/ament_index/resource_index/parent_prefix_path/robot_car_pkg
[1.036s] -- Installing: /home/ubuntu/Capstone-Autonomous-Driving/ros2_ws/install/robot_car_pkg/share/robot_car_pkg/environment/ament_prefix_path.sh
[1.036s] -- Installing: /home/ubuntu/Capstone-Autonomous-Driving/ros2_ws/install/robot_car_pkg/share/robot_car_pkg/environment/ament_prefix_path.dsv
[1.036s] -- Installing: /home/ubuntu/Capstone-Autonomous-Driving/ros2_ws/install/robot_car_pkg/share/robot_car_pkg/environment/path.sh
[1.036s] -- Installing: /home/ubuntu/Capstone-Autonomous-Driving/ros2_ws/install/robot_car_pkg/share/robot_car_pkg/environment/path.dsv
[1.036s] -- Installing: /home/ubuntu/Capstone-Autonomous-Driving/ros2_ws/install/robot_car_pkg/share/robot_car_pkg/local_setup.bash
[1.036s] -- Installing: /home/ubuntu/Capstone-Autonomous-Driving/ros2_ws/install/robot_car_pkg/share/robot_car_pkg/local_setup.sh
[1.036s] -- Installing: /home/ubuntu/Capstone-Autonomous-Driving/ros2_ws/install/robot_car_pkg/share/robot_car_pkg/local_setup.zsh
[1.037s] -- Installing: /home/ubuntu/Capstone-Autonomous-Driving/ros2_ws/install/robot_car_pkg/share/robot_car_pkg/local_setup.dsv
[1.037s] -- Installing: /home/ubuntu/Capstone-Autonomous-Driving/ros2_ws/install/robot_car_pkg/share/robot_car_pkg/package.dsv
[1.037s] -- Installing: /home/ubuntu/Capstone-Autonomous-Driving/ros2_ws/install/robot_car_pkg/share/ament_index/resource_index/packages/robot_car_pkg
[1.037s] -- Installing: /home/ubuntu/Capstone-Autonomous-Driving/ros2_ws/install/robot_car_pkg/share/robot_car_pkg/cmake/robot_car_pkgConfig.cmake
[1.037s] -- Installing: /home/ubuntu/Capstone-Autonomous-Driving/ros2_ws/install/robot_car_pkg/share/robot_car_pkg/cmake/robot_car_pkgConfig-version.cmake
[1.037s] -- Installing: /home/ubuntu/Capstone-Autonomous-Driving/ros2_ws/install/robot_car_pkg/share/robot_car_pkg/package.xml
[1.039s] Invoked command in '/home/ubuntu/Capstone-Autonomous-Driving/ros2_ws/build/robot_car_pkg' returned '0': CMAKE_PREFIX_PATH=${CMAKE_PREFIX_PATH}:/home/ubuntu/Capstone-Autonomous-Driving/ros2_ws/install/OAK_D_Pro:/opt/ros/humble /usr/bin/cmake --install /home/ubuntu/Capstone-Autonomous-Driving/ros2_ws/build/robot_car_pkg
