[4.995s] Invoking command in '/home/ubuntu/Capstone-Autonomous-Driving/ros2_ws/src/ps5_controller': PYTHONPATH=/home/ubuntu/Capstone-Autonomous-Driving/ros2_ws/build/ps5_controller/prefix_override:/home/ubuntu/Capstone-Autonomous-Driving/ros2_ws/install/ps5_controller/lib/python3.10/site-packages:${PYTHONPATH} /usr/bin/python3 setup.py egg_info --egg-base ../../build/ps5_controller build --build-base /home/ubuntu/Capstone-Autonomous-Driving/ros2_ws/build/ps5_controller/build install --record /home/ubuntu/Capstone-Autonomous-Driving/ros2_ws/build/ps5_controller/install.log --single-version-externally-managed
[6.556s] running egg_info
[6.560s] writing ../../build/ps5_controller/ps5_controller.egg-info/PKG-INFO
[6.561s] writing dependency_links to ../../build/ps5_controller/ps5_controller.egg-info/dependency_links.txt
[6.562s] writing entry points to ../../build/ps5_controller/ps5_controller.egg-info/entry_points.txt
[6.563s] writing requirements to ../../build/ps5_controller/ps5_controller.egg-info/requires.txt
[6.564s] writing top-level names to ../../build/ps5_controller/ps5_controller.egg-info/top_level.txt
[6.573s] reading manifest file '../../build/ps5_controller/ps5_controller.egg-info/SOURCES.txt'
[6.577s] writing manifest file '../../build/ps5_controller/ps5_controller.egg-info/SOURCES.txt'
[6.579s] running build
[6.580s] running build_py
[6.586s] running install
[6.586s] running install_lib
[6.590s] running install_data
[6.593s] copying package.xml -> /home/ubuntu/Capstone-Autonomous-Driving/ros2_ws/install/ps5_controller/share/ps5_controller
[6.594s] running install_egg_info
[6.604s] removing '/home/ubuntu/Capstone-Autonomous-Driving/ros2_ws/install/ps5_controller/lib/python3.10/site-packages/ps5_controller-0.0.0-py3.10.egg-info' (and everything under it)
[6.606s] Copying ../../build/ps5_controller/ps5_controller.egg-info to /home/ubuntu/Capstone-Autonomous-Driving/ros2_ws/install/ps5_controller/lib/python3.10/site-packages/ps5_controller-0.0.0-py3.10.egg-info
[6.612s] running install_scripts
[6.696s] Installing ps5_controller script to /home/ubuntu/Capstone-Autonomous-Driving/ros2_ws/install/ps5_controller/lib/ps5_controller
[6.699s] writing list of installed files to '/home/ubuntu/Capstone-Autonomous-Driving/ros2_ws/build/ps5_controller/install.log'
[6.841s] Invoked command in '/home/ubuntu/Capstone-Autonomous-Driving/ros2_ws/src/ps5_controller' returned '0': PYTHONPATH=/home/ubuntu/Capstone-Autonomous-Driving/ros2_ws/build/ps5_controller/prefix_override:/home/ubuntu/Capstone-Autonomous-Driving/ros2_ws/install/ps5_controller/lib/python3.10/site-packages:${PYTHONPATH} /usr/bin/python3 setup.py egg_info --egg-base ../../build/ps5_controller build --build-base /home/ubuntu/Capstone-Autonomous-Driving/ros2_ws/build/ps5_controller/build install --record /home/ubuntu/Capstone-Autonomous-Driving/ros2_ws/build/ps5_controller/install.log --single-version-externally-managed
