running egg_info
writing ../../build/oak_d_pro/oak_d_pro.egg-info/PKG-INFO
writing dependency_links to ../../build/oak_d_pro/oak_d_pro.egg-info/dependency_links.txt
writing entry points to ../../build/oak_d_pro/oak_d_pro.egg-info/entry_points.txt
writing requirements to ../../build/oak_d_pro/oak_d_pro.egg-info/requires.txt
writing top-level names to ../../build/oak_d_pro/oak_d_pro.egg-info/top_level.txt
reading manifest file '../../build/oak_d_pro/oak_d_pro.egg-info/SOURCES.txt'
writing manifest file '../../build/oak_d_pro/oak_d_pro.egg-info/SOURCES.txt'
running build
running build_py
copying oak_d_pro/main.py -> /home/ubuntu/Capstone-Autonomous-Driving/ros2_ws/build/oak_d_pro/build/lib/oak_d_pro
copying oak_d_pro/cam_info.py -> /home/ubuntu/Capstone-Autonomous-Driving/ros2_ws/build/oak_d_pro/build/lib/oak_d_pro
running install
running install_lib
copying /home/ubuntu/Capstone-Autonomous-Driving/ros2_ws/build/oak_d_pro/build/lib/oak_d_pro/main.py -> /home/ubuntu/Capstone-Autonomous-Driving/ros2_ws/install/oak_d_pro/lib/python3.10/site-packages/oak_d_pro
copying /home/ubuntu/Capstone-Autonomous-Driving/ros2_ws/build/oak_d_pro/build/lib/oak_d_pro/cam_info.py -> /home/ubuntu/Capstone-Autonomous-Driving/ros2_ws/install/oak_d_pro/lib/python3.10/site-packages/oak_d_pro
byte-compiling /home/ubuntu/Capstone-Autonomous-Driving/ros2_ws/install/oak_d_pro/lib/python3.10/site-packages/oak_d_pro/main.py to main.cpython-310.pyc
byte-compiling /home/ubuntu/Capstone-Autonomous-Driving/ros2_ws/install/oak_d_pro/lib/python3.10/site-packages/oak_d_pro/cam_info.py to cam_info.cpython-310.pyc
running install_data
running install_egg_info
removing '/home/ubuntu/Capstone-Autonomous-Driving/ros2_ws/install/oak_d_pro/lib/python3.10/site-packages/oak_d_pro-0.0.0-py3.10.egg-info' (and everything under it)
Copying ../../build/oak_d_pro/oak_d_pro.egg-info to /home/ubuntu/Capstone-Autonomous-Driving/ros2_ws/install/oak_d_pro/lib/python3.10/site-packages/oak_d_pro-0.0.0-py3.10.egg-info
running install_scripts
Installing oak_d_pro = oak_d_pro.main:maincam_info_pub script to /home/ubuntu/Capstone-Autonomous-Driving/ros2_ws/install/oak_d_pro/lib/oak_d_pro
writing list of installed files to '/home/ubuntu/Capstone-Autonomous-Driving/ros2_ws/build/oak_d_pro/install.log'
