[5.688s] DEBUG:colcon:Command line arguments: ['/usr/bin/colcon', 'build']
[5.688s] DEBUG:colcon:Parsed command line arguments: Namespace(log_base=None, log_level=None, verb_name='build', build_base='build', install_base='install', merge_install=False, symlink_install=False, test_result_base=None, continue_on_error=False, executor='parallel', parallel_workers=4, event_handlers=None, ignore_user_meta=False, metas=['./colcon.meta'], base_paths=['.'], packages_ignore=None, packages_ignore_regex=None, paths=None, packages_up_to=None, packages_up_to_regex=None, packages_above=None, packages_above_and_dependencies=None, packages_above_depth=None, packages_select_by_dep=None, packages_skip_by_dep=None, packages_skip_up_to=None, packages_select_build_failed=False, packages_skip_build_finished=False, packages_select_test_failures=False, packages_skip_test_passed=False, packages_select=None, packages_skip=None, packages_select_regex=None, packages_skip_regex=None, packages_start=None, packages_end=None, allow_overriding=[], cmake_args=None, cmake_target=None, cmake_target_skip_unavailable=False, cmake_clean_cache=False, cmake_clean_first=False, cmake_force_configure=False, ament_cmake_args=None, catkin_cmake_args=None, catkin_skip_building_tests=False, verb_parser=<colcon_defaults.argument_parser.defaults.DefaultArgumentsDecorator object at 0xffff827a95d0>, verb_extension=<colcon_core.verb.build.BuildVerb object at 0xffff82a818d0>, main=<bound method BuildVerb.main of <colcon_core.verb.build.BuildVerb object at 0xffff82a818d0>>)
[5.931s] Level 1:colcon.colcon_core.package_discovery:discover_packages(colcon_meta) check parameters
[5.932s] Level 1:colcon.colcon_core.package_discovery:discover_packages(recursive) check parameters
[5.932s] Level 1:colcon.colcon_core.package_discovery:discover_packages(ignore) check parameters
[5.932s] Level 1:colcon.colcon_core.package_discovery:discover_packages(path) check parameters
[5.932s] Level 1:colcon.colcon_core.package_discovery:discover_packages(colcon_meta) discover
[5.932s] Level 1:colcon.colcon_core.package_discovery:discover_packages(recursive) discover
[5.932s] INFO:colcon.colcon_core.package_discovery:Crawling recursively for packages in '/home/ubuntu/Desktop/Capstone-Autonomous-Driving/ros2_ws'
[5.933s] Level 1:colcon.colcon_core.package_identification:_identify(.) by extensions ['ignore', 'ignore_ament_install']
[5.933s] Level 1:colcon.colcon_core.package_identification:_identify(.) by extension 'ignore'
[5.934s] Level 1:colcon.colcon_core.package_identification:_identify(.) by extension 'ignore_ament_install'
[5.934s] Level 1:colcon.colcon_core.package_identification:_identify(.) by extensions ['colcon_pkg']
[5.934s] Level 1:colcon.colcon_core.package_identification:_identify(.) by extension 'colcon_pkg'
[5.934s] Level 1:colcon.colcon_core.package_identification:_identify(.) by extensions ['colcon_meta']
[5.934s] Level 1:colcon.colcon_core.package_identification:_identify(.) by extension 'colcon_meta'
[5.934s] Level 1:colcon.colcon_core.package_identification:_identify(.) by extensions ['ros']
[5.935s] Level 1:colcon.colcon_core.package_identification:_identify(.) by extension 'ros'
[5.980s] Level 1:colcon.colcon_core.package_identification:_identify(.) by extensions ['cmake', 'python']
[5.981s] Level 1:colcon.colcon_core.package_identification:_identify(.) by extension 'cmake'
[5.981s] Level 1:colcon.colcon_core.package_identification:_identify(.) by extension 'python'
[5.981s] Level 1:colcon.colcon_core.package_identification:_identify(.) by extensions ['python_setup_py']
[5.981s] Level 1:colcon.colcon_core.package_identification:_identify(.) by extension 'python_setup_py'
[5.982s] Level 1:colcon.colcon_core.package_identification:_identify(build) by extensions ['ignore', 'ignore_ament_install']
[5.983s] Level 1:colcon.colcon_core.package_identification:_identify(build) by extension 'ignore'
[5.983s] Level 1:colcon.colcon_core.package_identification:_identify(build) ignored
[5.983s] Level 1:colcon.colcon_core.package_identification:_identify(install) by extensions ['ignore', 'ignore_ament_install']
[5.984s] Level 1:colcon.colcon_core.package_identification:_identify(install) by extension 'ignore'
[5.984s] Level 1:colcon.colcon_core.package_identification:_identify(install) ignored
[5.985s] Level 1:colcon.colcon_core.package_identification:_identify(log) by extensions ['ignore', 'ignore_ament_install']
[5.985s] Level 1:colcon.colcon_core.package_identification:_identify(log) by extension 'ignore'
[5.985s] Level 1:colcon.colcon_core.package_identification:_identify(log) ignored
[5.985s] Level 1:colcon.colcon_core.package_identification:_identify(src) by extensions ['ignore', 'ignore_ament_install']
[5.986s] Level 1:colcon.colcon_core.package_identification:_identify(src) by extension 'ignore'
[5.986s] Level 1:colcon.colcon_core.package_identification:_identify(src) by extension 'ignore_ament_install'
[5.986s] Level 1:colcon.colcon_core.package_identification:_identify(src) by extensions ['colcon_pkg']
[5.986s] Level 1:colcon.colcon_core.package_identification:_identify(src) by extension 'colcon_pkg'
[5.987s] Level 1:colcon.colcon_core.package_identification:_identify(src) by extensions ['colcon_meta']
[5.987s] Level 1:colcon.colcon_core.package_identification:_identify(src) by extension 'colcon_meta'
[5.987s] Level 1:colcon.colcon_core.package_identification:_identify(src) by extensions ['ros']
[5.987s] Level 1:colcon.colcon_core.package_identification:_identify(src) by extension 'ros'
[5.987s] Level 1:colcon.colcon_core.package_identification:_identify(src) by extensions ['cmake', 'python']
[5.988s] Level 1:colcon.colcon_core.package_identification:_identify(src) by extension 'cmake'
[5.988s] Level 1:colcon.colcon_core.package_identification:_identify(src) by extension 'python'
[5.988s] Level 1:colcon.colcon_core.package_identification:_identify(src) by extensions ['python_setup_py']
[5.988s] Level 1:colcon.colcon_core.package_identification:_identify(src) by extension 'python_setup_py'
[5.989s] Level 1:colcon.colcon_core.package_identification:_identify(src/OAK_D_Pro) by extensions ['ignore', 'ignore_ament_install']
[5.989s] Level 1:colcon.colcon_core.package_identification:_identify(src/OAK_D_Pro) by extension 'ignore'
[5.989s] Level 1:colcon.colcon_core.package_identification:_identify(src/OAK_D_Pro) by extension 'ignore_ament_install'
[5.989s] Level 1:colcon.colcon_core.package_identification:_identify(src/OAK_D_Pro) by extensions ['colcon_pkg']
[5.989s] Level 1:colcon.colcon_core.package_identification:_identify(src/OAK_D_Pro) by extension 'colcon_pkg'
[5.990s] Level 1:colcon.colcon_core.package_identification:_identify(src/OAK_D_Pro) by extensions ['colcon_meta']
[5.990s] Level 1:colcon.colcon_core.package_identification:_identify(src/OAK_D_Pro) by extension 'colcon_meta'
[5.990s] Level 1:colcon.colcon_core.package_identification:_identify(src/OAK_D_Pro) by extensions ['ros']
[5.990s] Level 1:colcon.colcon_core.package_identification:_identify(src/OAK_D_Pro) by extension 'ros'
[6.000s] DEBUG:colcon.colcon_core.package_identification:Package 'src/OAK_D_Pro' with type 'ros.ament_python' and name 'OAK_D_Pro'
[6.001s] Level 1:colcon.colcon_core.package_discovery:discover_packages(recursive) using defaults
[6.001s] Level 1:colcon.colcon_core.package_discovery:discover_packages(ignore) discover
[6.001s] Level 1:colcon.colcon_core.package_discovery:discover_packages(ignore) using defaults
[6.001s] Level 1:colcon.colcon_core.package_discovery:discover_packages(path) discover
[6.001s] Level 1:colcon.colcon_core.package_discovery:discover_packages(path) using defaults
[6.960s] Level 1:colcon.colcon_core.package_discovery:discover_packages(prefix_path) check parameters
[6.961s] Level 1:colcon.colcon_core.package_discovery:discover_packages(prefix_path) discover
[7.132s] DEBUG:colcon.colcon_installed_package_information.package_discovery:Found 1 installed packages in /home/ubuntu/Desktop/Capstone-Autonomous-Driving/ros2_ws/install
[7.214s] DEBUG:colcon.colcon_installed_package_information.package_discovery:Found 4 installed packages in /home/ubuntu/ros2_ws/install
[7.312s] DEBUG:colcon.colcon_installed_package_information.package_discovery:Found 298 installed packages in /opt/ros/humble
[7.320s] Level 1:colcon.colcon_core.package_discovery:discover_packages(prefix_path) using defaults
[7.772s] Level 5:colcon.colcon_core.verb:set package 'OAK_D_Pro' build argument 'cmake_args' from command line to 'None'
[7.772s] Level 5:colcon.colcon_core.verb:set package 'OAK_D_Pro' build argument 'cmake_target' from command line to 'None'
[7.772s] Level 5:colcon.colcon_core.verb:set package 'OAK_D_Pro' build argument 'cmake_target_skip_unavailable' from command line to 'False'
[7.772s] Level 5:colcon.colcon_core.verb:set package 'OAK_D_Pro' build argument 'cmake_clean_cache' from command line to 'False'
[7.773s] Level 5:colcon.colcon_core.verb:set package 'OAK_D_Pro' build argument 'cmake_clean_first' from command line to 'False'
[7.773s] Level 5:colcon.colcon_core.verb:set package 'OAK_D_Pro' build argument 'cmake_force_configure' from command line to 'False'
[7.773s] Level 5:colcon.colcon_core.verb:set package 'OAK_D_Pro' build argument 'ament_cmake_args' from command line to 'None'
[7.773s] Level 5:colcon.colcon_core.verb:set package 'OAK_D_Pro' build argument 'catkin_cmake_args' from command line to 'None'
[7.773s] Level 5:colcon.colcon_core.verb:set package 'OAK_D_Pro' build argument 'catkin_skip_building_tests' from command line to 'False'
[7.773s] DEBUG:colcon.colcon_core.verb:Building package 'OAK_D_Pro' with the following arguments: {'ament_cmake_args': None, 'build_base': '/home/ubuntu/Desktop/Capstone-Autonomous-Driving/ros2_ws/build/OAK_D_Pro', 'catkin_cmake_args': None, 'catkin_skip_building_tests': False, 'cmake_args': None, 'cmake_clean_cache': False, 'cmake_clean_first': False, 'cmake_force_configure': False, 'cmake_target': None, 'cmake_target_skip_unavailable': False, 'install_base': '/home/ubuntu/Desktop/Capstone-Autonomous-Driving/ros2_ws/install/OAK_D_Pro', 'merge_install': False, 'path': '/home/ubuntu/Desktop/Capstone-Autonomous-Driving/ros2_ws/src/OAK_D_Pro', 'symlink_install': False, 'test_result_base': None}
[7.863s] INFO:colcon.colcon_core.executor:Executing jobs using 'parallel' executor
[7.962s] DEBUG:colcon.colcon_parallel_executor.executor.parallel:run_until_complete
[7.963s] INFO:colcon.colcon_ros.task.ament_python.build:Building ROS package in '/home/ubuntu/Desktop/Capstone-Autonomous-Driving/ros2_ws/src/OAK_D_Pro' with build type 'ament_python'
[7.964s] Level 1:colcon.colcon_core.shell:create_environment_hook('OAK_D_Pro', 'ament_prefix_path')
[8.156s] INFO:colcon.colcon_core.plugin_system:Skipping extension 'colcon_core.shell.bat': Not used on non-Windows systems
[8.157s] INFO:colcon.colcon_core.shell:Creating environment hook '/home/ubuntu/Desktop/Capstone-Autonomous-Driving/ros2_ws/install/OAK_D_Pro/share/OAK_D_Pro/hook/ament_prefix_path.ps1'
[8.163s] INFO:colcon.colcon_core.shell:Creating environment descriptor '/home/ubuntu/Desktop/Capstone-Autonomous-Driving/ros2_ws/install/OAK_D_Pro/share/OAK_D_Pro/hook/ament_prefix_path.dsv'
[8.169s] INFO:colcon.colcon_core.shell:Creating environment hook '/home/ubuntu/Desktop/Capstone-Autonomous-Driving/ros2_ws/install/OAK_D_Pro/share/OAK_D_Pro/hook/ament_prefix_path.sh'
[8.357s] INFO:colcon.colcon_core.shell:Skip shell extension 'powershell' for command environment: Not usable outside of PowerShell
[8.357s] DEBUG:colcon.colcon_core.shell:Skip shell extension 'dsv' for command environment
[11.000s] INFO:colcon.colcon_core.task.python.build:Building Python package in '/home/ubuntu/Desktop/Capstone-Autonomous-Driving/ros2_ws/src/OAK_D_Pro'
[11.192s] INFO:colcon.colcon_core.shell:Skip shell extension 'powershell' for command environment: Not usable outside of PowerShell
[11.192s] DEBUG:colcon.colcon_core.shell:Skip shell extension 'dsv' for command environment
[14.550s] DEBUG:colcon.colcon_core.event_handler.log_command:Invoking command in '/home/ubuntu/Desktop/Capstone-Autonomous-Driving/ros2_ws/src/OAK_D_Pro': PYTHONPATH=/home/ubuntu/Desktop/Capstone-Autonomous-Driving/ros2_ws/build/OAK_D_Pro/prefix_override:/home/ubuntu/Desktop/Capstone-Autonomous-Driving/ros2_ws/install/OAK_D_Pro/lib/python3.10/site-packages:${PYTHONPATH} /usr/bin/python3 setup.py egg_info --egg-base ../../build/OAK_D_Pro build --build-base /home/ubuntu/Desktop/Capstone-Autonomous-Driving/ros2_ws/build/OAK_D_Pro/build install --record /home/ubuntu/Desktop/Capstone-Autonomous-Driving/ros2_ws/build/OAK_D_Pro/install.log --single-version-externally-managed
[16.853s] DEBUG:colcon.colcon_core.event_handler.log_command:Invoked command in '/home/ubuntu/Desktop/Capstone-Autonomous-Driving/ros2_ws/src/OAK_D_Pro' returned '0': PYTHONPATH=/home/ubuntu/Desktop/Capstone-Autonomous-Driving/ros2_ws/build/OAK_D_Pro/prefix_override:/home/ubuntu/Desktop/Capstone-Autonomous-Driving/ros2_ws/install/OAK_D_Pro/lib/python3.10/site-packages:${PYTHONPATH} /usr/bin/python3 setup.py egg_info --egg-base ../../build/OAK_D_Pro build --build-base /home/ubuntu/Desktop/Capstone-Autonomous-Driving/ros2_ws/build/OAK_D_Pro/build install --record /home/ubuntu/Desktop/Capstone-Autonomous-Driving/ros2_ws/build/OAK_D_Pro/install.log --single-version-externally-managed
[17.019s] Level 1:colcon.colcon_core.environment:checking '/home/ubuntu/Desktop/Capstone-Autonomous-Driving/ros2_ws/install/OAK_D_Pro' for CMake module files
[17.022s] Level 1:colcon.colcon_core.environment:checking '/home/ubuntu/Desktop/Capstone-Autonomous-Driving/ros2_ws/install/OAK_D_Pro' for CMake config files
[17.025s] Level 1:colcon.colcon_core.environment:checking '/home/ubuntu/Desktop/Capstone-Autonomous-Driving/ros2_ws/install/OAK_D_Pro/lib'
[17.026s] Level 1:colcon.colcon_core.environment:checking '/home/ubuntu/Desktop/Capstone-Autonomous-Driving/ros2_ws/install/OAK_D_Pro/bin'
[17.027s] Level 1:colcon.colcon_core.environment:checking '/home/ubuntu/Desktop/Capstone-Autonomous-Driving/ros2_ws/install/OAK_D_Pro/lib/pkgconfig/OAK_D_Pro.pc'
[17.027s] Level 1:colcon.colcon_core.environment:checking '/home/ubuntu/Desktop/Capstone-Autonomous-Driving/ros2_ws/install/OAK_D_Pro/lib/python3.10/site-packages'
[17.028s] Level 1:colcon.colcon_core.shell:create_environment_hook('OAK_D_Pro', 'pythonpath')
[17.150s] INFO:colcon.colcon_core.shell:Creating environment hook '/home/ubuntu/Desktop/Capstone-Autonomous-Driving/ros2_ws/install/OAK_D_Pro/share/OAK_D_Pro/hook/pythonpath.ps1'
[17.153s] INFO:colcon.colcon_core.shell:Creating environment descriptor '/home/ubuntu/Desktop/Capstone-Autonomous-Driving/ros2_ws/install/OAK_D_Pro/share/OAK_D_Pro/hook/pythonpath.dsv'
[17.156s] INFO:colcon.colcon_core.shell:Creating environment hook '/home/ubuntu/Desktop/Capstone-Autonomous-Driving/ros2_ws/install/OAK_D_Pro/share/OAK_D_Pro/hook/pythonpath.sh'
[17.162s] Level 1:colcon.colcon_core.environment:checking '/home/ubuntu/Desktop/Capstone-Autonomous-Driving/ros2_ws/install/OAK_D_Pro/bin'
[17.163s] Level 1:colcon.colcon_core.environment:create_environment_scripts_only(OAK_D_Pro)
[17.310s] INFO:colcon.colcon_core.shell:Creating package script '/home/ubuntu/Desktop/Capstone-Autonomous-Driving/ros2_ws/install/OAK_D_Pro/share/OAK_D_Pro/package.ps1'
[17.314s] INFO:colcon.colcon_core.shell:Creating package descriptor '/home/ubuntu/Desktop/Capstone-Autonomous-Driving/ros2_ws/install/OAK_D_Pro/share/OAK_D_Pro/package.dsv'
[17.317s] INFO:colcon.colcon_core.shell:Creating package script '/home/ubuntu/Desktop/Capstone-Autonomous-Driving/ros2_ws/install/OAK_D_Pro/share/OAK_D_Pro/package.sh'
[17.320s] INFO:colcon.colcon_core.shell:Creating package script '/home/ubuntu/Desktop/Capstone-Autonomous-Driving/ros2_ws/install/OAK_D_Pro/share/OAK_D_Pro/package.bash'
[17.323s] INFO:colcon.colcon_core.shell:Creating package script '/home/ubuntu/Desktop/Capstone-Autonomous-Driving/ros2_ws/install/OAK_D_Pro/share/OAK_D_Pro/package.zsh'
[17.326s] Level 1:colcon.colcon_core.environment:create_file_with_runtime_dependencies(/home/ubuntu/Desktop/Capstone-Autonomous-Driving/ros2_ws/install/OAK_D_Pro/share/colcon-core/packages/OAK_D_Pro)
[17.328s] DEBUG:colcon.colcon_parallel_executor.executor.parallel:closing loop
[17.329s] DEBUG:colcon.colcon_parallel_executor.executor.parallel:loop closed
[17.329s] DEBUG:colcon.colcon_parallel_executor.executor.parallel:run_until_complete finished with '0'
[17.330s] DEBUG:colcon.colcon_core.event_reactor:joining thread
[17.561s] INFO:colcon.colcon_core.plugin_system:Skipping extension 'colcon_notification.desktop_notification.terminal_notifier': Not used on non-Darwin systems
[17.561s] INFO:colcon.colcon_core.plugin_system:Skipping extension 'colcon_notification.desktop_notification.win32': Not used on non-Windows systems
[17.561s] INFO:colcon.colcon_notification.desktop_notification:Sending desktop notification using 'notify2'
[17.613s] DEBUG:colcon.colcon_core.event_reactor:joined thread
[17.732s] INFO:colcon.colcon_core.shell:Creating prefix script '/home/ubuntu/Desktop/Capstone-Autonomous-Driving/ros2_ws/install/local_setup.ps1'
[17.737s] INFO:colcon.colcon_core.shell:Creating prefix util module '/home/ubuntu/Desktop/Capstone-Autonomous-Driving/ros2_ws/install/_local_setup_util_ps1.py'
[17.743s] INFO:colcon.colcon_core.shell:Creating prefix chain script '/home/ubuntu/Desktop/Capstone-Autonomous-Driving/ros2_ws/install/setup.ps1'
[17.851s] INFO:colcon.colcon_core.shell:Creating prefix script '/home/ubuntu/Desktop/Capstone-Autonomous-Driving/ros2_ws/install/local_setup.sh'
[17.854s] INFO:colcon.colcon_core.shell:Creating prefix util module '/home/ubuntu/Desktop/Capstone-Autonomous-Driving/ros2_ws/install/_local_setup_util_sh.py'
[17.857s] INFO:colcon.colcon_core.shell:Creating prefix chain script '/home/ubuntu/Desktop/Capstone-Autonomous-Driving/ros2_ws/install/setup.sh'
[17.961s] INFO:colcon.colcon_core.shell:Creating prefix script '/home/ubuntu/Desktop/Capstone-Autonomous-Driving/ros2_ws/install/local_setup.bash'
[17.964s] INFO:colcon.colcon_core.shell:Creating prefix chain script '/home/ubuntu/Desktop/Capstone-Autonomous-Driving/ros2_ws/install/setup.bash'
[18.053s] INFO:colcon.colcon_core.shell:Creating prefix script '/home/ubuntu/Desktop/Capstone-Autonomous-Driving/ros2_ws/install/local_setup.zsh'
[18.055s] INFO:colcon.colcon_core.shell:Creating prefix chain script '/home/ubuntu/Desktop/Capstone-Autonomous-Driving/ros2_ws/install/setup.zsh'
