[5.850s] DEBUG:colcon:Command line arguments: ['/usr/bin/colcon', 'build', '--packages-select', 'ps5_controller']
[5.850s] DEBUG:colcon:Parsed command line arguments: Namespace(log_base=None, log_level=None, verb_name='build', build_base='build', install_base='install', merge_install=False, symlink_install=False, test_result_base=None, continue_on_error=False, executor='parallel', parallel_workers=4, event_handlers=None, ignore_user_meta=False, metas=['./colcon.meta'], base_paths=['.'], packages_ignore=None, packages_ignore_regex=None, paths=None, packages_up_to=None, packages_up_to_regex=None, packages_above=None, packages_above_and_dependencies=None, packages_above_depth=None, packages_select_by_dep=None, packages_skip_by_dep=None, packages_skip_up_to=None, packages_select_build_failed=False, packages_skip_build_finished=False, packages_select_test_failures=False, packages_skip_test_passed=False, packages_select=['ps5_controller'], packages_skip=None, packages_select_regex=None, packages_skip_regex=None, packages_start=None, packages_end=None, allow_overriding=[], cmake_args=None, cmake_target=None, cmake_target_skip_unavailable=False, cmake_clean_cache=False, cmake_clean_first=False, cmake_force_configure=False, ament_cmake_args=None, catkin_cmake_args=None, catkin_skip_building_tests=False, verb_parser=<colcon_defaults.argument_parser.defaults.DefaultArgumentsDecorator object at 0xffffb92e7700>, verb_extension=<colcon_core.verb.build.BuildVerb object at 0xffffb95a6b90>, main=<bound method BuildVerb.main of <colcon_core.verb.build.BuildVerb object at 0xffffb95a6b90>>)
[6.096s] Level 1:colcon.colcon_core.package_discovery:discover_packages(colcon_meta) check parameters
[6.097s] Level 1:colcon.colcon_core.package_discovery:discover_packages(recursive) check parameters
[6.097s] Level 1:colcon.colcon_core.package_discovery:discover_packages(ignore) check parameters
[6.097s] Level 1:colcon.colcon_core.package_discovery:discover_packages(path) check parameters
[6.097s] Level 1:colcon.colcon_core.package_discovery:discover_packages(colcon_meta) discover
[6.097s] Level 1:colcon.colcon_core.package_discovery:discover_packages(recursive) discover
[6.098s] INFO:colcon.colcon_core.package_discovery:Crawling recursively for packages in '/home/ubuntu/Capstone-Autonomous-Driving/ros2_ws'
[6.098s] Level 1:colcon.colcon_core.package_identification:_identify(.) by extensions ['ignore', 'ignore_ament_install']
[6.099s] Level 1:colcon.colcon_core.package_identification:_identify(.) by extension 'ignore'
[6.099s] Level 1:colcon.colcon_core.package_identification:_identify(.) by extension 'ignore_ament_install'
[6.099s] Level 1:colcon.colcon_core.package_identification:_identify(.) by extensions ['colcon_pkg']
[6.099s] Level 1:colcon.colcon_core.package_identification:_identify(.) by extension 'colcon_pkg'
[6.100s] Level 1:colcon.colcon_core.package_identification:_identify(.) by extensions ['colcon_meta']
[6.100s] Level 1:colcon.colcon_core.package_identification:_identify(.) by extension 'colcon_meta'
[6.100s] Level 1:colcon.colcon_core.package_identification:_identify(.) by extensions ['ros']
[6.100s] Level 1:colcon.colcon_core.package_identification:_identify(.) by extension 'ros'
[6.147s] Level 1:colcon.colcon_core.package_identification:_identify(.) by extensions ['cmake', 'python']
[6.148s] Level 1:colcon.colcon_core.package_identification:_identify(.) by extension 'cmake'
[6.148s] Level 1:colcon.colcon_core.package_identification:_identify(.) by extension 'python'
[6.148s] Level 1:colcon.colcon_core.package_identification:_identify(.) by extensions ['python_setup_py']
[6.148s] Level 1:colcon.colcon_core.package_identification:_identify(.) by extension 'python_setup_py'
[6.149s] Level 1:colcon.colcon_core.package_identification:_identify(build) by extensions ['ignore', 'ignore_ament_install']
[6.149s] Level 1:colcon.colcon_core.package_identification:_identify(build) by extension 'ignore'
[6.150s] Level 1:colcon.colcon_core.package_identification:_identify(build) ignored
[6.150s] Level 1:colcon.colcon_core.package_identification:_identify(install) by extensions ['ignore', 'ignore_ament_install']
[6.151s] Level 1:colcon.colcon_core.package_identification:_identify(install) by extension 'ignore'
[6.151s] Level 1:colcon.colcon_core.package_identification:_identify(install) ignored
[6.152s] Level 1:colcon.colcon_core.package_identification:_identify(log) by extensions ['ignore', 'ignore_ament_install']
[6.152s] Level 1:colcon.colcon_core.package_identification:_identify(log) by extension 'ignore'
[6.153s] Level 1:colcon.colcon_core.package_identification:_identify(log) ignored
[6.153s] Level 1:colcon.colcon_core.package_identification:_identify(src) by extensions ['ignore', 'ignore_ament_install']
[6.153s] Level 1:colcon.colcon_core.package_identification:_identify(src) by extension 'ignore'
[6.154s] Level 1:colcon.colcon_core.package_identification:_identify(src) by extension 'ignore_ament_install'
[6.154s] Level 1:colcon.colcon_core.package_identification:_identify(src) by extensions ['colcon_pkg']
[6.154s] Level 1:colcon.colcon_core.package_identification:_identify(src) by extension 'colcon_pkg'
[6.154s] Level 1:colcon.colcon_core.package_identification:_identify(src) by extensions ['colcon_meta']
[6.154s] Level 1:colcon.colcon_core.package_identification:_identify(src) by extension 'colcon_meta'
[6.155s] Level 1:colcon.colcon_core.package_identification:_identify(src) by extensions ['ros']
[6.155s] Level 1:colcon.colcon_core.package_identification:_identify(src) by extension 'ros'
[6.155s] Level 1:colcon.colcon_core.package_identification:_identify(src) by extensions ['cmake', 'python']
[6.155s] Level 1:colcon.colcon_core.package_identification:_identify(src) by extension 'cmake'
[6.155s] Level 1:colcon.colcon_core.package_identification:_identify(src) by extension 'python'
[6.156s] Level 1:colcon.colcon_core.package_identification:_identify(src) by extensions ['python_setup_py']
[6.156s] Level 1:colcon.colcon_core.package_identification:_identify(src) by extension 'python_setup_py'
[6.156s] Level 1:colcon.colcon_core.package_identification:_identify(src/oak_d_pro) by extensions ['ignore', 'ignore_ament_install']
[6.157s] Level 1:colcon.colcon_core.package_identification:_identify(src/oak_d_pro) by extension 'ignore'
[6.157s] Level 1:colcon.colcon_core.package_identification:_identify(src/oak_d_pro) by extension 'ignore_ament_install'
[6.157s] Level 1:colcon.colcon_core.package_identification:_identify(src/oak_d_pro) by extensions ['colcon_pkg']
[6.157s] Level 1:colcon.colcon_core.package_identification:_identify(src/oak_d_pro) by extension 'colcon_pkg'
[6.158s] Level 1:colcon.colcon_core.package_identification:_identify(src/oak_d_pro) by extensions ['colcon_meta']
[6.158s] Level 1:colcon.colcon_core.package_identification:_identify(src/oak_d_pro) by extension 'colcon_meta'
[6.158s] Level 1:colcon.colcon_core.package_identification:_identify(src/oak_d_pro) by extensions ['ros']
[6.158s] Level 1:colcon.colcon_core.package_identification:_identify(src/oak_d_pro) by extension 'ros'
[6.169s] DEBUG:colcon.colcon_core.package_identification:Package 'src/oak_d_pro' with type 'ros.ament_python' and name 'oak_d_pro'
[6.170s] Level 1:colcon.colcon_core.package_identification:_identify(src/ps5_controller) by extensions ['ignore', 'ignore_ament_install']
[6.170s] Level 1:colcon.colcon_core.package_identification:_identify(src/ps5_controller) by extension 'ignore'
[6.170s] Level 1:colcon.colcon_core.package_identification:_identify(src/ps5_controller) by extension 'ignore_ament_install'
[6.171s] Level 1:colcon.colcon_core.package_identification:_identify(src/ps5_controller) by extensions ['colcon_pkg']
[6.171s] Level 1:colcon.colcon_core.package_identification:_identify(src/ps5_controller) by extension 'colcon_pkg'
[6.171s] Level 1:colcon.colcon_core.package_identification:_identify(src/ps5_controller) by extensions ['colcon_meta']
[6.171s] Level 1:colcon.colcon_core.package_identification:_identify(src/ps5_controller) by extension 'colcon_meta'
[6.171s] Level 1:colcon.colcon_core.package_identification:_identify(src/ps5_controller) by extensions ['ros']
[6.172s] Level 1:colcon.colcon_core.package_identification:_identify(src/ps5_controller) by extension 'ros'
[6.174s] DEBUG:colcon.colcon_core.package_identification:Package 'src/ps5_controller' with type 'ros.ament_python' and name 'ps5_controller'
[6.175s] Level 1:colcon.colcon_core.package_identification:_identify(src/robot_car_pkg) by extensions ['ignore', 'ignore_ament_install']
[6.175s] Level 1:colcon.colcon_core.package_identification:_identify(src/robot_car_pkg) by extension 'ignore'
[6.176s] Level 1:colcon.colcon_core.package_identification:_identify(src/robot_car_pkg) by extension 'ignore_ament_install'
[6.176s] Level 1:colcon.colcon_core.package_identification:_identify(src/robot_car_pkg) by extensions ['colcon_pkg']
[6.176s] Level 1:colcon.colcon_core.package_identification:_identify(src/robot_car_pkg) by extension 'colcon_pkg'
[6.176s] Level 1:colcon.colcon_core.package_identification:_identify(src/robot_car_pkg) by extensions ['colcon_meta']
[6.176s] Level 1:colcon.colcon_core.package_identification:_identify(src/robot_car_pkg) by extension 'colcon_meta'
[6.177s] Level 1:colcon.colcon_core.package_identification:_identify(src/robot_car_pkg) by extensions ['ros']
[6.177s] Level 1:colcon.colcon_core.package_identification:_identify(src/robot_car_pkg) by extension 'ros'
[6.179s] DEBUG:colcon.colcon_core.package_identification:Package 'src/robot_car_pkg' with type 'ros.ament_cmake' and name 'robot_car_pkg'
[6.179s] Level 1:colcon.colcon_core.package_identification:_identify(src/rplidar_ros2) by extensions ['ignore', 'ignore_ament_install']
[6.180s] Level 1:colcon.colcon_core.package_identification:_identify(src/rplidar_ros2) by extension 'ignore'
[6.180s] Level 1:colcon.colcon_core.package_identification:_identify(src/rplidar_ros2) by extension 'ignore_ament_install'
[6.180s] Level 1:colcon.colcon_core.package_identification:_identify(src/rplidar_ros2) by extensions ['colcon_pkg']
[6.181s] Level 1:colcon.colcon_core.package_identification:_identify(src/rplidar_ros2) by extension 'colcon_pkg'
[6.181s] Level 1:colcon.colcon_core.package_identification:_identify(src/rplidar_ros2) by extensions ['colcon_meta']
[6.181s] Level 1:colcon.colcon_core.package_identification:_identify(src/rplidar_ros2) by extension 'colcon_meta'
[6.181s] Level 1:colcon.colcon_core.package_identification:_identify(src/rplidar_ros2) by extensions ['ros']
[6.181s] Level 1:colcon.colcon_core.package_identification:_identify(src/rplidar_ros2) by extension 'ros'
[6.183s] DEBUG:colcon.colcon_core.package_identification:Package 'src/rplidar_ros2' with type 'ros.ament_cmake' and name 'rplidar_ros'
[6.184s] Level 1:colcon.colcon_core.package_discovery:discover_packages(recursive) using defaults
[6.184s] Level 1:colcon.colcon_core.package_discovery:discover_packages(ignore) discover
[6.184s] Level 1:colcon.colcon_core.package_discovery:discover_packages(ignore) using defaults
[6.184s] Level 1:colcon.colcon_core.package_discovery:discover_packages(path) discover
[6.184s] Level 1:colcon.colcon_core.package_discovery:discover_packages(path) using defaults
[6.587s] INFO:colcon.colcon_core.package_selection:Skipping not selected package 'oak_d_pro' in 'src/oak_d_pro'
[6.588s] INFO:colcon.colcon_core.package_selection:Skipping not selected package 'robot_car_pkg' in 'src/robot_car_pkg'
[6.588s] INFO:colcon.colcon_core.package_selection:Skipping not selected package 'rplidar_ros' in 'src/rplidar_ros2'
[6.856s] Level 1:colcon.colcon_core.package_discovery:discover_packages(prefix_path) check parameters
[6.856s] Level 1:colcon.colcon_core.package_discovery:discover_packages(prefix_path) discover
[7.044s] DEBUG:colcon.colcon_installed_package_information.package_discovery:Found 5 installed packages in /home/ubuntu/Capstone-Autonomous-Driving/ros2_ws/install
[7.132s] DEBUG:colcon.colcon_installed_package_information.package_discovery:Found 4 installed packages in /home/ubuntu/ros2_ws/install
[7.231s] DEBUG:colcon.colcon_installed_package_information.package_discovery:Found 306 installed packages in /opt/ros/humble
[7.239s] Level 1:colcon.colcon_core.package_discovery:discover_packages(prefix_path) using defaults
[7.727s] Level 5:colcon.colcon_core.verb:set package 'ps5_controller' build argument 'cmake_args' from command line to 'None'
[7.727s] Level 5:colcon.colcon_core.verb:set package 'ps5_controller' build argument 'cmake_target' from command line to 'None'
[7.727s] Level 5:colcon.colcon_core.verb:set package 'ps5_controller' build argument 'cmake_target_skip_unavailable' from command line to 'False'
[7.728s] Level 5:colcon.colcon_core.verb:set package 'ps5_controller' build argument 'cmake_clean_cache' from command line to 'False'
[7.728s] Level 5:colcon.colcon_core.verb:set package 'ps5_controller' build argument 'cmake_clean_first' from command line to 'False'
[7.728s] Level 5:colcon.colcon_core.verb:set package 'ps5_controller' build argument 'cmake_force_configure' from command line to 'False'
[7.728s] Level 5:colcon.colcon_core.verb:set package 'ps5_controller' build argument 'ament_cmake_args' from command line to 'None'
[7.728s] Level 5:colcon.colcon_core.verb:set package 'ps5_controller' build argument 'catkin_cmake_args' from command line to 'None'
[7.728s] Level 5:colcon.colcon_core.verb:set package 'ps5_controller' build argument 'catkin_skip_building_tests' from command line to 'False'
[7.728s] DEBUG:colcon.colcon_core.verb:Building package 'ps5_controller' with the following arguments: {'ament_cmake_args': None, 'build_base': '/home/ubuntu/Capstone-Autonomous-Driving/ros2_ws/build/ps5_controller', 'catkin_cmake_args': None, 'catkin_skip_building_tests': False, 'cmake_args': None, 'cmake_clean_cache': False, 'cmake_clean_first': False, 'cmake_force_configure': False, 'cmake_target': None, 'cmake_target_skip_unavailable': False, 'install_base': '/home/ubuntu/Capstone-Autonomous-Driving/ros2_ws/install/ps5_controller', 'merge_install': False, 'path': '/home/ubuntu/Capstone-Autonomous-Driving/ros2_ws/src/ps5_controller', 'symlink_install': False, 'test_result_base': None}
[7.817s] INFO:colcon.colcon_core.executor:Executing jobs using 'parallel' executor
[7.909s] DEBUG:colcon.colcon_parallel_executor.executor.parallel:run_until_complete
[7.910s] INFO:colcon.colcon_ros.task.ament_python.build:Building ROS package in '/home/ubuntu/Capstone-Autonomous-Driving/ros2_ws/src/ps5_controller' with build type 'ament_python'
[7.911s] Level 1:colcon.colcon_core.shell:create_environment_hook('ps5_controller', 'ament_prefix_path')
[8.012s] INFO:colcon.colcon_core.plugin_system:Skipping extension 'colcon_core.shell.bat': Not used on non-Windows systems
[8.013s] INFO:colcon.colcon_core.shell:Creating environment hook '/home/ubuntu/Capstone-Autonomous-Driving/ros2_ws/install/ps5_controller/share/ps5_controller/hook/ament_prefix_path.ps1'
[8.016s] INFO:colcon.colcon_core.shell:Creating environment descriptor '/home/ubuntu/Capstone-Autonomous-Driving/ros2_ws/install/ps5_controller/share/ps5_controller/hook/ament_prefix_path.dsv'
[8.018s] INFO:colcon.colcon_core.shell:Creating environment hook '/home/ubuntu/Capstone-Autonomous-Driving/ros2_ws/install/ps5_controller/share/ps5_controller/hook/ament_prefix_path.sh'
[8.122s] INFO:colcon.colcon_core.shell:Skip shell extension 'powershell' for command environment: Not usable outside of PowerShell
[8.123s] DEBUG:colcon.colcon_core.shell:Skip shell extension 'dsv' for command environment
[10.149s] INFO:colcon.colcon_core.task.python.build:Building Python package in '/home/ubuntu/Capstone-Autonomous-Driving/ros2_ws/src/ps5_controller'
[10.250s] INFO:colcon.colcon_core.shell:Skip shell extension 'powershell' for command environment: Not usable outside of PowerShell
[10.250s] DEBUG:colcon.colcon_core.shell:Skip shell extension 'dsv' for command environment
[12.826s] DEBUG:colcon.colcon_core.event_handler.log_command:Invoking command in '/home/ubuntu/Capstone-Autonomous-Driving/ros2_ws/src/ps5_controller': PYTHONPATH=/home/ubuntu/Capstone-Autonomous-Driving/ros2_ws/build/ps5_controller/prefix_override:/home/ubuntu/Capstone-Autonomous-Driving/ros2_ws/install/ps5_controller/lib/python3.10/site-packages:${PYTHONPATH} /usr/bin/python3 setup.py egg_info --egg-base ../../build/ps5_controller build --build-base /home/ubuntu/Capstone-Autonomous-Driving/ros2_ws/build/ps5_controller/build install --record /home/ubuntu/Capstone-Autonomous-Driving/ros2_ws/build/ps5_controller/install.log --single-version-externally-managed
[14.630s] DEBUG:colcon.colcon_core.event_handler.log_command:Invoked command in '/home/ubuntu/Capstone-Autonomous-Driving/ros2_ws/src/ps5_controller' returned '0': PYTHONPATH=/home/ubuntu/Capstone-Autonomous-Driving/ros2_ws/build/ps5_controller/prefix_override:/home/ubuntu/Capstone-Autonomous-Driving/ros2_ws/install/ps5_controller/lib/python3.10/site-packages:${PYTHONPATH} /usr/bin/python3 setup.py egg_info --egg-base ../../build/ps5_controller build --build-base /home/ubuntu/Capstone-Autonomous-Driving/ros2_ws/build/ps5_controller/build install --record /home/ubuntu/Capstone-Autonomous-Driving/ros2_ws/build/ps5_controller/install.log --single-version-externally-managed
[14.740s] Level 1:colcon.colcon_core.environment:checking '/home/ubuntu/Capstone-Autonomous-Driving/ros2_ws/install/ps5_controller' for CMake module files
[14.742s] Level 1:colcon.colcon_core.environment:checking '/home/ubuntu/Capstone-Autonomous-Driving/ros2_ws/install/ps5_controller' for CMake config files
[14.746s] Level 1:colcon.colcon_core.environment:checking '/home/ubuntu/Capstone-Autonomous-Driving/ros2_ws/install/ps5_controller/lib'
[14.747s] Level 1:colcon.colcon_core.environment:checking '/home/ubuntu/Capstone-Autonomous-Driving/ros2_ws/install/ps5_controller/bin'
[14.747s] Level 1:colcon.colcon_core.environment:checking '/home/ubuntu/Capstone-Autonomous-Driving/ros2_ws/install/ps5_controller/lib/pkgconfig/ps5_controller.pc'
[14.748s] Level 1:colcon.colcon_core.environment:checking '/home/ubuntu/Capstone-Autonomous-Driving/ros2_ws/install/ps5_controller/lib/python3.10/site-packages'
[14.749s] Level 1:colcon.colcon_core.shell:create_environment_hook('ps5_controller', 'pythonpath')
[14.841s] INFO:colcon.colcon_core.shell:Creating environment hook '/home/ubuntu/Capstone-Autonomous-Driving/ros2_ws/install/ps5_controller/share/ps5_controller/hook/pythonpath.ps1'
[14.843s] INFO:colcon.colcon_core.shell:Creating environment descriptor '/home/ubuntu/Capstone-Autonomous-Driving/ros2_ws/install/ps5_controller/share/ps5_controller/hook/pythonpath.dsv'
[14.845s] INFO:colcon.colcon_core.shell:Creating environment hook '/home/ubuntu/Capstone-Autonomous-Driving/ros2_ws/install/ps5_controller/share/ps5_controller/hook/pythonpath.sh'
[14.847s] Level 1:colcon.colcon_core.environment:checking '/home/ubuntu/Capstone-Autonomous-Driving/ros2_ws/install/ps5_controller/bin'
[14.848s] Level 1:colcon.colcon_core.environment:create_environment_scripts_only(ps5_controller)
[14.940s] INFO:colcon.colcon_core.shell:Creating package script '/home/ubuntu/Capstone-Autonomous-Driving/ros2_ws/install/ps5_controller/share/ps5_controller/package.ps1'
[14.944s] INFO:colcon.colcon_core.shell:Creating package descriptor '/home/ubuntu/Capstone-Autonomous-Driving/ros2_ws/install/ps5_controller/share/ps5_controller/package.dsv'
[14.946s] INFO:colcon.colcon_core.shell:Creating package script '/home/ubuntu/Capstone-Autonomous-Driving/ros2_ws/install/ps5_controller/share/ps5_controller/package.sh'
[14.950s] INFO:colcon.colcon_core.shell:Creating package script '/home/ubuntu/Capstone-Autonomous-Driving/ros2_ws/install/ps5_controller/share/ps5_controller/package.bash'
[14.953s] INFO:colcon.colcon_core.shell:Creating package script '/home/ubuntu/Capstone-Autonomous-Driving/ros2_ws/install/ps5_controller/share/ps5_controller/package.zsh'
[14.956s] Level 1:colcon.colcon_core.environment:create_file_with_runtime_dependencies(/home/ubuntu/Capstone-Autonomous-Driving/ros2_ws/install/ps5_controller/share/colcon-core/packages/ps5_controller)
[14.958s] DEBUG:colcon.colcon_parallel_executor.executor.parallel:closing loop
[14.959s] DEBUG:colcon.colcon_parallel_executor.executor.parallel:loop closed
[14.959s] DEBUG:colcon.colcon_parallel_executor.executor.parallel:run_until_complete finished with '0'
[14.960s] DEBUG:colcon.colcon_core.event_reactor:joining thread
[15.085s] INFO:colcon.colcon_core.plugin_system:Skipping extension 'colcon_notification.desktop_notification.terminal_notifier': Not used on non-Darwin systems
[15.085s] INFO:colcon.colcon_core.plugin_system:Skipping extension 'colcon_notification.desktop_notification.win32': Not used on non-Windows systems
[15.086s] INFO:colcon.colcon_notification.desktop_notification:Sending desktop notification using 'notify2'
[15.139s] DEBUG:colcon.colcon_core.event_reactor:joined thread
[15.261s] INFO:colcon.colcon_core.shell:Creating prefix script '/home/ubuntu/Capstone-Autonomous-Driving/ros2_ws/install/local_setup.ps1'
[15.265s] INFO:colcon.colcon_core.shell:Creating prefix util module '/home/ubuntu/Capstone-Autonomous-Driving/ros2_ws/install/_local_setup_util_ps1.py'
[15.271s] INFO:colcon.colcon_core.shell:Creating prefix chain script '/home/ubuntu/Capstone-Autonomous-Driving/ros2_ws/install/setup.ps1'
[15.374s] INFO:colcon.colcon_core.shell:Creating prefix script '/home/ubuntu/Capstone-Autonomous-Driving/ros2_ws/install/local_setup.sh'
[15.377s] INFO:colcon.colcon_core.shell:Creating prefix util module '/home/ubuntu/Capstone-Autonomous-Driving/ros2_ws/install/_local_setup_util_sh.py'
[15.380s] INFO:colcon.colcon_core.shell:Creating prefix chain script '/home/ubuntu/Capstone-Autonomous-Driving/ros2_ws/install/setup.sh'
[15.472s] INFO:colcon.colcon_core.shell:Creating prefix script '/home/ubuntu/Capstone-Autonomous-Driving/ros2_ws/install/local_setup.bash'
[15.474s] INFO:colcon.colcon_core.shell:Creating prefix chain script '/home/ubuntu/Capstone-Autonomous-Driving/ros2_ws/install/setup.bash'
[15.571s] INFO:colcon.colcon_core.shell:Creating prefix script '/home/ubuntu/Capstone-Autonomous-Driving/ros2_ws/install/local_setup.zsh'
[15.573s] INFO:colcon.colcon_core.shell:Creating prefix chain script '/home/ubuntu/Capstone-Autonomous-Driving/ros2_ws/install/setup.zsh'
