[0.227s] Invoking command in '/home/ubuntu/Capstone-Autonomous-Driving/ros2_ws/build/robot_car_pkg': /usr/bin/cmake /home/ubuntu/Capstone-Autonomous-Driving/ros2_ws/src/robot_car_pkg -DCMAKE_INSTALL_PREFIX=/home/ubuntu/Capstone-Autonomous-Driving/ros2_ws/install/robot_car_pkg
[0.241s] -- Found ament_cmake: 1.3.7 (/opt/ros/humble/share/ament_cmake/cmake)
[0.384s] Traceback (most recent call last):
[0.384s]   File "/opt/ros/humble/share/ament_cmake_core/cmake/package_templates/templates_2_cmake.py", line 21, in <module>
[0.384s]     from ament_package.templates import get_environment_hook_template_path
[0.384s] ModuleNotFoundError: No module named 'ament_package'
[0.401s] [31mCMake Error at /opt/ros/humble/share/ament_cmake_core/cmake/ament_cmake_package_templates-extras.cmake:41 (message):
[0.401s]   execute_process(/usr/bin/python3.10
[0.401s]   /opt/ros/humble/share/ament_cmake_core/cmake/package_templates/templates_2_cmake.py
[0.401s]   /home/ubuntu/Capstone-Autonomous-Driving/ros2_ws/build/robot_car_pkg/ament_cmake_package_templates/templates.cmake)
[0.401s]   returned error code 1
[0.402s] Call Stack (most recent call first):
[0.402s]   /opt/ros/humble/share/ament_cmake_core/cmake/ament_cmake_coreConfig.cmake:41 (include)
[0.402s]   /opt/ros/humble/share/ament_cmake/cmake/ament_cmake_export_dependencies-extras.cmake:15 (find_package)
[0.402s]   /opt/ros/humble/share/ament_cmake/cmake/ament_cmakeConfig.cmake:41 (include)
[0.402s]   CMakeLists.txt:9 (find_package)
[0.402s] 
[0.402s] [0m
[0.403s] -- Configuring incomplete, errors occurred!
[0.403s] See also "/home/ubuntu/Capstone-Autonomous-Driving/ros2_ws/build/robot_car_pkg/CMakeFiles/CMakeOutput.log".
[0.407s] Invoked command in '/home/ubuntu/Capstone-Autonomous-Driving/ros2_ws/build/robot_car_pkg' returned '1': /usr/bin/cmake /home/ubuntu/Capstone-Autonomous-Driving/ros2_ws/src/robot_car_pkg -DCMAKE_INSTALL_PREFIX=/home/ubuntu/Capstone-Autonomous-Driving/ros2_ws/install/robot_car_pkg
