[1.084s] DEBUG:colcon:Command line arguments: ['/usr/bin/colcon', 'build', '--symlink-install']
[1.084s] DEBUG:colcon:Parsed command line arguments: Namespace(log_base=None, log_level=None, verb_name='build', build_base='build', install_base='install', merge_install=False, symlink_install=True, test_result_base=None, continue_on_error=False, executor='parallel', parallel_workers=16, event_handlers=None, ignore_user_meta=False, metas=['./colcon.meta'], base_paths=['.'], packages_ignore=None, packages_ignore_regex=None, paths=None, packages_up_to=None, packages_up_to_regex=None, packages_above=None, packages_above_and_dependencies=None, packages_above_depth=None, packages_select_by_dep=None, packages_skip_by_dep=None, packages_skip_up_to=None, packages_select_build_failed=False, packages_skip_build_finished=False, packages_select_test_failures=False, packages_skip_test_passed=False, packages_select=None, packages_skip=None, packages_select_regex=None, packages_skip_regex=None, packages_start=None, packages_end=None, allow_overriding=[], cmake_args=None, cmake_target=None, cmake_target_skip_unavailable=False, cmake_clean_cache=False, cmake_clean_first=False, cmake_force_configure=False, ament_cmake_args=None, catkin_cmake_args=None, catkin_skip_building_tests=False, verb_parser=<colcon_defaults.argument_parser.defaults.DefaultArgumentsDecorator object at 0x7f263b38ae30>, verb_extension=<colcon_core.verb.build.BuildVerb object at 0x7f263b389240>, main=<bound method BuildVerb.main of <colcon_core.verb.build.BuildVerb object at 0x7f263b389240>>)
[1.138s] Level 1:colcon.colcon_core.package_discovery:discover_packages(colcon_meta) check parameters
[1.138s] Level 1:colcon.colcon_core.package_discovery:discover_packages(recursive) check parameters
[1.138s] Level 1:colcon.colcon_core.package_discovery:discover_packages(ignore) check parameters
[1.138s] Level 1:colcon.colcon_core.package_discovery:discover_packages(path) check parameters
[1.138s] Level 1:colcon.colcon_core.package_discovery:discover_packages(colcon_meta) discover
[1.138s] Level 1:colcon.colcon_core.package_discovery:discover_packages(recursive) discover
[1.138s] INFO:colcon.colcon_core.package_discovery:Crawling recursively for packages in '/home/ubuntu/Capstone-Autonomous-Driving/ros2_ws'
[1.138s] Level 1:colcon.colcon_core.package_identification:_identify(.) by extensions ['ignore', 'ignore_ament_install']
[1.139s] Level 1:colcon.colcon_core.package_identification:_identify(.) by extension 'ignore'
[1.139s] Level 1:colcon.colcon_core.package_identification:_identify(.) by extension 'ignore_ament_install'
[1.139s] Level 1:colcon.colcon_core.package_identification:_identify(.) by extensions ['colcon_pkg']
[1.139s] Level 1:colcon.colcon_core.package_identification:_identify(.) by extension 'colcon_pkg'
[1.139s] Level 1:colcon.colcon_core.package_identification:_identify(.) by extensions ['colcon_meta']
[1.139s] Level 1:colcon.colcon_core.package_identification:_identify(.) by extension 'colcon_meta'
[1.139s] Level 1:colcon.colcon_core.package_identification:_identify(.) by extensions ['ros']
[1.139s] Level 1:colcon.colcon_core.package_identification:_identify(.) by extension 'ros'
[1.150s] Level 1:colcon.colcon_core.package_identification:_identify(.) by extensions ['cmake', 'python']
[1.150s] Level 1:colcon.colcon_core.package_identification:_identify(.) by extension 'cmake'
[1.150s] Level 1:colcon.colcon_core.package_identification:_identify(.) by extension 'python'
[1.150s] Level 1:colcon.colcon_core.package_identification:_identify(.) by extensions ['python_setup_py']
[1.150s] Level 1:colcon.colcon_core.package_identification:_identify(.) by extension 'python_setup_py'
[1.150s] Level 1:colcon.colcon_core.package_identification:_identify(build) by extensions ['ignore', 'ignore_ament_install']
[1.151s] Level 1:colcon.colcon_core.package_identification:_identify(build) by extension 'ignore'
[1.151s] Level 1:colcon.colcon_core.package_identification:_identify(build) ignored
[1.151s] Level 1:colcon.colcon_core.package_identification:_identify(install) by extensions ['ignore', 'ignore_ament_install']
[1.151s] Level 1:colcon.colcon_core.package_identification:_identify(install) by extension 'ignore'
[1.151s] Level 1:colcon.colcon_core.package_identification:_identify(install) ignored
[1.151s] Level 1:colcon.colcon_core.package_identification:_identify(log) by extensions ['ignore', 'ignore_ament_install']
[1.151s] Level 1:colcon.colcon_core.package_identification:_identify(log) by extension 'ignore'
[1.151s] Level 1:colcon.colcon_core.package_identification:_identify(log) ignored
[1.151s] Level 1:colcon.colcon_core.package_identification:_identify(src) by extensions ['ignore', 'ignore_ament_install']
[1.151s] Level 1:colcon.colcon_core.package_identification:_identify(src) by extension 'ignore'
[1.151s] Level 1:colcon.colcon_core.package_identification:_identify(src) by extension 'ignore_ament_install'
[1.152s] Level 1:colcon.colcon_core.package_identification:_identify(src) by extensions ['colcon_pkg']
[1.152s] Level 1:colcon.colcon_core.package_identification:_identify(src) by extension 'colcon_pkg'
[1.152s] Level 1:colcon.colcon_core.package_identification:_identify(src) by extensions ['colcon_meta']
[1.152s] Level 1:colcon.colcon_core.package_identification:_identify(src) by extension 'colcon_meta'
[1.152s] Level 1:colcon.colcon_core.package_identification:_identify(src) by extensions ['ros']
[1.152s] Level 1:colcon.colcon_core.package_identification:_identify(src) by extension 'ros'
[1.152s] Level 1:colcon.colcon_core.package_identification:_identify(src) by extensions ['cmake', 'python']
[1.152s] Level 1:colcon.colcon_core.package_identification:_identify(src) by extension 'cmake'
[1.152s] Level 1:colcon.colcon_core.package_identification:_identify(src) by extension 'python'
[1.152s] Level 1:colcon.colcon_core.package_identification:_identify(src) by extensions ['python_setup_py']
[1.152s] Level 1:colcon.colcon_core.package_identification:_identify(src) by extension 'python_setup_py'
[1.152s] Level 1:colcon.colcon_core.package_identification:_identify(src/oak_d_pro) by extensions ['ignore', 'ignore_ament_install']
[1.152s] Level 1:colcon.colcon_core.package_identification:_identify(src/oak_d_pro) by extension 'ignore'
[1.152s] Level 1:colcon.colcon_core.package_identification:_identify(src/oak_d_pro) by extension 'ignore_ament_install'
[1.152s] Level 1:colcon.colcon_core.package_identification:_identify(src/oak_d_pro) by extensions ['colcon_pkg']
[1.152s] Level 1:colcon.colcon_core.package_identification:_identify(src/oak_d_pro) by extension 'colcon_pkg'
[1.152s] Level 1:colcon.colcon_core.package_identification:_identify(src/oak_d_pro) by extensions ['colcon_meta']
[1.152s] Level 1:colcon.colcon_core.package_identification:_identify(src/oak_d_pro) by extension 'colcon_meta'
[1.152s] Level 1:colcon.colcon_core.package_identification:_identify(src/oak_d_pro) by extensions ['ros']
[1.152s] Level 1:colcon.colcon_core.package_identification:_identify(src/oak_d_pro) by extension 'ros'
[1.155s] DEBUG:colcon.colcon_core.package_identification:Package 'src/oak_d_pro' with type 'ros.ament_python' and name 'oak_d_pro'
[1.155s] Level 1:colcon.colcon_core.package_identification:_identify(src/robot_car_pkg) by extensions ['ignore', 'ignore_ament_install']
[1.155s] Level 1:colcon.colcon_core.package_identification:_identify(src/robot_car_pkg) by extension 'ignore'
[1.156s] Level 1:colcon.colcon_core.package_identification:_identify(src/robot_car_pkg) by extension 'ignore_ament_install'
[1.156s] Level 1:colcon.colcon_core.package_identification:_identify(src/robot_car_pkg) by extensions ['colcon_pkg']
[1.156s] Level 1:colcon.colcon_core.package_identification:_identify(src/robot_car_pkg) by extension 'colcon_pkg'
[1.156s] Level 1:colcon.colcon_core.package_identification:_identify(src/robot_car_pkg) by extensions ['colcon_meta']
[1.156s] Level 1:colcon.colcon_core.package_identification:_identify(src/robot_car_pkg) by extension 'colcon_meta'
[1.156s] Level 1:colcon.colcon_core.package_identification:_identify(src/robot_car_pkg) by extensions ['ros']
[1.156s] Level 1:colcon.colcon_core.package_identification:_identify(src/robot_car_pkg) by extension 'ros'
[1.156s] DEBUG:colcon.colcon_core.package_identification:Package 'src/robot_car_pkg' with type 'ros.ament_cmake' and name 'robot_car_pkg'
[1.156s] Level 1:colcon.colcon_core.package_identification:_identify(src/rplidar_ros2) by extensions ['ignore', 'ignore_ament_install']
[1.156s] Level 1:colcon.colcon_core.package_identification:_identify(src/rplidar_ros2) by extension 'ignore'
[1.157s] Level 1:colcon.colcon_core.package_identification:_identify(src/rplidar_ros2) by extension 'ignore_ament_install'
[1.157s] Level 1:colcon.colcon_core.package_identification:_identify(src/rplidar_ros2) by extensions ['colcon_pkg']
[1.157s] Level 1:colcon.colcon_core.package_identification:_identify(src/rplidar_ros2) by extension 'colcon_pkg'
[1.157s] Level 1:colcon.colcon_core.package_identification:_identify(src/rplidar_ros2) by extensions ['colcon_meta']
[1.157s] Level 1:colcon.colcon_core.package_identification:_identify(src/rplidar_ros2) by extension 'colcon_meta'
[1.157s] Level 1:colcon.colcon_core.package_identification:_identify(src/rplidar_ros2) by extensions ['ros']
[1.157s] Level 1:colcon.colcon_core.package_identification:_identify(src/rplidar_ros2) by extension 'ros'
[1.157s] DEBUG:colcon.colcon_core.package_identification:Package 'src/rplidar_ros2' with type 'ros.ament_cmake' and name 'rplidar_ros'
[1.157s] Level 1:colcon.colcon_core.package_discovery:discover_packages(recursive) using defaults
[1.157s] Level 1:colcon.colcon_core.package_discovery:discover_packages(ignore) discover
[1.158s] Level 1:colcon.colcon_core.package_discovery:discover_packages(ignore) using defaults
[1.158s] Level 1:colcon.colcon_core.package_discovery:discover_packages(path) discover
[1.158s] Level 1:colcon.colcon_core.package_discovery:discover_packages(path) using defaults
[1.260s] Level 1:colcon.colcon_core.package_discovery:discover_packages(prefix_path) check parameters
[1.260s] Level 1:colcon.colcon_core.package_discovery:discover_packages(prefix_path) discover
[1.292s] DEBUG:colcon.colcon_installed_package_information.package_discovery:Found 4 installed packages in /home/ubuntu/Capstone-Autonomous-Driving/ros2_ws/install
[1.312s] DEBUG:colcon.colcon_installed_package_information.package_discovery:Found 7 installed packages in /home/ubuntu/dai_ws/install
[1.328s] DEBUG:colcon.colcon_installed_package_information.package_discovery:Found 353 installed packages in /opt/ros/humble
[1.329s] Level 1:colcon.colcon_core.package_discovery:discover_packages(prefix_path) using defaults
[1.436s] Level 5:colcon.colcon_core.verb:set package 'oak_d_pro' build argument 'cmake_args' from command line to 'None'
[1.436s] Level 5:colcon.colcon_core.verb:set package 'oak_d_pro' build argument 'cmake_target' from command line to 'None'
[1.436s] Level 5:colcon.colcon_core.verb:set package 'oak_d_pro' build argument 'cmake_target_skip_unavailable' from command line to 'False'
[1.436s] Level 5:colcon.colcon_core.verb:set package 'oak_d_pro' build argument 'cmake_clean_cache' from command line to 'False'
[1.436s] Level 5:colcon.colcon_core.verb:set package 'oak_d_pro' build argument 'cmake_clean_first' from command line to 'False'
[1.436s] Level 5:colcon.colcon_core.verb:set package 'oak_d_pro' build argument 'cmake_force_configure' from command line to 'False'
[1.436s] Level 5:colcon.colcon_core.verb:set package 'oak_d_pro' build argument 'ament_cmake_args' from command line to 'None'
[1.436s] Level 5:colcon.colcon_core.verb:set package 'oak_d_pro' build argument 'catkin_cmake_args' from command line to 'None'
[1.436s] Level 5:colcon.colcon_core.verb:set package 'oak_d_pro' build argument 'catkin_skip_building_tests' from command line to 'False'
[1.436s] DEBUG:colcon.colcon_core.verb:Building package 'oak_d_pro' with the following arguments: {'ament_cmake_args': None, 'build_base': '/home/ubuntu/Capstone-Autonomous-Driving/ros2_ws/build/oak_d_pro', 'catkin_cmake_args': None, 'catkin_skip_building_tests': False, 'cmake_args': None, 'cmake_clean_cache': False, 'cmake_clean_first': False, 'cmake_force_configure': False, 'cmake_target': None, 'cmake_target_skip_unavailable': False, 'install_base': '/home/ubuntu/Capstone-Autonomous-Driving/ros2_ws/install/oak_d_pro', 'merge_install': False, 'path': '/home/ubuntu/Capstone-Autonomous-Driving/ros2_ws/src/oak_d_pro', 'symlink_install': True, 'test_result_base': None}
[1.451s] Level 5:colcon.colcon_core.verb:set package 'robot_car_pkg' build argument 'cmake_args' from command line to 'None'
[1.451s] Level 5:colcon.colcon_core.verb:set package 'robot_car_pkg' build argument 'cmake_target' from command line to 'None'
[1.451s] Level 5:colcon.colcon_core.verb:set package 'robot_car_pkg' build argument 'cmake_target_skip_unavailable' from command line to 'False'
[1.451s] Level 5:colcon.colcon_core.verb:set package 'robot_car_pkg' build argument 'cmake_clean_cache' from command line to 'False'
[1.451s] Level 5:colcon.colcon_core.verb:set package 'robot_car_pkg' build argument 'cmake_clean_first' from command line to 'False'
[1.451s] Level 5:colcon.colcon_core.verb:set package 'robot_car_pkg' build argument 'cmake_force_configure' from command line to 'False'
[1.451s] Level 5:colcon.colcon_core.verb:set package 'robot_car_pkg' build argument 'ament_cmake_args' from command line to 'None'
[1.451s] Level 5:colcon.colcon_core.verb:set package 'robot_car_pkg' build argument 'catkin_cmake_args' from command line to 'None'
[1.451s] Level 5:colcon.colcon_core.verb:set package 'robot_car_pkg' build argument 'catkin_skip_building_tests' from command line to 'False'
[1.451s] DEBUG:colcon.colcon_core.verb:Building package 'robot_car_pkg' with the following arguments: {'ament_cmake_args': None, 'build_base': '/home/ubuntu/Capstone-Autonomous-Driving/ros2_ws/build/robot_car_pkg', 'catkin_cmake_args': None, 'catkin_skip_building_tests': False, 'cmake_args': None, 'cmake_clean_cache': False, 'cmake_clean_first': False, 'cmake_force_configure': False, 'cmake_target': None, 'cmake_target_skip_unavailable': False, 'install_base': '/home/ubuntu/Capstone-Autonomous-Driving/ros2_ws/install/robot_car_pkg', 'merge_install': False, 'path': '/home/ubuntu/Capstone-Autonomous-Driving/ros2_ws/src/robot_car_pkg', 'symlink_install': True, 'test_result_base': None}
[1.465s] Level 5:colcon.colcon_core.verb:set package 'rplidar_ros' build argument 'cmake_args' from command line to 'None'
[1.465s] Level 5:colcon.colcon_core.verb:set package 'rplidar_ros' build argument 'cmake_target' from command line to 'None'
[1.465s] Level 5:colcon.colcon_core.verb:set package 'rplidar_ros' build argument 'cmake_target_skip_unavailable' from command line to 'False'
[1.465s] Level 5:colcon.colcon_core.verb:set package 'rplidar_ros' build argument 'cmake_clean_cache' from command line to 'False'
[1.465s] Level 5:colcon.colcon_core.verb:set package 'rplidar_ros' build argument 'cmake_clean_first' from command line to 'False'
[1.465s] Level 5:colcon.colcon_core.verb:set package 'rplidar_ros' build argument 'cmake_force_configure' from command line to 'False'
[1.465s] Level 5:colcon.colcon_core.verb:set package 'rplidar_ros' build argument 'ament_cmake_args' from command line to 'None'
[1.465s] Level 5:colcon.colcon_core.verb:set package 'rplidar_ros' build argument 'catkin_cmake_args' from command line to 'None'
[1.465s] Level 5:colcon.colcon_core.verb:set package 'rplidar_ros' build argument 'catkin_skip_building_tests' from command line to 'False'
[1.465s] DEBUG:colcon.colcon_core.verb:Building package 'rplidar_ros' with the following arguments: {'ament_cmake_args': None, 'build_base': '/home/ubuntu/Capstone-Autonomous-Driving/ros2_ws/build/rplidar_ros', 'catkin_cmake_args': None, 'catkin_skip_building_tests': False, 'cmake_args': None, 'cmake_clean_cache': False, 'cmake_clean_first': False, 'cmake_force_configure': False, 'cmake_target': None, 'cmake_target_skip_unavailable': False, 'install_base': '/home/ubuntu/Capstone-Autonomous-Driving/ros2_ws/install/rplidar_ros', 'merge_install': False, 'path': '/home/ubuntu/Capstone-Autonomous-Driving/ros2_ws/src/rplidar_ros2', 'symlink_install': True, 'test_result_base': None}
[1.479s] INFO:colcon.colcon_core.executor:Executing jobs using 'parallel' executor
[1.500s] DEBUG:colcon.colcon_parallel_executor.executor.parallel:run_until_complete
[1.501s] INFO:colcon.colcon_ros.task.ament_python.build:Building ROS package in '/home/ubuntu/Capstone-Autonomous-Driving/ros2_ws/src/oak_d_pro' with build type 'ament_python'
[1.501s] Level 1:colcon.colcon_core.shell:create_environment_hook('oak_d_pro', 'ament_prefix_path')
[1.518s] INFO:colcon.colcon_core.plugin_system:Skipping extension 'colcon_core.shell.bat': Not used on non-Windows systems
[1.518s] INFO:colcon.colcon_core.shell:Creating environment hook '/home/ubuntu/Capstone-Autonomous-Driving/ros2_ws/install/oak_d_pro/share/oak_d_pro/hook/ament_prefix_path.ps1'
[1.519s] INFO:colcon.colcon_core.shell:Creating environment descriptor '/home/ubuntu/Capstone-Autonomous-Driving/ros2_ws/install/oak_d_pro/share/oak_d_pro/hook/ament_prefix_path.dsv'
[1.519s] INFO:colcon.colcon_core.shell:Creating environment hook '/home/ubuntu/Capstone-Autonomous-Driving/ros2_ws/install/oak_d_pro/share/oak_d_pro/hook/ament_prefix_path.sh'
[1.532s] INFO:colcon.colcon_core.shell:Skip shell extension 'powershell' for command environment: Not usable outside of PowerShell
[1.532s] DEBUG:colcon.colcon_core.shell:Skip shell extension 'dsv' for command environment
[1.588s] INFO:colcon.colcon_ros.task.ament_cmake.build:Building ROS package in '/home/ubuntu/Capstone-Autonomous-Driving/ros2_ws/src/robot_car_pkg' with build type 'ament_cmake'
[1.588s] INFO:colcon.colcon_cmake.task.cmake.build:Building CMake package in '/home/ubuntu/Capstone-Autonomous-Driving/ros2_ws/src/robot_car_pkg'
[1.633s] INFO:colcon.colcon_core.shell:Skip shell extension 'powershell' for command environment: Not usable outside of PowerShell
[1.633s] DEBUG:colcon.colcon_core.shell:Skip shell extension 'dsv' for command environment
[1.705s] INFO:colcon.colcon_ros.task.ament_cmake.build:Building ROS package in '/home/ubuntu/Capstone-Autonomous-Driving/ros2_ws/src/rplidar_ros2' with build type 'ament_cmake'
[1.706s] INFO:colcon.colcon_cmake.task.cmake.build:Building CMake package in '/home/ubuntu/Capstone-Autonomous-Driving/ros2_ws/src/rplidar_ros2'
[1.720s] INFO:colcon.colcon_core.shell:Skip shell extension 'powershell' for command environment: Not usable outside of PowerShell
[1.721s] DEBUG:colcon.colcon_core.shell:Skip shell extension 'dsv' for command environment
[2.069s] INFO:colcon.colcon_core.task.python.build:Building Python package in '/home/ubuntu/Capstone-Autonomous-Driving/ros2_ws/src/oak_d_pro'
[2.081s] INFO:colcon.colcon_core.shell:Skip shell extension 'powershell' for command environment: Not usable outside of PowerShell
[2.081s] DEBUG:colcon.colcon_core.shell:Skip shell extension 'dsv' for command environment
[2.142s] DEBUG:colcon.colcon_core.event_handler.log_command:Invoking command in '/home/ubuntu/Capstone-Autonomous-Driving/ros2_ws/build/robot_car_pkg': CMAKE_PREFIX_PATH=${CMAKE_PREFIX_PATH}:/home/ubuntu/Capstone-Autonomous-Driving/ros2_ws/install/oak_d_pro:/home/ubuntu/Capstone-Autonomous-Driving/ros2_ws/install/OAK_D_Pro:/opt/ros/humble /usr/bin/cmake /home/ubuntu/Capstone-Autonomous-Driving/ros2_ws/src/robot_car_pkg -DAMENT_CMAKE_SYMLINK_INSTALL=1 -DCMAKE_INSTALL_PREFIX=/home/ubuntu/Capstone-Autonomous-Driving/ros2_ws/install/robot_car_pkg
[2.145s] DEBUG:colcon.colcon_core.event_handler.log_command:Invoking command in '/home/ubuntu/Capstone-Autonomous-Driving/ros2_ws/build/rplidar_ros': CMAKE_PREFIX_PATH=${CMAKE_PREFIX_PATH}:/home/ubuntu/Capstone-Autonomous-Driving/ros2_ws/install/oak_d_pro:/home/ubuntu/Capstone-Autonomous-Driving/ros2_ws/install/OAK_D_Pro:/opt/ros/humble /usr/bin/cmake /home/ubuntu/Capstone-Autonomous-Driving/ros2_ws/src/rplidar_ros2 -DAMENT_CMAKE_SYMLINK_INSTALL=1 -DCMAKE_INSTALL_PREFIX=/home/ubuntu/Capstone-Autonomous-Driving/ros2_ws/install/rplidar_ros
[2.428s] DEBUG:colcon.colcon_core.event_handler.log_command:Invoked command in '/home/ubuntu/Capstone-Autonomous-Driving/ros2_ws/build/robot_car_pkg' returned '0': CMAKE_PREFIX_PATH=${CMAKE_PREFIX_PATH}:/home/ubuntu/Capstone-Autonomous-Driving/ros2_ws/install/oak_d_pro:/home/ubuntu/Capstone-Autonomous-Driving/ros2_ws/install/OAK_D_Pro:/opt/ros/humble /usr/bin/cmake /home/ubuntu/Capstone-Autonomous-Driving/ros2_ws/src/robot_car_pkg -DAMENT_CMAKE_SYMLINK_INSTALL=1 -DCMAKE_INSTALL_PREFIX=/home/ubuntu/Capstone-Autonomous-Driving/ros2_ws/install/robot_car_pkg
[2.430s] DEBUG:colcon.colcon_core.event_handler.log_command:Invoking command in '/home/ubuntu/Capstone-Autonomous-Driving/ros2_ws/build/robot_car_pkg': CMAKE_PREFIX_PATH=${CMAKE_PREFIX_PATH}:/home/ubuntu/Capstone-Autonomous-Driving/ros2_ws/install/oak_d_pro:/home/ubuntu/Capstone-Autonomous-Driving/ros2_ws/install/OAK_D_Pro:/opt/ros/humble /usr/bin/cmake --build /home/ubuntu/Capstone-Autonomous-Driving/ros2_ws/build/robot_car_pkg -- -j16 -l16
[2.477s] DEBUG:colcon.colcon_core.event_handler.log_command:Invoked command in '/home/ubuntu/Capstone-Autonomous-Driving/ros2_ws/build/robot_car_pkg' returned '0': CMAKE_PREFIX_PATH=${CMAKE_PREFIX_PATH}:/home/ubuntu/Capstone-Autonomous-Driving/ros2_ws/install/oak_d_pro:/home/ubuntu/Capstone-Autonomous-Driving/ros2_ws/install/OAK_D_Pro:/opt/ros/humble /usr/bin/cmake --build /home/ubuntu/Capstone-Autonomous-Driving/ros2_ws/build/robot_car_pkg -- -j16 -l16
[2.529s] DEBUG:colcon.colcon_core.event_handler.log_command:Invoking command in '/home/ubuntu/Capstone-Autonomous-Driving/ros2_ws/build/robot_car_pkg': CMAKE_PREFIX_PATH=${CMAKE_PREFIX_PATH}:/home/ubuntu/Capstone-Autonomous-Driving/ros2_ws/install/oak_d_pro:/home/ubuntu/Capstone-Autonomous-Driving/ros2_ws/install/OAK_D_Pro:/opt/ros/humble /usr/bin/cmake --install /home/ubuntu/Capstone-Autonomous-Driving/ros2_ws/build/robot_car_pkg
[2.559s] Level 1:colcon.colcon_core.environment:create_environment_scripts_only(robot_car_pkg)
[2.560s] DEBUG:colcon.colcon_core.event_handler.log_command:Invoked command in '/home/ubuntu/Capstone-Autonomous-Driving/ros2_ws/build/robot_car_pkg' returned '0': CMAKE_PREFIX_PATH=${CMAKE_PREFIX_PATH}:/home/ubuntu/Capstone-Autonomous-Driving/ros2_ws/install/oak_d_pro:/home/ubuntu/Capstone-Autonomous-Driving/ros2_ws/install/OAK_D_Pro:/opt/ros/humble /usr/bin/cmake --install /home/ubuntu/Capstone-Autonomous-Driving/ros2_ws/build/robot_car_pkg
[2.577s] Level 1:colcon.colcon_core.environment:checking '/home/ubuntu/Capstone-Autonomous-Driving/ros2_ws/install/robot_car_pkg' for CMake module files
[2.578s] Level 1:colcon.colcon_core.environment:checking '/home/ubuntu/Capstone-Autonomous-Driving/ros2_ws/install/robot_car_pkg' for CMake config files
[2.578s] Level 1:colcon.colcon_core.shell:create_environment_hook('robot_car_pkg', 'cmake_prefix_path')
[2.593s] INFO:colcon.colcon_core.shell:Creating environment hook '/home/ubuntu/Capstone-Autonomous-Driving/ros2_ws/install/robot_car_pkg/share/robot_car_pkg/hook/cmake_prefix_path.ps1'
[2.593s] INFO:colcon.colcon_core.shell:Creating environment descriptor '/home/ubuntu/Capstone-Autonomous-Driving/ros2_ws/install/robot_car_pkg/share/robot_car_pkg/hook/cmake_prefix_path.dsv'
[2.593s] INFO:colcon.colcon_core.shell:Creating environment hook '/home/ubuntu/Capstone-Autonomous-Driving/ros2_ws/install/robot_car_pkg/share/robot_car_pkg/hook/cmake_prefix_path.sh'
[2.594s] Level 1:colcon.colcon_core.environment:checking '/home/ubuntu/Capstone-Autonomous-Driving/ros2_ws/install/robot_car_pkg/bin'
[2.594s] Level 1:colcon.colcon_core.environment:checking '/home/ubuntu/Capstone-Autonomous-Driving/ros2_ws/install/robot_car_pkg/lib/pkgconfig/robot_car_pkg.pc'
[2.594s] Level 1:colcon.colcon_core.environment:checking '/home/ubuntu/Capstone-Autonomous-Driving/ros2_ws/install/robot_car_pkg/lib/python3.10/site-packages'
[2.595s] Level 1:colcon.colcon_core.environment:checking '/home/ubuntu/Capstone-Autonomous-Driving/ros2_ws/install/robot_car_pkg/bin'
[2.617s] INFO:colcon.colcon_core.shell:Creating package script '/home/ubuntu/Capstone-Autonomous-Driving/ros2_ws/install/robot_car_pkg/share/robot_car_pkg/package.ps1'
[2.618s] INFO:colcon.colcon_core.shell:Creating package descriptor '/home/ubuntu/Capstone-Autonomous-Driving/ros2_ws/install/robot_car_pkg/share/robot_car_pkg/package.dsv'
[2.618s] INFO:colcon.colcon_core.shell:Creating package script '/home/ubuntu/Capstone-Autonomous-Driving/ros2_ws/install/robot_car_pkg/share/robot_car_pkg/package.sh'
[2.619s] INFO:colcon.colcon_core.shell:Creating package script '/home/ubuntu/Capstone-Autonomous-Driving/ros2_ws/install/robot_car_pkg/share/robot_car_pkg/package.bash'
[2.620s] INFO:colcon.colcon_core.shell:Creating package script '/home/ubuntu/Capstone-Autonomous-Driving/ros2_ws/install/robot_car_pkg/share/robot_car_pkg/package.zsh'
[2.620s] Level 1:colcon.colcon_core.environment:create_file_with_runtime_dependencies(/home/ubuntu/Capstone-Autonomous-Driving/ros2_ws/install/robot_car_pkg/share/colcon-core/packages/robot_car_pkg)
[2.622s] DEBUG:colcon.colcon_core.task.python.build:While undoing a previous installation files outside the Python library path are being ignored: /home/ubuntu/Capstone-Autonomous-Driving/ros2_ws/install/oak_d_pro/share/ament_index/resource_index/packages/oak_d_pro
[2.622s] DEBUG:colcon.colcon_core.task.python.build:While undoing a previous installation files outside the Python library path are being ignored: /home/ubuntu/Capstone-Autonomous-Driving/ros2_ws/install/oak_d_pro/share/oak_d_pro/package.xml
[2.622s] DEBUG:colcon.colcon_core.task.python.build:While undoing a previous installation files outside the Python library path are being ignored: /home/ubuntu/Capstone-Autonomous-Driving/ros2_ws/install/oak_d_pro/lib/oak_d_pro/cam_info_pub
[2.622s] DEBUG:colcon.colcon_core.task.python.build:While undoing a previous installation files outside the Python library path are being ignored: /home/ubuntu/Capstone-Autonomous-Driving/ros2_ws/install/oak_d_pro/lib/oak_d_pro/oak_d_pro
[2.625s] DEBUG:colcon.colcon_core.event_handler.log_command:Invoking command in '/home/ubuntu/Capstone-Autonomous-Driving/ros2_ws/build/oak_d_pro': PYTHONPATH=/home/ubuntu/Capstone-Autonomous-Driving/ros2_ws/build/oak_d_pro/prefix_override:/home/ubuntu/Capstone-Autonomous-Driving/ros2_ws/install/oak_d_pro/lib/python3.10/site-packages:${PYTHONPATH} /usr/bin/python3 setup.py develop --editable --build-directory /home/ubuntu/Capstone-Autonomous-Driving/ros2_ws/build/oak_d_pro/build --no-deps install_data
[2.667s] Level 1:colcon.colcon_core.environment:create_environment_scripts_only(robot_car_pkg)
[2.683s] Level 1:colcon.colcon_core.environment:checking '/home/ubuntu/Capstone-Autonomous-Driving/ros2_ws/install/robot_car_pkg' for CMake module files
[2.683s] Level 1:colcon.colcon_core.environment:checking '/home/ubuntu/Capstone-Autonomous-Driving/ros2_ws/install/robot_car_pkg' for CMake config files
[2.683s] Level 1:colcon.colcon_core.shell:create_environment_hook('robot_car_pkg', 'cmake_prefix_path')
[2.699s] INFO:colcon.colcon_core.shell:Creating environment hook '/home/ubuntu/Capstone-Autonomous-Driving/ros2_ws/install/robot_car_pkg/share/robot_car_pkg/hook/cmake_prefix_path.ps1'
[2.699s] INFO:colcon.colcon_core.shell:Creating environment descriptor '/home/ubuntu/Capstone-Autonomous-Driving/ros2_ws/install/robot_car_pkg/share/robot_car_pkg/hook/cmake_prefix_path.dsv'
[2.699s] INFO:colcon.colcon_core.shell:Creating environment hook '/home/ubuntu/Capstone-Autonomous-Driving/ros2_ws/install/robot_car_pkg/share/robot_car_pkg/hook/cmake_prefix_path.sh'
[2.700s] Level 1:colcon.colcon_core.environment:checking '/home/ubuntu/Capstone-Autonomous-Driving/ros2_ws/install/robot_car_pkg/bin'
[2.700s] Level 1:colcon.colcon_core.environment:checking '/home/ubuntu/Capstone-Autonomous-Driving/ros2_ws/install/robot_car_pkg/lib/pkgconfig/robot_car_pkg.pc'
[2.700s] Level 1:colcon.colcon_core.environment:checking '/home/ubuntu/Capstone-Autonomous-Driving/ros2_ws/install/robot_car_pkg/lib/python3.10/site-packages'
[2.701s] Level 1:colcon.colcon_core.environment:checking '/home/ubuntu/Capstone-Autonomous-Driving/ros2_ws/install/robot_car_pkg/bin'
[2.723s] INFO:colcon.colcon_core.shell:Creating package script '/home/ubuntu/Capstone-Autonomous-Driving/ros2_ws/install/robot_car_pkg/share/robot_car_pkg/package.ps1'
[2.724s] INFO:colcon.colcon_core.shell:Creating package descriptor '/home/ubuntu/Capstone-Autonomous-Driving/ros2_ws/install/robot_car_pkg/share/robot_car_pkg/package.dsv'
[2.724s] INFO:colcon.colcon_core.shell:Creating package script '/home/ubuntu/Capstone-Autonomous-Driving/ros2_ws/install/robot_car_pkg/share/robot_car_pkg/package.sh'
[2.725s] INFO:colcon.colcon_core.shell:Creating package script '/home/ubuntu/Capstone-Autonomous-Driving/ros2_ws/install/robot_car_pkg/share/robot_car_pkg/package.bash'
[2.725s] INFO:colcon.colcon_core.shell:Creating package script '/home/ubuntu/Capstone-Autonomous-Driving/ros2_ws/install/robot_car_pkg/share/robot_car_pkg/package.zsh'
[2.726s] Level 1:colcon.colcon_core.environment:create_file_with_runtime_dependencies(/home/ubuntu/Capstone-Autonomous-Driving/ros2_ws/install/robot_car_pkg/share/colcon-core/packages/robot_car_pkg)
[3.150s] DEBUG:colcon.colcon_core.event_handler.log_command:Invoked command in '/home/ubuntu/Capstone-Autonomous-Driving/ros2_ws/build/rplidar_ros' returned '0': CMAKE_PREFIX_PATH=${CMAKE_PREFIX_PATH}:/home/ubuntu/Capstone-Autonomous-Driving/ros2_ws/install/oak_d_pro:/home/ubuntu/Capstone-Autonomous-Driving/ros2_ws/install/OAK_D_Pro:/opt/ros/humble /usr/bin/cmake /home/ubuntu/Capstone-Autonomous-Driving/ros2_ws/src/rplidar_ros2 -DAMENT_CMAKE_SYMLINK_INSTALL=1 -DCMAKE_INSTALL_PREFIX=/home/ubuntu/Capstone-Autonomous-Driving/ros2_ws/install/rplidar_ros
[3.152s] DEBUG:colcon.colcon_core.event_handler.log_command:Invoking command in '/home/ubuntu/Capstone-Autonomous-Driving/ros2_ws/build/rplidar_ros': CMAKE_PREFIX_PATH=${CMAKE_PREFIX_PATH}:/home/ubuntu/Capstone-Autonomous-Driving/ros2_ws/install/oak_d_pro:/home/ubuntu/Capstone-Autonomous-Driving/ros2_ws/install/OAK_D_Pro:/opt/ros/humble /usr/bin/cmake --build /home/ubuntu/Capstone-Autonomous-Driving/ros2_ws/build/rplidar_ros -- -j16 -l16
[3.182s] Level 1:colcon.colcon_core.shell:create_environment_hook('oak_d_pro', 'pythonpath_develop')
[3.183s] DEBUG:colcon.colcon_core.event_handler.log_command:Invoked command in '/home/ubuntu/Capstone-Autonomous-Driving/ros2_ws/build/oak_d_pro' returned '0': PYTHONPATH=/home/ubuntu/Capstone-Autonomous-Driving/ros2_ws/build/oak_d_pro/prefix_override:/home/ubuntu/Capstone-Autonomous-Driving/ros2_ws/install/oak_d_pro/lib/python3.10/site-packages:${PYTHONPATH} /usr/bin/python3 setup.py develop --editable --build-directory /home/ubuntu/Capstone-Autonomous-Driving/ros2_ws/build/oak_d_pro/build --no-deps install_data
[3.196s] INFO:colcon.colcon_core.shell:Creating environment hook '/home/ubuntu/Capstone-Autonomous-Driving/ros2_ws/build/oak_d_pro/share/oak_d_pro/hook/pythonpath_develop.ps1'
[3.197s] INFO:colcon.colcon_core.shell:Creating environment descriptor '/home/ubuntu/Capstone-Autonomous-Driving/ros2_ws/build/oak_d_pro/share/oak_d_pro/hook/pythonpath_develop.dsv'
[3.197s] INFO:colcon.colcon_core.shell:Creating environment hook '/home/ubuntu/Capstone-Autonomous-Driving/ros2_ws/build/oak_d_pro/share/oak_d_pro/hook/pythonpath_develop.sh'
[3.211s] Level 1:colcon.colcon_core.environment:checking '/home/ubuntu/Capstone-Autonomous-Driving/ros2_ws/install/oak_d_pro' for CMake module files
[3.212s] Level 1:colcon.colcon_core.environment:checking '/home/ubuntu/Capstone-Autonomous-Driving/ros2_ws/install/oak_d_pro' for CMake config files
[3.213s] Level 1:colcon.colcon_core.environment:checking '/home/ubuntu/Capstone-Autonomous-Driving/ros2_ws/install/oak_d_pro/lib'
[3.213s] Level 1:colcon.colcon_core.environment:checking '/home/ubuntu/Capstone-Autonomous-Driving/ros2_ws/install/oak_d_pro/bin'
[3.213s] Level 1:colcon.colcon_core.environment:checking '/home/ubuntu/Capstone-Autonomous-Driving/ros2_ws/install/oak_d_pro/lib/pkgconfig/oak_d_pro.pc'
[3.214s] Level 1:colcon.colcon_core.environment:checking '/home/ubuntu/Capstone-Autonomous-Driving/ros2_ws/install/oak_d_pro/lib/python3.10/site-packages'
[3.214s] Level 1:colcon.colcon_core.shell:create_environment_hook('oak_d_pro', 'pythonpath')
[3.238s] INFO:colcon.colcon_core.shell:Creating environment hook '/home/ubuntu/Capstone-Autonomous-Driving/ros2_ws/install/oak_d_pro/share/oak_d_pro/hook/pythonpath.ps1'
[3.238s] INFO:colcon.colcon_core.shell:Creating environment descriptor '/home/ubuntu/Capstone-Autonomous-Driving/ros2_ws/install/oak_d_pro/share/oak_d_pro/hook/pythonpath.dsv'
[3.239s] INFO:colcon.colcon_core.shell:Creating environment hook '/home/ubuntu/Capstone-Autonomous-Driving/ros2_ws/install/oak_d_pro/share/oak_d_pro/hook/pythonpath.sh'
[3.239s] Level 1:colcon.colcon_core.environment:checking '/home/ubuntu/Capstone-Autonomous-Driving/ros2_ws/install/oak_d_pro/bin'
[3.239s] Level 1:colcon.colcon_core.environment:create_environment_scripts_only(oak_d_pro)
[3.256s] INFO:colcon.colcon_core.shell:Creating package script '/home/ubuntu/Capstone-Autonomous-Driving/ros2_ws/install/oak_d_pro/share/oak_d_pro/package.ps1'
[3.257s] INFO:colcon.colcon_core.shell:Creating package descriptor '/home/ubuntu/Capstone-Autonomous-Driving/ros2_ws/install/oak_d_pro/share/oak_d_pro/package.dsv'
[3.258s] INFO:colcon.colcon_core.shell:Creating package script '/home/ubuntu/Capstone-Autonomous-Driving/ros2_ws/install/oak_d_pro/share/oak_d_pro/package.sh'
[3.259s] INFO:colcon.colcon_core.shell:Creating package script '/home/ubuntu/Capstone-Autonomous-Driving/ros2_ws/install/oak_d_pro/share/oak_d_pro/package.bash'
[3.259s] INFO:colcon.colcon_core.shell:Creating package script '/home/ubuntu/Capstone-Autonomous-Driving/ros2_ws/install/oak_d_pro/share/oak_d_pro/package.zsh'
[3.259s] Level 1:colcon.colcon_core.environment:create_file_with_runtime_dependencies(/home/ubuntu/Capstone-Autonomous-Driving/ros2_ws/install/oak_d_pro/share/colcon-core/packages/oak_d_pro)
[3.300s] DEBUG:colcon.colcon_core.event_handler.log_command:Invoked command in '/home/ubuntu/Capstone-Autonomous-Driving/ros2_ws/build/rplidar_ros' returned '0': CMAKE_PREFIX_PATH=${CMAKE_PREFIX_PATH}:/home/ubuntu/Capstone-Autonomous-Driving/ros2_ws/install/oak_d_pro:/home/ubuntu/Capstone-Autonomous-Driving/ros2_ws/install/OAK_D_Pro:/opt/ros/humble /usr/bin/cmake --build /home/ubuntu/Capstone-Autonomous-Driving/ros2_ws/build/rplidar_ros -- -j16 -l16
[3.357s] DEBUG:colcon.colcon_core.event_handler.log_command:Invoking command in '/home/ubuntu/Capstone-Autonomous-Driving/ros2_ws/build/rplidar_ros': CMAKE_PREFIX_PATH=${CMAKE_PREFIX_PATH}:/home/ubuntu/Capstone-Autonomous-Driving/ros2_ws/install/oak_d_pro:/home/ubuntu/Capstone-Autonomous-Driving/ros2_ws/install/OAK_D_Pro:/opt/ros/humble /usr/bin/cmake --install /home/ubuntu/Capstone-Autonomous-Driving/ros2_ws/build/rplidar_ros
[3.387s] Level 1:colcon.colcon_core.environment:create_environment_scripts_only(rplidar_ros)
[3.388s] DEBUG:colcon.colcon_core.event_handler.log_command:Invoked command in '/home/ubuntu/Capstone-Autonomous-Driving/ros2_ws/build/rplidar_ros' returned '0': CMAKE_PREFIX_PATH=${CMAKE_PREFIX_PATH}:/home/ubuntu/Capstone-Autonomous-Driving/ros2_ws/install/oak_d_pro:/home/ubuntu/Capstone-Autonomous-Driving/ros2_ws/install/OAK_D_Pro:/opt/ros/humble /usr/bin/cmake --install /home/ubuntu/Capstone-Autonomous-Driving/ros2_ws/build/rplidar_ros
[3.402s] Level 1:colcon.colcon_core.environment:checking '/home/ubuntu/Capstone-Autonomous-Driving/ros2_ws/install/rplidar_ros' for CMake module files
[3.403s] Level 1:colcon.colcon_core.environment:checking '/home/ubuntu/Capstone-Autonomous-Driving/ros2_ws/install/rplidar_ros' for CMake config files
[3.403s] Level 1:colcon.colcon_core.shell:create_environment_hook('rplidar_ros', 'cmake_prefix_path')
[3.426s] INFO:colcon.colcon_core.shell:Creating environment hook '/home/ubuntu/Capstone-Autonomous-Driving/ros2_ws/install/rplidar_ros/share/rplidar_ros/hook/cmake_prefix_path.ps1'
[3.427s] INFO:colcon.colcon_core.shell:Creating environment descriptor '/home/ubuntu/Capstone-Autonomous-Driving/ros2_ws/install/rplidar_ros/share/rplidar_ros/hook/cmake_prefix_path.dsv'
[3.427s] INFO:colcon.colcon_core.shell:Creating environment hook '/home/ubuntu/Capstone-Autonomous-Driving/ros2_ws/install/rplidar_ros/share/rplidar_ros/hook/cmake_prefix_path.sh'
[3.428s] Level 1:colcon.colcon_core.environment:checking '/home/ubuntu/Capstone-Autonomous-Driving/ros2_ws/install/rplidar_ros/lib'
[3.428s] Level 1:colcon.colcon_core.shell:create_environment_hook('rplidar_ros', 'ld_library_path_lib')
[3.444s] INFO:colcon.colcon_core.shell:Creating environment hook '/home/ubuntu/Capstone-Autonomous-Driving/ros2_ws/install/rplidar_ros/share/rplidar_ros/hook/ld_library_path_lib.ps1'
[3.444s] INFO:colcon.colcon_core.shell:Creating environment descriptor '/home/ubuntu/Capstone-Autonomous-Driving/ros2_ws/install/rplidar_ros/share/rplidar_ros/hook/ld_library_path_lib.dsv'
[3.445s] INFO:colcon.colcon_core.shell:Creating environment hook '/home/ubuntu/Capstone-Autonomous-Driving/ros2_ws/install/rplidar_ros/share/rplidar_ros/hook/ld_library_path_lib.sh'
[3.445s] Level 1:colcon.colcon_core.environment:checking '/home/ubuntu/Capstone-Autonomous-Driving/ros2_ws/install/rplidar_ros/bin'
[3.445s] Level 1:colcon.colcon_core.environment:checking '/home/ubuntu/Capstone-Autonomous-Driving/ros2_ws/install/rplidar_ros/lib/pkgconfig/rplidar_ros.pc'
[3.445s] Level 1:colcon.colcon_core.environment:checking '/home/ubuntu/Capstone-Autonomous-Driving/ros2_ws/install/rplidar_ros/lib/python3.10/site-packages'
[3.446s] Level 1:colcon.colcon_core.environment:checking '/home/ubuntu/Capstone-Autonomous-Driving/ros2_ws/install/rplidar_ros/bin'
[3.464s] INFO:colcon.colcon_core.shell:Creating package script '/home/ubuntu/Capstone-Autonomous-Driving/ros2_ws/install/rplidar_ros/share/rplidar_ros/package.ps1'
[3.465s] INFO:colcon.colcon_core.shell:Creating package descriptor '/home/ubuntu/Capstone-Autonomous-Driving/ros2_ws/install/rplidar_ros/share/rplidar_ros/package.dsv'
[3.465s] INFO:colcon.colcon_core.shell:Creating package script '/home/ubuntu/Capstone-Autonomous-Driving/ros2_ws/install/rplidar_ros/share/rplidar_ros/package.sh'
[3.465s] INFO:colcon.colcon_core.shell:Creating package script '/home/ubuntu/Capstone-Autonomous-Driving/ros2_ws/install/rplidar_ros/share/rplidar_ros/package.bash'
[3.466s] INFO:colcon.colcon_core.shell:Creating package script '/home/ubuntu/Capstone-Autonomous-Driving/ros2_ws/install/rplidar_ros/share/rplidar_ros/package.zsh'
[3.466s] Level 1:colcon.colcon_core.environment:create_file_with_runtime_dependencies(/home/ubuntu/Capstone-Autonomous-Driving/ros2_ws/install/rplidar_ros/share/colcon-core/packages/rplidar_ros)
[3.543s] Level 1:colcon.colcon_core.environment:create_environment_scripts_only(rplidar_ros)
[3.559s] Level 1:colcon.colcon_core.environment:checking '/home/ubuntu/Capstone-Autonomous-Driving/ros2_ws/install/rplidar_ros' for CMake module files
[3.560s] Level 1:colcon.colcon_core.environment:checking '/home/ubuntu/Capstone-Autonomous-Driving/ros2_ws/install/rplidar_ros' for CMake config files
[3.561s] Level 1:colcon.colcon_core.shell:create_environment_hook('rplidar_ros', 'cmake_prefix_path')
[3.578s] INFO:colcon.colcon_core.shell:Creating environment hook '/home/ubuntu/Capstone-Autonomous-Driving/ros2_ws/install/rplidar_ros/share/rplidar_ros/hook/cmake_prefix_path.ps1'
[3.579s] INFO:colcon.colcon_core.shell:Creating environment descriptor '/home/ubuntu/Capstone-Autonomous-Driving/ros2_ws/install/rplidar_ros/share/rplidar_ros/hook/cmake_prefix_path.dsv'
[3.579s] INFO:colcon.colcon_core.shell:Creating environment hook '/home/ubuntu/Capstone-Autonomous-Driving/ros2_ws/install/rplidar_ros/share/rplidar_ros/hook/cmake_prefix_path.sh'
[3.580s] Level 1:colcon.colcon_core.environment:checking '/home/ubuntu/Capstone-Autonomous-Driving/ros2_ws/install/rplidar_ros/lib'
[3.580s] Level 1:colcon.colcon_core.shell:create_environment_hook('rplidar_ros', 'ld_library_path_lib')
[3.597s] INFO:colcon.colcon_core.shell:Creating environment hook '/home/ubuntu/Capstone-Autonomous-Driving/ros2_ws/install/rplidar_ros/share/rplidar_ros/hook/ld_library_path_lib.ps1'
[3.598s] INFO:colcon.colcon_core.shell:Creating environment descriptor '/home/ubuntu/Capstone-Autonomous-Driving/ros2_ws/install/rplidar_ros/share/rplidar_ros/hook/ld_library_path_lib.dsv'
[3.598s] INFO:colcon.colcon_core.shell:Creating environment hook '/home/ubuntu/Capstone-Autonomous-Driving/ros2_ws/install/rplidar_ros/share/rplidar_ros/hook/ld_library_path_lib.sh'
[3.599s] Level 1:colcon.colcon_core.environment:checking '/home/ubuntu/Capstone-Autonomous-Driving/ros2_ws/install/rplidar_ros/bin'
[3.599s] Level 1:colcon.colcon_core.environment:checking '/home/ubuntu/Capstone-Autonomous-Driving/ros2_ws/install/rplidar_ros/lib/pkgconfig/rplidar_ros.pc'
[3.599s] Level 1:colcon.colcon_core.environment:checking '/home/ubuntu/Capstone-Autonomous-Driving/ros2_ws/install/rplidar_ros/lib/python3.10/site-packages'
[3.599s] Level 1:colcon.colcon_core.environment:checking '/home/ubuntu/Capstone-Autonomous-Driving/ros2_ws/install/rplidar_ros/bin'
[3.619s] INFO:colcon.colcon_core.shell:Creating package script '/home/ubuntu/Capstone-Autonomous-Driving/ros2_ws/install/rplidar_ros/share/rplidar_ros/package.ps1'
[3.622s] INFO:colcon.colcon_core.shell:Creating package descriptor '/home/ubuntu/Capstone-Autonomous-Driving/ros2_ws/install/rplidar_ros/share/rplidar_ros/package.dsv'
[3.624s] INFO:colcon.colcon_core.shell:Creating package script '/home/ubuntu/Capstone-Autonomous-Driving/ros2_ws/install/rplidar_ros/share/rplidar_ros/package.sh'
[3.625s] INFO:colcon.colcon_core.shell:Creating package script '/home/ubuntu/Capstone-Autonomous-Driving/ros2_ws/install/rplidar_ros/share/rplidar_ros/package.bash'
[3.626s] INFO:colcon.colcon_core.shell:Creating package script '/home/ubuntu/Capstone-Autonomous-Driving/ros2_ws/install/rplidar_ros/share/rplidar_ros/package.zsh'
[3.627s] Level 1:colcon.colcon_core.environment:create_file_with_runtime_dependencies(/home/ubuntu/Capstone-Autonomous-Driving/ros2_ws/install/rplidar_ros/share/colcon-core/packages/rplidar_ros)
[3.628s] DEBUG:colcon.colcon_parallel_executor.executor.parallel:closing loop
[3.628s] DEBUG:colcon.colcon_parallel_executor.executor.parallel:loop closed
[3.628s] DEBUG:colcon.colcon_parallel_executor.executor.parallel:run_until_complete finished with '0'
[3.628s] DEBUG:colcon.colcon_core.event_reactor:joining thread
[3.657s] INFO:colcon.colcon_core.plugin_system:Skipping extension 'colcon_notification.desktop_notification.terminal_notifier': Not used on non-Darwin systems
[3.657s] INFO:colcon.colcon_core.plugin_system:Skipping extension 'colcon_notification.desktop_notification.win32': Not used on non-Windows systems
[3.657s] INFO:colcon.colcon_notification.desktop_notification:Sending desktop notification using 'notify2'
[3.674s] DEBUG:colcon.colcon_core.event_reactor:joined thread
[3.696s] INFO:colcon.colcon_core.shell:Creating prefix script '/home/ubuntu/Capstone-Autonomous-Driving/ros2_ws/install/local_setup.ps1'
[3.697s] INFO:colcon.colcon_core.shell:Creating prefix util module '/home/ubuntu/Capstone-Autonomous-Driving/ros2_ws/install/_local_setup_util_ps1.py'
[3.699s] INFO:colcon.colcon_core.shell:Creating prefix chain script '/home/ubuntu/Capstone-Autonomous-Driving/ros2_ws/install/setup.ps1'
[3.718s] INFO:colcon.colcon_core.shell:Creating prefix script '/home/ubuntu/Capstone-Autonomous-Driving/ros2_ws/install/local_setup.sh'
[3.718s] INFO:colcon.colcon_core.shell:Creating prefix util module '/home/ubuntu/Capstone-Autonomous-Driving/ros2_ws/install/_local_setup_util_sh.py'
[3.719s] INFO:colcon.colcon_core.shell:Creating prefix chain script '/home/ubuntu/Capstone-Autonomous-Driving/ros2_ws/install/setup.sh'
[3.742s] INFO:colcon.colcon_core.shell:Creating prefix script '/home/ubuntu/Capstone-Autonomous-Driving/ros2_ws/install/local_setup.bash'
[3.743s] INFO:colcon.colcon_core.shell:Creating prefix chain script '/home/ubuntu/Capstone-Autonomous-Driving/ros2_ws/install/setup.bash'
[3.762s] INFO:colcon.colcon_core.shell:Creating prefix script '/home/ubuntu/Capstone-Autonomous-Driving/ros2_ws/install/local_setup.zsh'
[3.763s] INFO:colcon.colcon_core.shell:Creating prefix chain script '/home/ubuntu/Capstone-Autonomous-Driving/ros2_ws/install/setup.zsh'
