[0.346s] Invoking command in '/home/ubuntu/Capstone-Autonomous-Driving/ros2_ws/build/rplidar_ros': CMAKE_PREFIX_PATH=${CMAKE_PREFIX_PATH}:/home/ubuntu/Capstone-Autonomous-Driving/ros2_ws/install/OAK_D_Pro:/opt/ros/humble /usr/bin/cmake /home/ubuntu/Capstone-Autonomous-Driving/ros2_ws/src/rplidar_ros2 -DAMENT_CMAKE_SYMLINK_INSTALL=1 -DCMAKE_INSTALL_PREFIX=/home/ubuntu/Capstone-Autonomous-Driving/ros2_ws/install/rplidar_ros
[0.357s] -- Found ament_cmake_auto: 1.3.7 (/opt/ros/humble/share/ament_cmake_auto/cmake)
[0.482s] -- Override CMake install command with custom implementation using symlinks instead of copying resources
[0.489s] -- Found ament_cmake_ros: 0.10.0 (/opt/ros/humble/share/ament_cmake_ros/cmake)
[0.581s] -- Found rosidl_generator_c: 3.1.5 (/opt/ros/humble/share/rosidl_generator_c/cmake)
[0.584s] -- Found rosidl_adapter: 3.1.5 (/opt/ros/humble/share/rosidl_adapter/cmake)
[0.589s] -- Found rosidl_generator_cpp: 3.1.5 (/opt/ros/humble/share/rosidl_generator_cpp/cmake)
[0.599s] -- Using all available rosidl_typesupport_c: rosidl_typesupport_fastrtps_c;rosidl_typesupport_introspection_c
[0.612s] -- Using all available rosidl_typesupport_cpp: rosidl_typesupport_fastrtps_cpp;rosidl_typesupport_introspection_cpp
[0.663s] -- Found rmw_implementation_cmake: 6.1.1 (/opt/ros/humble/share/rmw_implementation_cmake/cmake)
[0.664s] -- Found rmw_fastrtps_cpp: 6.2.6 (/opt/ros/humble/share/rmw_fastrtps_cpp/cmake)
[0.795s] -- Using RMW implementation 'rmw_fastrtps_cpp' as default
[1.101s] -- Configuring done
[1.116s] -- Generating done
[1.118s] -- Build files have been written to: /home/ubuntu/Capstone-Autonomous-Driving/ros2_ws/build/rplidar_ros
[1.173s] Invoked command in '/home/ubuntu/Capstone-Autonomous-Driving/ros2_ws/build/rplidar_ros' returned '0': CMAKE_PREFIX_PATH=${CMAKE_PREFIX_PATH}:/home/ubuntu/Capstone-Autonomous-Driving/ros2_ws/install/OAK_D_Pro:/opt/ros/humble /usr/bin/cmake /home/ubuntu/Capstone-Autonomous-Driving/ros2_ws/src/rplidar_ros2 -DAMENT_CMAKE_SYMLINK_INSTALL=1 -DCMAKE_INSTALL_PREFIX=/home/ubuntu/Capstone-Autonomous-Driving/ros2_ws/install/rplidar_ros
[1.174s] Invoking command in '/home/ubuntu/Capstone-Autonomous-Driving/ros2_ws/build/rplidar_ros': CMAKE_PREFIX_PATH=${CMAKE_PREFIX_PATH}:/home/ubuntu/Capstone-Autonomous-Driving/ros2_ws/install/OAK_D_Pro:/opt/ros/humble /usr/bin/cmake --build /home/ubuntu/Capstone-Autonomous-Driving/ros2_ws/build/rplidar_ros -- -j16 -l16
[1.219s] [35m[1mConsolidate compiler generated dependencies of target rplidar_composition_node[0m
[1.247s] [ 77%] Built target rplidar_composition_node
[1.259s] [35m[1mConsolidate compiler generated dependencies of target rplidar_composition[0m
[1.279s] [100%] Built target rplidar_composition
[1.290s] Invoked command in '/home/ubuntu/Capstone-Autonomous-Driving/ros2_ws/build/rplidar_ros' returned '0': CMAKE_PREFIX_PATH=${CMAKE_PREFIX_PATH}:/home/ubuntu/Capstone-Autonomous-Driving/ros2_ws/install/OAK_D_Pro:/opt/ros/humble /usr/bin/cmake --build /home/ubuntu/Capstone-Autonomous-Driving/ros2_ws/build/rplidar_ros -- -j16 -l16
[1.334s] Invoking command in '/home/ubuntu/Capstone-Autonomous-Driving/ros2_ws/build/rplidar_ros': CMAKE_PREFIX_PATH=${CMAKE_PREFIX_PATH}:/home/ubuntu/Capstone-Autonomous-Driving/ros2_ws/install/OAK_D_Pro:/opt/ros/humble /usr/bin/cmake --install /home/ubuntu/Capstone-Autonomous-Driving/ros2_ws/build/rplidar_ros
[1.341s] -- Install configuration: ""
[1.341s] -- Execute custom install script
[1.342s] -- Up-to-date symlink: /home/ubuntu/Capstone-Autonomous-Driving/ros2_ws/install/rplidar_ros/lib/rplidar_ros/rplidar_composition
[1.342s] -- Up-to-date symlink: /home/ubuntu/Capstone-Autonomous-Driving/ros2_ws/install/rplidar_ros/share/rplidar_ros/launch/rplidar.launch.py
[1.342s] -- Up-to-date symlink: /home/ubuntu/Capstone-Autonomous-Driving/ros2_ws/install/rplidar_ros/share/rplidar_ros/launch/rplidar_a3.launch.py
[1.342s] -- Up-to-date symlink: /home/ubuntu/Capstone-Autonomous-Driving/ros2_ws/install/rplidar_ros/share/rplidar_ros/launch/rplidar_s1.launch.py
[1.342s] -- Up-to-date symlink: /home/ubuntu/Capstone-Autonomous-Driving/ros2_ws/install/rplidar_ros/share/rplidar_ros/launch/rplidar_s1_tcp.launch.py
[1.342s] -- Up-to-date symlink: /home/ubuntu/Capstone-Autonomous-Driving/ros2_ws/install/rplidar_ros/share/rplidar_ros/launch/test_rplidar_a3.launch.py
[1.342s] -- Up-to-date symlink: /home/ubuntu/Capstone-Autonomous-Driving/ros2_ws/install/rplidar_ros/share/rplidar_ros/launch/view_rplidar.launch.py
[1.343s] -- Up-to-date symlink: /home/ubuntu/Capstone-Autonomous-Driving/ros2_ws/install/rplidar_ros/share/rplidar_ros/launch/view_rplidar_a3.launch.py
[1.343s] -- Up-to-date symlink: /home/ubuntu/Capstone-Autonomous-Driving/ros2_ws/install/rplidar_ros/share/rplidar_ros/launch/view_rplidar_s1.launch.py
[1.343s] -- Up-to-date symlink: /home/ubuntu/Capstone-Autonomous-Driving/ros2_ws/install/rplidar_ros/share/rplidar_ros/launch/view_rplidar_s1_tcp.launch.py
[1.343s] -- Up-to-date symlink: /home/ubuntu/Capstone-Autonomous-Driving/ros2_ws/install/rplidar_ros/share/rplidar_ros/rviz/rplidar.rviz
[1.343s] -- Up-to-date symlink: /home/ubuntu/Capstone-Autonomous-Driving/ros2_ws/install/rplidar_ros/lib/librplidar_composition_node.so
[1.343s] -- Up-to-date symlink: /home/ubuntu/Capstone-Autonomous-Driving/ros2_ws/install/rplidar_ros/include/rplidar_node.hpp
[1.343s] -- Up-to-date symlink: /home/ubuntu/Capstone-Autonomous-Driving/ros2_ws/install/rplidar_ros/include/visibility.h
[1.344s] -- Up-to-date symlink: /home/ubuntu/Capstone-Autonomous-Driving/ros2_ws/install/rplidar_ros/lib/rplidar_ros/rplidar_composition
[1.344s] -- Up-to-date symlink: /home/ubuntu/Capstone-Autonomous-Driving/ros2_ws/install/rplidar_ros/share/ament_index/resource_index/package_run_dependencies/rplidar_ros
[1.344s] -- Up-to-date symlink: /home/ubuntu/Capstone-Autonomous-Driving/ros2_ws/install/rplidar_ros/share/ament_index/resource_index/parent_prefix_path/rplidar_ros
[1.344s] -- Up-to-date symlink: /home/ubuntu/Capstone-Autonomous-Driving/ros2_ws/install/rplidar_ros/share/rplidar_ros/environment/ament_prefix_path.sh
[1.344s] -- Up-to-date symlink: /home/ubuntu/Capstone-Autonomous-Driving/ros2_ws/install/rplidar_ros/share/rplidar_ros/environment/ament_prefix_path.dsv
[1.344s] -- Up-to-date symlink: /home/ubuntu/Capstone-Autonomous-Driving/ros2_ws/install/rplidar_ros/share/rplidar_ros/environment/path.sh
[1.344s] -- Up-to-date symlink: /home/ubuntu/Capstone-Autonomous-Driving/ros2_ws/install/rplidar_ros/share/rplidar_ros/environment/path.dsv
[1.345s] -- Up-to-date symlink: /home/ubuntu/Capstone-Autonomous-Driving/ros2_ws/install/rplidar_ros/share/rplidar_ros/local_setup.bash
[1.345s] -- Up-to-date symlink: /home/ubuntu/Capstone-Autonomous-Driving/ros2_ws/install/rplidar_ros/share/rplidar_ros/local_setup.sh
[1.345s] -- Up-to-date symlink: /home/ubuntu/Capstone-Autonomous-Driving/ros2_ws/install/rplidar_ros/share/rplidar_ros/local_setup.zsh
[1.345s] -- Up-to-date symlink: /home/ubuntu/Capstone-Autonomous-Driving/ros2_ws/install/rplidar_ros/share/rplidar_ros/local_setup.dsv
[1.345s] -- Symlinking: /home/ubuntu/Capstone-Autonomous-Driving/ros2_ws/install/rplidar_ros/share/rplidar_ros/package.dsv
[1.355s] -- Up-to-date symlink: /home/ubuntu/Capstone-Autonomous-Driving/ros2_ws/install/rplidar_ros/share/ament_index/resource_index/packages/rplidar_ros
[1.355s] -- Up-to-date symlink: /home/ubuntu/Capstone-Autonomous-Driving/ros2_ws/install/rplidar_ros/share/ament_index/resource_index/rclcpp_components/rplidar_ros
[1.355s] -- Up-to-date symlink: /home/ubuntu/Capstone-Autonomous-Driving/ros2_ws/install/rplidar_ros/share/rplidar_ros/cmake/ament_cmake_export_dependencies-extras.cmake
[1.355s] -- Up-to-date symlink: /home/ubuntu/Capstone-Autonomous-Driving/ros2_ws/install/rplidar_ros/share/rplidar_ros/cmake/ament_cmake_export_include_directories-extras.cmake
[1.356s] -- Up-to-date symlink: /home/ubuntu/Capstone-Autonomous-Driving/ros2_ws/install/rplidar_ros/share/rplidar_ros/cmake/rplidar_rosConfig.cmake
[1.356s] -- Up-to-date symlink: /home/ubuntu/Capstone-Autonomous-Driving/ros2_ws/install/rplidar_ros/share/rplidar_ros/cmake/rplidar_rosConfig-version.cmake
[1.356s] -- Up-to-date symlink: /home/ubuntu/Capstone-Autonomous-Driving/ros2_ws/install/rplidar_ros/share/rplidar_ros/package.xml
[1.359s] Invoked command in '/home/ubuntu/Capstone-Autonomous-Driving/ros2_ws/build/rplidar_ros' returned '0': CMAKE_PREFIX_PATH=${CMAKE_PREFIX_PATH}:/home/ubuntu/Capstone-Autonomous-Driving/ros2_ws/install/OAK_D_Pro:/opt/ros/humble /usr/bin/cmake --install /home/ubuntu/Capstone-Autonomous-Driving/ros2_ws/build/rplidar_ros
