[14.919s] Invoking command in '/home/ubuntu/Desktop/Capstone-Autonomous-Driving/ESPCam-Python-ROS_ws/src/cv_basics': PYTHONPATH=/home/ubuntu/Desktop/Capstone-Autonomous-Driving/build/cv_basics/prefix_override:/home/ubuntu/Desktop/Capstone-Autonomous-Driving/install/cv_basics/lib/python3.10/site-packages:${PYTHONPATH} /usr/bin/python3 setup.py egg_info --egg-base ../../../build/cv_basics build --build-base /home/ubuntu/Desktop/Capstone-Autonomous-Driving/build/cv_basics/build install --record /home/ubuntu/Desktop/Capstone-Autonomous-Driving/build/cv_basics/install.log --install-scripts $base/lib/cv_basics --single-version-externally-managed
[19.005s] /usr/local/lib/python3.10/dist-packages/setuptools/dist.py:717: UserWarning: Usage of dash-separated 'script-dir' will not be supported in future versions. Please use the underscore name 'script_dir' instead
[19.009s]   warnings.warn(
[19.499s] running egg_info
[19.524s] creating ../../../build/cv_basics/cv_basics.egg-info
[19.528s] writing ../../../build/cv_basics/cv_basics.egg-info/PKG-INFO
[19.538s] writing dependency_links to ../../../build/cv_basics/cv_basics.egg-info/dependency_links.txt
[19.546s] writing entry points to ../../../build/cv_basics/cv_basics.egg-info/entry_points.txt
[19.553s] writing requirements to ../../../build/cv_basics/cv_basics.egg-info/requires.txt
[19.554s] writing top-level names to ../../../build/cv_basics/cv_basics.egg-info/top_level.txt
[19.561s] writing manifest file '../../../build/cv_basics/cv_basics.egg-info/SOURCES.txt'
[19.605s] reading manifest file '../../../build/cv_basics/cv_basics.egg-info/SOURCES.txt'
[19.617s] writing manifest file '../../../build/cv_basics/cv_basics.egg-info/SOURCES.txt'
[19.621s] running build
[19.623s] running build_py
[19.626s] creating /home/ubuntu/Desktop/Capstone-Autonomous-Driving/build/cv_basics/build
[19.627s] creating /home/ubuntu/Desktop/Capstone-Autonomous-Driving/build/cv_basics/build/lib
[19.628s] creating /home/ubuntu/Desktop/Capstone-Autonomous-Driving/build/cv_basics/build/lib/cv_basics
[19.629s] copying cv_basics/webcam_sub.py -> /home/ubuntu/Desktop/Capstone-Autonomous-Driving/build/cv_basics/build/lib/cv_basics
[19.630s] copying cv_basics/webcam_pub.py -> /home/ubuntu/Desktop/Capstone-Autonomous-Driving/build/cv_basics/build/lib/cv_basics
[19.631s] copying cv_basics/__init__.py -> /home/ubuntu/Desktop/Capstone-Autonomous-Driving/build/cv_basics/build/lib/cv_basics
[19.632s] running install
[19.634s] running install_lib
[19.648s] creating /home/ubuntu/Desktop/Capstone-Autonomous-Driving/install/cv_basics/lib/python3.10/site-packages/cv_basics
[19.649s] copying /home/ubuntu/Desktop/Capstone-Autonomous-Driving/build/cv_basics/build/lib/cv_basics/webcam_sub.py -> /home/ubuntu/Desktop/Capstone-Autonomous-Driving/install/cv_basics/lib/python3.10/site-packages/cv_basics
[19.651s] copying /home/ubuntu/Desktop/Capstone-Autonomous-Driving/build/cv_basics/build/lib/cv_basics/webcam_pub.py -> /home/ubuntu/Desktop/Capstone-Autonomous-Driving/install/cv_basics/lib/python3.10/site-packages/cv_basics
[19.662s] copying /home/ubuntu/Desktop/Capstone-Autonomous-Driving/build/cv_basics/build/lib/cv_basics/__init__.py -> /home/ubuntu/Desktop/Capstone-Autonomous-Driving/install/cv_basics/lib/python3.10/site-packages/cv_basics
[19.663s] byte-compiling /home/ubuntu/Desktop/Capstone-Autonomous-Driving/install/cv_basics/lib/python3.10/site-packages/cv_basics/webcam_sub.py to webcam_sub.cpython-310.pyc
[19.667s] byte-compiling /home/ubuntu/Desktop/Capstone-Autonomous-Driving/install/cv_basics/lib/python3.10/site-packages/cv_basics/webcam_pub.py to webcam_pub.cpython-310.pyc
[19.680s] byte-compiling /home/ubuntu/Desktop/Capstone-Autonomous-Driving/install/cv_basics/lib/python3.10/site-packages/cv_basics/__init__.py to __init__.cpython-310.pyc
[19.683s] running install_data
[19.686s] creating /home/ubuntu/Desktop/Capstone-Autonomous-Driving/install/cv_basics/share/ament_index
[19.691s] creating /home/ubuntu/Desktop/Capstone-Autonomous-Driving/install/cv_basics/share/ament_index/resource_index
[19.695s] creating /home/ubuntu/Desktop/Capstone-Autonomous-Driving/install/cv_basics/share/ament_index/resource_index/packages
[19.713s] copying resource/cv_basics -> /home/ubuntu/Desktop/Capstone-Autonomous-Driving/install/cv_basics/share/ament_index/resource_index/packages
[19.715s] copying package.xml -> /home/ubuntu/Desktop/Capstone-Autonomous-Driving/install/cv_basics/share/cv_basics
[19.722s] running install_egg_info
[19.746s] Copying ../../../build/cv_basics/cv_basics.egg-info to /home/ubuntu/Desktop/Capstone-Autonomous-Driving/install/cv_basics/lib/python3.10/site-packages/cv_basics-0.0.0-py3.10.egg-info
[19.774s] running install_scripts
[20.059s] Installing img_publisher script to /home/ubuntu/Desktop/Capstone-Autonomous-Driving/install/cv_basics/lib/cv_basics
[20.062s] Installing img_subscriber script to /home/ubuntu/Desktop/Capstone-Autonomous-Driving/install/cv_basics/lib/cv_basics
[20.070s] writing list of installed files to '/home/ubuntu/Desktop/Capstone-Autonomous-Driving/build/cv_basics/install.log'
[22.344s] Invoked command in '/home/ubuntu/Desktop/Capstone-Autonomous-Driving/ESPCam-Python-ROS_ws/src/cv_basics' returned '0': PYTHONPATH=/home/ubuntu/Desktop/Capstone-Autonomous-Driving/build/cv_basics/prefix_override:/home/ubuntu/Desktop/Capstone-Autonomous-Driving/install/cv_basics/lib/python3.10/site-packages:${PYTHONPATH} /usr/bin/python3 setup.py egg_info --egg-base ../../../build/cv_basics build --build-base /home/ubuntu/Desktop/Capstone-Autonomous-Driving/build/cv_basics/build install --record /home/ubuntu/Desktop/Capstone-Autonomous-Driving/build/cv_basics/install.log --install-scripts $base/lib/cv_basics --single-version-externally-managed
