running egg_info
creating ../../build/ESPCam-ROS2/ESPCam_ROS2.egg-info
writing ../../build/ESPCam-ROS2/ESPCam_ROS2.egg-info/PKG-INFO
writing dependency_links to ../../build/ESPCam-ROS2/ESPCam_ROS2.egg-info/dependency_links.txt
writing entry points to ../../build/ESPCam-ROS2/ESPCam_ROS2.egg-info/entry_points.txt
writing requirements to ../../build/ESPCam-ROS2/ESPCam_ROS2.egg-info/requires.txt
writing top-level names to ../../build/ESPCam-ROS2/ESPCam_ROS2.egg-info/top_level.txt
writing manifest file '../../build/ESPCam-ROS2/ESPCam_ROS2.egg-info/SOURCES.txt'
reading manifest file '../../build/ESPCam-ROS2/ESPCam_ROS2.egg-info/SOURCES.txt'
writing manifest file '../../build/ESPCam-ROS2/ESPCam_ROS2.egg-info/SOURCES.txt'
running build
running build_py
creating /mnt/c/Users/deves/Desktop/Desktop All/Projects/Capstone/Capstone-Autonomous-Driving/ESPCam-Python-ROS_ws/build/ESPCam-ROS2/build
creating /mnt/c/Users/deves/Desktop/Desktop All/Projects/Capstone/Capstone-Autonomous-Driving/ESPCam-Python-ROS_ws/build/ESPCam-ROS2/build/lib
creating /mnt/c/Users/deves/Desktop/Desktop All/Projects/Capstone/Capstone-Autonomous-Driving/ESPCam-Python-ROS_ws/build/ESPCam-ROS2/build/lib/ESPCam-ROS2
copying ESPCam-ROS2/__init__.py -> /mnt/c/Users/deves/Desktop/Desktop All/Projects/Capstone/Capstone-Autonomous-Driving/ESPCam-Python-ROS_ws/build/ESPCam-ROS2/build/lib/ESPCam-ROS2
running install
running install_lib
creating /mnt/c/Users/deves/Desktop/Desktop All/Projects/Capstone/Capstone-Autonomous-Driving/ESPCam-Python-ROS_ws/install/ESPCam-ROS2/lib/python3.8/site-packages/ESPCam-ROS2
copying /mnt/c/Users/deves/Desktop/Desktop All/Projects/Capstone/Capstone-Autonomous-Driving/ESPCam-Python-ROS_ws/build/ESPCam-ROS2/build/lib/ESPCam-ROS2/__init__.py -> /mnt/c/Users/deves/Desktop/Desktop All/Projects/Capstone/Capstone-Autonomous-Driving/ESPCam-Python-ROS_ws/install/ESPCam-ROS2/lib/python3.8/site-packages/ESPCam-ROS2
byte-compiling /mnt/c/Users/deves/Desktop/Desktop All/Projects/Capstone/Capstone-Autonomous-Driving/ESPCam-Python-ROS_ws/install/ESPCam-ROS2/lib/python3.8/site-packages/ESPCam-ROS2/__init__.py to __init__.cpython-38.pyc
running install_data
creating /mnt/c/Users/deves/Desktop/Desktop All/Projects/Capstone/Capstone-Autonomous-Driving/ESPCam-Python-ROS_ws/install/ESPCam-ROS2/share/ament_index
creating /mnt/c/Users/deves/Desktop/Desktop All/Projects/Capstone/Capstone-Autonomous-Driving/ESPCam-Python-ROS_ws/install/ESPCam-ROS2/share/ament_index/resource_index
creating /mnt/c/Users/deves/Desktop/Desktop All/Projects/Capstone/Capstone-Autonomous-Driving/ESPCam-Python-ROS_ws/install/ESPCam-ROS2/share/ament_index/resource_index/packages
copying resource/ESPCam-ROS2 -> /mnt/c/Users/deves/Desktop/Desktop All/Projects/Capstone/Capstone-Autonomous-Driving/ESPCam-Python-ROS_ws/install/ESPCam-ROS2/share/ament_index/resource_index/packages
copying package.xml -> /mnt/c/Users/deves/Desktop/Desktop All/Projects/Capstone/Capstone-Autonomous-Driving/ESPCam-Python-ROS_ws/install/ESPCam-ROS2/share/ESPCam-ROS2
running install_egg_info
Copying ../../build/ESPCam-ROS2/ESPCam_ROS2.egg-info to /mnt/c/Users/deves/Desktop/Desktop All/Projects/Capstone/Capstone-Autonomous-Driving/ESPCam-Python-ROS_ws/install/ESPCam-ROS2/lib/python3.8/site-packages/ESPCam_ROS2-0.0.0-py3.8.egg-info
running install_scripts
writing list of installed files to '/mnt/c/Users/deves/Desktop/Desktop All/Projects/Capstone/Capstone-Autonomous-Driving/ESPCam-Python-ROS_ws/build/ESPCam-ROS2/install.log'
