[3.026s] Invoking command in '/home/ubuntu/Desktop/Capstone-Autonomous-Driving/ros2_ws/build/robot_car_pkg': CMAKE_PREFIX_PATH=${CMAKE_PREFIX_PATH}:/home/ubuntu/Desktop/Capstone-Autonomous-Driving/ros2_ws/install/OAK_D_Pro:/opt/ros/humble /usr/bin/cmake --build /home/ubuntu/Desktop/Capstone-Autonomous-Driving/ros2_ws/build/robot_car_pkg -- -j4 -l4
[3.236s] Invoked command in '/home/ubuntu/Desktop/Capstone-Autonomous-Driving/ros2_ws/build/robot_car_pkg' returned '0': CMAKE_PREFIX_PATH=${CMAKE_PREFIX_PATH}:/home/ubuntu/Desktop/Capstone-Autonomous-Driving/ros2_ws/install/OAK_D_Pro:/opt/ros/humble /usr/bin/cmake --build /home/ubuntu/Desktop/Capstone-Autonomous-Driving/ros2_ws/build/robot_car_pkg -- -j4 -l4
[3.419s] Invoking command in '/home/ubuntu/Desktop/Capstone-Autonomous-Driving/ros2_ws/build/robot_car_pkg': CMAKE_PREFIX_PATH=${CMAKE_PREFIX_PATH}:/home/ubuntu/Desktop/Capstone-Autonomous-Driving/ros2_ws/install/OAK_D_Pro:/opt/ros/humble /usr/bin/cmake --install /home/ubuntu/Desktop/Capstone-Autonomous-Driving/ros2_ws/build/robot_car_pkg
[3.464s] -- Install configuration: ""
[3.465s] -- Up-to-date: /home/ubuntu/Desktop/Capstone-Autonomous-Driving/ros2_ws/install/robot_car_pkg/share/robot_car_pkg/config
[3.466s] -- Up-to-date: /home/ubuntu/Desktop/Capstone-Autonomous-Driving/ros2_ws/install/robot_car_pkg/share/robot_car_pkg/config/view_rviz.rviz
[3.466s] -- Up-to-date: /home/ubuntu/Desktop/Capstone-Autonomous-Driving/ros2_ws/install/robot_car_pkg/share/robot_car_pkg/description
[3.467s] -- Up-to-date: /home/ubuntu/Desktop/Capstone-Autonomous-Driving/ros2_ws/install/robot_car_pkg/share/robot_car_pkg/description/inertial_macros.xacro
[3.468s] -- Up-to-date: /home/ubuntu/Desktop/Capstone-Autonomous-Driving/ros2_ws/install/robot_car_pkg/share/robot_car_pkg/description/robot.urdf.xacro
[3.469s] -- Up-to-date: /home/ubuntu/Desktop/Capstone-Autonomous-Driving/ros2_ws/install/robot_car_pkg/share/robot_car_pkg/description/robot_core.xacro
[3.470s] -- Up-to-date: /home/ubuntu/Desktop/Capstone-Autonomous-Driving/ros2_ws/install/robot_car_pkg/share/robot_car_pkg/launch
[3.471s] -- Up-to-date: /home/ubuntu/Desktop/Capstone-Autonomous-Driving/ros2_ws/install/robot_car_pkg/share/robot_car_pkg/launch/rsp.launch.py
[3.471s] -- Up-to-date: /home/ubuntu/Desktop/Capstone-Autonomous-Driving/ros2_ws/install/robot_car_pkg/share/robot_car_pkg/launch/launch_sim.launch.py
[3.472s] -- Up-to-date: /home/ubuntu/Desktop/Capstone-Autonomous-Driving/ros2_ws/install/robot_car_pkg/share/ament_index/resource_index/package_run_dependencies/robot_car_pkg
[3.473s] -- Up-to-date: /home/ubuntu/Desktop/Capstone-Autonomous-Driving/ros2_ws/install/robot_car_pkg/share/ament_index/resource_index/parent_prefix_path/robot_car_pkg
[3.473s] -- Up-to-date: /home/ubuntu/Desktop/Capstone-Autonomous-Driving/ros2_ws/install/robot_car_pkg/share/robot_car_pkg/environment/ament_prefix_path.sh
[3.474s] -- Up-to-date: /home/ubuntu/Desktop/Capstone-Autonomous-Driving/ros2_ws/install/robot_car_pkg/share/robot_car_pkg/environment/ament_prefix_path.dsv
[3.475s] -- Up-to-date: /home/ubuntu/Desktop/Capstone-Autonomous-Driving/ros2_ws/install/robot_car_pkg/share/robot_car_pkg/environment/path.sh
[3.476s] -- Up-to-date: /home/ubuntu/Desktop/Capstone-Autonomous-Driving/ros2_ws/install/robot_car_pkg/share/robot_car_pkg/environment/path.dsv
[3.476s] -- Up-to-date: /home/ubuntu/Desktop/Capstone-Autonomous-Driving/ros2_ws/install/robot_car_pkg/share/robot_car_pkg/local_setup.bash
[3.479s] -- Up-to-date: /home/ubuntu/Desktop/Capstone-Autonomous-Driving/ros2_ws/install/robot_car_pkg/share/robot_car_pkg/local_setup.sh
[3.501s] -- Up-to-date: /home/ubuntu/Desktop/Capstone-Autonomous-Driving/ros2_ws/install/robot_car_pkg/share/robot_car_pkg/local_setup.zsh
[3.503s] -- Up-to-date: /home/ubuntu/Desktop/Capstone-Autonomous-Driving/ros2_ws/install/robot_car_pkg/share/robot_car_pkg/local_setup.dsv
[3.503s] -- Installing: /home/ubuntu/Desktop/Capstone-Autonomous-Driving/ros2_ws/install/robot_car_pkg/share/robot_car_pkg/package.dsv
[3.504s] -- Up-to-date: /home/ubuntu/Desktop/Capstone-Autonomous-Driving/ros2_ws/install/robot_car_pkg/share/ament_index/resource_index/packages/robot_car_pkg
[3.505s] -- Up-to-date: /home/ubuntu/Desktop/Capstone-Autonomous-Driving/ros2_ws/install/robot_car_pkg/share/robot_car_pkg/cmake/robot_car_pkgConfig.cmake
[3.506s] -- Up-to-date: /home/ubuntu/Desktop/Capstone-Autonomous-Driving/ros2_ws/install/robot_car_pkg/share/robot_car_pkg/cmake/robot_car_pkgConfig-version.cmake
[3.506s] -- Up-to-date: /home/ubuntu/Desktop/Capstone-Autonomous-Driving/ros2_ws/install/robot_car_pkg/share/robot_car_pkg/package.xml
[3.507s] Invoked command in '/home/ubuntu/Desktop/Capstone-Autonomous-Driving/ros2_ws/build/robot_car_pkg' returned '0': CMAKE_PREFIX_PATH=${CMAKE_PREFIX_PATH}:/home/ubuntu/Desktop/Capstone-Autonomous-Driving/ros2_ws/install/OAK_D_Pro:/opt/ros/humble /usr/bin/cmake --install /home/ubuntu/Desktop/Capstone-Autonomous-Driving/ros2_ws/build/robot_car_pkg
