[1.575s] Invoking command in '/home/ubuntu/Desktop/Capstone-Autonomous-Driving/ros2_ws/src/ESPCam-ROS2': PYTHONPATH=/home/ubuntu/Desktop/Capstone-Autonomous-Driving/ros2_ws/build/ESPCam-ROS2/prefix_override:/home/ubuntu/Desktop/Capstone-Autonomous-Driving/ros2_ws/install/ESPCam-ROS2/lib/python3.10/site-packages:${PYTHONPATH} /usr/bin/python3 setup.py egg_info --egg-base ../../build/ESPCam-ROS2 build --build-base /home/ubuntu/Desktop/Capstone-Autonomous-Driving/ros2_ws/build/ESPCam-ROS2/build install --record /home/ubuntu/Desktop/Capstone-Autonomous-Driving/ros2_ws/build/ESPCam-ROS2/install.log --install-scripts $base/lib/ESPCam-ROS2 --single-version-externally-managed
[1.806s] /home/ubuntu/.local/lib/python3.10/site-packages/setuptools/dist.py:717: UserWarning: Usage of dash-separated 'script-dir' will not be supported in future versions. Please use the underscore name 'script_dir' instead
[1.806s]   warnings.warn(
[1.829s] running egg_info
[1.829s] creating ../../build/ESPCam-ROS2/ESPCam_ROS2.egg-info
[1.836s] writing manifest file '../../build/ESPCam-ROS2/ESPCam_ROS2.egg-info/SOURCES.txt'
[1.836s] writing manifest file '../../build/ESPCam-ROS2/ESPCam_ROS2.egg-info/SOURCES.txt'
[1.836s] running build
[1.837s] running build_py
[1.837s] creating /home/ubuntu/Desktop/Capstone-Autonomous-Driving/ros2_ws/build/ESPCam-ROS2/build
[1.837s] creating /home/ubuntu/Desktop/Capstone-Autonomous-Driving/ros2_ws/build/ESPCam-ROS2/build/lib
[1.837s] creating /home/ubuntu/Desktop/Capstone-Autonomous-Driving/ros2_ws/build/ESPCam-ROS2/build/lib/ESPCam-ROS2
[1.837s] copying ESPCam-ROS2/cam_pub.py -> /home/ubuntu/Desktop/Capstone-Autonomous-Driving/ros2_ws/build/ESPCam-ROS2/build/lib/ESPCam-ROS2
[1.837s] copying ESPCam-ROS2/__init__.py -> /home/ubuntu/Desktop/Capstone-Autonomous-Driving/ros2_ws/build/ESPCam-ROS2/build/lib/ESPCam-ROS2
[1.838s] running install
[1.839s] running install_lib
[1.847s] creating /home/ubuntu/Desktop/Capstone-Autonomous-Driving/ros2_ws/install/ESPCam-ROS2/lib/python3.10/site-packages/ESPCam-ROS2
[1.847s] byte-compiling /home/ubuntu/Desktop/Capstone-Autonomous-Driving/ros2_ws/install/ESPCam-ROS2/lib/python3.10/site-packages/ESPCam-ROS2/cam_pub.py to cam_pub.cpython-310.pyc
[1.847s] byte-compiling /home/ubuntu/Desktop/Capstone-Autonomous-Driving/ros2_ws/install/ESPCam-ROS2/lib/python3.10/site-packages/ESPCam-ROS2/__init__.py to __init__.cpython-310.pyc
[1.847s] running install_data
[1.848s] creating /home/ubuntu/Desktop/Capstone-Autonomous-Driving/ros2_ws/install/ESPCam-ROS2/share/ament_index
[1.848s] creating /home/ubuntu/Desktop/Capstone-Autonomous-Driving/ros2_ws/install/ESPCam-ROS2/share/ament_index/resource_index
[1.848s] creating /home/ubuntu/Desktop/Capstone-Autonomous-Driving/ros2_ws/install/ESPCam-ROS2/share/ament_index/resource_index/packages
[1.848s] copying resource/ESPCam-ROS2 -> /home/ubuntu/Desktop/Capstone-Autonomous-Driving/ros2_ws/install/ESPCam-ROS2/share/ament_index/resource_index/packages
[1.848s] copying package.xml -> /home/ubuntu/Desktop/Capstone-Autonomous-Driving/ros2_ws/install/ESPCam-ROS2/share/ESPCam-ROS2
[1.848s] running install_egg_info
[1.860s] Copying ../../build/ESPCam-ROS2/ESPCam_ROS2.egg-info to /home/ubuntu/Desktop/Capstone-Autonomous-Driving/ros2_ws/install/ESPCam-ROS2/lib/python3.10/site-packages/ESPCam_ROS2-0.0.0-py3.10.egg-info
[1.861s] running install_scripts
[1.870s] writing list of installed files to '/home/ubuntu/Desktop/Capstone-Autonomous-Driving/ros2_ws/build/ESPCam-ROS2/install.log'
[1.941s] Invoked command in '/home/ubuntu/Desktop/Capstone-Autonomous-Driving/ros2_ws/src/ESPCam-ROS2' returned '0': PYTHONPATH=/home/ubuntu/Desktop/Capstone-Autonomous-Driving/ros2_ws/build/ESPCam-ROS2/prefix_override:/home/ubuntu/Desktop/Capstone-Autonomous-Driving/ros2_ws/install/ESPCam-ROS2/lib/python3.10/site-packages:${PYTHONPATH} /usr/bin/python3 setup.py egg_info --egg-base ../../build/ESPCam-ROS2 build --build-base /home/ubuntu/Desktop/Capstone-Autonomous-Driving/ros2_ws/build/ESPCam-ROS2/build install --record /home/ubuntu/Desktop/Capstone-Autonomous-Driving/ros2_ws/build/ESPCam-ROS2/install.log --install-scripts $base/lib/ESPCam-ROS2 --single-version-externally-managed
