running egg_info
writing ../../build/oak_d_pro/oak_d_pro.egg-info/PKG-INFO
writing dependency_links to ../../build/oak_d_pro/oak_d_pro.egg-info/dependency_links.txt
writing entry points to ../../build/oak_d_pro/oak_d_pro.egg-info/entry_points.txt
writing requirements to ../../build/oak_d_pro/oak_d_pro.egg-info/requires.txt
writing top-level names to ../../build/oak_d_pro/oak_d_pro.egg-info/top_level.txt
reading manifest file '../../build/oak_d_pro/oak_d_pro.egg-info/SOURCES.txt'
writing manifest file '../../build/oak_d_pro/oak_d_pro.egg-info/SOURCES.txt'
running build
running build_py
running install
running install_lib
running install_data
running install_egg_info
removing '/home/ubuntu/Capstone-Autonomous-Driving/ros2_ws/install/oak_d_pro/lib/python3.10/site-packages/oak_d_pro-0.0.0-py3.10.egg-info' (and everything under it)
Copying ../../build/oak_d_pro/oak_d_pro.egg-info to /home/ubuntu/Capstone-Autonomous-Driving/ros2_ws/install/oak_d_pro/lib/python3.10/site-packages/oak_d_pro-0.0.0-py3.10.egg-info
running install_scripts
Installing cam_info_pub script to /home/ubuntu/Capstone-Autonomous-Driving/ros2_ws/install/oak_d_pro/lib/oak_d_pro
Installing oak_d_pro script to /home/ubuntu/Capstone-Autonomous-Driving/ros2_ws/install/oak_d_pro/lib/oak_d_pro
writing list of installed files to '/home/ubuntu/Capstone-Autonomous-Driving/ros2_ws/build/oak_d_pro/install.log'
