[0.340s] Invoking command in '/home/ubuntu/Capstone-Autonomous-Driving/ros2_ws/build/rplidar_ros': CMAKE_PREFIX_PATH=${CMAKE_PREFIX_PATH}:/home/ubuntu/Capstone-Autonomous-Driving/ros2_ws/install/OAK_D_Pro:/opt/ros/humble /usr/bin/cmake --build /home/ubuntu/Capstone-Autonomous-Driving/ros2_ws/build/rplidar_ros -- -j16 -l16
[0.437s] [ 77%] Built target rplidar_composition_node
[0.467s] [100%] Built target rplidar_composition
[0.531s] Invoked command in '/home/ubuntu/Capstone-Autonomous-Driving/ros2_ws/build/rplidar_ros' returned '0': CMAKE_PREFIX_PATH=${CMAKE_PREFIX_PATH}:/home/ubuntu/Capstone-Autonomous-Driving/ros2_ws/install/OAK_D_Pro:/opt/ros/humble /usr/bin/cmake --build /home/ubuntu/Capstone-Autonomous-Driving/ros2_ws/build/rplidar_ros -- -j16 -l16
[0.616s] Invoking command in '/home/ubuntu/Capstone-Autonomous-Driving/ros2_ws/build/rplidar_ros': CMAKE_PREFIX_PATH=${CMAKE_PREFIX_PATH}:/home/ubuntu/Capstone-Autonomous-Driving/ros2_ws/install/OAK_D_Pro:/opt/ros/humble /usr/bin/cmake --install /home/ubuntu/Capstone-Autonomous-Driving/ros2_ws/build/rplidar_ros
[0.626s] -- Install configuration: ""
[0.626s] -- Execute custom install script
[0.627s] -- Up-to-date symlink: /home/ubuntu/Capstone-Autonomous-Driving/ros2_ws/install/rplidar_ros/lib/rplidar_ros/rplidar_composition
[0.627s] -- Up-to-date symlink: /home/ubuntu/Capstone-Autonomous-Driving/ros2_ws/install/rplidar_ros/share/rplidar_ros/launch/rplidar.launch.py
[0.628s] -- Up-to-date symlink: /home/ubuntu/Capstone-Autonomous-Driving/ros2_ws/install/rplidar_ros/share/rplidar_ros/launch/rplidar_a3.launch.py
[0.628s] -- Up-to-date symlink: /home/ubuntu/Capstone-Autonomous-Driving/ros2_ws/install/rplidar_ros/share/rplidar_ros/launch/rplidar_s1.launch.py
[0.628s] -- Up-to-date symlink: /home/ubuntu/Capstone-Autonomous-Driving/ros2_ws/install/rplidar_ros/share/rplidar_ros/launch/rplidar_s1_tcp.launch.py
[0.628s] -- Up-to-date symlink: /home/ubuntu/Capstone-Autonomous-Driving/ros2_ws/install/rplidar_ros/share/rplidar_ros/launch/test_rplidar_a3.launch.py
[0.628s] -- Up-to-date symlink: /home/ubuntu/Capstone-Autonomous-Driving/ros2_ws/install/rplidar_ros/share/rplidar_ros/launch/view_rplidar.launch.py
[0.628s] -- Up-to-date symlink: /home/ubuntu/Capstone-Autonomous-Driving/ros2_ws/install/rplidar_ros/share/rplidar_ros/launch/view_rplidar_a3.launch.py
[0.628s] -- Up-to-date symlink: /home/ubuntu/Capstone-Autonomous-Driving/ros2_ws/install/rplidar_ros/share/rplidar_ros/launch/view_rplidar_s1.launch.py
[0.629s] -- Up-to-date symlink: /home/ubuntu/Capstone-Autonomous-Driving/ros2_ws/install/rplidar_ros/share/rplidar_ros/launch/view_rplidar_s1_tcp.launch.py
[0.629s] -- Up-to-date symlink: /home/ubuntu/Capstone-Autonomous-Driving/ros2_ws/install/rplidar_ros/share/rplidar_ros/rviz/rplidar.rviz
[0.629s] -- Up-to-date symlink: /home/ubuntu/Capstone-Autonomous-Driving/ros2_ws/install/rplidar_ros/lib/librplidar_composition_node.so
[0.630s] -- Up-to-date symlink: /home/ubuntu/Capstone-Autonomous-Driving/ros2_ws/install/rplidar_ros/include/rplidar_node.hpp
[0.630s] -- Up-to-date symlink: /home/ubuntu/Capstone-Autonomous-Driving/ros2_ws/install/rplidar_ros/include/visibility.h
[0.630s] -- Up-to-date symlink: /home/ubuntu/Capstone-Autonomous-Driving/ros2_ws/install/rplidar_ros/lib/rplidar_ros/rplidar_composition
[0.630s] -- Up-to-date symlink: /home/ubuntu/Capstone-Autonomous-Driving/ros2_ws/install/rplidar_ros/share/ament_index/resource_index/package_run_dependencies/rplidar_ros
[0.631s] -- Up-to-date symlink: /home/ubuntu/Capstone-Autonomous-Driving/ros2_ws/install/rplidar_ros/share/ament_index/resource_index/parent_prefix_path/rplidar_ros
[0.631s] -- Up-to-date symlink: /home/ubuntu/Capstone-Autonomous-Driving/ros2_ws/install/rplidar_ros/share/rplidar_ros/environment/ament_prefix_path.sh
[0.631s] -- Up-to-date symlink: /home/ubuntu/Capstone-Autonomous-Driving/ros2_ws/install/rplidar_ros/share/rplidar_ros/environment/ament_prefix_path.dsv
[0.631s] -- Up-to-date symlink: /home/ubuntu/Capstone-Autonomous-Driving/ros2_ws/install/rplidar_ros/share/rplidar_ros/environment/path.sh
[0.632s] -- Up-to-date symlink: /home/ubuntu/Capstone-Autonomous-Driving/ros2_ws/install/rplidar_ros/share/rplidar_ros/environment/path.dsv
[0.632s] -- Up-to-date symlink: /home/ubuntu/Capstone-Autonomous-Driving/ros2_ws/install/rplidar_ros/share/rplidar_ros/local_setup.bash
[0.632s] -- Up-to-date symlink: /home/ubuntu/Capstone-Autonomous-Driving/ros2_ws/install/rplidar_ros/share/rplidar_ros/local_setup.sh
[0.632s] -- Up-to-date symlink: /home/ubuntu/Capstone-Autonomous-Driving/ros2_ws/install/rplidar_ros/share/rplidar_ros/local_setup.zsh
[0.632s] -- Up-to-date symlink: /home/ubuntu/Capstone-Autonomous-Driving/ros2_ws/install/rplidar_ros/share/rplidar_ros/local_setup.dsv
[0.633s] -- Symlinking: /home/ubuntu/Capstone-Autonomous-Driving/ros2_ws/install/rplidar_ros/share/rplidar_ros/package.dsv
[0.644s] -- Up-to-date symlink: /home/ubuntu/Capstone-Autonomous-Driving/ros2_ws/install/rplidar_ros/share/ament_index/resource_index/packages/rplidar_ros
[0.644s] -- Up-to-date symlink: /home/ubuntu/Capstone-Autonomous-Driving/ros2_ws/install/rplidar_ros/share/ament_index/resource_index/rclcpp_components/rplidar_ros
[0.645s] -- Up-to-date symlink: /home/ubuntu/Capstone-Autonomous-Driving/ros2_ws/install/rplidar_ros/share/rplidar_ros/cmake/ament_cmake_export_dependencies-extras.cmake
[0.645s] -- Up-to-date symlink: /home/ubuntu/Capstone-Autonomous-Driving/ros2_ws/install/rplidar_ros/share/rplidar_ros/cmake/ament_cmake_export_include_directories-extras.cmake
[0.645s] -- Up-to-date symlink: /home/ubuntu/Capstone-Autonomous-Driving/ros2_ws/install/rplidar_ros/share/rplidar_ros/cmake/rplidar_rosConfig.cmake
[0.645s] -- Up-to-date symlink: /home/ubuntu/Capstone-Autonomous-Driving/ros2_ws/install/rplidar_ros/share/rplidar_ros/cmake/rplidar_rosConfig-version.cmake
[0.645s] -- Up-to-date symlink: /home/ubuntu/Capstone-Autonomous-Driving/ros2_ws/install/rplidar_ros/share/rplidar_ros/package.xml
[0.648s] Invoked command in '/home/ubuntu/Capstone-Autonomous-Driving/ros2_ws/build/rplidar_ros' returned '0': CMAKE_PREFIX_PATH=${CMAKE_PREFIX_PATH}:/home/ubuntu/Capstone-Autonomous-Driving/ros2_ws/install/OAK_D_Pro:/opt/ros/humble /usr/bin/cmake --install /home/ubuntu/Capstone-Autonomous-Driving/ros2_ws/build/rplidar_ros
