[16.151s] Invoking command in '/home/ubuntu/Desktop/Capstone-Autonomous-Driving/ros2_ws/src/OAK_D_Pro': PYTHONPATH=/home/ubuntu/Desktop/Capstone-Autonomous-Driving/build/OAK_D_Pro/prefix_override:/home/ubuntu/Desktop/Capstone-Autonomous-Driving/install/OAK_D_Pro/lib/python3.10/site-packages:${PYTHONPATH} /usr/bin/python3 setup.py egg_info --egg-base ../../../build/OAK_D_Pro build --build-base /home/ubuntu/Desktop/Capstone-Autonomous-Driving/build/OAK_D_Pro/build install --record /home/ubuntu/Desktop/Capstone-Autonomous-Driving/build/OAK_D_Pro/install.log --single-version-externally-managed
[20.113s] running egg_info
[20.117s] creating ../../../build/OAK_D_Pro/OAK_D_Pro.egg-info
[20.120s] writing ../../../build/OAK_D_Pro/OAK_D_Pro.egg-info/PKG-INFO
[20.123s] writing dependency_links to ../../../build/OAK_D_Pro/OAK_D_Pro.egg-info/dependency_links.txt
[20.130s] writing entry points to ../../../build/OAK_D_Pro/OAK_D_Pro.egg-info/entry_points.txt
[20.133s] writing requirements to ../../../build/OAK_D_Pro/OAK_D_Pro.egg-info/requires.txt
[20.135s] writing top-level names to ../../../build/OAK_D_Pro/OAK_D_Pro.egg-info/top_level.txt
[20.147s] writing manifest file '../../../build/OAK_D_Pro/OAK_D_Pro.egg-info/SOURCES.txt'
[20.158s] reading manifest file '../../../build/OAK_D_Pro/OAK_D_Pro.egg-info/SOURCES.txt'
[20.183s] writing manifest file '../../../build/OAK_D_Pro/OAK_D_Pro.egg-info/SOURCES.txt'
[20.185s] running build
[20.186s] running build_py
[20.188s] creating /home/ubuntu/Desktop/Capstone-Autonomous-Driving/build/OAK_D_Pro/build
[20.201s] creating /home/ubuntu/Desktop/Capstone-Autonomous-Driving/build/OAK_D_Pro/build/lib
[20.202s] creating /home/ubuntu/Desktop/Capstone-Autonomous-Driving/build/OAK_D_Pro/build/lib/OAK_D_Pro
[20.208s] copying OAK_D_Pro/main.py -> /home/ubuntu/Desktop/Capstone-Autonomous-Driving/build/OAK_D_Pro/build/lib/OAK_D_Pro
[20.216s] copying OAK_D_Pro/__init__.py -> /home/ubuntu/Desktop/Capstone-Autonomous-Driving/build/OAK_D_Pro/build/lib/OAK_D_Pro
[20.220s] running install
[20.230s] running install_lib
[20.233s] creating /home/ubuntu/Desktop/Capstone-Autonomous-Driving/install/OAK_D_Pro/lib/python3.10/site-packages/OAK_D_Pro
[20.239s] copying /home/ubuntu/Desktop/Capstone-Autonomous-Driving/build/OAK_D_Pro/build/lib/OAK_D_Pro/main.py -> /home/ubuntu/Desktop/Capstone-Autonomous-Driving/install/OAK_D_Pro/lib/python3.10/site-packages/OAK_D_Pro
[20.248s] copying /home/ubuntu/Desktop/Capstone-Autonomous-Driving/build/OAK_D_Pro/build/lib/OAK_D_Pro/__init__.py -> /home/ubuntu/Desktop/Capstone-Autonomous-Driving/install/OAK_D_Pro/lib/python3.10/site-packages/OAK_D_Pro
[20.257s] byte-compiling /home/ubuntu/Desktop/Capstone-Autonomous-Driving/install/OAK_D_Pro/lib/python3.10/site-packages/OAK_D_Pro/main.py to main.cpython-310.pyc
[20.259s] byte-compiling /home/ubuntu/Desktop/Capstone-Autonomous-Driving/install/OAK_D_Pro/lib/python3.10/site-packages/OAK_D_Pro/__init__.py to __init__.cpython-310.pyc
[20.266s] running install_data
[20.267s] creating /home/ubuntu/Desktop/Capstone-Autonomous-Driving/install/OAK_D_Pro/share/ament_index
[20.267s] creating /home/ubuntu/Desktop/Capstone-Autonomous-Driving/install/OAK_D_Pro/share/ament_index/resource_index
[20.285s] creating /home/ubuntu/Desktop/Capstone-Autonomous-Driving/install/OAK_D_Pro/share/ament_index/resource_index/packages
[20.287s] copying resource/OAK_D_Pro -> /home/ubuntu/Desktop/Capstone-Autonomous-Driving/install/OAK_D_Pro/share/ament_index/resource_index/packages
[20.290s] copying package.xml -> /home/ubuntu/Desktop/Capstone-Autonomous-Driving/install/OAK_D_Pro/share/OAK_D_Pro
[20.292s] running install_egg_info
[20.300s] Copying ../../../build/OAK_D_Pro/OAK_D_Pro.egg-info to /home/ubuntu/Desktop/Capstone-Autonomous-Driving/install/OAK_D_Pro/lib/python3.10/site-packages/OAK_D_Pro-0.0.0-py3.10.egg-info
[20.302s] running install_scripts
[20.525s] Installing OAK_D_Pro script to /home/ubuntu/Desktop/Capstone-Autonomous-Driving/install/OAK_D_Pro/lib/OAK_D_Pro
[20.533s] writing list of installed files to '/home/ubuntu/Desktop/Capstone-Autonomous-Driving/build/OAK_D_Pro/install.log'
[22.400s] Invoked command in '/home/ubuntu/Desktop/Capstone-Autonomous-Driving/ros2_ws/src/OAK_D_Pro' returned '0': PYTHONPATH=/home/ubuntu/Desktop/Capstone-Autonomous-Driving/build/OAK_D_Pro/prefix_override:/home/ubuntu/Desktop/Capstone-Autonomous-Driving/install/OAK_D_Pro/lib/python3.10/site-packages:${PYTHONPATH} /usr/bin/python3 setup.py egg_info --egg-base ../../../build/OAK_D_Pro build --build-base /home/ubuntu/Desktop/Capstone-Autonomous-Driving/build/OAK_D_Pro/build install --record /home/ubuntu/Desktop/Capstone-Autonomous-Driving/build/OAK_D_Pro/install.log --single-version-externally-managed
