running egg_info
writing ../../build/OAK_D_Pro/OAK_D_Pro.egg-info/PKG-INFO
writing dependency_links to ../../build/OAK_D_Pro/OAK_D_Pro.egg-info/dependency_links.txt
writing entry points to ../../build/OAK_D_Pro/OAK_D_Pro.egg-info/entry_points.txt
writing requirements to ../../build/OAK_D_Pro/OAK_D_Pro.egg-info/requires.txt
writing top-level names to ../../build/OAK_D_Pro/OAK_D_Pro.egg-info/top_level.txt
reading manifest file '../../build/OAK_D_Pro/OAK_D_Pro.egg-info/SOURCES.txt'
writing manifest file '../../build/OAK_D_Pro/OAK_D_Pro.egg-info/SOURCES.txt'
running build
running build_py
running install
/usr/lib/python3/dist-packages/setuptools/command/install.py:34: SetuptoolsDeprecationWarning: setup.py install is deprecated. Use build and pip and other standards-based tools.
  warnings.warn(
running install_lib
running install_data
running install_egg_info
removing '/home/ubuntu/Capstone-Autonomous-Driving/ros2_ws/install/OAK_D_Pro/lib/python3.10/site-packages/OAK_D_Pro-0.0.0-py3.10.egg-info' (and everything under it)
Copying ../../build/OAK_D_Pro/OAK_D_Pro.egg-info to /home/ubuntu/Capstone-Autonomous-Driving/ros2_ws/install/OAK_D_Pro/lib/python3.10/site-packages/OAK_D_Pro-0.0.0-py3.10.egg-info
running install_scripts
Installing OAK_D_Pro script to /home/ubuntu/Capstone-Autonomous-Driving/ros2_ws/install/OAK_D_Pro/lib/OAK_D_Pro
writing list of installed files to '/home/ubuntu/Capstone-Autonomous-Driving/ros2_ws/build/OAK_D_Pro/install.log'
