[4.913s] Invoking command in '/home/ubuntu/Capstone-Autonomous-Driving/ros2_ws/src/ps5_controller': PYTHONPATH=/home/ubuntu/Capstone-Autonomous-Driving/ros2_ws/build/ps5_controller/prefix_override:/home/ubuntu/Capstone-Autonomous-Driving/ros2_ws/install/ps5_controller/lib/python3.10/site-packages:${PYTHONPATH} /usr/bin/python3 setup.py egg_info --egg-base ../../build/ps5_controller build --build-base /home/ubuntu/Capstone-Autonomous-Driving/ros2_ws/build/ps5_controller/build install --record /home/ubuntu/Capstone-Autonomous-Driving/ros2_ws/build/ps5_controller/install.log --single-version-externally-managed
[6.432s] running egg_info
[6.436s] writing ../../build/ps5_controller/ps5_controller.egg-info/PKG-INFO
[6.437s] writing dependency_links to ../../build/ps5_controller/ps5_controller.egg-info/dependency_links.txt
[6.438s] writing entry points to ../../build/ps5_controller/ps5_controller.egg-info/entry_points.txt
[6.438s] writing requirements to ../../build/ps5_controller/ps5_controller.egg-info/requires.txt
[6.439s] writing top-level names to ../../build/ps5_controller/ps5_controller.egg-info/top_level.txt
[6.448s] reading manifest file '../../build/ps5_controller/ps5_controller.egg-info/SOURCES.txt'
[6.452s] writing manifest file '../../build/ps5_controller/ps5_controller.egg-info/SOURCES.txt'
[6.453s] running build
[6.454s] running build_py
[6.454s] copying ps5_controller/main.py -> /home/ubuntu/Capstone-Autonomous-Driving/ros2_ws/build/ps5_controller/build/lib/ps5_controller
[6.457s] running install
[6.458s] running install_lib
[6.462s] copying /home/ubuntu/Capstone-Autonomous-Driving/ros2_ws/build/ps5_controller/build/lib/ps5_controller/main.py -> /home/ubuntu/Capstone-Autonomous-Driving/ros2_ws/install/ps5_controller/lib/python3.10/site-packages/ps5_controller
[6.465s] byte-compiling /home/ubuntu/Capstone-Autonomous-Driving/ros2_ws/install/ps5_controller/lib/python3.10/site-packages/ps5_controller/main.py to main.cpython-310.pyc
[6.468s] running install_data
[6.472s] running install_egg_info
[6.480s] removing '/home/ubuntu/Capstone-Autonomous-Driving/ros2_ws/install/ps5_controller/lib/python3.10/site-packages/ps5_controller-0.0.0-py3.10.egg-info' (and everything under it)
[6.484s] Copying ../../build/ps5_controller/ps5_controller.egg-info to /home/ubuntu/Capstone-Autonomous-Driving/ros2_ws/install/ps5_controller/lib/python3.10/site-packages/ps5_controller-0.0.0-py3.10.egg-info
[6.490s] running install_scripts
[6.571s] Installing ps5_controller script to /home/ubuntu/Capstone-Autonomous-Driving/ros2_ws/install/ps5_controller/lib/ps5_controller
[6.572s] writing list of installed files to '/home/ubuntu/Capstone-Autonomous-Driving/ros2_ws/build/ps5_controller/install.log'
[6.718s] Invoked command in '/home/ubuntu/Capstone-Autonomous-Driving/ros2_ws/src/ps5_controller' returned '0': PYTHONPATH=/home/ubuntu/Capstone-Autonomous-Driving/ros2_ws/build/ps5_controller/prefix_override:/home/ubuntu/Capstone-Autonomous-Driving/ros2_ws/install/ps5_controller/lib/python3.10/site-packages:${PYTHONPATH} /usr/bin/python3 setup.py egg_info --egg-base ../../build/ps5_controller build --build-base /home/ubuntu/Capstone-Autonomous-Driving/ros2_ws/build/ps5_controller/build install --record /home/ubuntu/Capstone-Autonomous-Driving/ros2_ws/build/ps5_controller/install.log --single-version-externally-managed
