[5.730s] DEBUG:colcon:Command line arguments: ['/usr/bin/colcon', 'build']
[5.731s] DEBUG:colcon:Parsed command line arguments: Namespace(log_base=None, log_level=None, verb_name='build', build_base='build', install_base='install', merge_install=False, symlink_install=False, test_result_base=None, continue_on_error=False, executor='parallel', parallel_workers=4, event_handlers=None, ignore_user_meta=False, metas=['./colcon.meta'], base_paths=['.'], packages_ignore=None, packages_ignore_regex=None, paths=None, packages_up_to=None, packages_up_to_regex=None, packages_above=None, packages_above_and_dependencies=None, packages_above_depth=None, packages_select_by_dep=None, packages_skip_by_dep=None, packages_skip_up_to=None, packages_select_build_failed=False, packages_skip_build_finished=False, packages_select_test_failures=False, packages_skip_test_passed=False, packages_select=None, packages_skip=None, packages_select_regex=None, packages_skip_regex=None, packages_start=None, packages_end=None, allow_overriding=[], cmake_args=None, cmake_target=None, cmake_target_skip_unavailable=False, cmake_clean_cache=False, cmake_clean_first=False, cmake_force_configure=False, ament_cmake_args=None, catkin_cmake_args=None, catkin_skip_building_tests=False, verb_parser=<colcon_defaults.argument_parser.defaults.DefaultArgumentsDecorator object at 0xffff8b369480>, verb_extension=<colcon_core.verb.build.BuildVerb object at 0xffff8b6418d0>, main=<bound method BuildVerb.main of <colcon_core.verb.build.BuildVerb object at 0xffff8b6418d0>>)
[5.972s] Level 1:colcon.colcon_core.package_discovery:discover_packages(colcon_meta) check parameters
[5.973s] Level 1:colcon.colcon_core.package_discovery:discover_packages(recursive) check parameters
[5.973s] Level 1:colcon.colcon_core.package_discovery:discover_packages(ignore) check parameters
[5.973s] Level 1:colcon.colcon_core.package_discovery:discover_packages(path) check parameters
[5.973s] Level 1:colcon.colcon_core.package_discovery:discover_packages(colcon_meta) discover
[5.973s] Level 1:colcon.colcon_core.package_discovery:discover_packages(recursive) discover
[5.974s] INFO:colcon.colcon_core.package_discovery:Crawling recursively for packages in '/home/ubuntu/Desktop/Capstone-Autonomous-Driving/ros2_ws'
[5.974s] Level 1:colcon.colcon_core.package_identification:_identify(.) by extensions ['ignore', 'ignore_ament_install']
[5.974s] Level 1:colcon.colcon_core.package_identification:_identify(.) by extension 'ignore'
[5.975s] Level 1:colcon.colcon_core.package_identification:_identify(.) by extension 'ignore_ament_install'
[5.975s] Level 1:colcon.colcon_core.package_identification:_identify(.) by extensions ['colcon_pkg']
[5.975s] Level 1:colcon.colcon_core.package_identification:_identify(.) by extension 'colcon_pkg'
[5.975s] Level 1:colcon.colcon_core.package_identification:_identify(.) by extensions ['colcon_meta']
[5.975s] Level 1:colcon.colcon_core.package_identification:_identify(.) by extension 'colcon_meta'
[5.976s] Level 1:colcon.colcon_core.package_identification:_identify(.) by extensions ['ros']
[5.976s] Level 1:colcon.colcon_core.package_identification:_identify(.) by extension 'ros'
[6.033s] Level 1:colcon.colcon_core.package_identification:_identify(.) by extensions ['cmake', 'python']
[6.033s] Level 1:colcon.colcon_core.package_identification:_identify(.) by extension 'cmake'
[6.033s] Level 1:colcon.colcon_core.package_identification:_identify(.) by extension 'python'
[6.033s] Level 1:colcon.colcon_core.package_identification:_identify(.) by extensions ['python_setup_py']
[6.033s] Level 1:colcon.colcon_core.package_identification:_identify(.) by extension 'python_setup_py'
[6.034s] Level 1:colcon.colcon_core.package_identification:_identify(build) by extensions ['ignore', 'ignore_ament_install']
[6.034s] Level 1:colcon.colcon_core.package_identification:_identify(build) by extension 'ignore'
[6.035s] Level 1:colcon.colcon_core.package_identification:_identify(build) ignored
[6.035s] Level 1:colcon.colcon_core.package_identification:_identify(install) by extensions ['ignore', 'ignore_ament_install']
[6.036s] Level 1:colcon.colcon_core.package_identification:_identify(install) by extension 'ignore'
[6.036s] Level 1:colcon.colcon_core.package_identification:_identify(install) ignored
[6.037s] Level 1:colcon.colcon_core.package_identification:_identify(log) by extensions ['ignore', 'ignore_ament_install']
[6.037s] Level 1:colcon.colcon_core.package_identification:_identify(log) by extension 'ignore'
[6.037s] Level 1:colcon.colcon_core.package_identification:_identify(log) ignored
[6.038s] Level 1:colcon.colcon_core.package_identification:_identify(src) by extensions ['ignore', 'ignore_ament_install']
[6.038s] Level 1:colcon.colcon_core.package_identification:_identify(src) by extension 'ignore'
[6.038s] Level 1:colcon.colcon_core.package_identification:_identify(src) by extension 'ignore_ament_install'
[6.038s] Level 1:colcon.colcon_core.package_identification:_identify(src) by extensions ['colcon_pkg']
[6.038s] Level 1:colcon.colcon_core.package_identification:_identify(src) by extension 'colcon_pkg'
[6.039s] Level 1:colcon.colcon_core.package_identification:_identify(src) by extensions ['colcon_meta']
[6.039s] Level 1:colcon.colcon_core.package_identification:_identify(src) by extension 'colcon_meta'
[6.039s] Level 1:colcon.colcon_core.package_identification:_identify(src) by extensions ['ros']
[6.039s] Level 1:colcon.colcon_core.package_identification:_identify(src) by extension 'ros'
[6.039s] Level 1:colcon.colcon_core.package_identification:_identify(src) by extensions ['cmake', 'python']
[6.040s] Level 1:colcon.colcon_core.package_identification:_identify(src) by extension 'cmake'
[6.040s] Level 1:colcon.colcon_core.package_identification:_identify(src) by extension 'python'
[6.040s] Level 1:colcon.colcon_core.package_identification:_identify(src) by extensions ['python_setup_py']
[6.040s] Level 1:colcon.colcon_core.package_identification:_identify(src) by extension 'python_setup_py'
[6.041s] Level 1:colcon.colcon_core.package_identification:_identify(src/OAK_D_Pro) by extensions ['ignore', 'ignore_ament_install']
[6.041s] Level 1:colcon.colcon_core.package_identification:_identify(src/OAK_D_Pro) by extension 'ignore'
[6.041s] Level 1:colcon.colcon_core.package_identification:_identify(src/OAK_D_Pro) by extension 'ignore_ament_install'
[6.041s] Level 1:colcon.colcon_core.package_identification:_identify(src/OAK_D_Pro) by extensions ['colcon_pkg']
[6.042s] Level 1:colcon.colcon_core.package_identification:_identify(src/OAK_D_Pro) by extension 'colcon_pkg'
[6.042s] Level 1:colcon.colcon_core.package_identification:_identify(src/OAK_D_Pro) by extensions ['colcon_meta']
[6.042s] Level 1:colcon.colcon_core.package_identification:_identify(src/OAK_D_Pro) by extension 'colcon_meta'
[6.042s] Level 1:colcon.colcon_core.package_identification:_identify(src/OAK_D_Pro) by extensions ['ros']
[6.042s] Level 1:colcon.colcon_core.package_identification:_identify(src/OAK_D_Pro) by extension 'ros'
[6.052s] DEBUG:colcon.colcon_core.package_identification:Package 'src/OAK_D_Pro' with type 'ros.ament_python' and name 'OAK_D_Pro'
[6.053s] Level 1:colcon.colcon_core.package_discovery:discover_packages(recursive) using defaults
[6.053s] Level 1:colcon.colcon_core.package_discovery:discover_packages(ignore) discover
[6.053s] Level 1:colcon.colcon_core.package_discovery:discover_packages(ignore) using defaults
[6.053s] Level 1:colcon.colcon_core.package_discovery:discover_packages(path) discover
[6.053s] Level 1:colcon.colcon_core.package_discovery:discover_packages(path) using defaults
[6.805s] Level 1:colcon.colcon_core.package_discovery:discover_packages(prefix_path) check parameters
[6.805s] Level 1:colcon.colcon_core.package_discovery:discover_packages(prefix_path) discover
[6.975s] DEBUG:colcon.colcon_installed_package_information.package_discovery:Found 1 installed packages in /home/ubuntu/Desktop/Capstone-Autonomous-Driving/ros2_ws/install
[7.057s] DEBUG:colcon.colcon_installed_package_information.package_discovery:Found 4 installed packages in /home/ubuntu/ros2_ws/install
[7.148s] DEBUG:colcon.colcon_installed_package_information.package_discovery:Found 298 installed packages in /opt/ros/humble
[7.155s] Level 1:colcon.colcon_core.package_discovery:discover_packages(prefix_path) using defaults
[7.609s] Level 5:colcon.colcon_core.verb:set package 'OAK_D_Pro' build argument 'cmake_args' from command line to 'None'
[7.609s] Level 5:colcon.colcon_core.verb:set package 'OAK_D_Pro' build argument 'cmake_target' from command line to 'None'
[7.609s] Level 5:colcon.colcon_core.verb:set package 'OAK_D_Pro' build argument 'cmake_target_skip_unavailable' from command line to 'False'
[7.610s] Level 5:colcon.colcon_core.verb:set package 'OAK_D_Pro' build argument 'cmake_clean_cache' from command line to 'False'
[7.610s] Level 5:colcon.colcon_core.verb:set package 'OAK_D_Pro' build argument 'cmake_clean_first' from command line to 'False'
[7.610s] Level 5:colcon.colcon_core.verb:set package 'OAK_D_Pro' build argument 'cmake_force_configure' from command line to 'False'
[7.610s] Level 5:colcon.colcon_core.verb:set package 'OAK_D_Pro' build argument 'ament_cmake_args' from command line to 'None'
[7.610s] Level 5:colcon.colcon_core.verb:set package 'OAK_D_Pro' build argument 'catkin_cmake_args' from command line to 'None'
[7.610s] Level 5:colcon.colcon_core.verb:set package 'OAK_D_Pro' build argument 'catkin_skip_building_tests' from command line to 'False'
[7.610s] DEBUG:colcon.colcon_core.verb:Building package 'OAK_D_Pro' with the following arguments: {'ament_cmake_args': None, 'build_base': '/home/ubuntu/Desktop/Capstone-Autonomous-Driving/ros2_ws/build/OAK_D_Pro', 'catkin_cmake_args': None, 'catkin_skip_building_tests': False, 'cmake_args': None, 'cmake_clean_cache': False, 'cmake_clean_first': False, 'cmake_force_configure': False, 'cmake_target': None, 'cmake_target_skip_unavailable': False, 'install_base': '/home/ubuntu/Desktop/Capstone-Autonomous-Driving/ros2_ws/install/OAK_D_Pro', 'merge_install': False, 'path': '/home/ubuntu/Desktop/Capstone-Autonomous-Driving/ros2_ws/src/OAK_D_Pro', 'symlink_install': False, 'test_result_base': None}
[7.690s] INFO:colcon.colcon_core.executor:Executing jobs using 'parallel' executor
[7.775s] DEBUG:colcon.colcon_parallel_executor.executor.parallel:run_until_complete
[7.776s] INFO:colcon.colcon_ros.task.ament_python.build:Building ROS package in '/home/ubuntu/Desktop/Capstone-Autonomous-Driving/ros2_ws/src/OAK_D_Pro' with build type 'ament_python'
[7.777s] Level 1:colcon.colcon_core.shell:create_environment_hook('OAK_D_Pro', 'ament_prefix_path')
[7.984s] INFO:colcon.colcon_core.plugin_system:Skipping extension 'colcon_core.shell.bat': Not used on non-Windows systems
[7.985s] INFO:colcon.colcon_core.shell:Creating environment hook '/home/ubuntu/Desktop/Capstone-Autonomous-Driving/ros2_ws/install/OAK_D_Pro/share/OAK_D_Pro/hook/ament_prefix_path.ps1'
[7.992s] INFO:colcon.colcon_core.shell:Creating environment descriptor '/home/ubuntu/Desktop/Capstone-Autonomous-Driving/ros2_ws/install/OAK_D_Pro/share/OAK_D_Pro/hook/ament_prefix_path.dsv'
[7.999s] INFO:colcon.colcon_core.shell:Creating environment hook '/home/ubuntu/Desktop/Capstone-Autonomous-Driving/ros2_ws/install/OAK_D_Pro/share/OAK_D_Pro/hook/ament_prefix_path.sh'
[8.369s] INFO:colcon.colcon_core.shell:Skip shell extension 'powershell' for command environment: Not usable outside of PowerShell
[8.370s] DEBUG:colcon.colcon_core.shell:Skip shell extension 'dsv' for command environment
[11.233s] INFO:colcon.colcon_core.task.python.build:Building Python package in '/home/ubuntu/Desktop/Capstone-Autonomous-Driving/ros2_ws/src/OAK_D_Pro'
[11.429s] INFO:colcon.colcon_core.shell:Skip shell extension 'powershell' for command environment: Not usable outside of PowerShell
[11.430s] DEBUG:colcon.colcon_core.shell:Skip shell extension 'dsv' for command environment
[14.745s] DEBUG:colcon.colcon_core.event_handler.log_command:Invoking command in '/home/ubuntu/Desktop/Capstone-Autonomous-Driving/ros2_ws/src/OAK_D_Pro': PYTHONPATH=/home/ubuntu/Desktop/Capstone-Autonomous-Driving/ros2_ws/build/OAK_D_Pro/prefix_override:/home/ubuntu/Desktop/Capstone-Autonomous-Driving/ros2_ws/install/OAK_D_Pro/lib/python3.10/site-packages:${PYTHONPATH} /usr/bin/python3 setup.py egg_info --egg-base ../../build/OAK_D_Pro build --build-base /home/ubuntu/Desktop/Capstone-Autonomous-Driving/ros2_ws/build/OAK_D_Pro/build install --record /home/ubuntu/Desktop/Capstone-Autonomous-Driving/ros2_ws/build/OAK_D_Pro/install.log --single-version-externally-managed
[17.046s] DEBUG:colcon.colcon_core.event_handler.log_command:Invoked command in '/home/ubuntu/Desktop/Capstone-Autonomous-Driving/ros2_ws/src/OAK_D_Pro' returned '0': PYTHONPATH=/home/ubuntu/Desktop/Capstone-Autonomous-Driving/ros2_ws/build/OAK_D_Pro/prefix_override:/home/ubuntu/Desktop/Capstone-Autonomous-Driving/ros2_ws/install/OAK_D_Pro/lib/python3.10/site-packages:${PYTHONPATH} /usr/bin/python3 setup.py egg_info --egg-base ../../build/OAK_D_Pro build --build-base /home/ubuntu/Desktop/Capstone-Autonomous-Driving/ros2_ws/build/OAK_D_Pro/build install --record /home/ubuntu/Desktop/Capstone-Autonomous-Driving/ros2_ws/build/OAK_D_Pro/install.log --single-version-externally-managed
[17.185s] Level 1:colcon.colcon_core.environment:checking '/home/ubuntu/Desktop/Capstone-Autonomous-Driving/ros2_ws/install/OAK_D_Pro' for CMake module files
[17.188s] Level 1:colcon.colcon_core.environment:checking '/home/ubuntu/Desktop/Capstone-Autonomous-Driving/ros2_ws/install/OAK_D_Pro' for CMake config files
[17.196s] Level 1:colcon.colcon_core.environment:checking '/home/ubuntu/Desktop/Capstone-Autonomous-Driving/ros2_ws/install/OAK_D_Pro/lib'
[17.197s] Level 1:colcon.colcon_core.environment:checking '/home/ubuntu/Desktop/Capstone-Autonomous-Driving/ros2_ws/install/OAK_D_Pro/bin'
[17.198s] Level 1:colcon.colcon_core.environment:checking '/home/ubuntu/Desktop/Capstone-Autonomous-Driving/ros2_ws/install/OAK_D_Pro/lib/pkgconfig/OAK_D_Pro.pc'
[17.200s] Level 1:colcon.colcon_core.environment:checking '/home/ubuntu/Desktop/Capstone-Autonomous-Driving/ros2_ws/install/OAK_D_Pro/lib/python3.10/site-packages'
[17.201s] Level 1:colcon.colcon_core.shell:create_environment_hook('OAK_D_Pro', 'pythonpath')
[17.343s] INFO:colcon.colcon_core.shell:Creating environment hook '/home/ubuntu/Desktop/Capstone-Autonomous-Driving/ros2_ws/install/OAK_D_Pro/share/OAK_D_Pro/hook/pythonpath.ps1'
[17.346s] INFO:colcon.colcon_core.shell:Creating environment descriptor '/home/ubuntu/Desktop/Capstone-Autonomous-Driving/ros2_ws/install/OAK_D_Pro/share/OAK_D_Pro/hook/pythonpath.dsv'
[17.347s] INFO:colcon.colcon_core.shell:Creating environment hook '/home/ubuntu/Desktop/Capstone-Autonomous-Driving/ros2_ws/install/OAK_D_Pro/share/OAK_D_Pro/hook/pythonpath.sh'
[17.350s] Level 1:colcon.colcon_core.environment:checking '/home/ubuntu/Desktop/Capstone-Autonomous-Driving/ros2_ws/install/OAK_D_Pro/bin'
[17.351s] Level 1:colcon.colcon_core.environment:create_environment_scripts_only(OAK_D_Pro)
[17.474s] INFO:colcon.colcon_core.shell:Creating package script '/home/ubuntu/Desktop/Capstone-Autonomous-Driving/ros2_ws/install/OAK_D_Pro/share/OAK_D_Pro/package.ps1'
[17.478s] INFO:colcon.colcon_core.shell:Creating package descriptor '/home/ubuntu/Desktop/Capstone-Autonomous-Driving/ros2_ws/install/OAK_D_Pro/share/OAK_D_Pro/package.dsv'
[17.481s] INFO:colcon.colcon_core.shell:Creating package script '/home/ubuntu/Desktop/Capstone-Autonomous-Driving/ros2_ws/install/OAK_D_Pro/share/OAK_D_Pro/package.sh'
[17.485s] INFO:colcon.colcon_core.shell:Creating package script '/home/ubuntu/Desktop/Capstone-Autonomous-Driving/ros2_ws/install/OAK_D_Pro/share/OAK_D_Pro/package.bash'
[17.489s] INFO:colcon.colcon_core.shell:Creating package script '/home/ubuntu/Desktop/Capstone-Autonomous-Driving/ros2_ws/install/OAK_D_Pro/share/OAK_D_Pro/package.zsh'
[17.494s] Level 1:colcon.colcon_core.environment:create_file_with_runtime_dependencies(/home/ubuntu/Desktop/Capstone-Autonomous-Driving/ros2_ws/install/OAK_D_Pro/share/colcon-core/packages/OAK_D_Pro)
[17.497s] DEBUG:colcon.colcon_parallel_executor.executor.parallel:closing loop
[17.499s] DEBUG:colcon.colcon_parallel_executor.executor.parallel:loop closed
[17.500s] DEBUG:colcon.colcon_parallel_executor.executor.parallel:run_until_complete finished with '0'
[17.501s] DEBUG:colcon.colcon_core.event_reactor:joining thread
[17.763s] INFO:colcon.colcon_core.plugin_system:Skipping extension 'colcon_notification.desktop_notification.terminal_notifier': Not used on non-Darwin systems
[17.763s] INFO:colcon.colcon_core.plugin_system:Skipping extension 'colcon_notification.desktop_notification.win32': Not used on non-Windows systems
[17.763s] INFO:colcon.colcon_notification.desktop_notification:Sending desktop notification using 'notify2'
[17.815s] DEBUG:colcon.colcon_core.event_reactor:joined thread
[17.929s] INFO:colcon.colcon_core.shell:Creating prefix script '/home/ubuntu/Desktop/Capstone-Autonomous-Driving/ros2_ws/install/local_setup.ps1'
[17.934s] INFO:colcon.colcon_core.shell:Creating prefix util module '/home/ubuntu/Desktop/Capstone-Autonomous-Driving/ros2_ws/install/_local_setup_util_ps1.py'
[17.940s] INFO:colcon.colcon_core.shell:Creating prefix chain script '/home/ubuntu/Desktop/Capstone-Autonomous-Driving/ros2_ws/install/setup.ps1'
[18.039s] INFO:colcon.colcon_core.shell:Creating prefix script '/home/ubuntu/Desktop/Capstone-Autonomous-Driving/ros2_ws/install/local_setup.sh'
[18.041s] INFO:colcon.colcon_core.shell:Creating prefix util module '/home/ubuntu/Desktop/Capstone-Autonomous-Driving/ros2_ws/install/_local_setup_util_sh.py'
[18.044s] INFO:colcon.colcon_core.shell:Creating prefix chain script '/home/ubuntu/Desktop/Capstone-Autonomous-Driving/ros2_ws/install/setup.sh'
[18.133s] INFO:colcon.colcon_core.shell:Creating prefix script '/home/ubuntu/Desktop/Capstone-Autonomous-Driving/ros2_ws/install/local_setup.bash'
[18.136s] INFO:colcon.colcon_core.shell:Creating prefix chain script '/home/ubuntu/Desktop/Capstone-Autonomous-Driving/ros2_ws/install/setup.bash'
[18.228s] INFO:colcon.colcon_core.shell:Creating prefix script '/home/ubuntu/Desktop/Capstone-Autonomous-Driving/ros2_ws/install/local_setup.zsh'
[18.230s] INFO:colcon.colcon_core.shell:Creating prefix chain script '/home/ubuntu/Desktop/Capstone-Autonomous-Driving/ros2_ws/install/setup.zsh'
